File not found: /var/app/code-server/lib/vscode/node_modules/vsda/rust/web/vsda.js
File not found: /var/app/code-server/lib/vscode/node_modules/vsda/rust/web/vsda_bg.wasm
Error: Unexpected SIGPIPE
    at process.<anonymous> (file:///var/app/code-server/lib/vscode/out/server-main.js:206:7980)
    at process.emit (node:events:531:35)
[23:27:56] Error: Unexpected SIGPIPE
    at process.<anonymous> (file:///var/app/code-server/lib/vscode/out/server-main.js:187:1327)
    at process.emit (node:events:531:35)
File not found: /var/app/code-server/lib/vscode/node_modules/vsda/rust/web/vsda.js
File not found: /var/app/code-server/lib/vscode/node_modules/vsda/rust/web/vsda_bg.wasm
File not found: /var/app/code-server/lib/vscode/node_modules/vsda/rust/web/vsda_bg.wasm
File not found: /var/app/code-server/lib/vscode/node_modules/vsda/rust/web/vsda.js
File not found: /var/app/code-server/lib/vscode/node_modules/vsda/rust/web/vsda.js
File not found: /var/app/code-server/lib/vscode/node_modules/vsda/rust/web/vsda_bg.wasm
Error: Unexpected SIGPIPE
    at process.<anonymous> (file:///var/app/code-server/lib/vscode/out/server-main.js:206:7980)
    at process.emit (node:events:531:35)
[00:28:53] Error: Unexpected SIGPIPE
    at process.<anonymous> (file:///var/app/code-server/lib/vscode/out/server-main.js:187:1327)
    at process.emit (node:events:531:35)
File not found: /var/app/code-server/lib/vscode/node_modules/vsda/rust/web/vsda.js
File not found: /var/app/code-server/lib/vscode/node_modules/vsda/rust/web/vsda_bg.wasm
File not found: /var/app/code-server/lib/vscode/node_modules/vsda/rust/web/vsda.js
File not found: /var/app/code-server/lib/vscode/node_modules/vsda/rust/web/vsda_bg.wasm
Error: Unexpected SIGPIPE
    at process.<anonymous> (file:///var/app/code-server/lib/vscode/out/server-main.js:206:7980)
    at process.emit (node:events:531:35)
[18:45:42] Error: Unexpected SIGPIPE
    at process.<anonymous> (file:///var/app/code-server/lib/vscode/out/server-main.js:187:1327)
    at process.emit (node:events:531:35)
File not found: /var/app/code-server/lib/vscode/node_modules/vsda/rust/web/vsda_bg.wasm
File not found: /var/app/code-server/lib/vscode/node_modules/vsda/rust/web/vsda.js
File not found: /var/app/code-server/lib/vscode/node_modules/vsda/rust/web/vsda.js
File not found: /var/app/code-server/lib/vscode/node_modules/vsda/rust/web/vsda_bg.wasm
[20:41:20] [File Watcher (node.js)] Watcher shutdown because watched path got deleted
File not found: /var/app/code-server/lib/vscode/node_modules/vsda/rust/web/vsda.js
File not found: /var/app/code-server/lib/vscode/node_modules/vsda/rust/web/vsda_bg.wasm
Error: Unexpected SIGPIPE
    at process.<anonymous> (file:///var/app/code-server/lib/vscode/out/server-main.js:206:7980)
    at process.emit (node:events:531:35)
[21:06:03] Error: Unexpected SIGPIPE
    at process.<anonymous> (file:///var/app/code-server/lib/vscode/out/server-main.js:187:1327)
    at process.emit (node:events:531:35)
File not found: /var/app/code-server/lib/vscode/node_modules/vsda/rust/web/vsda.js
File not found: /var/app/code-server/lib/vscode/node_modules/vsda/rust/web/vsda_bg.wasm
[21:06:55] RequestStore#acceptReply was called without receiving a matching request 13
[21:06:55] RequestStore#acceptReply was called without receiving a matching request 14
[21:06:55] RequestStore#acceptReply was called without receiving a matching request 15
[21:06:55] RequestStore#acceptReply was called without receiving a matching request 16
[21:06:55] RequestStore#acceptReply was called without receiving a matching request 17
[21:06:55] RequestStore#acceptReply was called without receiving a matching request 18
[21:06:55] RequestStore#acceptReply was called without receiving a matching request 19
[21:06:55] RequestStore#acceptReply was called without receiving a matching request 20
[21:06:55] RequestStore#acceptReply was called without receiving a matching request 21
[21:06:55] RequestStore#acceptReply was called without receiving a matching request 22
[21:06:55] RequestStore#acceptReply was called without receiving a matching request 23
[21:06:55] RequestStore#acceptReply was called without receiving a matching request 24
[21:52:20] No ptyHost heartbeat after 6 seconds
File not found: /var/app/code-server/lib/vscode/node_modules/vsda/rust/web/vsda.js
File not found: /var/app/code-server/lib/vscode/node_modules/vsda/rust/web/vsda_bg.wasm
Error: Unexpected SIGPIPE
    at process.<anonymous> (file:///var/app/code-server/lib/vscode/out/server-main.js:206:7980)
    at process.emit (node:events:531:35)
[21:55:31] Error: Unexpected SIGPIPE
    at process.<anonymous> (file:///var/app/code-server/lib/vscode/out/server-main.js:187:1327)
    at process.emit (node:events:531:35)
File not found: /var/app/code-server/lib/vscode/node_modules/vsda/rust/web/vsda_bg.wasm
File not found: /var/app/code-server/lib/vscode/node_modules/vsda/rust/web/vsda.js
Error: Unexpected SIGPIPE
    at process.<anonymous> (file:///var/app/code-server/lib/vscode/out/server-main.js:206:7980)
    at process.emit (node:events:531:35)
[22:27:15] Error: Unexpected SIGPIPE
    at process.<anonymous> (file:///var/app/code-server/lib/vscode/out/server-main.js:187:1327)
    at process.emit (node:events:531:35)
[23:02:53] No ptyHost heartbeat after 6 seconds
[23:04:50] No ptyHost heartbeat after 6 seconds
File not found: /var/app/code-server/lib/vscode/node_modules/vsda/rust/web/vsda.js
File not found: /var/app/code-server/lib/vscode/node_modules/vsda/rust/web/vsda_bg.wasm
Error: Unexpected SIGPIPE
    at process.<anonymous> (file:///var/app/code-server/lib/vscode/out/server-main.js:206:7980)
    at process.emit (node:events:531:35)
[23:11:02] Error: Unexpected SIGPIPE
    at process.<anonymous> (file:///var/app/code-server/lib/vscode/out/server-main.js:187:1327)
    at process.emit (node:events:531:35)
File not found: /var/app/code-server/lib/vscode/node_modules/vsda/rust/web/vsda.js
File not found: /var/app/code-server/lib/vscode/node_modules/vsda/rust/web/vsda_bg.wasm
Error: Unexpected SIGPIPE
    at process.<anonymous> (file:///var/app/code-server/lib/vscode/out/server-main.js:206:7980)
    at process.emit (node:events:531:35)
[23:55:14] Error: Unexpected SIGPIPE
    at process.<anonymous> (file:///var/app/code-server/lib/vscode/out/server-main.js:187:1327)
    at process.emit (node:events:531:35)
File not found: /var/app/code-server/lib/vscode/node_modules/vsda/rust/web/vsda_bg.wasm
File not found: /var/app/code-server/lib/vscode/node_modules/vsda/rust/web/vsda.js
Error: Unexpected SIGPIPE
    at process.<anonymous> (file:///var/app/code-server/lib/vscode/out/server-main.js:206:7980)
    at process.emit (node:events:531:35)
[02:37:11] Error: Unexpected SIGPIPE
    at process.<anonymous> (file:///var/app/code-server/lib/vscode/out/server-main.js:187:1327)
    at process.emit (node:events:531:35)
