2024-11-22 23:38:12.664 [info] [main] Log level: Info
2024-11-22 23:38:12.664 [info] [main] Validating found git in: "git"
2024-11-22 23:38:12.664 [info] [main] Using git "2.43.0" from "git"
2024-11-22 23:38:12.664 [info] [Model][doInitialScan] Initial repository scan started
2024-11-22 23:38:12.664 [info] > git rev-parse --show-toplevel [4ms]
2024-11-22 23:38:12.664 [info] fatal: not a git repository (or any of the parent directories): .git
2024-11-22 23:38:12.671 [info] > git rev-parse --show-toplevel [3ms]
2024-11-22 23:38:12.671 [info] fatal: not a git repository (or any of the parent directories): .git
2024-11-22 23:38:12.683 [info] > git rev-parse --show-toplevel [5ms]
2024-11-22 23:38:12.683 [info] fatal: not a git repository (or any of the parent directories): .git
2024-11-22 23:38:12.690 [info] > git rev-parse --show-toplevel [1ms]
2024-11-22 23:38:12.690 [info] fatal: not a git repository (or any of the parent directories): .git
2024-11-22 23:38:12.695 [info] > git rev-parse --show-toplevel [0ms]
2024-11-22 23:38:12.695 [info] fatal: not a git repository (or any of the parent directories): .git
2024-11-22 23:38:12.707 [info] > git rev-parse --show-toplevel [3ms]
2024-11-22 23:38:12.707 [info] fatal: not a git repository (or any of the parent directories): .git
2024-11-22 23:38:12.713 [info] > git rev-parse --show-toplevel [1ms]
2024-11-22 23:38:12.713 [info] fatal: not a git repository (or any of the parent directories): .git
2024-11-22 23:38:12.779 [info] > git rev-parse --show-toplevel [3ms]
2024-11-22 23:38:12.791 [info] > git rev-parse --git-dir --git-common-dir [4ms]
2024-11-22 23:38:12.814 [info] [Model][openRepository] Opened repository: /home/ubuntu/django-example-fall-2024
2024-11-22 23:38:12.830 [info] > git config --get commit.template [6ms]
2024-11-22 23:38:12.848 [info] > git rev-parse --show-toplevel [19ms]
2024-11-22 23:38:12.854 [info] > git for-each-ref --format=%(refname)%00%(upstream:short)%00%(objectname)%00%(upstream:track)%00%(upstream:remotename)%00%(upstream:remoteref) refs/heads/master refs/remotes/master [9ms]
2024-11-22 23:38:12.859 [warning] [Git][revParse] Unable to read file: ENOENT: no such file or directory, open '/home/ubuntu/django-example-fall-2024/.git/refs/remotes/origin/master'
2024-11-22 23:38:12.863 [info] > git rev-parse --git-dir --git-common-dir [9ms]
2024-11-22 23:38:12.872 [info] [Model][openRepository] Opened repository: /home/ubuntu/ec2_scripts
2024-11-22 23:38:12.875 [info] > git rev-parse refs/remotes/origin/master [16ms]
2024-11-22 23:38:12.901 [info] > git status -z -uall [23ms]
2024-11-22 23:38:12.904 [info] > git rev-parse --show-toplevel [5ms]
2024-11-22 23:38:12.906 [info] > git config --get commit.template [12ms]
2024-11-22 23:38:12.906 [info] > git for-each-ref --sort -committerdate --format %(refname) %(objectname) %(*objectname) [20ms]
2024-11-22 23:38:12.954 [info] > git for-each-ref --format=%(refname)%00%(upstream:short)%00%(objectname)%00%(upstream:track)%00%(upstream:remotename)%00%(upstream:remoteref) refs/heads/master refs/remotes/master [28ms]
2024-11-22 23:38:12.968 [info] > git rev-parse --git-dir --git-common-dir [28ms]
2024-11-22 23:38:13.007 [info] [Model][openRepository] Opened repository: /home/ubuntu/expo-example-fall-2024
2024-11-22 23:38:13.032 [info] [Model][doInitialScan] Initial repository scan completed - repositories (3), closed repositories (0), parent repositories (0), unsafe repositories (0)
2024-11-22 23:38:13.033 [info] > git for-each-ref --format=%(refname)%00%(upstream:short)%00%(objectname)%00%(upstream:track)%00%(upstream:remotename)%00%(upstream:remoteref) refs/heads/master refs/remotes/master [96ms]
2024-11-22 23:38:13.108 [warning] [Git][revParse] Unable to read file: ENOENT: no such file or directory, open '/home/ubuntu/ec2_scripts/.git/refs/remotes/origin/master'
2024-11-22 23:38:13.113 [info] > git config --get commit.template [147ms]
2024-11-22 23:38:13.113 [info] > git config --local branch.master.vscode-merge-base [155ms]
2024-11-22 23:38:13.126 [info] > git rev-parse refs/remotes/origin/master [18ms]
2024-11-22 23:38:13.135 [info] > git config --get commit.template [31ms]
2024-11-22 23:38:13.138 [info] > git for-each-ref --format=%(refname)%00%(upstream:short)%00%(objectname)%00%(upstream:track)%00%(upstream:remotename)%00%(upstream:remoteref) refs/heads/master refs/remotes/master [14ms]
2024-11-22 23:38:13.140 [info] > git for-each-ref --format=%(refname)%00%(upstream:short)%00%(objectname)%00%(upstream:track)%00%(upstream:remotename)%00%(upstream:remoteref) refs/heads/origin/master refs/remotes/origin/master [21ms]
2024-11-22 23:38:13.203 [warning] [Git][revParse] Unable to read file: ENOENT: no such file or directory, open '/home/ubuntu/django-example-fall-2024/.git/refs/remotes/origin/master'
2024-11-22 23:38:13.204 [info] > git status -z -uall [75ms]
2024-11-22 23:38:13.204 [info] > git merge-base refs/heads/master refs/remotes/origin/master [59ms]
2024-11-22 23:38:13.211 [info] > git for-each-ref --sort -committerdate --format %(refname) %(objectname) %(*objectname) [76ms]
2024-11-22 23:38:13.240 [info] > git diff --name-status -z --diff-filter=ADMR 7fc4ee2e594fcdba1a7e7076085e380abeb619f4...refs/remotes/origin/master [29ms]
2024-11-22 23:38:13.246 [info] > git rev-parse refs/remotes/origin/master [44ms]
2024-11-22 23:38:13.264 [info] > git for-each-ref --format=%(refname)%00%(upstream:short)%00%(objectname)%00%(upstream:track)%00%(upstream:remotename)%00%(upstream:remoteref) refs/heads/master refs/remotes/master [68ms]
2024-11-22 23:38:13.267 [info] > git status -z -uall [16ms]
2024-11-22 23:38:13.267 [info] > git config --get commit.template [27ms]
2024-11-22 23:38:13.267 [info] > git for-each-ref --format=%(refname)%00%(upstream:short)%00%(objectname)%00%(upstream:track)%00%(upstream:remotename)%00%(upstream:remoteref) refs/heads/master refs/remotes/master [37ms]
2024-11-22 23:38:13.284 [warning] [Git][revParse] Unable to read file: ENOENT: no such file or directory, open '/home/ubuntu/expo-example-fall-2024/.git/refs/remotes/origin/master'
2024-11-22 23:38:13.284 [info] > git for-each-ref --sort -committerdate --format %(refname) %(objectname) %(*objectname) [20ms]
2024-11-22 23:38:13.296 [info] > git rev-parse refs/remotes/origin/master [12ms]
2024-11-22 23:38:13.314 [info] > git config --local branch.master.vscode-merge-base [40ms]
2024-11-22 23:38:13.341 [info] > git status -z -uall [36ms]
2024-11-22 23:38:13.341 [info] > git for-each-ref --format=%(refname)%00%(upstream:short)%00%(objectname)%00%(upstream:track)%00%(upstream:remotename)%00%(upstream:remoteref) refs/heads/origin/master refs/remotes/origin/master [16ms]
2024-11-22 23:38:13.347 [info] > git for-each-ref --sort -committerdate --format %(refname) %(objectname) %(*objectname) [33ms]
2024-11-22 23:38:13.368 [info] > git for-each-ref --format=%(refname)%00%(upstream:short)%00%(objectname)%00%(upstream:track)%00%(upstream:remotename)%00%(upstream:remoteref) refs/heads/master refs/remotes/master [72ms]
2024-11-22 23:38:13.368 [info] > git for-each-ref --format=%(refname)%00%(upstream:short)%00%(objectname)%00%(upstream:track)%00%(upstream:remotename)%00%(upstream:remoteref) refs/heads/master refs/remotes/master [7ms]
2024-11-22 23:38:13.385 [info] > git merge-base refs/heads/master refs/remotes/origin/master [39ms]
2024-11-22 23:38:13.421 [warning] [Git][revParse] Unable to read file: ENOENT: no such file or directory, open '/home/ubuntu/ec2_scripts/.git/refs/remotes/origin/master'
2024-11-22 23:38:13.430 [info] > git config --local branch.master.vscode-merge-base [45ms]
2024-11-22 23:38:13.444 [info] > git rev-parse refs/remotes/origin/master [22ms]
2024-11-22 23:38:13.490 [info] > git config --get commit.template [74ms]
2024-11-22 23:38:13.490 [info] > git diff --name-status -z --diff-filter=ADMR 49126d879cf67c4458fbdbd4b565eee2fb0f0b00...refs/remotes/origin/master [85ms]
2024-11-22 23:38:13.518 [info] > git status -z -uall [61ms]
2024-11-22 23:38:13.524 [info] > git for-each-ref --sort -committerdate --format %(refname) %(objectname) %(*objectname) [33ms]
2024-11-22 23:38:13.532 [info] > git for-each-ref --format=%(refname)%00%(upstream:short)%00%(objectname)%00%(upstream:track)%00%(upstream:remotename)%00%(upstream:remoteref) refs/heads/origin/master refs/remotes/origin/master [89ms]
2024-11-22 23:38:13.560 [info] > git for-each-ref --format=%(refname)%00%(upstream:short)%00%(objectname)%00%(upstream:track)%00%(upstream:remotename)%00%(upstream:remoteref) refs/heads/master refs/remotes/master [43ms]
2024-11-22 23:38:13.573 [warning] [Git][revParse] Unable to read file: ENOENT: no such file or directory, open '/home/ubuntu/expo-example-fall-2024/.git/refs/remotes/origin/master'
2024-11-22 23:38:13.573 [info] > git merge-base refs/heads/master refs/remotes/origin/master [22ms]
2024-11-22 23:38:13.597 [info] > git rev-parse refs/remotes/origin/master [19ms]
2024-11-22 23:38:13.626 [info] > git diff --name-status -z --diff-filter=ADMR 770f00fa091c6a1d709d80cfac8c21a00c1d7230...refs/remotes/origin/master [35ms]
2024-11-22 23:38:13.690 [info] > git status -z -uall [78ms]
2024-11-22 23:38:13.695 [info] > git for-each-ref --sort -committerdate --format %(refname) %(objectname) %(*objectname) [72ms]
2024-11-22 23:38:13.899 [info] > git check-ignore -v -z --stdin [43ms]
2024-11-22 23:38:13.900 [info] > git check-ignore -v -z --stdin [26ms]
2024-11-22 23:38:13.903 [info] > git check-ignore -v -z --stdin [12ms]
2024-11-22 23:38:14.775 [info] > git check-ignore -v -z --stdin [65ms]
2024-11-22 23:38:14.839 [info] > git check-ignore -v -z --stdin [182ms]
2024-11-22 23:38:14.839 [info] > git check-ignore -v -z --stdin [74ms]
2024-11-22 23:39:53.828 [info] > git check-ignore -v -z --stdin [3ms]
2024-11-22 23:39:56.442 [info] > git check-ignore -v -z --stdin [1ms]
2024-11-22 23:39:58.690 [info] > git check-ignore -v -z --stdin [2ms]
2024-11-22 23:40:07.468 [info] > git check-ignore -v -z --stdin [1ms]
2024-11-22 23:40:10.799 [info] > git check-ignore -v -z --stdin [1ms]
2024-11-22 23:40:12.624 [info] > git check-ignore -v -z --stdin [2ms]
2024-11-22 23:40:20.159 [info] > git check-ignore -v -z --stdin [2ms]
2024-11-22 23:40:22.947 [info] > git ls-files --stage -- /home/ubuntu/django-example-fall-2024/hello/templates/hello/dynamic_stuff.html [10ms]
2024-11-22 23:40:23.001 [info] > git show --textconv :hello/templates/hello/dynamic_stuff.html [89ms]
2024-11-22 23:40:23.021 [info] > git cat-file -s 9be4e97dbbf5a759896cf7cf997533d2a190b1c7 [39ms]
2024-11-22 23:41:15.559 [info] > git show --textconv :hello/__init__.py [16ms]
2024-11-22 23:41:15.579 [info] > git ls-files --stage -- /home/ubuntu/django-example-fall-2024/hello/__init__.py [23ms]
2024-11-22 23:41:15.629 [info] > git cat-file -s e69de29bb2d1d6434b8b29ae775ad8c2e48c5391 [16ms]
2024-11-22 23:41:18.716 [info] > git show --textconv :hello/admin.py [8ms]
2024-11-22 23:41:18.718 [info] > git ls-files --stage -- /home/ubuntu/django-example-fall-2024/hello/admin.py [2ms]
2024-11-22 23:41:18.725 [info] > git cat-file -s 8c38f3f3dad51e4585f3984282c2a4bec5349c1e [4ms]
2024-11-22 23:41:23.124 [info] > git show --textconv :hello/apps.py [5ms]
2024-11-22 23:41:23.124 [info] > git ls-files --stage -- /home/ubuntu/django-example-fall-2024/hello/apps.py [3ms]
2024-11-22 23:41:23.130 [info] > git cat-file -s bfc55f0308bf3918581397deeae112c5b732d98a [2ms]
2024-11-22 23:41:29.143 [info] > git show --textconv :hello/models.py [5ms]
2024-11-22 23:41:29.144 [info] > git ls-files --stage -- /home/ubuntu/django-example-fall-2024/hello/models.py [2ms]
2024-11-22 23:41:29.149 [info] > git cat-file -s 71a836239075aa6e6e4ecb700e9c42c95c022d91 [2ms]
2024-11-22 23:41:32.186 [info] > git show --textconv :hello/urls.py [3ms]
2024-11-22 23:41:32.188 [info] > git ls-files --stage -- /home/ubuntu/django-example-fall-2024/hello/urls.py [2ms]
2024-11-22 23:41:32.192 [info] > git cat-file -s 95e41fbd525ca2b9015c7c2109cce9bb8ef270ce [2ms]
2024-11-22 23:41:36.208 [info] > git show --textconv :hello/tests.py [4ms]
2024-11-22 23:41:36.208 [info] > git ls-files --stage -- /home/ubuntu/django-example-fall-2024/hello/tests.py [2ms]
2024-11-22 23:41:36.212 [info] > git cat-file -s 7ce503c2dd97ba78597f6ff6e4393132753573f6 [2ms]
2024-11-22 23:41:38.044 [info] > git show --textconv :hello/urls.py [3ms]
2024-11-22 23:41:38.047 [info] > git ls-files --stage -- /home/ubuntu/django-example-fall-2024/hello/urls.py [4ms]
2024-11-22 23:41:38.051 [info] > git cat-file -s 95e41fbd525ca2b9015c7c2109cce9bb8ef270ce [1ms]
2024-11-22 23:41:40.033 [info] > git show --textconv :hello/views.py [2ms]
2024-11-22 23:41:40.038 [info] > git ls-files --stage -- /home/ubuntu/django-example-fall-2024/hello/views.py [5ms]
2024-11-22 23:41:40.043 [info] > git cat-file -s e6883812effe4253ec6e676c2c9459f20a049bd7 [1ms]
2024-11-22 23:41:49.042 [info] > git check-ignore -v -z --stdin [3ms]
2024-11-22 23:41:58.803 [info] > git show --textconv :my_demo_project/__init__.py [6ms]
2024-11-22 23:41:58.804 [info] > git ls-files --stage -- /home/ubuntu/django-example-fall-2024/my_demo_project/__init__.py [3ms]
2024-11-22 23:41:58.808 [info] > git cat-file -s e69de29bb2d1d6434b8b29ae775ad8c2e48c5391 [2ms]
2024-11-22 23:42:00.197 [info] > git show --textconv :my_demo_project/asgi.py [6ms]
2024-11-22 23:42:00.198 [info] > git ls-files --stage -- /home/ubuntu/django-example-fall-2024/my_demo_project/asgi.py [2ms]
2024-11-22 23:42:00.202 [info] > git cat-file -s 5b0b77097604eb8d67141c1d45afd7ecc799b9cd [1ms]
2024-11-22 23:42:10.976 [info] > git show --textconv :my_demo_project/settings.py [4ms]
2024-11-22 23:42:10.978 [info] > git ls-files --stage -- /home/ubuntu/django-example-fall-2024/my_demo_project/settings.py [2ms]
2024-11-22 23:42:10.982 [info] > git cat-file -s 4ae5f7ce495f263d5a6142a367ee3ce68f32e862 [1ms]
2024-11-22 23:43:59.493 [info] > git show --textconv :my_demo_project/urls.py [5ms]
2024-11-22 23:43:59.493 [info] > git ls-files --stage -- /home/ubuntu/django-example-fall-2024/my_demo_project/urls.py [1ms]
2024-11-22 23:43:59.498 [info] > git cat-file -s 6fb18eb06bf8dfa99b1ea84e669802ce906178fe [1ms]
2024-11-22 23:44:33.754 [info] > git show --textconv :my_demo_project/wsgi.py [3ms]
2024-11-22 23:44:33.756 [info] > git ls-files --stage -- /home/ubuntu/django-example-fall-2024/my_demo_project/wsgi.py [2ms]
2024-11-22 23:44:33.760 [info] > git cat-file -s 4d6ec734ab93be6676dbf84c98573846497f1fd8 [2ms]
2024-11-22 23:44:45.894 [info] > git show --textconv :my_demo_project/urls.py [6ms]
2024-11-22 23:44:45.895 [info] > git ls-files --stage -- /home/ubuntu/django-example-fall-2024/my_demo_project/urls.py [3ms]
2024-11-22 23:44:45.899 [info] > git cat-file -s 6fb18eb06bf8dfa99b1ea84e669802ce906178fe [1ms]
2024-11-22 23:44:50.936 [info] > git show --textconv :my_demo_project/settings.py [5ms]
2024-11-22 23:44:50.938 [info] > git ls-files --stage -- /home/ubuntu/django-example-fall-2024/my_demo_project/settings.py [3ms]
2024-11-22 23:44:50.942 [info] > git cat-file -s 4ae5f7ce495f263d5a6142a367ee3ce68f32e862 [1ms]
2024-11-22 23:46:33.414 [info] > git check-ignore -v -z --stdin [2ms]
2024-11-22 23:46:35.193 [info] > git check-ignore -v -z --stdin [1ms]
2024-11-22 23:46:36.627 [info] > git show --textconv :registration/migrations/__init__.py [3ms]
2024-11-22 23:46:36.630 [info] > git ls-files --stage -- /home/ubuntu/django-example-fall-2024/registration/migrations/__init__.py [3ms]
2024-11-22 23:46:38.024 [info] > git show --textconv :registration/migrations/0001_initial.py [4ms]
2024-11-22 23:46:38.026 [info] > git ls-files --stage -- /home/ubuntu/django-example-fall-2024/registration/migrations/0001_initial.py [2ms]
2024-11-22 23:47:05.898 [info] > git check-ignore -v -z --stdin [1ms]
2024-11-22 23:47:06.845 [info] > git show --textconv :registration/templates/registration/registrationForm.html [4ms]
2024-11-22 23:47:06.847 [info] > git ls-files --stage -- /home/ubuntu/django-example-fall-2024/registration/templates/registration/registrationForm.html [2ms]
2024-11-22 23:47:06.852 [info] > git cat-file -s f9284006635f89c674039850123bd262ea84daa5 [2ms]
2024-11-22 23:47:21.306 [info] > git check-ignore -v -z --stdin [2ms]
2024-11-22 23:47:27.613 [info] > git show --textconv :my_demo_project/__init__.py [6ms]
2024-11-22 23:47:27.615 [info] > git ls-files --stage -- /home/ubuntu/django-example-fall-2024/my_demo_project/__init__.py [3ms]
2024-11-22 23:47:27.619 [info] > git cat-file -s e69de29bb2d1d6434b8b29ae775ad8c2e48c5391 [2ms]
2024-11-22 23:47:28.203 [info] > git show --textconv :my_demo_project/asgi.py [4ms]
2024-11-22 23:47:28.203 [info] > git ls-files --stage -- /home/ubuntu/django-example-fall-2024/my_demo_project/asgi.py [0ms]
2024-11-22 23:47:28.209 [info] > git cat-file -s 5b0b77097604eb8d67141c1d45afd7ecc799b9cd [2ms]
2024-11-22 23:47:36.557 [info] > git show --textconv :my_demo_project/settings.py [4ms]
2024-11-22 23:47:36.559 [info] > git ls-files --stage -- /home/ubuntu/django-example-fall-2024/my_demo_project/settings.py [3ms]
2024-11-22 23:47:36.563 [info] > git cat-file -s 4ae5f7ce495f263d5a6142a367ee3ce68f32e862 [1ms]
2024-11-22 23:47:43.109 [info] > git show --textconv :my_demo_project/asgi.py [4ms]
2024-11-22 23:47:43.110 [info] > git ls-files --stage -- /home/ubuntu/django-example-fall-2024/my_demo_project/asgi.py [2ms]
2024-11-22 23:47:43.113 [info] > git cat-file -s 5b0b77097604eb8d67141c1d45afd7ecc799b9cd [1ms]
2024-11-22 23:47:44.720 [info] > git show --textconv :my_demo_project/settings.py [5ms]
2024-11-22 23:47:44.720 [info] > git ls-files --stage -- /home/ubuntu/django-example-fall-2024/my_demo_project/settings.py [1ms]
2024-11-22 23:47:44.725 [info] > git cat-file -s 4ae5f7ce495f263d5a6142a367ee3ce68f32e862 [2ms]
2024-11-22 23:48:50.462 [info] > git show --textconv :my_demo_project/urls.py [3ms]
2024-11-22 23:48:50.464 [info] > git ls-files --stage -- /home/ubuntu/django-example-fall-2024/my_demo_project/urls.py [2ms]
2024-11-22 23:48:50.467 [info] > git cat-file -s 6fb18eb06bf8dfa99b1ea84e669802ce906178fe [1ms]
2024-11-22 23:49:15.337 [info] > git show --textconv :registration/urls.py [4ms]
2024-11-22 23:49:15.339 [info] > git ls-files --stage -- /home/ubuntu/django-example-fall-2024/registration/urls.py [2ms]
2024-11-22 23:49:15.343 [info] > git cat-file -s bece9d5b442e7525df919c4e86307f06ce890ccc [1ms]
2024-11-22 23:49:30.336 [info] > git show --textconv :registration/views.py [3ms]
2024-11-22 23:49:30.339 [info] > git ls-files --stage -- /home/ubuntu/django-example-fall-2024/registration/views.py [3ms]
2024-11-22 23:49:30.343 [info] > git cat-file -s deb850849120be1c30570f4ea502c4ec1bf89219 [2ms]
2024-11-22 23:58:39.623 [info] > git check-ignore -v -z --stdin [4ms]
2024-11-22 23:58:41.579 [info] > git check-ignore -v -z --stdin [1ms]
2024-11-22 23:58:43.630 [info] > git check-ignore -v -z --stdin [1ms]
2024-11-22 23:58:48.213 [info] > git check-ignore -v -z --stdin [3ms]
2024-11-22 23:58:54.248 [info] > git show --textconv :app.json [68ms]
2024-11-22 23:58:54.255 [info] > git ls-files --stage -- /home/ubuntu/expo-example-fall-2024/app.json [72ms]
2024-11-22 23:58:54.282 [info] > git cat-file -s 28951f41575c420c62ba82d485b5838ce65a2b2c [9ms]
2024-11-22 23:59:04.683 [info] > git show --textconv :state/formSlice.js [50ms]
2024-11-22 23:59:04.683 [info] > git ls-files --stage -- /home/ubuntu/expo-example-fall-2024/state/formSlice.js [39ms]
2024-11-22 23:59:04.703 [info] > git cat-file -s 15c3f30615d3272a8fbe3927feb3cbf910ba169e [7ms]
2024-11-23 00:01:55.173 [info] > git ls-files --stage -- /home/ubuntu/django-example-fall-2024/registration/admin.py [37ms]
2024-11-23 00:01:55.181 [info] > git cat-file -s 8c38f3f3dad51e4585f3984282c2a4bec5349c1e [3ms]
2024-11-23 00:01:55.185 [info] > git show --textconv :registration/admin.py [52ms]
2024-11-23 00:01:58.278 [info] > git show --textconv :registration/apps.py [3ms]
2024-11-23 00:01:58.280 [info] > git ls-files --stage -- /home/ubuntu/django-example-fall-2024/registration/apps.py [3ms]
2024-11-23 00:01:58.285 [info] > git cat-file -s f9d01d2d1614cc4bad986b7b19a73ae089576321 [2ms]
2024-11-23 00:02:06.154 [info] > git show --textconv :registration/forms.py [4ms]
2024-11-23 00:02:06.156 [info] > git ls-files --stage -- /home/ubuntu/django-example-fall-2024/registration/forms.py [3ms]
2024-11-23 00:02:06.161 [info] > git cat-file -s db5f9a850dd2f59efcda48e039aebc8a43e19b90 [1ms]
2024-11-23 00:02:19.017 [info] > git show --textconv :registration/models.py [8ms]
2024-11-23 00:02:19.017 [info] > git ls-files --stage -- /home/ubuntu/django-example-fall-2024/registration/models.py [3ms]
2024-11-23 00:02:19.022 [info] > git cat-file -s 327e2941800c9ffd3e63582c327408764c373765 [2ms]
2024-11-23 00:02:36.234 [info] > git show --textconv :registration/serializers.py [4ms]
2024-11-23 00:02:36.238 [info] > git ls-files --stage -- /home/ubuntu/django-example-fall-2024/registration/serializers.py [4ms]
2024-11-23 00:02:36.247 [info] > git cat-file -s 05273b131a061fffc158203927a0165cecbd952b [4ms]
2024-11-23 00:02:45.791 [info] > git show --textconv :registration/tests.py [5ms]
2024-11-23 00:02:45.791 [info] > git ls-files --stage -- /home/ubuntu/django-example-fall-2024/registration/tests.py [2ms]
2024-11-23 00:02:45.796 [info] > git cat-file -s 7ce503c2dd97ba78597f6ff6e4393132753573f6 [2ms]
2024-11-23 00:02:47.420 [info] > git show --textconv :registration/urls.py [7ms]
2024-11-23 00:02:47.421 [info] > git ls-files --stage -- /home/ubuntu/django-example-fall-2024/registration/urls.py [4ms]
2024-11-23 00:02:47.425 [info] > git cat-file -s bece9d5b442e7525df919c4e86307f06ce890ccc [1ms]
2024-11-23 00:02:50.425 [info] > git show --textconv :registration/views.py [3ms]
2024-11-23 00:02:50.428 [info] > git ls-files --stage -- /home/ubuntu/django-example-fall-2024/registration/views.py [3ms]
2024-11-23 00:02:50.432 [info] > git cat-file -s deb850849120be1c30570f4ea502c4ec1bf89219 [1ms]
2024-11-23 00:02:53.590 [info] > git show --textconv :registration/__init__.py [5ms]
2024-11-23 00:02:53.590 [info] > git ls-files --stage -- /home/ubuntu/django-example-fall-2024/registration/__init__.py [1ms]
2024-11-23 00:02:53.595 [info] > git cat-file -s e69de29bb2d1d6434b8b29ae775ad8c2e48c5391 [3ms]
2024-11-23 00:04:20.185 [info] > git show --textconv :my_demo_project/settings.py [4ms]
2024-11-23 00:04:20.187 [info] > git ls-files --stage -- /home/ubuntu/django-example-fall-2024/my_demo_project/settings.py [2ms]
2024-11-23 00:04:20.190 [info] > git cat-file -s 4ae5f7ce495f263d5a6142a367ee3ce68f32e862 [0ms]
2024-11-23 00:08:37.336 [info] > git show --textconv :my_demo_project/asgi.py [7ms]
2024-11-23 00:08:37.341 [info] > git ls-files --stage -- /home/ubuntu/django-example-fall-2024/my_demo_project/asgi.py [8ms]
2024-11-23 00:08:37.345 [info] > git cat-file -s 5b0b77097604eb8d67141c1d45afd7ecc799b9cd [1ms]
2024-11-23 00:08:42.099 [info] > git show --textconv :my_demo_project/settings.py [4ms]
2024-11-23 00:08:42.101 [info] > git ls-files --stage -- /home/ubuntu/django-example-fall-2024/my_demo_project/settings.py [4ms]
2024-11-23 00:08:42.104 [info] > git cat-file -s 4ae5f7ce495f263d5a6142a367ee3ce68f32e862 [1ms]
2024-11-23 00:08:42.978 [info] > git show --textconv :my_demo_project/urls.py [5ms]
2024-11-23 00:08:42.980 [info] > git ls-files --stage -- /home/ubuntu/django-example-fall-2024/my_demo_project/urls.py [4ms]
2024-11-23 00:08:42.984 [info] > git cat-file -s 6fb18eb06bf8dfa99b1ea84e669802ce906178fe [2ms]
2024-11-23 00:08:48.943 [info] > git show --textconv :my_demo_project/settings.py [4ms]
2024-11-23 00:08:48.944 [info] > git ls-files --stage -- /home/ubuntu/django-example-fall-2024/my_demo_project/settings.py [2ms]
2024-11-23 00:08:48.948 [info] > git cat-file -s 4ae5f7ce495f263d5a6142a367ee3ce68f32e862 [1ms]
2024-11-23 00:15:27.245 [info] > git show --textconv :app/AddUserForm.js [24ms]
2024-11-23 00:15:27.280 [info] > git ls-files --stage -- /home/ubuntu/expo-example-fall-2024/app/AddUserForm.js [42ms]
2024-11-23 00:15:27.315 [info] > git cat-file -s 55c92e0654b93b8cdfd52a1947a7a1245e27958e [20ms]
2024-11-23 00:15:46.190 [info] > git config --get commit.template [25ms]
2024-11-23 00:15:46.198 [info] > git for-each-ref --format=%(refname)%00%(upstream:short)%00%(objectname)%00%(upstream:track)%00%(upstream:remotename)%00%(upstream:remoteref) refs/heads/master refs/remotes/master [23ms]
2024-11-23 00:15:46.201 [warning] [Git][revParse] Unable to read file: ENOENT: no such file or directory, open '/home/ubuntu/expo-example-fall-2024/.git/refs/remotes/origin/master'
2024-11-23 00:15:46.204 [info] > git rev-parse refs/remotes/origin/master [3ms]
2024-11-23 00:15:46.214 [info] > git for-each-ref --sort -committerdate --format %(refname) %(objectname) %(*objectname) [4ms]
2024-11-23 00:15:46.236 [info] > git status -z -uall [29ms]
2024-11-23 00:15:59.999 [info] > git config --get commit.template [0ms]
2024-11-23 00:16:00.004 [info] > git for-each-ref --format=%(refname)%00%(upstream:short)%00%(objectname)%00%(upstream:track)%00%(upstream:remotename)%00%(upstream:remoteref) refs/heads/master refs/remotes/master [2ms]
2024-11-23 00:16:00.008 [warning] [Git][revParse] Unable to read file: ENOENT: no such file or directory, open '/home/ubuntu/expo-example-fall-2024/.git/refs/remotes/origin/master'
2024-11-23 00:16:00.008 [info] > git rev-parse refs/remotes/origin/master [0ms]
2024-11-23 00:16:00.017 [info] > git for-each-ref --sort -committerdate --format %(refname) %(objectname) %(*objectname) [1ms]
2024-11-23 00:16:00.022 [info] > git status -z -uall [9ms]
2024-11-23 00:16:18.944 [info] > git config --get commit.template [1ms]
2024-11-23 00:16:18.949 [info] > git for-each-ref --format=%(refname)%00%(upstream:short)%00%(objectname)%00%(upstream:track)%00%(upstream:remotename)%00%(upstream:remoteref) refs/heads/master refs/remotes/master [2ms]
2024-11-23 00:16:18.952 [warning] [Git][revParse] Unable to read file: ENOENT: no such file or directory, open '/home/ubuntu/expo-example-fall-2024/.git/refs/remotes/origin/master'
2024-11-23 00:16:18.952 [info] > git rev-parse refs/remotes/origin/master [0ms]
2024-11-23 00:16:18.962 [info] > git status -z -uall [7ms]
2024-11-23 00:16:18.963 [info] > git for-each-ref --sort -committerdate --format %(refname) %(objectname) %(*objectname) [1ms]
2024-11-23 00:17:57.147 [info] > git config --get commit.template [0ms]
2024-11-23 00:17:57.153 [info] > git for-each-ref --format=%(refname)%00%(upstream:short)%00%(objectname)%00%(upstream:track)%00%(upstream:remotename)%00%(upstream:remoteref) refs/heads/master refs/remotes/master [1ms]
2024-11-23 00:17:57.156 [warning] [Git][revParse] Unable to read file: ENOENT: no such file or directory, open '/home/ubuntu/expo-example-fall-2024/.git/refs/remotes/origin/master'
2024-11-23 00:17:57.157 [info] > git rev-parse refs/remotes/origin/master [1ms]
2024-11-23 00:17:57.167 [info] > git for-each-ref --sort -committerdate --format %(refname) %(objectname) %(*objectname) [1ms]
2024-11-23 00:17:57.169 [info] > git status -z -uall [9ms]
