2024-11-23 18:45:48.517 [info] [main] Log level: Info
2024-11-23 18:45:48.517 [info] [main] Validating found git in: "git"
2024-11-23 18:45:48.517 [info] [main] Using git "2.43.0" from "git"
2024-11-23 18:45:48.517 [info] [Model][doInitialScan] Initial repository scan started
2024-11-23 18:45:48.517 [info] > git rev-parse --show-toplevel [27ms]
2024-11-23 18:45:48.517 [info] fatal: not a git repository (or any of the parent directories): .git
2024-11-23 18:45:48.517 [info] > git rev-parse --show-toplevel [11ms]
2024-11-23 18:45:48.517 [info] fatal: not a git repository (or any of the parent directories): .git
2024-11-23 18:45:48.517 [info] > git rev-parse --show-toplevel [6ms]
2024-11-23 18:45:48.517 [info] fatal: not a git repository (or any of the parent directories): .git
2024-11-23 18:45:48.517 [info] > git rev-parse --show-toplevel [7ms]
2024-11-23 18:45:48.517 [info] fatal: not a git repository (or any of the parent directories): .git
2024-11-23 18:45:48.520 [info] > git rev-parse --show-toplevel [4ms]
2024-11-23 18:45:48.520 [info] fatal: not a git repository (or any of the parent directories): .git
2024-11-23 18:45:48.538 [info] > git rev-parse --show-toplevel [9ms]
2024-11-23 18:45:48.539 [info] fatal: not a git repository (or any of the parent directories): .git
2024-11-23 18:45:48.551 [info] > git rev-parse --show-toplevel [6ms]
2024-11-23 18:45:48.551 [info] fatal: not a git repository (or any of the parent directories): .git
2024-11-23 18:45:48.564 [info] > git rev-parse --show-toplevel [8ms]
2024-11-23 18:45:48.576 [info] > git rev-parse --git-dir --git-common-dir [3ms]
2024-11-23 18:45:48.614 [info] [Model][openRepository] Opened repository: /home/ubuntu/django-example-fall-2024
2024-11-23 18:45:48.648 [info] > git rev-parse --show-toplevel [16ms]
2024-11-23 18:45:48.649 [info] > git config --get commit.template [21ms]
2024-11-23 18:45:48.655 [info] > git rev-parse --git-dir --git-common-dir [1ms]
2024-11-23 18:45:48.665 [info] [Model][openRepository] Opened repository: /home/ubuntu/ec2_scripts
2024-11-23 18:45:48.670 [info] > git for-each-ref --format=%(refname)%00%(upstream:short)%00%(objectname)%00%(upstream:track)%00%(upstream:remotename)%00%(upstream:remoteref) refs/heads/master refs/remotes/master [29ms]
2024-11-23 18:45:48.688 [warning] [Git][revParse] Unable to read file: ENOENT: no such file or directory, open '/home/ubuntu/django-example-fall-2024/.git/refs/remotes/origin/master'
2024-11-23 18:45:48.694 [info] > git rev-parse refs/remotes/origin/master [7ms]
2024-11-23 18:45:48.713 [info] > git rev-parse --show-toplevel [30ms]
2024-11-23 18:45:48.717 [info] > git config --get commit.template [40ms]
2024-11-23 18:45:48.738 [info] > git status -z -uall [34ms]
2024-11-23 18:45:48.742 [info] > git for-each-ref --sort -committerdate --format %(refname) %(objectname) %(*objectname) [30ms]
2024-11-23 18:45:48.875 [info] > git for-each-ref --format=%(refname)%00%(upstream:short)%00%(objectname)%00%(upstream:track)%00%(upstream:remotename)%00%(upstream:remoteref) refs/heads/master refs/remotes/master [116ms]
2024-11-23 18:45:48.897 [info] > git for-each-ref --format=%(refname)%00%(upstream:short)%00%(objectname)%00%(upstream:track)%00%(upstream:remotename)%00%(upstream:remoteref) refs/heads/master refs/remotes/master [173ms]
2024-11-23 18:45:48.900 [info] > git rev-parse --git-dir --git-common-dir [168ms]
2024-11-23 18:45:48.920 [info] [Model][openRepository] Opened repository: /home/ubuntu/expo-example-fall-2024
2024-11-23 18:45:48.933 [info] [Model][doInitialScan] Initial repository scan completed - repositories (3), closed repositories (0), parent repositories (0), unsafe repositories (0)
2024-11-23 18:45:48.950 [warning] [Git][revParse] Unable to read file: ENOENT: no such file or directory, open '/home/ubuntu/ec2_scripts/.git/refs/remotes/origin/master'
2024-11-23 18:45:48.957 [info] > git config --local branch.master.vscode-merge-base [61ms]
2024-11-23 18:45:48.963 [info] > git config --get commit.template [89ms]
2024-11-23 18:45:48.973 [info] > git config --get commit.template [17ms]
2024-11-23 18:45:48.973 [info] > git rev-parse refs/remotes/origin/master [23ms]
2024-11-23 18:45:49.000 [info] > git status -z -uall [16ms]
2024-11-23 18:45:49.001 [info] > git for-each-ref --format=%(refname)%00%(upstream:short)%00%(objectname)%00%(upstream:track)%00%(upstream:remotename)%00%(upstream:remoteref) refs/heads/origin/master refs/remotes/origin/master [37ms]
2024-11-23 18:45:49.071 [info] > git merge-base refs/heads/master refs/remotes/origin/master [61ms]
2024-11-23 18:45:49.078 [info] > git for-each-ref --format=%(refname)%00%(upstream:short)%00%(objectname)%00%(upstream:track)%00%(upstream:remotename)%00%(upstream:remoteref) refs/heads/master refs/remotes/master [83ms]
2024-11-23 18:45:49.079 [info] > git for-each-ref --sort -committerdate --format %(refname) %(objectname) %(*objectname) [90ms]
2024-11-23 18:45:49.108 [warning] [Git][revParse] Unable to read file: ENOENT: no such file or directory, open '/home/ubuntu/django-example-fall-2024/.git/refs/remotes/origin/master'
2024-11-23 18:45:49.116 [info] > git for-each-ref --format=%(refname)%00%(upstream:short)%00%(objectname)%00%(upstream:track)%00%(upstream:remotename)%00%(upstream:remoteref) refs/heads/master refs/remotes/master [18ms]
2024-11-23 18:45:49.123 [info] > git diff --name-status -z --diff-filter=ADMR 7fc4ee2e594fcdba1a7e7076085e380abeb619f4...refs/remotes/origin/master [45ms]
2024-11-23 18:45:49.124 [info] > git for-each-ref --format=%(refname)%00%(upstream:short)%00%(objectname)%00%(upstream:track)%00%(upstream:remotename)%00%(upstream:remoteref) refs/heads/master refs/remotes/master [56ms]
2024-11-23 18:45:49.128 [info] > git config --local branch.master.vscode-merge-base [4ms]
2024-11-23 18:45:49.138 [info] > git config --get commit.template [23ms]
2024-11-23 18:45:49.138 [info] > git rev-parse refs/remotes/origin/master [30ms]
2024-11-23 18:45:49.160 [warning] [Git][revParse] Unable to read file: ENOENT: no such file or directory, open '/home/ubuntu/expo-example-fall-2024/.git/refs/remotes/origin/master'
2024-11-23 18:45:49.166 [info] > git status -z -uall [16ms]
2024-11-23 18:45:49.166 [info] > git for-each-ref --format=%(refname)%00%(upstream:short)%00%(objectname)%00%(upstream:track)%00%(upstream:remotename)%00%(upstream:remoteref) refs/heads/origin/master refs/remotes/origin/master [28ms]
2024-11-23 18:45:49.183 [info] > git rev-parse refs/remotes/origin/master [23ms]
2024-11-23 18:45:49.197 [info] > git for-each-ref --sort -committerdate --format %(refname) %(objectname) %(*objectname) [40ms]
2024-11-23 18:45:49.216 [info] > git for-each-ref --sort -committerdate --format %(refname) %(objectname) %(*objectname) [19ms]
2024-11-23 18:45:49.217 [info] > git for-each-ref --format=%(refname)%00%(upstream:short)%00%(objectname)%00%(upstream:track)%00%(upstream:remotename)%00%(upstream:remoteref) refs/heads/master refs/remotes/master [34ms]
2024-11-23 18:45:49.218 [info] > git merge-base refs/heads/master refs/remotes/origin/master [43ms]
2024-11-23 18:45:49.230 [warning] [Git][revParse] Unable to read file: ENOENT: no such file or directory, open '/home/ubuntu/ec2_scripts/.git/refs/remotes/origin/master'
2024-11-23 18:45:49.230 [info] > git status -z -uall [39ms]
2024-11-23 18:45:49.252 [info] > git rev-parse refs/remotes/origin/master [21ms]
2024-11-23 18:45:49.265 [info] > git diff --name-status -z --diff-filter=ADMR 49126d879cf67c4458fbdbd4b565eee2fb0f0b00...refs/remotes/origin/master [41ms]
2024-11-23 18:45:49.274 [info] > git status -z -uall [16ms]
2024-11-23 18:45:49.274 [info] > git for-each-ref --sort -committerdate --format %(refname) %(objectname) %(*objectname) [9ms]
2024-11-23 18:45:49.283 [info] > git for-each-ref --format=%(refname)%00%(upstream:short)%00%(objectname)%00%(upstream:track)%00%(upstream:remotename)%00%(upstream:remoteref) refs/heads/master refs/remotes/master [39ms]
2024-11-23 18:45:49.291 [info] > git config --get commit.template [19ms]
2024-11-23 18:45:49.312 [info] > git config --local branch.master.vscode-merge-base [25ms]
2024-11-23 18:45:49.324 [info] > git for-each-ref --format=%(refname)%00%(upstream:short)%00%(objectname)%00%(upstream:track)%00%(upstream:remotename)%00%(upstream:remoteref) refs/heads/origin/master refs/remotes/origin/master [1ms]
2024-11-23 18:45:49.338 [info] > git for-each-ref --format=%(refname)%00%(upstream:short)%00%(objectname)%00%(upstream:track)%00%(upstream:remotename)%00%(upstream:remoteref) refs/heads/master refs/remotes/master [31ms]
2024-11-23 18:45:49.352 [warning] [Git][revParse] Unable to read file: ENOENT: no such file or directory, open '/home/ubuntu/expo-example-fall-2024/.git/refs/remotes/origin/master'
2024-11-23 18:45:49.357 [info] > git merge-base refs/heads/master refs/remotes/origin/master [20ms]
2024-11-23 18:45:49.372 [info] > git rev-parse refs/remotes/origin/master [19ms]
2024-11-23 18:45:49.403 [info] > git diff --name-status -z --diff-filter=ADMR 770f00fa091c6a1d709d80cfac8c21a00c1d7230...refs/remotes/origin/master [40ms]
2024-11-23 18:45:49.404 [info] > git for-each-ref --sort -committerdate --format %(refname) %(objectname) %(*objectname) [13ms]
2024-11-23 18:45:49.411 [info] > git status -z -uall [31ms]
2024-11-23 18:45:49.596 [info] > git check-ignore -v -z --stdin [13ms]
2024-11-23 18:45:49.599 [info] > git check-ignore -v -z --stdin [12ms]
2024-11-23 18:45:49.639 [info] > git check-ignore -v -z --stdin [49ms]
2024-11-23 18:45:50.160 [info] > git check-ignore -v -z --stdin [12ms]
2024-11-23 18:45:50.160 [info] > git check-ignore -v -z --stdin [6ms]
2024-11-23 18:45:50.160 [info] > git check-ignore -v -z --stdin [3ms]
2024-11-23 18:47:09.058 [info] > git check-ignore -v -z --stdin [5ms]
2024-11-23 18:47:18.853 [info] > git check-ignore -v -z --stdin [3ms]
2024-11-23 18:47:22.291 [info] > git check-ignore -v -z --stdin [3ms]
2024-11-23 18:47:24.632 [info] > git show --textconv :app/_layout.js [40ms]
2024-11-23 18:47:24.633 [info] > git ls-files --stage -- /home/ubuntu/expo-example-fall-2024/app/_layout.js [30ms]
2024-11-23 18:47:24.651 [info] > git cat-file -s 409a1dfbf793f98904326faf0d833a7ddad2337c [12ms]
2024-11-23 18:47:25.318 [info] > git show --textconv :app/aboutUs.js [11ms]
2024-11-23 18:47:25.325 [info] > git ls-files --stage -- /home/ubuntu/expo-example-fall-2024/app/aboutUs.js [8ms]
2024-11-23 18:47:25.336 [info] > git cat-file -s 9dc5e634b189ce5cd95de507b10934b44b81bfb1 [5ms]
2024-11-23 18:47:28.842 [info] > git show --textconv :app/AddUserForm.js [19ms]
2024-11-23 18:47:28.862 [info] > git ls-files --stage -- /home/ubuntu/expo-example-fall-2024/app/AddUserForm.js [21ms]
2024-11-23 18:47:28.901 [info] > git cat-file -s 55c92e0654b93b8cdfd52a1947a7a1245e27958e [23ms]
2024-11-23 18:47:30.417 [info] > git show --textconv :app/index.js [20ms]
2024-11-23 18:47:30.425 [info] > git ls-files --stage -- /home/ubuntu/expo-example-fall-2024/app/index.js [12ms]
2024-11-23 18:47:30.444 [info] > git cat-file -s fe92760fa6ca818ebf82f0dcb6ee3b874001778d [0ms]
2024-11-23 18:47:46.802 [info] > git show --textconv :app/_layout.js [28ms]
2024-11-23 18:47:46.809 [info] > git ls-files --stage -- /home/ubuntu/expo-example-fall-2024/app/_layout.js [14ms]
2024-11-23 18:47:46.829 [info] > git cat-file -s 409a1dfbf793f98904326faf0d833a7ddad2337c [5ms]
2024-11-23 18:48:00.926 [info] > git check-ignore -v -z --stdin [1ms]
2024-11-23 18:48:04.889 [info] > git check-ignore -v -z --stdin [1ms]
2024-11-23 18:48:08.293 [info] > git check-ignore -v -z --stdin [3ms]
2024-11-23 18:48:10.032 [info] > git check-ignore -v -z --stdin [1ms]
2024-11-23 18:48:14.812 [info] > git check-ignore -v -z --stdin [3ms]
2024-11-23 18:48:16.359 [info] > git check-ignore -v -z --stdin [1ms]
2024-11-23 18:48:31.735 [info] > git show --textconv :state/store.js [16ms]
2024-11-23 18:48:31.738 [info] > git ls-files --stage -- /home/ubuntu/expo-example-fall-2024/state/store.js [6ms]
2024-11-23 18:48:31.752 [info] > git cat-file -s 53f78ae43dec5280a074082a535bf152c37f7b9c [9ms]
2024-11-23 18:48:44.409 [info] > git show --textconv :state/formSlice.js [6ms]
2024-11-23 18:48:44.411 [info] > git ls-files --stage -- /home/ubuntu/expo-example-fall-2024/state/formSlice.js [4ms]
2024-11-23 18:48:44.417 [info] > git cat-file -s 15c3f30615d3272a8fbe3927feb3cbf910ba169e [4ms]
2024-11-23 18:50:27.985 [info] > git config --get commit.template [5ms]
2024-11-23 18:50:27.987 [info] > git for-each-ref --format=%(refname)%00%(upstream:short)%00%(objectname)%00%(upstream:track)%00%(upstream:remotename)%00%(upstream:remoteref) refs/heads/master refs/remotes/master [3ms]
2024-11-23 18:50:27.989 [warning] [Git][revParse] Unable to read file: ENOENT: no such file or directory, open '/home/ubuntu/expo-example-fall-2024/.git/refs/remotes/origin/master'
2024-11-23 18:50:27.990 [info] > git rev-parse refs/remotes/origin/master [1ms]
2024-11-23 18:50:27.997 [info] > git for-each-ref --sort -committerdate --format %(refname) %(objectname) %(*objectname) [1ms]
2024-11-23 18:50:28.013 [info] > git status -z -uall [20ms]
2024-11-23 18:50:51.031 [info] > git config --get commit.template [1ms]
2024-11-23 18:50:51.036 [info] > git for-each-ref --format=%(refname)%00%(upstream:short)%00%(objectname)%00%(upstream:track)%00%(upstream:remotename)%00%(upstream:remoteref) refs/heads/master refs/remotes/master [1ms]
2024-11-23 18:50:51.040 [warning] [Git][revParse] Unable to read file: ENOENT: no such file or directory, open '/home/ubuntu/expo-example-fall-2024/.git/refs/remotes/origin/master'
2024-11-23 18:50:51.040 [info] > git rev-parse refs/remotes/origin/master [1ms]
2024-11-23 18:50:51.050 [info] > git for-each-ref --sort -committerdate --format %(refname) %(objectname) %(*objectname) [4ms]
2024-11-23 18:50:51.053 [info] > git status -z -uall [11ms]
2024-11-23 18:50:56.068 [info] > git config --get commit.template [6ms]
2024-11-23 18:50:56.069 [info] > git for-each-ref --format=%(refname)%00%(upstream:short)%00%(objectname)%00%(upstream:track)%00%(upstream:remotename)%00%(upstream:remoteref) refs/heads/master refs/remotes/master [3ms]
2024-11-23 18:50:56.072 [warning] [Git][revParse] Unable to read file: ENOENT: no such file or directory, open '/home/ubuntu/expo-example-fall-2024/.git/refs/remotes/origin/master'
2024-11-23 18:50:56.072 [info] > git rev-parse refs/remotes/origin/master [0ms]
2024-11-23 18:50:56.081 [info] > git for-each-ref --sort -committerdate --format %(refname) %(objectname) %(*objectname) [3ms]
2024-11-23 18:50:56.083 [info] > git status -z -uall [8ms]
2024-11-23 18:51:01.093 [info] > git config --get commit.template [1ms]
2024-11-23 18:51:01.097 [info] > git for-each-ref --format=%(refname)%00%(upstream:short)%00%(objectname)%00%(upstream:track)%00%(upstream:remotename)%00%(upstream:remoteref) refs/heads/master refs/remotes/master [1ms]
2024-11-23 18:51:01.100 [warning] [Git][revParse] Unable to read file: ENOENT: no such file or directory, open '/home/ubuntu/expo-example-fall-2024/.git/refs/remotes/origin/master'
2024-11-23 18:51:01.100 [info] > git rev-parse refs/remotes/origin/master [0ms]
2024-11-23 18:51:01.110 [info] > git for-each-ref --sort -committerdate --format %(refname) %(objectname) %(*objectname) [3ms]
2024-11-23 18:51:01.113 [info] > git status -z -uall [10ms]
2024-11-23 18:51:13.580 [info] > git config --get commit.template [1ms]
2024-11-23 18:51:13.585 [info] > git for-each-ref --format=%(refname)%00%(upstream:short)%00%(objectname)%00%(upstream:track)%00%(upstream:remotename)%00%(upstream:remoteref) refs/heads/master refs/remotes/master [2ms]
2024-11-23 18:51:13.587 [warning] [Git][revParse] Unable to read file: ENOENT: no such file or directory, open '/home/ubuntu/expo-example-fall-2024/.git/refs/remotes/origin/master'
2024-11-23 18:51:13.589 [info] > git rev-parse refs/remotes/origin/master [2ms]
2024-11-23 18:51:13.597 [info] > git for-each-ref --sort -committerdate --format %(refname) %(objectname) %(*objectname) [3ms]
2024-11-23 18:51:13.600 [info] > git status -z -uall [8ms]
2024-11-23 18:51:18.609 [info] > git config --get commit.template [3ms]
2024-11-23 18:51:18.614 [info] > git for-each-ref --format=%(refname)%00%(upstream:short)%00%(objectname)%00%(upstream:track)%00%(upstream:remotename)%00%(upstream:remoteref) refs/heads/master refs/remotes/master [1ms]
2024-11-23 18:51:18.616 [warning] [Git][revParse] Unable to read file: ENOENT: no such file or directory, open '/home/ubuntu/expo-example-fall-2024/.git/refs/remotes/origin/master'
2024-11-23 18:51:18.617 [info] > git rev-parse refs/remotes/origin/master [1ms]
2024-11-23 18:51:18.628 [info] > git for-each-ref --sort -committerdate --format %(refname) %(objectname) %(*objectname) [3ms]
2024-11-23 18:51:18.629 [info] > git status -z -uall [9ms]
2024-11-23 18:51:23.636 [info] > git config --get commit.template [0ms]
2024-11-23 18:51:23.641 [info] > git for-each-ref --format=%(refname)%00%(upstream:short)%00%(objectname)%00%(upstream:track)%00%(upstream:remotename)%00%(upstream:remoteref) refs/heads/master refs/remotes/master [2ms]
2024-11-23 18:51:23.644 [warning] [Git][revParse] Unable to read file: ENOENT: no such file or directory, open '/home/ubuntu/expo-example-fall-2024/.git/refs/remotes/origin/master'
2024-11-23 18:51:23.644 [info] > git rev-parse refs/remotes/origin/master [1ms]
2024-11-23 18:51:23.653 [info] > git for-each-ref --sort -committerdate --format %(refname) %(objectname) %(*objectname) [4ms]
2024-11-23 18:51:23.656 [info] > git status -z -uall [10ms]
2024-11-23 18:52:28.671 [info] > git config --get commit.template [5ms]
2024-11-23 18:52:28.671 [info] > git for-each-ref --format=%(refname)%00%(upstream:short)%00%(objectname)%00%(upstream:track)%00%(upstream:remotename)%00%(upstream:remoteref) refs/heads/master refs/remotes/master [2ms]
2024-11-23 18:52:28.673 [warning] [Git][revParse] Unable to read file: ENOENT: no such file or directory, open '/home/ubuntu/expo-example-fall-2024/.git/refs/remotes/origin/master'
2024-11-23 18:52:28.675 [info] > git rev-parse refs/remotes/origin/master [2ms]
2024-11-23 18:52:28.685 [info] > git for-each-ref --sort -committerdate --format %(refname) %(objectname) %(*objectname) [0ms]
2024-11-23 18:52:28.687 [info] > git status -z -uall [9ms]
2024-11-23 18:52:57.848 [info] > git show --textconv :state/store.js [6ms]
2024-11-23 18:52:57.850 [info] > git ls-files --stage -- /home/ubuntu/expo-example-fall-2024/state/store.js [2ms]
2024-11-23 18:52:57.854 [info] > git cat-file -s 53f78ae43dec5280a074082a535bf152c37f7b9c [2ms]
2024-11-23 18:53:02.585 [info] > git show --textconv :state/formSlice.js [5ms]
2024-11-23 18:53:02.588 [info] > git ls-files --stage -- /home/ubuntu/expo-example-fall-2024/state/formSlice.js [5ms]
2024-11-23 18:53:02.592 [info] > git cat-file -s 15c3f30615d3272a8fbe3927feb3cbf910ba169e [2ms]
2024-11-23 18:53:08.695 [info] > git show --textconv :state/store.js [3ms]
2024-11-23 18:53:08.697 [info] > git ls-files --stage -- /home/ubuntu/expo-example-fall-2024/state/store.js [2ms]
2024-11-23 18:53:08.701 [info] > git cat-file -s 53f78ae43dec5280a074082a535bf152c37f7b9c [1ms]
2024-11-23 18:53:18.424 [info] > git show --textconv :state/weatherSlice.js [4ms]
2024-11-23 18:53:18.428 [info] > git ls-files --stage -- /home/ubuntu/expo-example-fall-2024/state/weatherSlice.js [4ms]
2024-11-23 18:53:18.434 [info] > git cat-file -s d640bbfd4d0b137e359f46010ff55780544d1de9 [3ms]
2024-11-23 18:53:48.680 [info] > git show --textconv :state/formSlice.js [5ms]
2024-11-23 18:53:48.681 [info] > git ls-files --stage -- /home/ubuntu/expo-example-fall-2024/state/formSlice.js [2ms]
2024-11-23 18:53:48.689 [info] > git cat-file -s 15c3f30615d3272a8fbe3927feb3cbf910ba169e [5ms]
2024-11-23 18:54:02.518 [info] > git config --get commit.template [5ms]
2024-11-23 18:54:02.519 [info] > git for-each-ref --format=%(refname)%00%(upstream:short)%00%(objectname)%00%(upstream:track)%00%(upstream:remotename)%00%(upstream:remoteref) refs/heads/master refs/remotes/master [1ms]
2024-11-23 18:54:02.522 [warning] [Git][revParse] Unable to read file: ENOENT: no such file or directory, open '/home/ubuntu/expo-example-fall-2024/.git/refs/remotes/origin/master'
2024-11-23 18:54:02.523 [info] > git rev-parse refs/remotes/origin/master [1ms]
2024-11-23 18:54:02.537 [info] > git for-each-ref --sort -committerdate --format %(refname) %(objectname) %(*objectname) [4ms]
2024-11-23 18:54:02.538 [info] > git status -z -uall [12ms]
2024-11-23 18:54:12.535 [info] > git config --get commit.template [0ms]
2024-11-23 18:54:12.543 [info] > git for-each-ref --format=%(refname)%00%(upstream:short)%00%(objectname)%00%(upstream:track)%00%(upstream:remotename)%00%(upstream:remoteref) refs/heads/master refs/remotes/master [3ms]
2024-11-23 18:54:12.551 [warning] [Git][revParse] Unable to read file: ENOENT: no such file or directory, open '/home/ubuntu/expo-example-fall-2024/.git/refs/remotes/origin/master'
2024-11-23 18:54:12.554 [info] > git rev-parse refs/remotes/origin/master [3ms]
2024-11-23 18:54:12.576 [info] > git for-each-ref --sort -committerdate --format %(refname) %(objectname) %(*objectname) [8ms]
2024-11-23 18:54:12.579 [info] > git status -z -uall [17ms]
2024-11-23 18:54:17.588 [info] > git config --get commit.template [3ms]
2024-11-23 18:54:17.590 [info] > git for-each-ref --format=%(refname)%00%(upstream:short)%00%(objectname)%00%(upstream:track)%00%(upstream:remotename)%00%(upstream:remoteref) refs/heads/master refs/remotes/master [3ms]
2024-11-23 18:54:17.592 [warning] [Git][revParse] Unable to read file: ENOENT: no such file or directory, open '/home/ubuntu/expo-example-fall-2024/.git/refs/remotes/origin/master'
2024-11-23 18:54:17.594 [info] > git rev-parse refs/remotes/origin/master [2ms]
2024-11-23 18:54:17.606 [info] > git for-each-ref --sort -committerdate --format %(refname) %(objectname) %(*objectname) [4ms]
2024-11-23 18:54:17.609 [info] > git status -z -uall [11ms]
2024-11-23 18:54:44.859 [info] > git config --get commit.template [1ms]
2024-11-23 18:54:44.863 [info] > git for-each-ref --format=%(refname)%00%(upstream:short)%00%(objectname)%00%(upstream:track)%00%(upstream:remotename)%00%(upstream:remoteref) refs/heads/master refs/remotes/master [1ms]
2024-11-23 18:54:44.865 [warning] [Git][revParse] Unable to read file: ENOENT: no such file or directory, open '/home/ubuntu/expo-example-fall-2024/.git/refs/remotes/origin/master'
2024-11-23 18:54:44.867 [info] > git rev-parse refs/remotes/origin/master [2ms]
2024-11-23 18:54:44.876 [info] > git for-each-ref --sort -committerdate --format %(refname) %(objectname) %(*objectname) [2ms]
2024-11-23 18:54:44.878 [info] > git status -z -uall [9ms]
2024-11-23 18:54:54.563 [info] > git show --textconv :.env [19ms]
2024-11-23 18:54:54.575 [info] > git ls-files --stage -- /home/ubuntu/expo-example-fall-2024/.env [13ms]
2024-11-23 18:54:55.504 [info] > git show --textconv :state/weatherSlice.js [19ms]
2024-11-23 18:54:55.507 [info] > git ls-files --stage -- /home/ubuntu/expo-example-fall-2024/state/weatherSlice.js [5ms]
2024-11-23 18:54:55.519 [info] > git cat-file -s d640bbfd4d0b137e359f46010ff55780544d1de9 [1ms]
2024-11-23 18:55:02.463 [info] > git for-each-ref --format=%(refname)%00%(upstream:short)%00%(objectname)%00%(upstream:track)%00%(upstream:remotename)%00%(upstream:remoteref) refs/heads/master refs/remotes/master [2ms]
2024-11-23 18:55:02.463 [info] > git config --get commit.template [6ms]
2024-11-23 18:55:02.466 [warning] [Git][revParse] Unable to read file: ENOENT: no such file or directory, open '/home/ubuntu/expo-example-fall-2024/.git/refs/remotes/origin/master'
2024-11-23 18:55:02.467 [info] > git rev-parse refs/remotes/origin/master [1ms]
2024-11-23 18:55:02.477 [info] > git for-each-ref --sort -committerdate --format %(refname) %(objectname) %(*objectname) [2ms]
2024-11-23 18:55:02.480 [info] > git status -z -uall [10ms]
2024-11-23 18:55:07.490 [info] > git config --get commit.template [3ms]
2024-11-23 18:55:07.495 [info] > git for-each-ref --format=%(refname)%00%(upstream:short)%00%(objectname)%00%(upstream:track)%00%(upstream:remotename)%00%(upstream:remoteref) refs/heads/master refs/remotes/master [3ms]
2024-11-23 18:55:07.497 [warning] [Git][revParse] Unable to read file: ENOENT: no such file or directory, open '/home/ubuntu/expo-example-fall-2024/.git/refs/remotes/origin/master'
2024-11-23 18:55:07.499 [info] > git rev-parse refs/remotes/origin/master [2ms]
2024-11-23 18:55:07.508 [info] > git status -z -uall [5ms]
2024-11-23 18:55:07.511 [info] > git for-each-ref --sort -committerdate --format %(refname) %(objectname) %(*objectname) [3ms]
2024-11-23 18:55:12.517 [info] > git config --get commit.template [1ms]
2024-11-23 18:55:12.522 [info] > git for-each-ref --format=%(refname)%00%(upstream:short)%00%(objectname)%00%(upstream:track)%00%(upstream:remotename)%00%(upstream:remoteref) refs/heads/master refs/remotes/master [1ms]
2024-11-23 18:55:12.524 [warning] [Git][revParse] Unable to read file: ENOENT: no such file or directory, open '/home/ubuntu/expo-example-fall-2024/.git/refs/remotes/origin/master'
2024-11-23 18:55:12.526 [info] > git rev-parse refs/remotes/origin/master [2ms]
2024-11-23 18:55:12.538 [info] > git status -z -uall [10ms]
2024-11-23 18:55:12.538 [info] > git for-each-ref --sort -committerdate --format %(refname) %(objectname) %(*objectname) [4ms]
2024-11-23 18:55:17.546 [info] > git config --get commit.template [1ms]
2024-11-23 18:55:17.551 [info] > git for-each-ref --format=%(refname)%00%(upstream:short)%00%(objectname)%00%(upstream:track)%00%(upstream:remotename)%00%(upstream:remoteref) refs/heads/master refs/remotes/master [2ms]
2024-11-23 18:55:17.553 [warning] [Git][revParse] Unable to read file: ENOENT: no such file or directory, open '/home/ubuntu/expo-example-fall-2024/.git/refs/remotes/origin/master'
2024-11-23 18:55:17.554 [info] > git rev-parse refs/remotes/origin/master [1ms]
2024-11-23 18:55:17.564 [info] > git for-each-ref --sort -committerdate --format %(refname) %(objectname) %(*objectname) [4ms]
2024-11-23 18:55:17.565 [info] > git status -z -uall [8ms]
2024-11-23 18:55:22.572 [info] > git config --get commit.template [1ms]
2024-11-23 18:55:22.576 [info] > git for-each-ref --format=%(refname)%00%(upstream:short)%00%(objectname)%00%(upstream:track)%00%(upstream:remotename)%00%(upstream:remoteref) refs/heads/master refs/remotes/master [1ms]
2024-11-23 18:55:22.580 [warning] [Git][revParse] Unable to read file: ENOENT: no such file or directory, open '/home/ubuntu/expo-example-fall-2024/.git/refs/remotes/origin/master'
2024-11-23 18:55:22.581 [info] > git rev-parse refs/remotes/origin/master [1ms]
2024-11-23 18:55:22.597 [info] > git for-each-ref --sort -committerdate --format %(refname) %(objectname) %(*objectname) [2ms]
2024-11-23 18:55:22.598 [info] > git status -z -uall [12ms]
2024-11-23 18:55:23.358 [info] > git show --textconv :state/store.js [4ms]
2024-11-23 18:55:23.358 [info] > git ls-files --stage -- /home/ubuntu/expo-example-fall-2024/state/store.js [1ms]
2024-11-23 18:55:23.363 [info] > git cat-file -s 53f78ae43dec5280a074082a535bf152c37f7b9c [1ms]
2024-11-23 18:55:28.687 [info] > git config --get commit.template [7ms]
2024-11-23 18:55:28.688 [info] > git for-each-ref --format=%(refname)%00%(upstream:short)%00%(objectname)%00%(upstream:track)%00%(upstream:remotename)%00%(upstream:remoteref) refs/heads/master refs/remotes/master [4ms]
2024-11-23 18:55:28.694 [warning] [Git][revParse] Unable to read file: ENOENT: no such file or directory, open '/home/ubuntu/expo-example-fall-2024/.git/refs/remotes/origin/master'
2024-11-23 18:55:28.694 [info] > git rev-parse refs/remotes/origin/master [0ms]
2024-11-23 18:55:28.705 [info] > git for-each-ref --sort -committerdate --format %(refname) %(objectname) %(*objectname) [1ms]
2024-11-23 18:55:28.707 [info] > git status -z -uall [10ms]
2024-11-23 18:55:33.713 [info] > git config --get commit.template [1ms]
2024-11-23 18:55:33.720 [info] > git for-each-ref --format=%(refname)%00%(upstream:short)%00%(objectname)%00%(upstream:track)%00%(upstream:remotename)%00%(upstream:remoteref) refs/heads/master refs/remotes/master [4ms]
2024-11-23 18:55:33.722 [warning] [Git][revParse] Unable to read file: ENOENT: no such file or directory, open '/home/ubuntu/expo-example-fall-2024/.git/refs/remotes/origin/master'
2024-11-23 18:55:33.726 [info] > git rev-parse refs/remotes/origin/master [4ms]
2024-11-23 18:55:33.735 [info] > git for-each-ref --sort -committerdate --format %(refname) %(objectname) %(*objectname) [3ms]
2024-11-23 18:55:33.743 [info] > git status -z -uall [15ms]
2024-11-23 18:55:44.764 [info] > git config --get commit.template [4ms]
2024-11-23 18:55:44.766 [info] > git for-each-ref --format=%(refname)%00%(upstream:short)%00%(objectname)%00%(upstream:track)%00%(upstream:remotename)%00%(upstream:remoteref) refs/heads/master refs/remotes/master [2ms]
2024-11-23 18:55:44.769 [warning] [Git][revParse] Unable to read file: ENOENT: no such file or directory, open '/home/ubuntu/expo-example-fall-2024/.git/refs/remotes/origin/master'
2024-11-23 18:55:44.769 [info] > git rev-parse refs/remotes/origin/master [0ms]
2024-11-23 18:55:44.779 [info] > git for-each-ref --sort -committerdate --format %(refname) %(objectname) %(*objectname) [2ms]
2024-11-23 18:55:44.781 [info] > git status -z -uall [10ms]
2024-11-23 18:55:46.671 [info] > git show --textconv :state/formSlice.js [3ms]
2024-11-23 18:55:46.674 [info] > git ls-files --stage -- /home/ubuntu/expo-example-fall-2024/state/formSlice.js [3ms]
2024-11-23 18:55:46.677 [info] > git cat-file -s 15c3f30615d3272a8fbe3927feb3cbf910ba169e [1ms]
2024-11-23 18:55:49.788 [info] > git config --get commit.template [1ms]
2024-11-23 18:55:49.793 [info] > git for-each-ref --format=%(refname)%00%(upstream:short)%00%(objectname)%00%(upstream:track)%00%(upstream:remotename)%00%(upstream:remoteref) refs/heads/master refs/remotes/master [1ms]
2024-11-23 18:55:49.795 [warning] [Git][revParse] Unable to read file: ENOENT: no such file or directory, open '/home/ubuntu/expo-example-fall-2024/.git/refs/remotes/origin/master'
2024-11-23 18:55:49.796 [info] > git rev-parse refs/remotes/origin/master [1ms]
2024-11-23 18:55:49.805 [info] > git for-each-ref --sort -committerdate --format %(refname) %(objectname) %(*objectname) [3ms]
2024-11-23 18:55:49.807 [info] > git status -z -uall [8ms]
2024-11-23 18:55:57.517 [info] > git config --get commit.template [4ms]
2024-11-23 18:55:57.518 [info] > git for-each-ref --format=%(refname)%00%(upstream:short)%00%(objectname)%00%(upstream:track)%00%(upstream:remotename)%00%(upstream:remoteref) refs/heads/master refs/remotes/master [2ms]
2024-11-23 18:55:57.521 [warning] [Git][revParse] Unable to read file: ENOENT: no such file or directory, open '/home/ubuntu/expo-example-fall-2024/.git/refs/remotes/origin/master'
2024-11-23 18:55:57.522 [info] > git rev-parse refs/remotes/origin/master [1ms]
2024-11-23 18:55:57.533 [info] > git for-each-ref --sort -committerdate --format %(refname) %(objectname) %(*objectname) [2ms]
2024-11-23 18:55:57.534 [info] > git status -z -uall [10ms]
2024-11-23 18:56:09.984 [info] > git config --get commit.template [0ms]
2024-11-23 18:56:09.988 [info] > git for-each-ref --format=%(refname)%00%(upstream:short)%00%(objectname)%00%(upstream:track)%00%(upstream:remotename)%00%(upstream:remoteref) refs/heads/master refs/remotes/master [2ms]
2024-11-23 18:56:09.991 [warning] [Git][revParse] Unable to read file: ENOENT: no such file or directory, open '/home/ubuntu/expo-example-fall-2024/.git/refs/remotes/origin/master'
2024-11-23 18:56:09.991 [info] > git rev-parse refs/remotes/origin/master [0ms]
2024-11-23 18:56:10.001 [info] > git for-each-ref --sort -committerdate --format %(refname) %(objectname) %(*objectname) [3ms]
2024-11-23 18:56:10.003 [info] > git status -z -uall [10ms]
2024-11-23 18:56:11.722 [info] > git show --textconv :state/weatherSlice.js [6ms]
2024-11-23 18:56:11.722 [info] > git ls-files --stage -- /home/ubuntu/expo-example-fall-2024/state/weatherSlice.js [3ms]
2024-11-23 18:56:11.725 [info] > git cat-file -s d640bbfd4d0b137e359f46010ff55780544d1de9 [1ms]
2024-11-23 18:56:15.292 [info] > git config --get commit.template [4ms]
2024-11-23 18:56:15.294 [info] > git for-each-ref --format=%(refname)%00%(upstream:short)%00%(objectname)%00%(upstream:track)%00%(upstream:remotename)%00%(upstream:remoteref) refs/heads/master refs/remotes/master [2ms]
2024-11-23 18:56:15.296 [warning] [Git][revParse] Unable to read file: ENOENT: no such file or directory, open '/home/ubuntu/expo-example-fall-2024/.git/refs/remotes/origin/master'
2024-11-23 18:56:15.299 [info] > git rev-parse refs/remotes/origin/master [3ms]
2024-11-23 18:56:15.307 [info] > git for-each-ref --sort -committerdate --format %(refname) %(objectname) %(*objectname) [1ms]
2024-11-23 18:56:15.309 [info] > git status -z -uall [8ms]
2024-11-23 18:56:21.782 [info] > git show --textconv :components/CustomInput.jsx [24ms]
2024-11-23 18:56:21.802 [info] > git ls-files --stage -- /home/ubuntu/expo-example-fall-2024/components/CustomInput.jsx [20ms]
2024-11-23 18:56:21.833 [info] > git cat-file -s 5d12628fd0a904eebee6adc82063500869520bca [3ms]
2024-11-23 18:56:27.011 [info] > git show --textconv :components/Navigation.jsx [10ms]
2024-11-23 18:56:27.011 [info] > git ls-files --stage -- /home/ubuntu/expo-example-fall-2024/components/Navigation.jsx [3ms]
2024-11-23 18:56:27.020 [info] > git cat-file -s 0db6440aabfaee0355f96f446a7186b02d8dedf1 [3ms]
2024-11-23 18:56:35.373 [info] > git config --get commit.template [3ms]
2024-11-23 18:56:35.375 [info] > git for-each-ref --format=%(refname)%00%(upstream:short)%00%(objectname)%00%(upstream:track)%00%(upstream:remotename)%00%(upstream:remoteref) refs/heads/master refs/remotes/master [2ms]
2024-11-23 18:56:35.379 [warning] [Git][revParse] Unable to read file: ENOENT: no such file or directory, open '/home/ubuntu/expo-example-fall-2024/.git/refs/remotes/origin/master'
2024-11-23 18:56:35.379 [info] > git rev-parse refs/remotes/origin/master [0ms]
2024-11-23 18:56:35.391 [info] > git for-each-ref --sort -committerdate --format %(refname) %(objectname) %(*objectname) [3ms]
2024-11-23 18:56:35.393 [info] > git status -z -uall [10ms]
2024-11-23 18:56:40.404 [info] > git config --get commit.template [0ms]
2024-11-23 18:56:40.411 [info] > git for-each-ref --format=%(refname)%00%(upstream:short)%00%(objectname)%00%(upstream:track)%00%(upstream:remotename)%00%(upstream:remoteref) refs/heads/master refs/remotes/master [2ms]
2024-11-23 18:56:40.416 [warning] [Git][revParse] Unable to read file: ENOENT: no such file or directory, open '/home/ubuntu/expo-example-fall-2024/.git/refs/remotes/origin/master'
2024-11-23 18:56:40.426 [info] > git rev-parse refs/remotes/origin/master [10ms]
2024-11-23 18:56:40.459 [info] > git for-each-ref --sort -committerdate --format %(refname) %(objectname) %(*objectname) [13ms]
2024-11-23 18:56:40.473 [info] > git status -z -uall [39ms]
2024-11-23 18:56:45.490 [info] > git config --get commit.template [8ms]
2024-11-23 18:56:45.492 [info] > git for-each-ref --format=%(refname)%00%(upstream:short)%00%(objectname)%00%(upstream:track)%00%(upstream:remotename)%00%(upstream:remoteref) refs/heads/master refs/remotes/master [4ms]
2024-11-23 18:56:45.500 [warning] [Git][revParse] Unable to read file: ENOENT: no such file or directory, open '/home/ubuntu/expo-example-fall-2024/.git/refs/remotes/origin/master'
2024-11-23 18:56:45.509 [info] > git rev-parse refs/remotes/origin/master [9ms]
2024-11-23 18:56:45.526 [info] > git for-each-ref --sort -committerdate --format %(refname) %(objectname) %(*objectname) [4ms]
2024-11-23 18:56:45.528 [info] > git status -z -uall [13ms]
2024-11-23 18:56:50.541 [info] > git config --get commit.template [4ms]
2024-11-23 18:56:50.543 [info] > git for-each-ref --format=%(refname)%00%(upstream:short)%00%(objectname)%00%(upstream:track)%00%(upstream:remotename)%00%(upstream:remoteref) refs/heads/master refs/remotes/master [3ms]
2024-11-23 18:56:50.547 [warning] [Git][revParse] Unable to read file: ENOENT: no such file or directory, open '/home/ubuntu/expo-example-fall-2024/.git/refs/remotes/origin/master'
2024-11-23 18:56:50.549 [info] > git rev-parse refs/remotes/origin/master [2ms]
2024-11-23 18:56:50.565 [info] > git for-each-ref --sort -committerdate --format %(refname) %(objectname) %(*objectname) [6ms]
2024-11-23 18:56:50.569 [info] > git status -z -uall [15ms]
2024-11-23 18:56:58.353 [info] > git show --textconv :app/_layout.js [3ms]
2024-11-23 18:56:58.356 [info] > git ls-files --stage -- /home/ubuntu/expo-example-fall-2024/app/_layout.js [3ms]
2024-11-23 18:56:58.360 [info] > git cat-file -s 409a1dfbf793f98904326faf0d833a7ddad2337c [2ms]
2024-11-23 18:57:03.568 [info] > git show --textconv :app/aboutUs.js [5ms]
2024-11-23 18:57:03.571 [info] > git ls-files --stage -- /home/ubuntu/expo-example-fall-2024/app/aboutUs.js [3ms]
2024-11-23 18:57:03.576 [info] > git cat-file -s 9dc5e634b189ce5cd95de507b10934b44b81bfb1 [1ms]
2024-11-23 18:57:11.668 [info] > git config --get commit.template [3ms]
2024-11-23 18:57:11.670 [info] > git for-each-ref --format=%(refname)%00%(upstream:short)%00%(objectname)%00%(upstream:track)%00%(upstream:remotename)%00%(upstream:remoteref) refs/heads/master refs/remotes/master [3ms]
2024-11-23 18:57:11.672 [warning] [Git][revParse] Unable to read file: ENOENT: no such file or directory, open '/home/ubuntu/expo-example-fall-2024/.git/refs/remotes/origin/master'
2024-11-23 18:57:11.674 [info] > git rev-parse refs/remotes/origin/master [2ms]
2024-11-23 18:57:11.685 [info] > git status -z -uall [8ms]
2024-11-23 18:57:11.686 [info] > git for-each-ref --sort -committerdate --format %(refname) %(objectname) %(*objectname) [5ms]
2024-11-23 18:57:16.697 [info] > git config --get commit.template [3ms]
2024-11-23 18:57:16.701 [info] > git for-each-ref --format=%(refname)%00%(upstream:short)%00%(objectname)%00%(upstream:track)%00%(upstream:remotename)%00%(upstream:remoteref) refs/heads/master refs/remotes/master [2ms]
2024-11-23 18:57:16.704 [warning] [Git][revParse] Unable to read file: ENOENT: no such file or directory, open '/home/ubuntu/expo-example-fall-2024/.git/refs/remotes/origin/master'
2024-11-23 18:57:16.707 [info] > git rev-parse refs/remotes/origin/master [3ms]
2024-11-23 18:57:16.721 [info] > git for-each-ref --sort -committerdate --format %(refname) %(objectname) %(*objectname) [4ms]
2024-11-23 18:57:16.725 [info] > git status -z -uall [14ms]
2024-11-23 18:57:21.742 [info] > git config --get commit.template [8ms]
2024-11-23 18:57:21.743 [info] > git for-each-ref --format=%(refname)%00%(upstream:short)%00%(objectname)%00%(upstream:track)%00%(upstream:remotename)%00%(upstream:remoteref) refs/heads/master refs/remotes/master [5ms]
2024-11-23 18:57:21.747 [warning] [Git][revParse] Unable to read file: ENOENT: no such file or directory, open '/home/ubuntu/expo-example-fall-2024/.git/refs/remotes/origin/master'
2024-11-23 18:57:21.749 [info] > git rev-parse refs/remotes/origin/master [2ms]
2024-11-23 18:57:21.762 [info] > git for-each-ref --sort -committerdate --format %(refname) %(objectname) %(*objectname) [4ms]
2024-11-23 18:57:21.766 [info] > git status -z -uall [13ms]
2024-11-23 18:57:26.776 [info] > git config --get commit.template [4ms]
2024-11-23 18:57:26.778 [info] > git for-each-ref --format=%(refname)%00%(upstream:short)%00%(objectname)%00%(upstream:track)%00%(upstream:remotename)%00%(upstream:remoteref) refs/heads/master refs/remotes/master [2ms]
2024-11-23 18:57:26.780 [warning] [Git][revParse] Unable to read file: ENOENT: no such file or directory, open '/home/ubuntu/expo-example-fall-2024/.git/refs/remotes/origin/master'
2024-11-23 18:57:26.781 [info] > git rev-parse refs/remotes/origin/master [1ms]
2024-11-23 18:57:26.790 [info] > git for-each-ref --sort -committerdate --format %(refname) %(objectname) %(*objectname) [1ms]
2024-11-23 18:57:26.792 [info] > git status -z -uall [9ms]
2024-11-23 18:57:29.775 [info] > git show --textconv :app/AddUserForm.js [16ms]
2024-11-23 18:57:29.784 [info] > git ls-files --stage -- /home/ubuntu/expo-example-fall-2024/app/AddUserForm.js [17ms]
2024-11-23 18:57:29.795 [info] > git cat-file -s 55c92e0654b93b8cdfd52a1947a7a1245e27958e [2ms]
2024-11-23 18:57:31.818 [info] > git config --get commit.template [11ms]
2024-11-23 18:57:31.820 [info] > git for-each-ref --format=%(refname)%00%(upstream:short)%00%(objectname)%00%(upstream:track)%00%(upstream:remotename)%00%(upstream:remoteref) refs/heads/master refs/remotes/master [3ms]
2024-11-23 18:57:31.827 [warning] [Git][revParse] Unable to read file: ENOENT: no such file or directory, open '/home/ubuntu/expo-example-fall-2024/.git/refs/remotes/origin/master'
2024-11-23 18:57:31.828 [info] > git rev-parse refs/remotes/origin/master [1ms]
2024-11-23 18:57:31.848 [info] > git for-each-ref --sort -committerdate --format %(refname) %(objectname) %(*objectname) [6ms]
2024-11-23 18:57:31.854 [info] > git status -z -uall [18ms]
2024-11-23 18:57:36.864 [info] > git config --get commit.template [4ms]
2024-11-23 18:57:36.866 [info] > git for-each-ref --format=%(refname)%00%(upstream:short)%00%(objectname)%00%(upstream:track)%00%(upstream:remotename)%00%(upstream:remoteref) refs/heads/master refs/remotes/master [2ms]
2024-11-23 18:57:36.868 [warning] [Git][revParse] Unable to read file: ENOENT: no such file or directory, open '/home/ubuntu/expo-example-fall-2024/.git/refs/remotes/origin/master'
2024-11-23 18:57:36.869 [info] > git rev-parse refs/remotes/origin/master [1ms]
2024-11-23 18:57:36.877 [info] > git for-each-ref --sort -committerdate --format %(refname) %(objectname) %(*objectname) [2ms]
2024-11-23 18:57:36.879 [info] > git status -z -uall [8ms]
2024-11-23 18:57:49.999 [info] > git config --get commit.template [5ms]
2024-11-23 18:57:49.999 [info] > git for-each-ref --format=%(refname)%00%(upstream:short)%00%(objectname)%00%(upstream:track)%00%(upstream:remotename)%00%(upstream:remoteref) refs/heads/master refs/remotes/master [3ms]
2024-11-23 18:57:50.003 [warning] [Git][revParse] Unable to read file: ENOENT: no such file or directory, open '/home/ubuntu/expo-example-fall-2024/.git/refs/remotes/origin/master'
2024-11-23 18:57:50.003 [info] > git rev-parse refs/remotes/origin/master [0ms]
2024-11-23 18:57:50.014 [info] > git for-each-ref --sort -committerdate --format %(refname) %(objectname) %(*objectname) [4ms]
2024-11-23 18:57:50.018 [info] > git status -z -uall [11ms]
2024-11-23 18:57:55.058 [info] > git config --get commit.template [31ms]
2024-11-23 18:57:55.071 [info] > git for-each-ref --format=%(refname)%00%(upstream:short)%00%(objectname)%00%(upstream:track)%00%(upstream:remotename)%00%(upstream:remoteref) refs/heads/master refs/remotes/master [41ms]
2024-11-23 18:57:55.078 [warning] [Git][revParse] Unable to read file: ENOENT: no such file or directory, open '/home/ubuntu/expo-example-fall-2024/.git/refs/remotes/origin/master'
2024-11-23 18:57:55.082 [info] > git rev-parse refs/remotes/origin/master [4ms]
2024-11-23 18:57:55.090 [info] > git for-each-ref --sort -committerdate --format %(refname) %(objectname) %(*objectname) [3ms]
2024-11-23 18:57:55.108 [info] > git status -z -uall [24ms]
2024-11-23 18:57:56.261 [info] > git ls-files --stage -- /home/ubuntu/expo-example-fall-2024/app/index.js [7ms]
2024-11-23 18:57:56.264 [info] > git show --textconv :app/index.js [13ms]
2024-11-23 18:57:56.265 [info] > git cat-file -s fe92760fa6ca818ebf82f0dcb6ee3b874001778d [1ms]
2024-11-23 18:58:00.204 [info] > git config --get commit.template [42ms]
2024-11-23 18:58:00.220 [info] > git for-each-ref --format=%(refname)%00%(upstream:short)%00%(objectname)%00%(upstream:track)%00%(upstream:remotename)%00%(upstream:remoteref) refs/heads/master refs/remotes/master [54ms]
2024-11-23 18:58:00.237 [warning] [Git][revParse] Unable to read file: ENOENT: no such file or directory, open '/home/ubuntu/expo-example-fall-2024/.git/refs/remotes/origin/master'
2024-11-23 18:58:00.258 [info] > git rev-parse refs/remotes/origin/master [22ms]
2024-11-23 18:58:00.278 [info] > git for-each-ref --sort -committerdate --format %(refname) %(objectname) %(*objectname) [6ms]
2024-11-23 18:58:00.309 [info] > git status -z -uall [44ms]
2024-11-23 18:58:05.861 [info] > git config --get commit.template [247ms]
2024-11-23 18:58:06.331 [info] > git for-each-ref --format=%(refname)%00%(upstream:short)%00%(objectname)%00%(upstream:track)%00%(upstream:remotename)%00%(upstream:remoteref) refs/heads/master refs/remotes/master [586ms]
2024-11-23 18:58:07.070 [warning] [Git][revParse] Unable to read file: ENOENT: no such file or directory, open '/home/ubuntu/expo-example-fall-2024/.git/refs/remotes/origin/master'
2024-11-23 18:58:07.677 [info] > git rev-parse refs/remotes/origin/master [565ms]
2024-11-23 18:58:10.086 [info] > git status -z -uall [1803ms]
2024-11-23 18:58:10.474 [info] > git for-each-ref --sort -committerdate --format %(refname) %(objectname) %(*objectname) [1825ms]
2024-11-23 18:58:56.741 [info] > git ls-files --stage -- /home/ubuntu/expo-example-fall-2024/app/WeatherDashboard.js [71ms]
2024-11-23 18:58:56.789 [info] > git show --textconv :app/WeatherDashboard.js [134ms]
2024-11-23 18:58:56.797 [info] > git cat-file -s 7bf527ec3f6100043b6c314b9fc88f18f2607d75 [9ms]
2024-11-23 18:58:58.076 [info] > git config --get commit.template [13ms]
2024-11-23 18:58:58.129 [info] > git for-each-ref --format=%(refname)%00%(upstream:short)%00%(objectname)%00%(upstream:track)%00%(upstream:remotename)%00%(upstream:remoteref) refs/heads/master refs/remotes/master [26ms]
2024-11-23 18:58:58.147 [warning] [Git][revParse] Unable to read file: ENOENT: no such file or directory, open '/home/ubuntu/expo-example-fall-2024/.git/refs/remotes/origin/master'
2024-11-23 18:58:58.172 [info] > git rev-parse refs/remotes/origin/master [25ms]
2024-11-23 18:58:58.231 [info] > git for-each-ref --sort -committerdate --format %(refname) %(objectname) %(*objectname) [6ms]
2024-11-23 18:58:58.249 [info] > git status -z -uall [57ms]
