2024-11-23 23:14:28.560 [info] [main] Log level: Info
2024-11-23 23:14:28.560 [info] [main] Validating found git in: "git"
2024-11-23 23:14:28.560 [info] [main] Using git "2.43.0" from "git"
2024-11-23 23:14:28.560 [info] [Model][doInitialScan] Initial repository scan started
2024-11-23 23:14:28.560 [info] > git rev-parse --show-toplevel [10ms]
2024-11-23 23:14:28.560 [info] fatal: not a git repository (or any of the parent directories): .git
2024-11-23 23:14:28.563 [info] > git rev-parse --show-toplevel [5ms]
2024-11-23 23:14:28.569 [info] > git rev-parse --git-dir --git-common-dir [1ms]
2024-11-23 23:14:28.579 [info] [Model][openRepository] Opened repository: /home/ubuntu/expo-example-fall-2024
2024-11-23 23:14:28.590 [info] > git rev-parse --show-toplevel [1ms]
2024-11-23 23:14:28.591 [info] fatal: not a git repository (or any of the parent directories): .git
2024-11-23 23:14:28.592 [info] > git config --get commit.template [6ms]
2024-11-23 23:14:28.605 [info] > git rev-parse --show-toplevel [11ms]
2024-11-23 23:14:28.606 [info] fatal: not a git repository (or any of the parent directories): .git
2024-11-23 23:14:28.611 [info] > git rev-parse --show-toplevel [1ms]
2024-11-23 23:14:28.611 [info] fatal: not a git repository (or any of the parent directories): .git
2024-11-23 23:14:28.618 [info] > git for-each-ref --format=%(refname)%00%(upstream:short)%00%(objectname)%00%(upstream:track)%00%(upstream:remotename)%00%(upstream:remoteref) refs/heads/master refs/remotes/master [19ms]
2024-11-23 23:14:28.622 [warning] [Git][revParse] Unable to read file: ENOENT: no such file or directory, open '/home/ubuntu/expo-example-fall-2024/.git/refs/remotes/origin/master'
2024-11-23 23:14:28.622 [info] > git rev-parse --show-toplevel [5ms]
2024-11-23 23:14:28.622 [info] fatal: not a git repository (or any of the parent directories): .git
2024-11-23 23:14:28.625 [info] > git rev-parse refs/remotes/origin/master [3ms]
2024-11-23 23:14:28.639 [info] > git rev-parse --show-toplevel [14ms]
2024-11-23 23:14:28.639 [info] fatal: not a git repository (or any of the parent directories): .git
2024-11-23 23:14:28.643 [info] > git for-each-ref --sort -committerdate --format %(refname) %(objectname) %(*objectname) [11ms]
2024-11-23 23:14:28.646 [info] > git rev-parse --show-toplevel [3ms]
2024-11-23 23:14:28.647 [info] fatal: not a git repository (or any of the parent directories): .git
2024-11-23 23:14:28.651 [info] > git status -z -uall [22ms]
2024-11-23 23:14:28.674 [info] > git for-each-ref --format=%(refname)%00%(upstream:short)%00%(objectname)%00%(upstream:track)%00%(upstream:remotename)%00%(upstream:remoteref) refs/heads/master refs/remotes/master [13ms]
2024-11-23 23:14:28.677 [info] > git rev-parse --show-toplevel [27ms]
2024-11-23 23:14:28.698 [info] > git config --local branch.master.vscode-merge-base [21ms]
2024-11-23 23:14:28.702 [info] > git config --get commit.template [31ms]
2024-11-23 23:14:28.703 [info] > git rev-parse --git-dir --git-common-dir [5ms]
2024-11-23 23:14:28.709 [info] [Model][openRepository] Opened repository: /home/ubuntu/django-example-fall-2024
2024-11-23 23:14:28.718 [info] > git for-each-ref --format=%(refname)%00%(upstream:short)%00%(objectname)%00%(upstream:track)%00%(upstream:remotename)%00%(upstream:remoteref) refs/heads/origin/master refs/remotes/origin/master [16ms]
2024-11-23 23:14:28.725 [info] > git rev-parse --show-toplevel [7ms]
2024-11-23 23:14:28.726 [info] > git config --get commit.template [9ms]
2024-11-23 23:14:28.726 [info] > git for-each-ref --format=%(refname)%00%(upstream:short)%00%(objectname)%00%(upstream:track)%00%(upstream:remotename)%00%(upstream:remoteref) refs/heads/master refs/remotes/master [14ms]
2024-11-23 23:14:28.738 [warning] [Git][revParse] Unable to read file: ENOENT: no such file or directory, open '/home/ubuntu/expo-example-fall-2024/.git/refs/remotes/origin/master'
2024-11-23 23:14:28.742 [info] > git merge-base refs/heads/master refs/remotes/origin/master [20ms]
2024-11-23 23:14:28.749 [info] > git rev-parse refs/remotes/origin/master [11ms]
2024-11-23 23:14:28.756 [info] > git rev-parse --git-dir --git-common-dir [21ms]
2024-11-23 23:14:28.761 [info] [Model][openRepository] Opened repository: /home/ubuntu/ec2_scripts
2024-11-23 23:14:28.765 [info] [Model][doInitialScan] Initial repository scan completed - repositories (3), closed repositories (0), parent repositories (0), unsafe repositories (0)
2024-11-23 23:14:28.769 [info] > git status -z -uall [17ms]
2024-11-23 23:14:28.770 [info] > git for-each-ref --sort -committerdate --format %(refname) %(objectname) %(*objectname) [14ms]
2024-11-23 23:14:28.778 [info] > git for-each-ref --format=%(refname)%00%(upstream:short)%00%(objectname)%00%(upstream:track)%00%(upstream:remotename)%00%(upstream:remoteref) refs/heads/master refs/remotes/master [29ms]
2024-11-23 23:14:28.778 [info] > git diff --name-status -z --diff-filter=ADMR 770f00fa091c6a1d709d80cfac8c21a00c1d7230...refs/remotes/origin/master [31ms]
2024-11-23 23:14:28.785 [warning] [Git][revParse] Unable to read file: ENOENT: no such file or directory, open '/home/ubuntu/django-example-fall-2024/.git/refs/remotes/origin/master'
2024-11-23 23:14:28.785 [info] > git merge-base refs/heads/master refs/remotes/origin/master [9ms]
2024-11-23 23:14:28.788 [info] > git config --get commit.template [19ms]
2024-11-23 23:14:28.791 [info] > git diff --name-status -z --diff-filter=ADMR 770f00fa091c6a1d709d80cfac8c21a00c1d7230...refs/remotes/origin/master [3ms]
2024-11-23 23:14:28.791 [info] > git rev-parse refs/remotes/origin/master [6ms]
2024-11-23 23:14:28.808 [info] > git status -z -uall [13ms]
2024-11-23 23:14:28.811 [info] > git for-each-ref --sort -committerdate --format %(refname) %(objectname) %(*objectname) [13ms]
2024-11-23 23:14:28.828 [info] > git for-each-ref --format=%(refname)%00%(upstream:short)%00%(objectname)%00%(upstream:track)%00%(upstream:remotename)%00%(upstream:remoteref) refs/heads/master refs/remotes/master [5ms]
2024-11-23 23:14:28.834 [info] > git config --local branch.master.vscode-merge-base [4ms]
2024-11-23 23:14:28.838 [info] > git config --get commit.template [12ms]
2024-11-23 23:14:28.838 [info] > git for-each-ref --format=%(refname)%00%(upstream:short)%00%(objectname)%00%(upstream:track)%00%(upstream:remotename)%00%(upstream:remoteref) refs/heads/master refs/remotes/master [31ms]
2024-11-23 23:14:28.842 [warning] [Git][revParse] Unable to read file: ENOENT: no such file or directory, open '/home/ubuntu/ec2_scripts/.git/refs/remotes/origin/master'
2024-11-23 23:14:28.846 [info] > git for-each-ref --format=%(refname)%00%(upstream:short)%00%(objectname)%00%(upstream:track)%00%(upstream:remotename)%00%(upstream:remoteref) refs/heads/origin/master refs/remotes/origin/master [8ms]
2024-11-23 23:14:28.854 [info] > git for-each-ref --format=%(refname)%00%(upstream:short)%00%(objectname)%00%(upstream:track)%00%(upstream:remotename)%00%(upstream:remoteref) refs/heads/master refs/remotes/master [9ms]
2024-11-23 23:14:28.856 [info] > git rev-parse refs/remotes/origin/master [14ms]
2024-11-23 23:14:28.869 [warning] [Git][revParse] Unable to read file: ENOENT: no such file or directory, open '/home/ubuntu/django-example-fall-2024/.git/refs/remotes/origin/master'
2024-11-23 23:14:28.869 [info] > git status -z -uall [8ms]
2024-11-23 23:14:28.869 [info] > git merge-base refs/heads/master refs/remotes/origin/master [16ms]
2024-11-23 23:14:28.880 [info] > git diff --name-status -z --diff-filter=ADMR 7fc4ee2e594fcdba1a7e7076085e380abeb619f4...refs/remotes/origin/master [6ms]
2024-11-23 23:14:28.880 [info] > git rev-parse refs/remotes/origin/master [11ms]
2024-11-23 23:14:28.891 [info] > git for-each-ref --sort -committerdate --format %(refname) %(objectname) %(*objectname) [25ms]
2024-11-23 23:14:28.904 [info] > git status -z -uall [20ms]
2024-11-23 23:14:28.904 [info] > git for-each-ref --format=%(refname)%00%(upstream:short)%00%(objectname)%00%(upstream:track)%00%(upstream:remotename)%00%(upstream:remoteref) refs/heads/master refs/remotes/master [4ms]
2024-11-23 23:14:28.908 [info] > git for-each-ref --sort -committerdate --format %(refname) %(objectname) %(*objectname) [18ms]
2024-11-23 23:14:28.915 [info] > git config --local branch.master.vscode-merge-base [8ms]
2024-11-23 23:14:28.918 [info] > git config --get commit.template [15ms]
2024-11-23 23:14:28.922 [info] > git for-each-ref --format=%(refname)%00%(upstream:short)%00%(objectname)%00%(upstream:track)%00%(upstream:remotename)%00%(upstream:remoteref) refs/heads/origin/master refs/remotes/origin/master [4ms]
2024-11-23 23:14:28.927 [info] > git merge-base refs/heads/master refs/remotes/origin/master [1ms]
2024-11-23 23:14:28.930 [info] > git for-each-ref --format=%(refname)%00%(upstream:short)%00%(objectname)%00%(upstream:track)%00%(upstream:remotename)%00%(upstream:remoteref) refs/heads/master refs/remotes/master [8ms]
2024-11-23 23:14:28.933 [warning] [Git][revParse] Unable to read file: ENOENT: no such file or directory, open '/home/ubuntu/ec2_scripts/.git/refs/remotes/origin/master'
2024-11-23 23:14:28.933 [info] > git diff --name-status -z --diff-filter=ADMR 49126d879cf67c4458fbdbd4b565eee2fb0f0b00...refs/remotes/origin/master [3ms]
2024-11-23 23:14:28.935 [info] > git rev-parse refs/remotes/origin/master [1ms]
2024-11-23 23:14:28.951 [info] > git status -z -uall [13ms]
2024-11-23 23:14:28.958 [info] > git for-each-ref --sort -committerdate --format %(refname) %(objectname) %(*objectname) [14ms]
2024-11-23 23:14:29.397 [info] > git show --textconv :state/recipeSlice.js [4ms]
2024-11-23 23:14:29.399 [info] > git ls-files --stage -- /home/ubuntu/expo-example-fall-2024/state/recipeSlice.js [2ms]
2024-11-23 23:14:29.601 [info] > git check-ignore -v -z --stdin [8ms]
2024-11-23 23:14:29.602 [info] > git check-ignore -v -z --stdin [5ms]
2024-11-23 23:14:29.603 [info] > git check-ignore -v -z --stdin [3ms]
2024-11-23 23:14:32.676 [info] > git config --get commit.template [5ms]
2024-11-23 23:14:32.676 [info] > git for-each-ref --format=%(refname)%00%(upstream:short)%00%(objectname)%00%(upstream:track)%00%(upstream:remotename)%00%(upstream:remoteref) refs/heads/master refs/remotes/master [2ms]
2024-11-23 23:14:32.679 [warning] [Git][revParse] Unable to read file: ENOENT: no such file or directory, open '/home/ubuntu/expo-example-fall-2024/.git/refs/remotes/origin/master'
2024-11-23 23:14:32.679 [info] > git rev-parse refs/remotes/origin/master [0ms]
2024-11-23 23:14:32.687 [info] > git status -z -uall [5ms]
2024-11-23 23:14:32.690 [info] > git for-each-ref --sort -committerdate --format %(refname) %(objectname) %(*objectname) [3ms]
2024-11-23 23:14:57.876 [info] > git show --textconv :app/_layout.js [8ms]
2024-11-23 23:14:57.880 [info] > git ls-files --stage -- /home/ubuntu/expo-example-fall-2024/app/_layout.js [5ms]
2024-11-23 23:14:57.908 [info] > git cat-file -s 409a1dfbf793f98904326faf0d833a7ddad2337c [7ms]
2024-11-23 23:15:07.080 [info] > git show --textconv :state/store.js [8ms]
2024-11-23 23:15:07.081 [info] > git ls-files --stage -- /home/ubuntu/expo-example-fall-2024/state/store.js [2ms]
2024-11-23 23:15:07.086 [info] > git cat-file -s 53f78ae43dec5280a074082a535bf152c37f7b9c [2ms]
2024-11-23 23:15:35.174 [info] > git show --textconv :state/recipeSlice.js [4ms]
2024-11-23 23:15:35.174 [info] > git ls-files --stage -- /home/ubuntu/expo-example-fall-2024/state/recipeSlice.js [1ms]
2024-11-23 23:15:39.785 [info] > git config --get commit.template [1ms]
2024-11-23 23:15:39.791 [info] > git for-each-ref --format=%(refname)%00%(upstream:short)%00%(objectname)%00%(upstream:track)%00%(upstream:remotename)%00%(upstream:remoteref) refs/heads/master refs/remotes/master [2ms]
2024-11-23 23:15:39.793 [warning] [Git][revParse] Unable to read file: ENOENT: no such file or directory, open '/home/ubuntu/expo-example-fall-2024/.git/refs/remotes/origin/master'
2024-11-23 23:15:39.795 [info] > git rev-parse refs/remotes/origin/master [2ms]
2024-11-23 23:15:39.803 [info] > git status -z -uall [5ms]
2024-11-23 23:15:39.803 [info] > git for-each-ref --sort -committerdate --format %(refname) %(objectname) %(*objectname) [1ms]
2024-11-23 23:16:36.455 [info] > git show --textconv :state/randomRecipeSlice.js [4ms]
2024-11-23 23:16:36.457 [info] > git ls-files --stage -- /home/ubuntu/expo-example-fall-2024/state/randomRecipeSlice.js [2ms]
2024-11-23 23:16:36.641 [info] > git check-ignore -v -z --stdin [4ms]
2024-11-23 23:16:37.139 [info] > git config --get commit.template [4ms]
2024-11-23 23:16:37.141 [info] > git for-each-ref --format=%(refname)%00%(upstream:short)%00%(objectname)%00%(upstream:track)%00%(upstream:remotename)%00%(upstream:remoteref) refs/heads/master refs/remotes/master [2ms]
2024-11-23 23:16:37.144 [warning] [Git][revParse] Unable to read file: ENOENT: no such file or directory, open '/home/ubuntu/expo-example-fall-2024/.git/refs/remotes/origin/master'
2024-11-23 23:16:37.144 [info] > git rev-parse refs/remotes/origin/master [0ms]
2024-11-23 23:16:37.154 [info] > git status -z -uall [7ms]
2024-11-23 23:16:37.154 [info] > git for-each-ref --sort -committerdate --format %(refname) %(objectname) %(*objectname) [1ms]
2024-11-23 23:16:40.117 [info] > git show --textconv :state/store.js [4ms]
2024-11-23 23:16:40.119 [info] > git ls-files --stage -- /home/ubuntu/expo-example-fall-2024/state/store.js [3ms]
2024-11-23 23:16:40.123 [info] > git cat-file -s 53f78ae43dec5280a074082a535bf152c37f7b9c [1ms]
2024-11-23 23:16:42.195 [info] > git config --get commit.template [23ms]
2024-11-23 23:16:42.238 [info] > git for-each-ref --format=%(refname)%00%(upstream:short)%00%(objectname)%00%(upstream:track)%00%(upstream:remotename)%00%(upstream:remoteref) refs/heads/master refs/remotes/master [24ms]
2024-11-23 23:16:42.245 [warning] [Git][revParse] Unable to read file: ENOENT: no such file or directory, open '/home/ubuntu/expo-example-fall-2024/.git/refs/remotes/origin/master'
2024-11-23 23:16:42.257 [info] > git rev-parse refs/remotes/origin/master [12ms]
2024-11-23 23:16:42.291 [info] > git status -z -uall [19ms]
2024-11-23 23:16:42.318 [info] > git for-each-ref --sort -committerdate --format %(refname) %(objectname) %(*objectname) [31ms]
2024-11-23 23:16:47.358 [info] > git config --get commit.template [12ms]
2024-11-23 23:16:47.385 [info] > git for-each-ref --format=%(refname)%00%(upstream:short)%00%(objectname)%00%(upstream:track)%00%(upstream:remotename)%00%(upstream:remoteref) refs/heads/master refs/remotes/master [32ms]
2024-11-23 23:16:47.397 [warning] [Git][revParse] Unable to read file: ENOENT: no such file or directory, open '/home/ubuntu/expo-example-fall-2024/.git/refs/remotes/origin/master'
2024-11-23 23:16:47.404 [info] > git rev-parse refs/remotes/origin/master [7ms]
2024-11-23 23:16:47.428 [info] > git status -z -uall [14ms]
2024-11-23 23:16:47.430 [info] > git for-each-ref --sort -committerdate --format %(refname) %(objectname) %(*objectname) [7ms]
2024-11-23 23:16:52.443 [info] > git config --get commit.template [4ms]
2024-11-23 23:16:52.444 [info] > git for-each-ref --format=%(refname)%00%(upstream:short)%00%(objectname)%00%(upstream:track)%00%(upstream:remotename)%00%(upstream:remoteref) refs/heads/master refs/remotes/master [1ms]
2024-11-23 23:16:52.447 [warning] [Git][revParse] Unable to read file: ENOENT: no such file or directory, open '/home/ubuntu/expo-example-fall-2024/.git/refs/remotes/origin/master'
2024-11-23 23:16:52.448 [info] > git rev-parse refs/remotes/origin/master [1ms]
2024-11-23 23:16:52.455 [info] > git status -z -uall [5ms]
2024-11-23 23:16:52.456 [info] > git for-each-ref --sort -committerdate --format %(refname) %(objectname) %(*objectname) [1ms]
2024-11-23 23:16:57.466 [info] > git config --get commit.template [0ms]
2024-11-23 23:16:57.469 [info] > git for-each-ref --format=%(refname)%00%(upstream:short)%00%(objectname)%00%(upstream:track)%00%(upstream:remotename)%00%(upstream:remoteref) refs/heads/master refs/remotes/master [0ms]
2024-11-23 23:16:57.473 [warning] [Git][revParse] Unable to read file: ENOENT: no such file or directory, open '/home/ubuntu/expo-example-fall-2024/.git/refs/remotes/origin/master'
2024-11-23 23:16:57.473 [info] > git rev-parse refs/remotes/origin/master [0ms]
2024-11-23 23:16:57.481 [info] > git status -z -uall [5ms]
2024-11-23 23:16:57.481 [info] > git for-each-ref --sort -committerdate --format %(refname) %(objectname) %(*objectname) [0ms]
2024-11-23 23:17:02.493 [info] > git config --get commit.template [4ms]
2024-11-23 23:17:02.494 [info] > git for-each-ref --format=%(refname)%00%(upstream:short)%00%(objectname)%00%(upstream:track)%00%(upstream:remotename)%00%(upstream:remoteref) refs/heads/master refs/remotes/master [1ms]
2024-11-23 23:17:02.497 [warning] [Git][revParse] Unable to read file: ENOENT: no such file or directory, open '/home/ubuntu/expo-example-fall-2024/.git/refs/remotes/origin/master'
2024-11-23 23:17:02.498 [info] > git rev-parse refs/remotes/origin/master [1ms]
2024-11-23 23:17:02.505 [info] > git status -z -uall [5ms]
2024-11-23 23:17:02.507 [info] > git for-each-ref --sort -committerdate --format %(refname) %(objectname) %(*objectname) [2ms]
2024-11-23 23:17:43.526 [info] > git config --get commit.template [11ms]
2024-11-23 23:17:43.527 [info] > git for-each-ref --format=%(refname)%00%(upstream:short)%00%(objectname)%00%(upstream:track)%00%(upstream:remotename)%00%(upstream:remoteref) refs/heads/master refs/remotes/master [7ms]
2024-11-23 23:17:43.534 [warning] [Git][revParse] Unable to read file: ENOENT: no such file or directory, open '/home/ubuntu/expo-example-fall-2024/.git/refs/remotes/origin/master'
2024-11-23 23:17:43.536 [info] > git rev-parse refs/remotes/origin/master [2ms]
2024-11-23 23:17:43.549 [info] > git status -z -uall [9ms]
2024-11-23 23:17:43.551 [info] > git for-each-ref --sort -committerdate --format %(refname) %(objectname) %(*objectname) [6ms]
2024-11-23 23:17:48.562 [info] > git config --get commit.template [1ms]
2024-11-23 23:17:48.567 [info] > git for-each-ref --format=%(refname)%00%(upstream:short)%00%(objectname)%00%(upstream:track)%00%(upstream:remotename)%00%(upstream:remoteref) refs/heads/master refs/remotes/master [2ms]
2024-11-23 23:17:48.570 [warning] [Git][revParse] Unable to read file: ENOENT: no such file or directory, open '/home/ubuntu/expo-example-fall-2024/.git/refs/remotes/origin/master'
2024-11-23 23:17:48.570 [info] > git rev-parse refs/remotes/origin/master [0ms]
2024-11-23 23:17:48.581 [info] > git status -z -uall [7ms]
2024-11-23 23:17:48.582 [info] > git for-each-ref --sort -committerdate --format %(refname) %(objectname) %(*objectname) [4ms]
2024-11-23 23:17:53.590 [info] > git config --get commit.template [1ms]
2024-11-23 23:17:53.597 [info] > git for-each-ref --format=%(refname)%00%(upstream:short)%00%(objectname)%00%(upstream:track)%00%(upstream:remotename)%00%(upstream:remoteref) refs/heads/master refs/remotes/master [4ms]
2024-11-23 23:17:53.599 [warning] [Git][revParse] Unable to read file: ENOENT: no such file or directory, open '/home/ubuntu/expo-example-fall-2024/.git/refs/remotes/origin/master'
2024-11-23 23:17:53.601 [info] > git rev-parse refs/remotes/origin/master [2ms]
2024-11-23 23:17:53.612 [info] > git status -z -uall [9ms]
2024-11-23 23:17:53.612 [info] > git for-each-ref --sort -committerdate --format %(refname) %(objectname) %(*objectname) [0ms]
2024-11-23 23:17:54.739 [info] > git show --textconv :state/recipeSlice.js [5ms]
2024-11-23 23:17:54.739 [info] > git ls-files --stage -- /home/ubuntu/expo-example-fall-2024/state/recipeSlice.js [1ms]
2024-11-23 23:18:06.033 [info] > git show --textconv :state/store.js [5ms]
2024-11-23 23:18:06.035 [info] > git ls-files --stage -- /home/ubuntu/expo-example-fall-2024/state/store.js [2ms]
2024-11-23 23:18:06.041 [info] > git cat-file -s 53f78ae43dec5280a074082a535bf152c37f7b9c [3ms]
2024-11-23 23:18:11.792 [info] > git show --textconv :state/recipeSlice.js [5ms]
2024-11-23 23:18:11.792 [info] > git ls-files --stage -- /home/ubuntu/expo-example-fall-2024/state/recipeSlice.js [2ms]
2024-11-23 23:18:35.006 [info] > git show --textconv :state/store.js [6ms]
2024-11-23 23:18:35.010 [info] > git ls-files --stage -- /home/ubuntu/expo-example-fall-2024/state/store.js [6ms]
2024-11-23 23:18:35.014 [info] > git cat-file -s 53f78ae43dec5280a074082a535bf152c37f7b9c [0ms]
2024-11-23 23:18:39.044 [info] > git config --get commit.template [18ms]
2024-11-23 23:18:39.051 [info] > git for-each-ref --format=%(refname)%00%(upstream:short)%00%(objectname)%00%(upstream:track)%00%(upstream:remotename)%00%(upstream:remoteref) refs/heads/master refs/remotes/master [7ms]
2024-11-23 23:18:39.061 [warning] [Git][revParse] Unable to read file: ENOENT: no such file or directory, open '/home/ubuntu/expo-example-fall-2024/.git/refs/remotes/origin/master'
2024-11-23 23:18:39.071 [info] > git rev-parse refs/remotes/origin/master [10ms]
2024-11-23 23:18:39.109 [info] > git for-each-ref --sort -committerdate --format %(refname) %(objectname) %(*objectname) [6ms]
2024-11-23 23:18:39.110 [info] > git status -z -uall [27ms]
2024-11-23 23:18:39.546 [info] > git show --textconv :node_modules/@reduxjs/toolkit/dist/index.d.ts [25ms]
2024-11-23 23:18:39.546 [info] > git ls-files --stage -- /home/ubuntu/expo-example-fall-2024/node_modules/@reduxjs/toolkit/dist/index.d.ts [6ms]
2024-11-23 23:18:39.580 [info] > git check-ignore -v -z --stdin [8ms]
2024-11-23 23:18:50.969 [info] > git show --textconv :state/store.js [7ms]
2024-11-23 23:18:50.970 [info] > git ls-files --stage -- /home/ubuntu/expo-example-fall-2024/state/store.js [4ms]
2024-11-23 23:18:50.975 [info] > git cat-file -s 53f78ae43dec5280a074082a535bf152c37f7b9c [3ms]
2024-11-23 23:18:55.830 [info] > git show --textconv :state/weatherSlice.js [4ms]
2024-11-23 23:18:55.830 [info] > git ls-files --stage -- /home/ubuntu/expo-example-fall-2024/state/weatherSlice.js [1ms]
2024-11-23 23:18:55.836 [info] > git cat-file -s d640bbfd4d0b137e359f46010ff55780544d1de9 [3ms]
2024-11-23 23:19:02.093 [info] > git show --textconv :state/store.js [4ms]
2024-11-23 23:19:02.093 [info] > git ls-files --stage -- /home/ubuntu/expo-example-fall-2024/state/store.js [1ms]
2024-11-23 23:19:02.098 [info] > git cat-file -s 53f78ae43dec5280a074082a535bf152c37f7b9c [2ms]
2024-11-23 23:19:08.858 [info] > git config --get commit.template [5ms]
2024-11-23 23:19:08.860 [info] > git for-each-ref --format=%(refname)%00%(upstream:short)%00%(objectname)%00%(upstream:track)%00%(upstream:remotename)%00%(upstream:remoteref) refs/heads/master refs/remotes/master [3ms]
2024-11-23 23:19:08.868 [warning] [Git][revParse] Unable to read file: ENOENT: no such file or directory, open '/home/ubuntu/expo-example-fall-2024/.git/refs/remotes/origin/master'
2024-11-23 23:19:08.870 [info] > git rev-parse refs/remotes/origin/master [2ms]
2024-11-23 23:19:08.883 [info] > git status -z -uall [11ms]
2024-11-23 23:19:08.888 [info] > git for-each-ref --sort -committerdate --format %(refname) %(objectname) %(*objectname) [8ms]
2024-11-23 23:19:13.899 [info] > git config --get commit.template [5ms]
2024-11-23 23:19:13.902 [info] > git for-each-ref --format=%(refname)%00%(upstream:short)%00%(objectname)%00%(upstream:track)%00%(upstream:remotename)%00%(upstream:remoteref) refs/heads/master refs/remotes/master [3ms]
2024-11-23 23:19:13.906 [warning] [Git][revParse] Unable to read file: ENOENT: no such file or directory, open '/home/ubuntu/expo-example-fall-2024/.git/refs/remotes/origin/master'
2024-11-23 23:19:13.907 [info] > git rev-parse refs/remotes/origin/master [1ms]
2024-11-23 23:19:13.918 [info] > git status -z -uall [8ms]
2024-11-23 23:19:13.920 [info] > git for-each-ref --sort -committerdate --format %(refname) %(objectname) %(*objectname) [2ms]
2024-11-23 23:19:18.930 [info] > git config --get commit.template [2ms]
2024-11-23 23:19:18.935 [info] > git for-each-ref --format=%(refname)%00%(upstream:short)%00%(objectname)%00%(upstream:track)%00%(upstream:remotename)%00%(upstream:remoteref) refs/heads/master refs/remotes/master [1ms]
2024-11-23 23:19:18.938 [warning] [Git][revParse] Unable to read file: ENOENT: no such file or directory, open '/home/ubuntu/expo-example-fall-2024/.git/refs/remotes/origin/master'
2024-11-23 23:19:18.939 [info] > git rev-parse refs/remotes/origin/master [1ms]
2024-11-23 23:19:18.948 [info] > git status -z -uall [6ms]
2024-11-23 23:19:18.948 [info] > git for-each-ref --sort -committerdate --format %(refname) %(objectname) %(*objectname) [2ms]
2024-11-23 23:19:23.955 [info] > git config --get commit.template [0ms]
2024-11-23 23:19:23.960 [info] > git for-each-ref --format=%(refname)%00%(upstream:short)%00%(objectname)%00%(upstream:track)%00%(upstream:remotename)%00%(upstream:remoteref) refs/heads/master refs/remotes/master [1ms]
2024-11-23 23:19:23.962 [warning] [Git][revParse] Unable to read file: ENOENT: no such file or directory, open '/home/ubuntu/expo-example-fall-2024/.git/refs/remotes/origin/master'
2024-11-23 23:19:23.963 [info] > git rev-parse refs/remotes/origin/master [1ms]
2024-11-23 23:19:23.971 [info] > git status -z -uall [5ms]
2024-11-23 23:19:23.973 [info] > git for-each-ref --sort -committerdate --format %(refname) %(objectname) %(*objectname) [3ms]
2024-11-23 23:19:28.980 [info] > git config --get commit.template [1ms]
2024-11-23 23:19:28.984 [info] > git for-each-ref --format=%(refname)%00%(upstream:short)%00%(objectname)%00%(upstream:track)%00%(upstream:remotename)%00%(upstream:remoteref) refs/heads/master refs/remotes/master [2ms]
2024-11-23 23:19:28.987 [warning] [Git][revParse] Unable to read file: ENOENT: no such file or directory, open '/home/ubuntu/expo-example-fall-2024/.git/refs/remotes/origin/master'
2024-11-23 23:19:28.988 [info] > git rev-parse refs/remotes/origin/master [2ms]
2024-11-23 23:19:28.995 [info] > git for-each-ref --sort -committerdate --format %(refname) %(objectname) %(*objectname) [1ms]
2024-11-23 23:19:28.995 [info] > git status -z -uall [5ms]
2024-11-23 23:19:34.051 [info] > git config --get commit.template [7ms]
2024-11-23 23:19:34.053 [info] > git for-each-ref --format=%(refname)%00%(upstream:short)%00%(objectname)%00%(upstream:track)%00%(upstream:remotename)%00%(upstream:remoteref) refs/heads/master refs/remotes/master [3ms]
2024-11-23 23:19:34.056 [warning] [Git][revParse] Unable to read file: ENOENT: no such file or directory, open '/home/ubuntu/expo-example-fall-2024/.git/refs/remotes/origin/master'
2024-11-23 23:19:34.057 [info] > git rev-parse refs/remotes/origin/master [1ms]
2024-11-23 23:19:34.064 [info] > git status -z -uall [4ms]
2024-11-23 23:19:34.067 [info] > git for-each-ref --sort -committerdate --format %(refname) %(objectname) %(*objectname) [3ms]
2024-11-23 23:19:52.833 [info] > git config --get commit.template [1ms]
2024-11-23 23:19:52.837 [info] > git for-each-ref --format=%(refname)%00%(upstream:short)%00%(objectname)%00%(upstream:track)%00%(upstream:remotename)%00%(upstream:remoteref) refs/heads/master refs/remotes/master [1ms]
2024-11-23 23:19:52.840 [warning] [Git][revParse] Unable to read file: ENOENT: no such file or directory, open '/home/ubuntu/expo-example-fall-2024/.git/refs/remotes/origin/master'
2024-11-23 23:19:52.840 [info] > git rev-parse refs/remotes/origin/master [1ms]
2024-11-23 23:19:52.849 [info] > git status -z -uall [6ms]
2024-11-23 23:19:52.850 [info] > git for-each-ref --sort -committerdate --format %(refname) %(objectname) %(*objectname) [2ms]
2024-11-23 23:19:57.862 [info] > git config --get commit.template [4ms]
2024-11-23 23:19:57.863 [info] > git for-each-ref --format=%(refname)%00%(upstream:short)%00%(objectname)%00%(upstream:track)%00%(upstream:remotename)%00%(upstream:remoteref) refs/heads/master refs/remotes/master [1ms]
2024-11-23 23:19:57.865 [warning] [Git][revParse] Unable to read file: ENOENT: no such file or directory, open '/home/ubuntu/expo-example-fall-2024/.git/refs/remotes/origin/master'
2024-11-23 23:19:57.865 [info] > git rev-parse refs/remotes/origin/master [0ms]
2024-11-23 23:19:57.872 [info] > git status -z -uall [3ms]
2024-11-23 23:19:57.874 [info] > git for-each-ref --sort -committerdate --format %(refname) %(objectname) %(*objectname) [2ms]
2024-11-23 23:20:10.518 [info] > git config --get commit.template [4ms]
2024-11-23 23:20:10.528 [info] > git for-each-ref --format=%(refname)%00%(upstream:short)%00%(objectname)%00%(upstream:track)%00%(upstream:remotename)%00%(upstream:remoteref) refs/heads/master refs/remotes/master [4ms]
2024-11-23 23:20:10.533 [warning] [Git][revParse] Unable to read file: ENOENT: no such file or directory, open '/home/ubuntu/expo-example-fall-2024/.git/refs/remotes/origin/master'
2024-11-23 23:20:10.535 [info] > git rev-parse refs/remotes/origin/master [4ms]
2024-11-23 23:20:10.548 [info] > git status -z -uall [10ms]
2024-11-23 23:20:10.549 [info] > git for-each-ref --sort -committerdate --format %(refname) %(objectname) %(*objectname) [6ms]
2024-11-23 23:20:20.352 [info] > git config --get commit.template [10ms]
2024-11-23 23:20:20.353 [info] > git for-each-ref --format=%(refname)%00%(upstream:short)%00%(objectname)%00%(upstream:track)%00%(upstream:remotename)%00%(upstream:remoteref) refs/heads/master refs/remotes/master [6ms]
2024-11-23 23:20:20.357 [warning] [Git][revParse] Unable to read file: ENOENT: no such file or directory, open '/home/ubuntu/expo-example-fall-2024/.git/refs/remotes/origin/master'
2024-11-23 23:20:20.360 [info] > git rev-parse refs/remotes/origin/master [3ms]
2024-11-23 23:20:20.369 [info] > git status -z -uall [5ms]
2024-11-23 23:20:20.369 [info] > git for-each-ref --sort -committerdate --format %(refname) %(objectname) %(*objectname) [4ms]
2024-11-23 23:20:43.005 [info] > git show --textconv :state/randomRecipeSlice.js [4ms]
2024-11-23 23:20:43.007 [info] > git ls-files --stage -- /home/ubuntu/expo-example-fall-2024/state/randomRecipeSlice.js [2ms]
2024-11-23 23:20:47.209 [info] > git show --textconv :state/weatherSlice.js [5ms]
2024-11-23 23:20:47.212 [info] > git ls-files --stage -- /home/ubuntu/expo-example-fall-2024/state/weatherSlice.js [4ms]
2024-11-23 23:20:47.216 [info] > git cat-file -s d640bbfd4d0b137e359f46010ff55780544d1de9 [1ms]
2024-11-23 23:20:56.285 [info] > git config --get commit.template [4ms]
2024-11-23 23:20:56.286 [info] > git for-each-ref --format=%(refname)%00%(upstream:short)%00%(objectname)%00%(upstream:track)%00%(upstream:remotename)%00%(upstream:remoteref) refs/heads/master refs/remotes/master [1ms]
2024-11-23 23:20:56.288 [warning] [Git][revParse] Unable to read file: ENOENT: no such file or directory, open '/home/ubuntu/expo-example-fall-2024/.git/refs/remotes/origin/master'
2024-11-23 23:20:56.290 [info] > git rev-parse refs/remotes/origin/master [2ms]
2024-11-23 23:20:56.298 [info] > git for-each-ref --sort -committerdate --format %(refname) %(objectname) %(*objectname) [4ms]
2024-11-23 23:20:56.298 [info] > git status -z -uall [6ms]
2024-11-23 23:21:08.733 [info] > git show --textconv :state/randomRecipeSlice.js [17ms]
2024-11-23 23:21:08.740 [info] > git ls-files --stage -- /home/ubuntu/expo-example-fall-2024/state/randomRecipeSlice.js [10ms]
2024-11-23 23:21:13.067 [info] > git show --textconv :state/store.js [7ms]
2024-11-23 23:21:13.068 [info] > git ls-files --stage -- /home/ubuntu/expo-example-fall-2024/state/store.js [2ms]
2024-11-23 23:21:13.074 [info] > git cat-file -s 53f78ae43dec5280a074082a535bf152c37f7b9c [3ms]
2024-11-23 23:21:13.534 [info] > git show --textconv :state/randomRecipeSlice.js [3ms]
2024-11-23 23:21:13.535 [info] > git ls-files --stage -- /home/ubuntu/expo-example-fall-2024/state/randomRecipeSlice.js [1ms]
2024-11-23 23:21:17.242 [info] > git show --textconv :state/store.js [24ms]
2024-11-23 23:21:17.242 [info] > git ls-files --stage -- /home/ubuntu/expo-example-fall-2024/state/store.js [1ms]
2024-11-23 23:21:17.256 [info] > git cat-file -s 53f78ae43dec5280a074082a535bf152c37f7b9c [7ms]
2024-11-23 23:21:18.065 [info] > git config --get commit.template [6ms]
2024-11-23 23:21:18.065 [info] > git for-each-ref --format=%(refname)%00%(upstream:short)%00%(objectname)%00%(upstream:track)%00%(upstream:remotename)%00%(upstream:remoteref) refs/heads/master refs/remotes/master [0ms]
2024-11-23 23:21:18.071 [warning] [Git][revParse] Unable to read file: ENOENT: no such file or directory, open '/home/ubuntu/expo-example-fall-2024/.git/refs/remotes/origin/master'
2024-11-23 23:21:18.071 [info] > git rev-parse refs/remotes/origin/master [0ms]
2024-11-23 23:21:18.081 [info] > git status -z -uall [5ms]
2024-11-23 23:21:18.081 [info] > git for-each-ref --sort -committerdate --format %(refname) %(objectname) %(*objectname) [3ms]
2024-11-23 23:21:18.154 [info] > git show --textconv :state/weatherSlice.js [5ms]
2024-11-23 23:21:18.154 [info] > git ls-files --stage -- /home/ubuntu/expo-example-fall-2024/state/weatherSlice.js [1ms]
2024-11-23 23:21:18.159 [info] > git cat-file -s d640bbfd4d0b137e359f46010ff55780544d1de9 [1ms]
2024-11-23 23:21:24.464 [info] > git show --textconv :state/randomRecipeSlice.js [3ms]
2024-11-23 23:21:24.466 [info] > git ls-files --stage -- /home/ubuntu/expo-example-fall-2024/state/randomRecipeSlice.js [2ms]
2024-11-23 23:21:25.151 [info] > git config --get commit.template [0ms]
2024-11-23 23:21:25.156 [info] > git for-each-ref --format=%(refname)%00%(upstream:short)%00%(objectname)%00%(upstream:track)%00%(upstream:remotename)%00%(upstream:remoteref) refs/heads/master refs/remotes/master [1ms]
2024-11-23 23:21:25.158 [warning] [Git][revParse] Unable to read file: ENOENT: no such file or directory, open '/home/ubuntu/expo-example-fall-2024/.git/refs/remotes/origin/master'
2024-11-23 23:21:25.159 [info] > git rev-parse refs/remotes/origin/master [1ms]
2024-11-23 23:21:25.166 [info] > git status -z -uall [4ms]
2024-11-23 23:21:25.168 [info] > git for-each-ref --sort -committerdate --format %(refname) %(objectname) %(*objectname) [2ms]
2024-11-23 23:21:30.775 [info] > git config --get commit.template [1ms]
2024-11-23 23:21:30.779 [info] > git for-each-ref --format=%(refname)%00%(upstream:short)%00%(objectname)%00%(upstream:track)%00%(upstream:remotename)%00%(upstream:remoteref) refs/heads/master refs/remotes/master [1ms]
2024-11-23 23:21:30.782 [warning] [Git][revParse] Unable to read file: ENOENT: no such file or directory, open '/home/ubuntu/expo-example-fall-2024/.git/refs/remotes/origin/master'
2024-11-23 23:21:30.783 [info] > git rev-parse refs/remotes/origin/master [1ms]
2024-11-23 23:21:30.790 [info] > git status -z -uall [3ms]
2024-11-23 23:21:30.791 [info] > git for-each-ref --sort -committerdate --format %(refname) %(objectname) %(*objectname) [2ms]
2024-11-23 23:21:31.452 [info] > git show --textconv :state/recipeSlice.js [4ms]
2024-11-23 23:21:31.454 [info] > git ls-files --stage -- /home/ubuntu/expo-example-fall-2024/state/recipeSlice.js [3ms]
2024-11-23 23:21:32.444 [info] > git show --textconv :state/store.js [2ms]
2024-11-23 23:21:32.447 [info] > git ls-files --stage -- /home/ubuntu/expo-example-fall-2024/state/store.js [3ms]
2024-11-23 23:21:32.450 [info] > git cat-file -s 53f78ae43dec5280a074082a535bf152c37f7b9c [1ms]
2024-11-23 23:21:38.878 [info] > git config --get commit.template [7ms]
2024-11-23 23:21:38.879 [info] > git for-each-ref --format=%(refname)%00%(upstream:short)%00%(objectname)%00%(upstream:track)%00%(upstream:remotename)%00%(upstream:remoteref) refs/heads/master refs/remotes/master [1ms]
2024-11-23 23:21:38.883 [warning] [Git][revParse] Unable to read file: ENOENT: no such file or directory, open '/home/ubuntu/expo-example-fall-2024/.git/refs/remotes/origin/master'
2024-11-23 23:21:38.883 [info] > git rev-parse refs/remotes/origin/master [1ms]
2024-11-23 23:21:38.890 [info] > git status -z -uall [3ms]
2024-11-23 23:21:38.893 [info] > git for-each-ref --sort -committerdate --format %(refname) %(objectname) %(*objectname) [3ms]
2024-11-23 23:21:56.207 [info] > git config --get commit.template [3ms]
2024-11-23 23:21:56.209 [info] > git for-each-ref --format=%(refname)%00%(upstream:short)%00%(objectname)%00%(upstream:track)%00%(upstream:remotename)%00%(upstream:remoteref) refs/heads/master refs/remotes/master [2ms]
2024-11-23 23:21:56.212 [warning] [Git][revParse] Unable to read file: ENOENT: no such file or directory, open '/home/ubuntu/expo-example-fall-2024/.git/refs/remotes/origin/master'
2024-11-23 23:21:56.212 [info] > git rev-parse refs/remotes/origin/master [0ms]
2024-11-23 23:21:56.221 [info] > git status -z -uall [6ms]
2024-11-23 23:21:56.222 [info] > git for-each-ref --sort -committerdate --format %(refname) %(objectname) %(*objectname) [4ms]
2024-11-23 23:21:58.780 [info] > git show --textconv :app/WeatherDashboard.js [11ms]
2024-11-23 23:21:58.785 [info] > git ls-files --stage -- /home/ubuntu/expo-example-fall-2024/app/WeatherDashboard.js [6ms]
2024-11-23 23:21:58.794 [info] > git cat-file -s 7bf527ec3f6100043b6c314b9fc88f18f2607d75 [2ms]
2024-11-23 23:22:08.943 [info] > git show --textconv :app/RandomRecipePage.js [4ms]
2024-11-23 23:22:08.943 [info] > git ls-files --stage -- /home/ubuntu/expo-example-fall-2024/app/RandomRecipePage.js [1ms]
2024-11-23 23:22:09.523 [info] > git show --textconv :app/WeatherDashboard.js [4ms]
2024-11-23 23:22:09.525 [info] > git ls-files --stage -- /home/ubuntu/expo-example-fall-2024/app/WeatherDashboard.js [2ms]
2024-11-23 23:22:09.528 [info] > git cat-file -s 7bf527ec3f6100043b6c314b9fc88f18f2607d75 [0ms]
2024-11-23 23:22:13.202 [info] > git ls-files --stage -- /home/ubuntu/expo-example-fall-2024/state/store.js [3ms]
2024-11-23 23:22:13.211 [info] > git show --textconv :state/store.js [21ms]
2024-11-23 23:22:13.213 [info] > git cat-file -s 53f78ae43dec5280a074082a535bf152c37f7b9c [2ms]
2024-11-23 23:22:14.026 [info] > git config --get commit.template [9ms]
2024-11-23 23:22:14.029 [info] > git for-each-ref --format=%(refname)%00%(upstream:short)%00%(objectname)%00%(upstream:track)%00%(upstream:remotename)%00%(upstream:remoteref) refs/heads/master refs/remotes/master [2ms]
2024-11-23 23:22:14.035 [warning] [Git][revParse] Unable to read file: ENOENT: no such file or directory, open '/home/ubuntu/expo-example-fall-2024/.git/refs/remotes/origin/master'
2024-11-23 23:22:14.037 [info] > git rev-parse refs/remotes/origin/master [2ms]
2024-11-23 23:22:14.046 [info] > git status -z -uall [6ms]
2024-11-23 23:22:14.048 [info] > git for-each-ref --sort -committerdate --format %(refname) %(objectname) %(*objectname) [3ms]
2024-11-23 23:22:15.122 [info] > git show --textconv :app/_layout.js [15ms]
2024-11-23 23:22:15.125 [info] > git ls-files --stage -- /home/ubuntu/expo-example-fall-2024/app/_layout.js [3ms]
2024-11-23 23:22:15.146 [info] > git cat-file -s 409a1dfbf793f98904326faf0d833a7ddad2337c [13ms]
2024-11-23 23:22:27.726 [info] > git check-ignore -v -z --stdin [1ms]
2024-11-23 23:22:33.595 [info] > git show --textconv :components/Navigation.jsx [74ms]
2024-11-23 23:22:33.614 [info] > git ls-files --stage -- /home/ubuntu/expo-example-fall-2024/components/Navigation.jsx [51ms]
2024-11-23 23:22:33.672 [info] > git cat-file -s 0db6440aabfaee0355f96f446a7186b02d8dedf1 [3ms]
2024-11-23 23:22:42.346 [info] > git config --get commit.template [3ms]
2024-11-23 23:22:42.347 [info] > git for-each-ref --format=%(refname)%00%(upstream:short)%00%(objectname)%00%(upstream:track)%00%(upstream:remotename)%00%(upstream:remoteref) refs/heads/master refs/remotes/master [1ms]
2024-11-23 23:22:42.351 [warning] [Git][revParse] Unable to read file: ENOENT: no such file or directory, open '/home/ubuntu/expo-example-fall-2024/.git/refs/remotes/origin/master'
2024-11-23 23:22:42.351 [info] > git rev-parse refs/remotes/origin/master [1ms]
2024-11-23 23:22:42.358 [info] > git for-each-ref --sort -committerdate --format %(refname) %(objectname) %(*objectname) [0ms]
2024-11-23 23:22:42.360 [info] > git status -z -uall [6ms]
2024-11-23 23:22:53.559 [info] > git check-ignore -v -z --stdin [5ms]
2024-11-23 23:22:56.323 [info] > git show --textconv :app/RandomRecipePage.js [5ms]
2024-11-23 23:22:56.324 [info] > git ls-files --stage -- /home/ubuntu/expo-example-fall-2024/app/RandomRecipePage.js [1ms]
2024-11-23 23:22:56.866 [info] > git show --textconv :app/index.js [11ms]
2024-11-23 23:22:56.869 [info] > git ls-files --stage -- /home/ubuntu/expo-example-fall-2024/app/index.js [5ms]
2024-11-23 23:22:56.873 [info] > git cat-file -s fe92760fa6ca818ebf82f0dcb6ee3b874001778d [1ms]
2024-11-23 23:23:00.603 [info] > git show --textconv :state/recipeSlice.js [3ms]
2024-11-23 23:23:00.605 [info] > git ls-files --stage -- /home/ubuntu/expo-example-fall-2024/state/recipeSlice.js [2ms]
2024-11-23 23:23:02.014 [info] > git show --textconv :state/randomRecipeSlice.js [4ms]
2024-11-23 23:23:02.016 [info] > git ls-files --stage -- /home/ubuntu/expo-example-fall-2024/state/randomRecipeSlice.js [2ms]
2024-11-23 23:23:03.284 [info] > git show --textconv :state/store.js [4ms]
2024-11-23 23:23:03.291 [info] > git ls-files --stage -- /home/ubuntu/expo-example-fall-2024/state/store.js [7ms]
2024-11-23 23:23:03.301 [info] > git cat-file -s 53f78ae43dec5280a074082a535bf152c37f7b9c [3ms]
2024-11-23 23:23:19.823 [info] > git config --get commit.template [0ms]
2024-11-23 23:23:19.828 [info] > git for-each-ref --format=%(refname)%00%(upstream:short)%00%(objectname)%00%(upstream:track)%00%(upstream:remotename)%00%(upstream:remoteref) refs/heads/master refs/remotes/master [1ms]
2024-11-23 23:23:19.832 [warning] [Git][revParse] Unable to read file: ENOENT: no such file or directory, open '/home/ubuntu/expo-example-fall-2024/.git/refs/remotes/origin/master'
2024-11-23 23:23:19.833 [info] > git rev-parse refs/remotes/origin/master [1ms]
2024-11-23 23:23:19.842 [info] > git status -z -uall [6ms]
2024-11-23 23:23:19.843 [info] > git for-each-ref --sort -committerdate --format %(refname) %(objectname) %(*objectname) [2ms]
2024-11-23 23:24:24.576 [info] > git show --textconv :state/randomRecipeSlice.js [4ms]
2024-11-23 23:24:24.577 [info] > git ls-files --stage -- /home/ubuntu/expo-example-fall-2024/state/randomRecipeSlice.js [3ms]
2024-11-23 23:24:28.485 [info] > git config --get commit.template [1ms]
2024-11-23 23:24:28.491 [info] > git for-each-ref --format=%(refname)%00%(upstream:short)%00%(objectname)%00%(upstream:track)%00%(upstream:remotename)%00%(upstream:remoteref) refs/heads/master refs/remotes/master [2ms]
2024-11-23 23:24:28.493 [warning] [Git][revParse] Unable to read file: ENOENT: no such file or directory, open '/home/ubuntu/expo-example-fall-2024/.git/refs/remotes/origin/master'
2024-11-23 23:24:28.494 [info] > git rev-parse refs/remotes/origin/master [1ms]
2024-11-23 23:24:28.503 [info] > git status -z -uall [6ms]
2024-11-23 23:24:28.504 [info] > git for-each-ref --sort -committerdate --format %(refname) %(objectname) %(*objectname) [3ms]
2024-11-23 23:25:13.237 [info] > git config --get commit.template [3ms]
2024-11-23 23:25:13.237 [info] > git for-each-ref --format=%(refname)%00%(upstream:short)%00%(objectname)%00%(upstream:track)%00%(upstream:remotename)%00%(upstream:remoteref) refs/heads/master refs/remotes/master [2ms]
2024-11-23 23:25:13.241 [warning] [Git][revParse] Unable to read file: ENOENT: no such file or directory, open '/home/ubuntu/expo-example-fall-2024/.git/refs/remotes/origin/master'
2024-11-23 23:25:13.242 [info] > git rev-parse refs/remotes/origin/master [1ms]
2024-11-23 23:25:13.251 [info] > git status -z -uall [6ms]
2024-11-23 23:25:13.251 [info] > git for-each-ref --sort -committerdate --format %(refname) %(objectname) %(*objectname) [2ms]
2024-11-23 23:25:34.141 [info] > git config --get commit.template [0ms]
2024-11-23 23:25:34.146 [info] > git for-each-ref --format=%(refname)%00%(upstream:short)%00%(objectname)%00%(upstream:track)%00%(upstream:remotename)%00%(upstream:remoteref) refs/heads/master refs/remotes/master [2ms]
2024-11-23 23:25:34.150 [warning] [Git][revParse] Unable to read file: ENOENT: no such file or directory, open '/home/ubuntu/expo-example-fall-2024/.git/refs/remotes/origin/master'
2024-11-23 23:25:34.151 [info] > git rev-parse refs/remotes/origin/master [1ms]
2024-11-23 23:25:34.158 [info] > git status -z -uall [5ms]
2024-11-23 23:25:34.159 [info] > git for-each-ref --sort -committerdate --format %(refname) %(objectname) %(*objectname) [1ms]
2024-11-23 23:25:36.586 [info] > git show --textconv :app/AddRecipeForm.js [6ms]
2024-11-23 23:25:36.589 [info] > git ls-files --stage -- /home/ubuntu/expo-example-fall-2024/app/AddRecipeForm.js [3ms]
2024-11-23 23:26:43.065 [info] > git check-ignore -v -z --stdin [5ms]
2024-11-23 23:26:44.381 [info] > git check-ignore -v -z --stdin [1ms]
2024-11-23 23:26:49.152 [info] > git show --textconv :recipes/forms.py [41ms]
2024-11-23 23:26:49.168 [info] > git ls-files --stage -- /home/ubuntu/django-example-fall-2024/recipes/forms.py [17ms]
2024-11-23 23:26:55.674 [info] > git ls-files --stage -- /home/ubuntu/django-example-fall-2024/recipes/urls.py [4ms]
2024-11-23 23:26:55.675 [info] > git show --textconv :recipes/urls.py [7ms]
2024-11-23 23:27:04.068 [info] > git show --textconv :recipes/views.py [4ms]
2024-11-23 23:27:04.069 [info] > git ls-files --stage -- /home/ubuntu/django-example-fall-2024/recipes/views.py [2ms]
2024-11-23 23:27:31.890 [info] > git show --textconv :state/randomRecipeSlice.js [6ms]
2024-11-23 23:27:31.890 [info] > git ls-files --stage -- /home/ubuntu/expo-example-fall-2024/state/randomRecipeSlice.js [3ms]
2024-11-23 23:27:35.498 [info] > git config --get commit.template [8ms]
2024-11-23 23:27:35.504 [info] > git for-each-ref --format=%(refname)%00%(upstream:short)%00%(objectname)%00%(upstream:track)%00%(upstream:remotename)%00%(upstream:remoteref) refs/heads/master refs/remotes/master [6ms]
2024-11-23 23:27:35.508 [warning] [Git][revParse] Unable to read file: ENOENT: no such file or directory, open '/home/ubuntu/expo-example-fall-2024/.git/refs/remotes/origin/master'
2024-11-23 23:27:35.510 [info] > git rev-parse refs/remotes/origin/master [2ms]
2024-11-23 23:27:35.524 [info] > git status -z -uall [10ms]
2024-11-23 23:27:35.524 [info] > git for-each-ref --sort -committerdate --format %(refname) %(objectname) %(*objectname) [5ms]
2024-11-23 23:27:40.539 [info] > git config --get commit.template [5ms]
2024-11-23 23:27:40.541 [info] > git for-each-ref --format=%(refname)%00%(upstream:short)%00%(objectname)%00%(upstream:track)%00%(upstream:remotename)%00%(upstream:remoteref) refs/heads/master refs/remotes/master [2ms]
2024-11-23 23:27:40.544 [warning] [Git][revParse] Unable to read file: ENOENT: no such file or directory, open '/home/ubuntu/expo-example-fall-2024/.git/refs/remotes/origin/master'
2024-11-23 23:27:40.545 [info] > git rev-parse refs/remotes/origin/master [1ms]
2024-11-23 23:27:40.554 [info] > git status -z -uall [6ms]
2024-11-23 23:27:40.554 [info] > git for-each-ref --sort -committerdate --format %(refname) %(objectname) %(*objectname) [3ms]
2024-11-23 23:28:10.869 [info] > git show --textconv :app/RandomRecipePage.js [5ms]
2024-11-23 23:28:10.869 [info] > git ls-files --stage -- /home/ubuntu/expo-example-fall-2024/app/RandomRecipePage.js [1ms]
2024-11-23 23:28:16.834 [info] > git show --textconv :app/AddRecipeForm.js [6ms]
2024-11-23 23:28:16.834 [info] > git ls-files --stage -- /home/ubuntu/expo-example-fall-2024/app/AddRecipeForm.js [2ms]
2024-11-23 23:28:45.383 [info] > git show --textconv :state/randomRecipeSlice.js [6ms]
2024-11-23 23:28:45.387 [info] > git ls-files --stage -- /home/ubuntu/expo-example-fall-2024/state/randomRecipeSlice.js [5ms]
2024-11-23 23:28:56.039 [info] > git show --textconv :app/RandomRecipePage.js [3ms]
2024-11-23 23:28:56.041 [info] > git ls-files --stage -- /home/ubuntu/expo-example-fall-2024/app/RandomRecipePage.js [2ms]
2024-11-23 23:30:10.850 [info] > git show --textconv :app/AddRecipeForm.js [4ms]
2024-11-23 23:30:10.852 [info] > git ls-files --stage -- /home/ubuntu/expo-example-fall-2024/app/AddRecipeForm.js [2ms]
2024-11-23 23:30:17.976 [info] > git show --textconv :state/randomRecipeSlice.js [3ms]
2024-11-23 23:30:17.977 [info] > git ls-files --stage -- /home/ubuntu/expo-example-fall-2024/state/randomRecipeSlice.js [1ms]
2024-11-23 23:30:22.092 [info] > git show --textconv :app/RandomRecipePage.js [4ms]
2024-11-23 23:30:22.094 [info] > git ls-files --stage -- /home/ubuntu/expo-example-fall-2024/app/RandomRecipePage.js [2ms]
2024-11-23 23:30:25.902 [info] > git config --get commit.template [3ms]
2024-11-23 23:30:25.903 [info] > git for-each-ref --format=%(refname)%00%(upstream:short)%00%(objectname)%00%(upstream:track)%00%(upstream:remotename)%00%(upstream:remoteref) refs/heads/master refs/remotes/master [1ms]
2024-11-23 23:30:25.906 [warning] [Git][revParse] Unable to read file: ENOENT: no such file or directory, open '/home/ubuntu/expo-example-fall-2024/.git/refs/remotes/origin/master'
2024-11-23 23:30:25.906 [info] > git rev-parse refs/remotes/origin/master [0ms]
2024-11-23 23:30:25.915 [info] > git for-each-ref --sort -committerdate --format %(refname) %(objectname) %(*objectname) [1ms]
2024-11-23 23:30:25.916 [info] > git status -z -uall [6ms]
2024-11-23 23:31:04.376 [info] > git config --get commit.template [2ms]
2024-11-23 23:31:04.386 [info] > git for-each-ref --format=%(refname)%00%(upstream:short)%00%(objectname)%00%(upstream:track)%00%(upstream:remotename)%00%(upstream:remoteref) refs/heads/master refs/remotes/master [7ms]
2024-11-23 23:31:04.389 [warning] [Git][revParse] Unable to read file: ENOENT: no such file or directory, open '/home/ubuntu/django-example-fall-2024/.git/refs/remotes/origin/master'
2024-11-23 23:31:04.389 [info] > git rev-parse refs/remotes/origin/master [0ms]
2024-11-23 23:31:04.397 [info] > git for-each-ref --sort -committerdate --format %(refname) %(objectname) %(*objectname) [2ms]
2024-11-23 23:31:04.399 [info] > git status -z -uall [7ms]
2024-11-23 23:31:19.857 [info] > git show --textconv :state/randomRecipeSlice.js [4ms]
2024-11-23 23:31:19.862 [info] > git ls-files --stage -- /home/ubuntu/expo-example-fall-2024/state/randomRecipeSlice.js [6ms]
2024-11-23 23:31:25.895 [info] > git show --textconv :state/store.js [4ms]
2024-11-23 23:31:25.896 [info] > git ls-files --stage -- /home/ubuntu/expo-example-fall-2024/state/store.js [2ms]
2024-11-23 23:31:25.900 [info] > git cat-file -s 53f78ae43dec5280a074082a535bf152c37f7b9c [1ms]
2024-11-23 23:31:49.453 [info] > git show --textconv :state/randomRecipeSlice.js [3ms]
2024-11-23 23:31:49.456 [info] > git ls-files --stage -- /home/ubuntu/expo-example-fall-2024/state/randomRecipeSlice.js [4ms]
2024-11-23 23:32:02.994 [info] > git show --textconv :app/RandomRecipePage.js [4ms]
2024-11-23 23:32:02.996 [info] > git ls-files --stage -- /home/ubuntu/expo-example-fall-2024/app/RandomRecipePage.js [2ms]
2024-11-23 23:33:12.295 [info] > git config --get commit.template [5ms]
2024-11-23 23:33:12.295 [info] > git for-each-ref --format=%(refname)%00%(upstream:short)%00%(objectname)%00%(upstream:track)%00%(upstream:remotename)%00%(upstream:remoteref) refs/heads/master refs/remotes/master [2ms]
2024-11-23 23:33:12.298 [warning] [Git][revParse] Unable to read file: ENOENT: no such file or directory, open '/home/ubuntu/expo-example-fall-2024/.git/refs/remotes/origin/master'
2024-11-23 23:33:12.299 [info] > git rev-parse refs/remotes/origin/master [1ms]
2024-11-23 23:33:12.306 [info] > git status -z -uall [4ms]
2024-11-23 23:33:12.308 [info] > git for-each-ref --sort -committerdate --format %(refname) %(objectname) %(*objectname) [2ms]
2024-11-23 23:33:19.855 [info] > git config --get commit.template [1ms]
2024-11-23 23:33:19.859 [info] > git for-each-ref --format=%(refname)%00%(upstream:short)%00%(objectname)%00%(upstream:track)%00%(upstream:remotename)%00%(upstream:remoteref) refs/heads/master refs/remotes/master [0ms]
2024-11-23 23:33:19.863 [warning] [Git][revParse] Unable to read file: ENOENT: no such file or directory, open '/home/ubuntu/expo-example-fall-2024/.git/refs/remotes/origin/master'
2024-11-23 23:33:19.864 [info] > git rev-parse refs/remotes/origin/master [0ms]
2024-11-23 23:33:19.872 [info] > git status -z -uall [6ms]
2024-11-23 23:33:19.873 [info] > git for-each-ref --sort -committerdate --format %(refname) %(objectname) %(*objectname) [2ms]
2024-11-23 23:34:00.346 [info] > git ls-files --stage -- /home/ubuntu/expo-example-fall-2024/state/store.js [11ms]
2024-11-23 23:34:00.351 [info] > git show --textconv :state/store.js [25ms]
2024-11-23 23:34:00.354 [info] > git cat-file -s 53f78ae43dec5280a074082a535bf152c37f7b9c [3ms]
2024-11-23 23:34:36.932 [info] > git ls-files --stage -- /home/ubuntu/django-example-fall-2024/recipes/models.py [27ms]
2024-11-23 23:34:36.934 [info] > git show --textconv :recipes/models.py [35ms]
2024-11-23 23:34:38.697 [info] > git show --textconv :recipes/serializers.py [3ms]
2024-11-23 23:34:38.699 [info] > git ls-files --stage -- /home/ubuntu/django-example-fall-2024/recipes/serializers.py [2ms]
2024-11-23 23:34:41.370 [info] > git show --textconv :recipes/tests.py [5ms]
2024-11-23 23:34:41.370 [info] > git ls-files --stage -- /home/ubuntu/django-example-fall-2024/recipes/tests.py [1ms]
2024-11-23 23:34:42.386 [info] > git show --textconv :recipes/urls.py [5ms]
2024-11-23 23:34:42.387 [info] > git ls-files --stage -- /home/ubuntu/django-example-fall-2024/recipes/urls.py [1ms]
2024-11-23 23:35:15.700 [info] > git ls-files --stage -- /home/ubuntu/expo-example-fall-2024/app/RandomRecipePage.js [30ms]
2024-11-23 23:35:15.700 [info] > git show --textconv :app/RandomRecipePage.js [35ms]
2024-11-23 23:35:28.296 [info] > git show --textconv :state/randomRecipeSlice.js [4ms]
2024-11-23 23:35:28.296 [info] > git ls-files --stage -- /home/ubuntu/expo-example-fall-2024/state/randomRecipeSlice.js [1ms]
2024-11-23 23:36:47.849 [info] > git show --textconv :recipes/models.py [7ms]
2024-11-23 23:36:47.849 [info] > git ls-files --stage -- /home/ubuntu/django-example-fall-2024/recipes/models.py [1ms]
2024-11-23 23:37:44.623 [info] > git show --textconv :app/RandomRecipePage.js [4ms]
2024-11-23 23:37:44.626 [info] > git ls-files --stage -- /home/ubuntu/expo-example-fall-2024/app/RandomRecipePage.js [3ms]
2024-11-23 23:37:47.588 [info] > git show --textconv :state/randomRecipeSlice.js [4ms]
2024-11-23 23:37:47.590 [info] > git ls-files --stage -- /home/ubuntu/expo-example-fall-2024/state/randomRecipeSlice.js [3ms]
2024-11-23 23:39:36.232 [info] > git show --textconv :app/RandomRecipePage.js [4ms]
2024-11-23 23:39:36.235 [info] > git ls-files --stage -- /home/ubuntu/expo-example-fall-2024/app/RandomRecipePage.js [4ms]
2024-11-23 23:40:17.404 [info] > git show --textconv :state/randomRecipeSlice.js [3ms]
2024-11-23 23:40:17.407 [info] > git ls-files --stage -- /home/ubuntu/expo-example-fall-2024/state/randomRecipeSlice.js [3ms]
2024-11-23 23:41:04.494 [info] > git show --textconv :app/RandomRecipePage.js [6ms]
2024-11-23 23:41:04.498 [info] > git ls-files --stage -- /home/ubuntu/expo-example-fall-2024/app/RandomRecipePage.js [5ms]
2024-11-23 23:41:13.521 [info] > git show --textconv :state/randomRecipeSlice.js [3ms]
2024-11-23 23:41:13.523 [info] > git ls-files --stage -- /home/ubuntu/expo-example-fall-2024/state/randomRecipeSlice.js [2ms]
2024-11-23 23:41:51.304 [info] > git show --textconv :recipes/models.py [3ms]
2024-11-23 23:41:51.306 [info] > git ls-files --stage -- /home/ubuntu/django-example-fall-2024/recipes/models.py [2ms]
2024-11-23 23:42:03.985 [info] > git show --textconv :app/AddRecipeForm.js [5ms]
2024-11-23 23:42:03.990 [info] > git ls-files --stage -- /home/ubuntu/expo-example-fall-2024/app/AddRecipeForm.js [6ms]
2024-11-23 23:42:13.398 [info] > git ls-files --stage -- /home/ubuntu/expo-example-fall-2024/app/_layout.js [1ms]
2024-11-23 23:42:13.404 [info] > git cat-file -s 409a1dfbf793f98904326faf0d833a7ddad2337c [3ms]
2024-11-23 23:42:13.405 [info] > git show --textconv :app/_layout.js [12ms]
2024-11-23 23:42:14.353 [info] > git show --textconv :app/aboutUs.js [4ms]
2024-11-23 23:42:14.354 [info] > git ls-files --stage -- /home/ubuntu/expo-example-fall-2024/app/aboutUs.js [1ms]
2024-11-23 23:42:14.359 [info] > git cat-file -s 9dc5e634b189ce5cd95de507b10934b44b81bfb1 [3ms]
2024-11-23 23:42:15.873 [info] > git show --textconv :app/RandomRecipePage.js [4ms]
2024-11-23 23:42:15.876 [info] > git ls-files --stage -- /home/ubuntu/expo-example-fall-2024/app/RandomRecipePage.js [3ms]
2024-11-23 23:42:19.464 [info] > git show --textconv :state/recipeSlice.js [3ms]
2024-11-23 23:42:19.467 [info] > git ls-files --stage -- /home/ubuntu/expo-example-fall-2024/state/recipeSlice.js [2ms]
2024-11-23 23:42:28.187 [info] > git show --textconv :state/store.js [5ms]
2024-11-23 23:42:28.189 [info] > git ls-files --stage -- /home/ubuntu/expo-example-fall-2024/state/store.js [1ms]
2024-11-23 23:42:28.192 [info] > git cat-file -s 53f78ae43dec5280a074082a535bf152c37f7b9c [1ms]
2024-11-23 23:42:38.363 [info] > git show --textconv :recipes/urls.py [8ms]
2024-11-23 23:42:38.366 [info] > git ls-files --stage -- /home/ubuntu/django-example-fall-2024/recipes/urls.py [3ms]
2024-11-23 23:42:40.185 [info] > git show --textconv :recipes/forms.py [6ms]
2024-11-23 23:42:40.185 [info] > git ls-files --stage -- /home/ubuntu/django-example-fall-2024/recipes/forms.py [3ms]
2024-11-23 23:42:47.126 [info] > git show --textconv :recipes/models.py [5ms]
2024-11-23 23:42:47.127 [info] > git ls-files --stage -- /home/ubuntu/django-example-fall-2024/recipes/models.py [3ms]
2024-11-23 23:42:51.822 [info] > git show --textconv :recipes/apps.py [3ms]
2024-11-23 23:42:51.823 [info] > git ls-files --stage -- /home/ubuntu/django-example-fall-2024/recipes/apps.py [3ms]
2024-11-23 23:42:54.456 [info] > git show --textconv :recipes/views.py [8ms]
2024-11-23 23:42:54.459 [info] > git ls-files --stage -- /home/ubuntu/django-example-fall-2024/recipes/views.py [3ms]
2024-11-23 23:44:48.678 [info] > git show --textconv :app/RandomRecipePage.js [3ms]
2024-11-23 23:44:48.680 [info] > git ls-files --stage -- /home/ubuntu/expo-example-fall-2024/app/RandomRecipePage.js [2ms]
2024-11-23 23:45:41.841 [info] > git config --get commit.template [2ms]
2024-11-23 23:45:41.850 [info] > git for-each-ref --format=%(refname)%00%(upstream:short)%00%(objectname)%00%(upstream:track)%00%(upstream:remotename)%00%(upstream:remoteref) refs/heads/master refs/remotes/master [4ms]
2024-11-23 23:45:41.853 [warning] [Git][revParse] Unable to read file: ENOENT: no such file or directory, open '/home/ubuntu/expo-example-fall-2024/.git/refs/remotes/origin/master'
2024-11-23 23:45:41.856 [info] > git rev-parse refs/remotes/origin/master [3ms]
2024-11-23 23:45:41.864 [info] > git for-each-ref --sort -committerdate --format %(refname) %(objectname) %(*objectname) [3ms]
2024-11-23 23:45:41.870 [info] > git status -z -uall [11ms]
2024-11-23 23:46:09.090 [info] > git show --textconv :state/recipeSlice.js [5ms]
2024-11-23 23:46:09.092 [info] > git ls-files --stage -- /home/ubuntu/expo-example-fall-2024/state/recipeSlice.js [4ms]
2024-11-23 23:46:11.785 [info] > git show --textconv :state/randomRecipeSlice.js [6ms]
2024-11-23 23:46:11.785 [info] > git ls-files --stage -- /home/ubuntu/expo-example-fall-2024/state/randomRecipeSlice.js [4ms]
2024-11-23 23:46:13.682 [info] > git show --textconv :app/AddRecipeForm.js [3ms]
2024-11-23 23:46:13.684 [info] > git ls-files --stage -- /home/ubuntu/expo-example-fall-2024/app/AddRecipeForm.js [2ms]
2024-11-23 23:46:15.718 [info] > git show --textconv :app/RandomRecipePage.js [5ms]
2024-11-23 23:46:15.719 [info] > git ls-files --stage -- /home/ubuntu/expo-example-fall-2024/app/RandomRecipePage.js [2ms]
2024-11-23 23:46:18.796 [info] > git show --textconv :app/AddRecipeForm.js [4ms]
2024-11-23 23:46:18.797 [info] > git ls-files --stage -- /home/ubuntu/expo-example-fall-2024/app/AddRecipeForm.js [2ms]
2024-11-23 23:46:33.700 [info] > git show --textconv :app/RandomRecipePage.js [5ms]
2024-11-23 23:46:33.702 [info] > git ls-files --stage -- /home/ubuntu/expo-example-fall-2024/app/RandomRecipePage.js [2ms]
2024-11-23 23:46:55.068 [info] > git show --textconv :app/index.js [16ms]
2024-11-23 23:46:55.068 [info] > git ls-files --stage -- /home/ubuntu/expo-example-fall-2024/app/index.js [5ms]
2024-11-23 23:46:55.087 [info] > git cat-file -s fe92760fa6ca818ebf82f0dcb6ee3b874001778d [7ms]
2024-11-23 23:46:58.116 [info] > git show --textconv :app/AddRecipeForm.js [5ms]
2024-11-23 23:46:58.116 [info] > git ls-files --stage -- /home/ubuntu/expo-example-fall-2024/app/AddRecipeForm.js [2ms]
2024-11-23 23:47:38.463 [info] > git show --textconv :state/randomRecipeSlice.js [22ms]
2024-11-23 23:47:38.464 [info] > git ls-files --stage -- /home/ubuntu/expo-example-fall-2024/state/randomRecipeSlice.js [5ms]
