0 verbose cli /usr/bin/node /usr/bin/npm
1 info using npm@9.2.0
2 info using node@v18.19.1
3 timing npm:load:whichnode Completed in 0ms
4 timing config:load:defaults Completed in 2ms
5 timing config:load:file:/usr/share/nodejs/npm/npmrc Completed in 5ms
6 timing config:load:builtin Completed in 6ms
7 timing config:load:cli Completed in 4ms
8 timing config:load:env Completed in 1ms
9 timing config:load:file:/home/ubuntu/.cache/typescript/5.6/.npmrc Completed in 0ms
10 timing config:load:project Completed in 5ms
11 timing config:load:file:/home/ubuntu/.npmrc Completed in 0ms
12 timing config:load:user Completed in 1ms
13 timing config:load:file:/etc/npmrc Completed in 0ms
14 timing config:load:global Completed in 0ms
15 timing config:load:setEnvs Completed in 2ms
16 timing config:load Completed in 23ms
17 timing npm:load:configload Completed in 23ms
18 timing npm:load:mkdirpcache Completed in 1ms
19 timing npm:load:mkdirplogs Completed in 0ms
20 verbose title npm install @types/uuid@ts5.6
21 verbose argv "install" "--ignore-scripts" "@types/uuid@ts5.6" "--save-dev" "--user-agent" "typesInstaller/5.6.3"
22 timing npm:load:setTitle Completed in 4ms
23 timing config:load:flatten Completed in 9ms
24 timing npm:load:display Completed in 10ms
25 verbose logfile logs-max:10 dir:/home/ubuntu/.npm/_logs/2024-11-23T23_00_21_127Z-
26 verbose logfile /home/ubuntu/.npm/_logs/2024-11-23T23_00_21_127Z-debug-0.log
27 timing npm:load:logFile Completed in 12ms
28 timing npm:load:timers Completed in 0ms
29 timing npm:load:configScope Completed in 0ms
30 timing npm:load Completed in 51ms
31 timing config:load:flatten Completed in 0ms
32 timing arborist:ctor Completed in 1ms
33 silly logfile start cleaning logs, removing 1 files
34 silly logfile done cleaning log files
35 timing idealTree:init Completed in 46ms
36 timing arborist:ctor Completed in 0ms
37 http fetch GET 200 https://registry.npmjs.org/@types%2fuuid 208ms (cache miss)
38 timing idealTree:userRequests Completed in 220ms
39 silly idealTree buildDeps
40 silly fetch manifest @types/uuid@10.0.0
41 silly placeDep ROOT @types/uuid@10.0.0 OK for:  want: 10.0.0
42 timing idealTree:#root Completed in 11ms
43 timing idealTree:node_modules/@types/uuid Completed in 0ms
44 timing idealTree:buildDeps Completed in 16ms
45 timing idealTree:fixDepFlags Completed in 1ms
46 timing idealTree Completed in 286ms
47 timing reify:loadTrees Completed in 288ms
48 timing reify:diffTrees Completed in 3ms
49 silly reify moves {}
50 timing reify:retireShallow Completed in 1ms
51 timing reify:createSparse Completed in 2ms
52 timing reify:loadBundles Completed in 0ms
53 silly audit bulk request {
53 silly audit   '@types/prop-types': [ '15.7.13' ],
53 silly audit   '@types/react': [ '18.3.12' ],
53 silly audit   csstype: [ '3.1.3' ],
53 silly audit   'types-registry': [ '0.1.695' ],
53 silly audit   '@types/uuid': [ '10.0.0' ]
53 silly audit }
54 silly tarball no local data for @types/uuid@https://registry.npmjs.org/@types/uuid/-/uuid-10.0.0.tgz. Extracting by manifest.
55 http fetch POST 200 https://registry.npmjs.org/-/npm/v1/security/advisories/bulk 74ms
56 timing auditReport:getReport Completed in 80ms
57 silly audit report {}
58 timing auditReport:init Completed in 0ms
59 timing reify:audit Completed in 81ms
60 http fetch GET 200 https://registry.npmjs.org/@types/uuid/-/uuid-10.0.0.tgz 91ms (cache miss)
61 timing reifyNode:node_modules/@types/uuid Completed in 104ms
62 timing reify:unpack Completed in 104ms
63 timing reify:unretire Completed in 0ms
64 timing build:queue Completed in 2ms
65 timing build:deps Completed in 2ms
66 timing build Completed in 2ms
67 timing reify:build Completed in 2ms
68 timing reify:trash Completed in 0ms
69 timing reify:save Completed in 16ms
70 timing reify Completed in 451ms
71 silly ADD node_modules/@types/uuid
72 timing command:install Completed in 461ms
73 verbose exit 0
74 timing npm Completed in 552ms
75 info ok
