2024-11-24 02:37:19.222 [info] Reading sessions from keychain...
2024-11-24 02:37:19.222 [info] Getting sessions for all scopes...
2024-11-24 02:37:19.222 [info] Getting sessions for all scopes...
2024-11-24 02:37:19.222 [info] Got 0 sessions for ...
2024-11-24 02:37:19.222 [info] Got 0 sessions for ...
2024-11-24 02:37:19.261 [info] Getting sessions for read:user,repo,user:email,workflow...
2024-11-24 02:37:19.261 [info] Got 0 sessions for read:user,repo,user:email,workflow...
2024-11-24 02:46:46.127 [info] Getting sessions for read:user,repo,user:email,workflow...
2024-11-24 02:46:46.127 [info] Got 0 sessions for read:user,repo,user:email,workflow...
2024-11-24 02:46:48.712 [info] Logging in with 'any' account...
2024-11-24 02:46:48.712 [info] Logging in for the following scopes: read:user repo user:email workflow
2024-11-24 02:46:48.800 [info] Trying device code flow... (read:user repo user:email workflow)
2024-11-24 02:47:39.184 [info] Getting user info...
2024-11-24 02:47:39.444 [info] Got account info!
2024-11-24 02:47:39.445 [info] Storing 1 sessions...
2024-11-24 02:47:39.486 [info] Reading sessions from keychain...
2024-11-24 02:47:39.486 [info] Stored 1 sessions!
2024-11-24 02:47:39.487 [info] Login success!
2024-11-24 02:47:39.560 [info] Got stored sessions!
2024-11-24 02:47:39.562 [info] Got 1 verified sessions.
2024-11-24 02:47:39.972 [info] Getting sessions for read:user,repo,user:email,workflow...
2024-11-24 02:47:39.972 [info] Got 1 sessions for read:user,repo,user:email,workflow...
2024-11-24 02:47:40.107 [info] Getting sessions for read:user,repo,user:email,workflow...
2024-11-24 02:47:40.107 [info] Got 1 sessions for read:user,repo,user:email,workflow...
2024-11-24 03:01:38.881 [info] Getting sessions for read:user,repo,user:email,workflow...
2024-11-24 03:01:38.881 [info] Got 1 sessions for read:user,repo,user:email,workflow...
2024-11-24 03:05:10.370 [info] Getting sessions for read:user,repo,user:email,workflow...
2024-11-24 03:05:10.370 [info] Got 1 sessions for read:user,repo,user:email,workflow...
2024-11-24 03:16:45.667 [info] Getting sessions for read:user,repo,user:email,workflow...
2024-11-24 03:16:45.667 [info] Got 1 sessions for read:user,repo,user:email,workflow...
2024-11-24 03:21:00.271 [info] Getting sessions for read:user,repo,user:email,workflow...
2024-11-24 03:21:00.271 [info] Got 1 sessions for read:user,repo,user:email,workflow...
2024-11-24 03:25:23.685 [info] Getting sessions for read:user,repo,user:email,workflow...
2024-11-24 03:25:23.685 [info] Got 1 sessions for read:user,repo,user:email,workflow...
