2024-11-23 22:28:52.090 [info] [main] Log level: Info
2024-11-23 22:28:52.090 [info] [main] Validating found git in: "git"
2024-11-23 22:28:52.090 [info] [main] Using git "2.43.0" from "git"
2024-11-23 22:28:52.090 [info] [Model][doInitialScan] Initial repository scan started
2024-11-23 22:28:52.090 [info] > git rev-parse --show-toplevel [12ms]
2024-11-23 22:28:52.090 [info] fatal: not a git repository (or any of the parent directories): .git
2024-11-23 22:28:52.090 [info] > git rev-parse --show-toplevel [1ms]
2024-11-23 22:28:52.090 [info] fatal: not a git repository (or any of the parent directories): .git
2024-11-23 22:28:52.092 [info] > git rev-parse --show-toplevel [1ms]
2024-11-23 22:28:52.092 [info] fatal: not a git repository (or any of the parent directories): .git
2024-11-23 22:28:52.096 [info] > git rev-parse --show-toplevel [0ms]
2024-11-23 22:28:52.096 [info] fatal: not a git repository (or any of the parent directories): .git
2024-11-23 22:28:52.099 [info] > git rev-parse --show-toplevel [1ms]
2024-11-23 22:28:52.100 [info] fatal: not a git repository (or any of the parent directories): .git
2024-11-23 22:28:52.102 [info] > git rev-parse --show-toplevel [0ms]
2024-11-23 22:28:52.102 [info] fatal: not a git repository (or any of the parent directories): .git
2024-11-23 22:28:52.106 [info] > git rev-parse --show-toplevel [0ms]
2024-11-23 22:28:52.106 [info] fatal: not a git repository (or any of the parent directories): .git
2024-11-23 22:28:52.121 [info] > git rev-parse --show-toplevel [12ms]
2024-11-23 22:28:52.130 [info] > git rev-parse --git-dir --git-common-dir [3ms]
2024-11-23 22:28:52.141 [info] [Model][openRepository] Opened repository: /home/ubuntu/django-example-fall-2024
2024-11-23 22:28:52.150 [info] > git config --get commit.template [4ms]
2024-11-23 22:28:52.156 [info] > git rev-parse --show-toplevel [8ms]
2024-11-23 22:28:52.159 [info] > git rev-parse --git-dir --git-common-dir [1ms]
2024-11-23 22:28:52.169 [info] [Model][openRepository] Opened repository: /home/ubuntu/ec2_scripts
2024-11-23 22:28:52.179 [info] > git for-each-ref --format=%(refname)%00%(upstream:short)%00%(objectname)%00%(upstream:track)%00%(upstream:remotename)%00%(upstream:remoteref) refs/heads/master refs/remotes/master [25ms]
2024-11-23 22:28:52.183 [warning] [Git][revParse] Unable to read file: ENOENT: no such file or directory, open '/home/ubuntu/django-example-fall-2024/.git/refs/remotes/origin/master'
2024-11-23 22:28:52.183 [info] > git config --get commit.template [7ms]
2024-11-23 22:28:52.186 [info] > git rev-parse --show-toplevel [6ms]
2024-11-23 22:28:52.192 [info] > git rev-parse refs/remotes/origin/master [9ms]
2024-11-23 22:28:52.205 [info] > git for-each-ref --format=%(refname)%00%(upstream:short)%00%(objectname)%00%(upstream:track)%00%(upstream:remotename)%00%(upstream:remoteref) refs/heads/master refs/remotes/master [16ms]
2024-11-23 22:28:52.206 [info] > git rev-parse --git-dir --git-common-dir [15ms]
2024-11-23 22:28:52.215 [info] [Model][openRepository] Opened repository: /home/ubuntu/expo-example-fall-2024
2024-11-23 22:28:52.227 [info] [Model][doInitialScan] Initial repository scan completed - repositories (3), closed repositories (0), parent repositories (0), unsafe repositories (0)
2024-11-23 22:28:52.230 [warning] [Git][revParse] Unable to read file: ENOENT: no such file or directory, open '/home/ubuntu/ec2_scripts/.git/refs/remotes/origin/master'
2024-11-23 22:28:52.234 [info] > git status -z -uall [37ms]
2024-11-23 22:28:52.235 [info] > git for-each-ref --sort -committerdate --format %(refname) %(objectname) %(*objectname) [34ms]
2024-11-23 22:28:52.310 [info] > git for-each-ref --format=%(refname)%00%(upstream:short)%00%(objectname)%00%(upstream:track)%00%(upstream:remotename)%00%(upstream:remoteref) refs/heads/master refs/remotes/master [63ms]
2024-11-23 22:28:52.316 [info] > git config --get commit.template [83ms]
2024-11-23 22:28:52.317 [info] > git rev-parse refs/remotes/origin/master [87ms]
2024-11-23 22:28:52.366 [info] > git status -z -uall [45ms]
2024-11-23 22:28:52.366 [info] > git config --local branch.master.vscode-merge-base [50ms]
2024-11-23 22:28:52.370 [info] > git config --get commit.template [61ms]
2024-11-23 22:28:52.375 [info] > git for-each-ref --sort -committerdate --format %(refname) %(objectname) %(*objectname) [49ms]
2024-11-23 22:28:52.393 [info] > git for-each-ref --format=%(refname)%00%(upstream:short)%00%(objectname)%00%(upstream:track)%00%(upstream:remotename)%00%(upstream:remoteref) refs/heads/master refs/remotes/master [12ms]
2024-11-23 22:28:52.396 [info] > git for-each-ref --format=%(refname)%00%(upstream:short)%00%(objectname)%00%(upstream:track)%00%(upstream:remotename)%00%(upstream:remoteref) refs/heads/origin/master refs/remotes/origin/master [26ms]
2024-11-23 22:28:52.403 [info] > git config --local branch.master.vscode-merge-base [7ms]
2024-11-23 22:28:52.406 [info] > git config --get commit.template [16ms]
2024-11-23 22:28:52.406 [info] > git for-each-ref --format=%(refname)%00%(upstream:short)%00%(objectname)%00%(upstream:track)%00%(upstream:remotename)%00%(upstream:remoteref) refs/heads/master refs/remotes/master [20ms]
2024-11-23 22:28:52.407 [info] > git for-each-ref --format=%(refname)%00%(upstream:short)%00%(objectname)%00%(upstream:track)%00%(upstream:remotename)%00%(upstream:remoteref) refs/heads/master refs/remotes/master [33ms]
2024-11-23 22:28:52.411 [warning] [Git][revParse] Unable to read file: ENOENT: no such file or directory, open '/home/ubuntu/django-example-fall-2024/.git/refs/remotes/origin/master'
2024-11-23 22:28:52.414 [warning] [Git][revParse] Unable to read file: ENOENT: no such file or directory, open '/home/ubuntu/expo-example-fall-2024/.git/refs/remotes/origin/master'
2024-11-23 22:28:52.415 [info] > git for-each-ref --format=%(refname)%00%(upstream:short)%00%(objectname)%00%(upstream:track)%00%(upstream:remotename)%00%(upstream:remoteref) refs/heads/origin/master refs/remotes/origin/master [9ms]
2024-11-23 22:28:52.418 [info] > git merge-base refs/heads/master refs/remotes/origin/master [18ms]
2024-11-23 22:28:52.425 [info] > git merge-base refs/heads/master refs/remotes/origin/master [8ms]
2024-11-23 22:28:52.430 [info] > git rev-parse refs/remotes/origin/master [16ms]
2024-11-23 22:28:52.438 [info] > git rev-parse refs/remotes/origin/master [27ms]
2024-11-23 22:28:52.446 [info] > git status -z -uall [13ms]
2024-11-23 22:28:52.447 [info] > git status -z -uall [6ms]
2024-11-23 22:28:52.448 [info] > git for-each-ref --sort -committerdate --format %(refname) %(objectname) %(*objectname) [10ms]
2024-11-23 22:28:52.455 [info] > git diff --name-status -z --diff-filter=ADMR 49126d879cf67c4458fbdbd4b565eee2fb0f0b00...refs/remotes/origin/master [25ms]
2024-11-23 22:28:52.456 [info] > git for-each-ref --format=%(refname)%00%(upstream:short)%00%(objectname)%00%(upstream:track)%00%(upstream:remotename)%00%(upstream:remoteref) refs/heads/master refs/remotes/master [32ms]
2024-11-23 22:28:52.456 [info] > git diff --name-status -z --diff-filter=ADMR 7fc4ee2e594fcdba1a7e7076085e380abeb619f4...refs/remotes/origin/master [35ms]
2024-11-23 22:28:52.471 [warning] [Git][revParse] Unable to read file: ENOENT: no such file or directory, open '/home/ubuntu/ec2_scripts/.git/refs/remotes/origin/master'
2024-11-23 22:28:52.477 [info] > git for-each-ref --format=%(refname)%00%(upstream:short)%00%(objectname)%00%(upstream:track)%00%(upstream:remotename)%00%(upstream:remoteref) refs/heads/master refs/remotes/master [23ms]
2024-11-23 22:28:52.479 [info] > git for-each-ref --sort -committerdate --format %(refname) %(objectname) %(*objectname) [34ms]
2024-11-23 22:28:52.490 [info] > git config --local branch.master.vscode-merge-base [11ms]
2024-11-23 22:28:52.503 [info] > git rev-parse refs/remotes/origin/master [32ms]
2024-11-23 22:28:52.521 [info] > git config --get commit.template [57ms]
2024-11-23 22:28:52.526 [info] > git status -z -uall [17ms]
2024-11-23 22:28:52.530 [info] > git for-each-ref --format=%(refname)%00%(upstream:short)%00%(objectname)%00%(upstream:track)%00%(upstream:remotename)%00%(upstream:remoteref) refs/heads/origin/master refs/remotes/origin/master [24ms]
2024-11-23 22:28:52.568 [info] > git for-each-ref --sort -committerdate --format %(refname) %(objectname) %(*objectname) [43ms]
2024-11-23 22:28:52.582 [info] > git for-each-ref --format=%(refname)%00%(upstream:short)%00%(objectname)%00%(upstream:track)%00%(upstream:remotename)%00%(upstream:remoteref) refs/heads/master refs/remotes/master [29ms]
2024-11-23 22:28:52.583 [info] > git merge-base refs/heads/master refs/remotes/origin/master [45ms]
2024-11-23 22:28:52.596 [warning] [Git][revParse] Unable to read file: ENOENT: no such file or directory, open '/home/ubuntu/expo-example-fall-2024/.git/refs/remotes/origin/master'
2024-11-23 22:28:52.597 [info] > git diff --name-status -z --diff-filter=ADMR 770f00fa091c6a1d709d80cfac8c21a00c1d7230...refs/remotes/origin/master [11ms]
2024-11-23 22:28:52.598 [info] > git rev-parse refs/remotes/origin/master [2ms]
2024-11-23 22:28:52.612 [info] > git status -z -uall [9ms]
2024-11-23 22:28:52.612 [info] > git for-each-ref --sort -committerdate --format %(refname) %(objectname) %(*objectname) [7ms]
2024-11-23 22:28:52.924 [info] > git check-ignore -v -z --stdin [9ms]
2024-11-23 22:28:52.925 [info] > git check-ignore -v -z --stdin [7ms]
2024-11-23 22:28:52.926 [info] > git check-ignore -v -z --stdin [3ms]
2024-11-23 22:29:46.487 [info] > git check-ignore -v -z --stdin [5ms]
2024-11-23 22:29:53.450 [info] > git check-ignore -v -z --stdin [1ms]
2024-11-23 22:29:55.187 [info] > git check-ignore -v -z --stdin [2ms]
2024-11-23 22:31:07.609 [info] > git check-ignore -v -z --stdin [5ms]
2024-11-23 22:31:12.732 [info] > git check-ignore -v -z --stdin [1ms]
2024-11-23 22:31:13.537 [info] > git show --textconv :.env [34ms]
2024-11-23 22:31:13.557 [info] > git ls-files --stage -- /home/ubuntu/expo-example-fall-2024/.env [21ms]
2024-11-23 22:32:22.923 [info] > git check-ignore -v -z --stdin [1ms]
2024-11-23 22:32:27.344 [info] > git check-ignore -v -z --stdin [1ms]
2024-11-23 22:32:28.937 [info] > git show --textconv :components/Navigation.jsx [21ms]
2024-11-23 22:32:28.937 [info] > git ls-files --stage -- /home/ubuntu/expo-example-fall-2024/components/Navigation.jsx [10ms]
2024-11-23 22:32:28.953 [info] > git cat-file -s 0db6440aabfaee0355f96f446a7186b02d8dedf1 [5ms]
2024-11-23 22:33:15.919 [info] > git config --get commit.template [3ms]
2024-11-23 22:33:15.921 [info] > git for-each-ref --format=%(refname)%00%(upstream:short)%00%(objectname)%00%(upstream:track)%00%(upstream:remotename)%00%(upstream:remoteref) refs/heads/master refs/remotes/master [4ms]
2024-11-23 22:33:15.923 [warning] [Git][revParse] Unable to read file: ENOENT: no such file or directory, open '/home/ubuntu/expo-example-fall-2024/.git/refs/remotes/origin/master'
2024-11-23 22:33:15.925 [info] > git rev-parse refs/remotes/origin/master [2ms]
2024-11-23 22:33:15.932 [info] > git for-each-ref --sort -committerdate --format %(refname) %(objectname) %(*objectname) [1ms]
2024-11-23 22:33:15.937 [info] > git status -z -uall [9ms]
2024-11-23 22:33:19.444 [info] > git show --textconv :app/_layout.js [49ms]
2024-11-23 22:33:19.460 [info] > git ls-files --stage -- /home/ubuntu/expo-example-fall-2024/app/_layout.js [29ms]
2024-11-23 22:33:19.514 [info] > git cat-file -s 409a1dfbf793f98904326faf0d833a7ddad2337c [28ms]
2024-11-23 22:33:29.620 [info] > git ls-files --stage -- /home/ubuntu/expo-example-fall-2024/app/aboutUs.js [2ms]
2024-11-23 22:33:29.623 [info] > git show --textconv :app/aboutUs.js [9ms]
2024-11-23 22:33:29.624 [info] > git cat-file -s 9dc5e634b189ce5cd95de507b10934b44b81bfb1 [1ms]
2024-11-23 22:33:32.743 [info] > git show --textconv :app/AddRecipeForm.js [19ms]
2024-11-23 22:33:32.750 [info] > git ls-files --stage -- /home/ubuntu/expo-example-fall-2024/app/AddRecipeForm.js [8ms]
2024-11-23 22:33:33.742 [info] > git show --textconv :app/WeatherDashboard.js [5ms]
2024-11-23 22:33:33.742 [info] > git ls-files --stage -- /home/ubuntu/expo-example-fall-2024/app/WeatherDashboard.js [3ms]
2024-11-23 22:33:33.747 [info] > git cat-file -s 7bf527ec3f6100043b6c314b9fc88f18f2607d75 [0ms]
2024-11-23 22:33:34.659 [info] > git show --textconv :app/index.js [11ms]
2024-11-23 22:33:34.662 [info] > git ls-files --stage -- /home/ubuntu/expo-example-fall-2024/app/index.js [5ms]
2024-11-23 22:33:34.676 [info] > git cat-file -s fe92760fa6ca818ebf82f0dcb6ee3b874001778d [2ms]
2024-11-23 22:34:31.450 [info] > git show --textconv :components/Navigation.jsx [4ms]
2024-11-23 22:34:31.453 [info] > git ls-files --stage -- /home/ubuntu/expo-example-fall-2024/components/Navigation.jsx [4ms]
2024-11-23 22:34:31.457 [info] > git cat-file -s 0db6440aabfaee0355f96f446a7186b02d8dedf1 [2ms]
2024-11-23 22:34:53.822 [info] > git config --get commit.template [6ms]
2024-11-23 22:34:53.823 [info] > git for-each-ref --format=%(refname)%00%(upstream:short)%00%(objectname)%00%(upstream:track)%00%(upstream:remotename)%00%(upstream:remoteref) refs/heads/master refs/remotes/master [3ms]
2024-11-23 22:34:53.827 [warning] [Git][revParse] Unable to read file: ENOENT: no such file or directory, open '/home/ubuntu/expo-example-fall-2024/.git/refs/remotes/origin/master'
2024-11-23 22:34:53.829 [info] > git rev-parse refs/remotes/origin/master [2ms]
2024-11-23 22:34:53.838 [info] > git for-each-ref --sort -committerdate --format %(refname) %(objectname) %(*objectname) [2ms]
2024-11-23 22:34:53.839 [info] > git status -z -uall [7ms]
2024-11-23 22:34:58.471 [info] > git show --textconv :app/_layout.js [4ms]
2024-11-23 22:34:58.472 [info] > git ls-files --stage -- /home/ubuntu/expo-example-fall-2024/app/_layout.js [2ms]
2024-11-23 22:34:58.476 [info] > git cat-file -s 409a1dfbf793f98904326faf0d833a7ddad2337c [2ms]
2024-11-23 22:34:58.847 [info] > git config --get commit.template [3ms]
2024-11-23 22:34:58.852 [info] > git for-each-ref --format=%(refname)%00%(upstream:short)%00%(objectname)%00%(upstream:track)%00%(upstream:remotename)%00%(upstream:remoteref) refs/heads/master refs/remotes/master [2ms]
2024-11-23 22:34:58.855 [warning] [Git][revParse] Unable to read file: ENOENT: no such file or directory, open '/home/ubuntu/expo-example-fall-2024/.git/refs/remotes/origin/master'
2024-11-23 22:34:58.856 [info] > git rev-parse refs/remotes/origin/master [1ms]
2024-11-23 22:34:58.863 [info] > git for-each-ref --sort -committerdate --format %(refname) %(objectname) %(*objectname) [1ms]
2024-11-23 22:34:58.866 [info] > git status -z -uall [6ms]
2024-11-23 22:35:04.300 [info] > git show --textconv :app/AddRecipeForm.js [4ms]
2024-11-23 22:35:04.304 [info] > git ls-files --stage -- /home/ubuntu/expo-example-fall-2024/app/AddRecipeForm.js [4ms]
2024-11-23 22:35:06.571 [info] > git show --textconv :app/_layout.js [4ms]
2024-11-23 22:35:06.572 [info] > git ls-files --stage -- /home/ubuntu/expo-example-fall-2024/app/_layout.js [1ms]
2024-11-23 22:35:06.578 [info] > git cat-file -s 409a1dfbf793f98904326faf0d833a7ddad2337c [2ms]
2024-11-23 22:35:11.564 [info] > git show --textconv :app/aboutUs.js [5ms]
2024-11-23 22:35:11.565 [info] > git ls-files --stage -- /home/ubuntu/expo-example-fall-2024/app/aboutUs.js [2ms]
2024-11-23 22:35:11.569 [info] > git cat-file -s 9dc5e634b189ce5cd95de507b10934b44b81bfb1 [1ms]
2024-11-23 22:35:15.075 [info] > git show --textconv :app/_layout.js [13ms]
2024-11-23 22:35:15.084 [info] > git ls-files --stage -- /home/ubuntu/expo-example-fall-2024/app/_layout.js [9ms]
2024-11-23 22:35:15.096 [info] > git cat-file -s 409a1dfbf793f98904326faf0d833a7ddad2337c [7ms]
2024-11-23 22:35:19.047 [info] > git show --textconv :node_modules/expo-router/build/views/Navigator.d.ts [18ms]
2024-11-23 22:35:19.053 [info] > git ls-files --stage -- /home/ubuntu/expo-example-fall-2024/node_modules/expo-router/build/views/Navigator.d.ts [12ms]
2024-11-23 22:35:19.205 [info] > git check-ignore -v -z --stdin [8ms]
2024-11-23 22:35:26.710 [info] > git show --textconv :app/_layout.js [5ms]
2024-11-23 22:35:26.710 [info] > git ls-files --stage -- /home/ubuntu/expo-example-fall-2024/app/_layout.js [1ms]
2024-11-23 22:35:26.719 [info] > git cat-file -s 409a1dfbf793f98904326faf0d833a7ddad2337c [6ms]
2024-11-23 22:35:30.369 [info] > git show --textconv :node_modules/react-redux/dist/react-redux.d.ts [7ms]
2024-11-23 22:35:30.373 [info] > git ls-files --stage -- /home/ubuntu/expo-example-fall-2024/node_modules/react-redux/dist/react-redux.d.ts [4ms]
2024-11-23 22:35:30.527 [info] > git check-ignore -v -z --stdin [2ms]
2024-11-23 22:35:33.551 [info] > git show --textconv :app/_layout.js [5ms]
2024-11-23 22:35:33.551 [info] > git ls-files --stage -- /home/ubuntu/expo-example-fall-2024/app/_layout.js [1ms]
2024-11-23 22:35:33.555 [info] > git cat-file -s 409a1dfbf793f98904326faf0d833a7ddad2337c [2ms]
2024-11-23 22:35:34.627 [info] > git show --textconv :state/store.js [7ms]
2024-11-23 22:35:34.628 [info] > git ls-files --stage -- /home/ubuntu/expo-example-fall-2024/state/store.js [3ms]
2024-11-23 22:35:34.633 [info] > git cat-file -s 53f78ae43dec5280a074082a535bf152c37f7b9c [3ms]
2024-11-23 22:35:39.654 [info] > git show --textconv :app/_layout.js [5ms]
2024-11-23 22:35:39.657 [info] > git ls-files --stage -- /home/ubuntu/expo-example-fall-2024/app/_layout.js [4ms]
2024-11-23 22:35:39.667 [info] > git cat-file -s 409a1dfbf793f98904326faf0d833a7ddad2337c [7ms]
2024-11-23 22:36:31.428 [info] > git config --get commit.template [6ms]
2024-11-23 22:36:31.430 [info] > git for-each-ref --format=%(refname)%00%(upstream:short)%00%(objectname)%00%(upstream:track)%00%(upstream:remotename)%00%(upstream:remoteref) refs/heads/master refs/remotes/master [3ms]
2024-11-23 22:36:31.432 [warning] [Git][revParse] Unable to read file: ENOENT: no such file or directory, open '/home/ubuntu/expo-example-fall-2024/.git/refs/remotes/origin/master'
2024-11-23 22:36:31.434 [info] > git rev-parse refs/remotes/origin/master [2ms]
2024-11-23 22:36:31.442 [info] > git status -z -uall [6ms]
2024-11-23 22:36:31.443 [info] > git for-each-ref --sort -committerdate --format %(refname) %(objectname) %(*objectname) [2ms]
2024-11-23 22:37:04.023 [info] > git config --get commit.template [4ms]
2024-11-23 22:37:04.025 [info] > git for-each-ref --format=%(refname)%00%(upstream:short)%00%(objectname)%00%(upstream:track)%00%(upstream:remotename)%00%(upstream:remoteref) refs/heads/master refs/remotes/master [2ms]
2024-11-23 22:37:04.030 [warning] [Git][revParse] Unable to read file: ENOENT: no such file or directory, open '/home/ubuntu/expo-example-fall-2024/.git/refs/remotes/origin/master'
2024-11-23 22:37:04.030 [info] > git rev-parse refs/remotes/origin/master [0ms]
2024-11-23 22:37:04.039 [info] > git status -z -uall [6ms]
2024-11-23 22:37:04.040 [info] > git for-each-ref --sort -committerdate --format %(refname) %(objectname) %(*objectname) [4ms]
2024-11-23 22:37:09.051 [info] > git config --get commit.template [4ms]
2024-11-23 22:37:09.056 [info] > git for-each-ref --format=%(refname)%00%(upstream:short)%00%(objectname)%00%(upstream:track)%00%(upstream:remotename)%00%(upstream:remoteref) refs/heads/master refs/remotes/master [5ms]
2024-11-23 22:37:09.059 [warning] [Git][revParse] Unable to read file: ENOENT: no such file or directory, open '/home/ubuntu/expo-example-fall-2024/.git/refs/remotes/origin/master'
2024-11-23 22:37:09.061 [info] > git rev-parse refs/remotes/origin/master [2ms]
2024-11-23 22:37:09.072 [info] > git status -z -uall [7ms]
2024-11-23 22:37:09.072 [info] > git for-each-ref --sort -committerdate --format %(refname) %(objectname) %(*objectname) [4ms]
2024-11-23 22:37:16.504 [info] > git config --get commit.template [4ms]
2024-11-23 22:37:16.504 [info] > git for-each-ref --format=%(refname)%00%(upstream:short)%00%(objectname)%00%(upstream:track)%00%(upstream:remotename)%00%(upstream:remoteref) refs/heads/master refs/remotes/master [2ms]
2024-11-23 22:37:16.508 [warning] [Git][revParse] Unable to read file: ENOENT: no such file or directory, open '/home/ubuntu/expo-example-fall-2024/.git/refs/remotes/origin/master'
2024-11-23 22:37:16.509 [info] > git rev-parse refs/remotes/origin/master [1ms]
2024-11-23 22:37:16.516 [info] > git status -z -uall [4ms]
2024-11-23 22:37:16.518 [info] > git for-each-ref --sort -committerdate --format %(refname) %(objectname) %(*objectname) [3ms]
2024-11-23 22:37:21.528 [info] > git config --get commit.template [3ms]
2024-11-23 22:37:21.530 [info] > git for-each-ref --format=%(refname)%00%(upstream:short)%00%(objectname)%00%(upstream:track)%00%(upstream:remotename)%00%(upstream:remoteref) refs/heads/master refs/remotes/master [2ms]
2024-11-23 22:37:21.533 [warning] [Git][revParse] Unable to read file: ENOENT: no such file or directory, open '/home/ubuntu/expo-example-fall-2024/.git/refs/remotes/origin/master'
2024-11-23 22:37:21.533 [info] > git rev-parse refs/remotes/origin/master [0ms]
2024-11-23 22:37:21.542 [info] > git status -z -uall [5ms]
2024-11-23 22:37:21.544 [info] > git for-each-ref --sort -committerdate --format %(refname) %(objectname) %(*objectname) [2ms]
2024-11-23 22:37:41.143 [info] > git show --textconv :app/aboutUs.js [4ms]
2024-11-23 22:37:41.146 [info] > git ls-files --stage -- /home/ubuntu/expo-example-fall-2024/app/aboutUs.js [3ms]
2024-11-23 22:37:41.151 [info] > git cat-file -s 9dc5e634b189ce5cd95de507b10934b44b81bfb1 [3ms]
2024-11-23 22:37:50.232 [info] > git config --get commit.template [8ms]
2024-11-23 22:37:50.243 [info] > git for-each-ref --format=%(refname)%00%(upstream:short)%00%(objectname)%00%(upstream:track)%00%(upstream:remotename)%00%(upstream:remoteref) refs/heads/master refs/remotes/master [12ms]
2024-11-23 22:37:50.253 [warning] [Git][revParse] Unable to read file: ENOENT: no such file or directory, open '/home/ubuntu/expo-example-fall-2024/.git/refs/remotes/origin/master'
2024-11-23 22:37:50.260 [info] > git rev-parse refs/remotes/origin/master [7ms]
2024-11-23 22:37:50.277 [info] > git status -z -uall [8ms]
2024-11-23 22:37:50.280 [info] > git for-each-ref --sort -committerdate --format %(refname) %(objectname) %(*objectname) [6ms]
2024-11-23 22:37:53.233 [info] > git show --textconv :app/AddRecipeForm.js [4ms]
2024-11-23 22:37:53.236 [info] > git ls-files --stage -- /home/ubuntu/expo-example-fall-2024/app/AddRecipeForm.js [3ms]
2024-11-23 22:37:55.305 [info] > git config --get commit.template [9ms]
2024-11-23 22:37:55.306 [info] > git for-each-ref --format=%(refname)%00%(upstream:short)%00%(objectname)%00%(upstream:track)%00%(upstream:remotename)%00%(upstream:remoteref) refs/heads/master refs/remotes/master [3ms]
2024-11-23 22:37:55.309 [warning] [Git][revParse] Unable to read file: ENOENT: no such file or directory, open '/home/ubuntu/expo-example-fall-2024/.git/refs/remotes/origin/master'
2024-11-23 22:37:55.310 [info] > git rev-parse refs/remotes/origin/master [1ms]
2024-11-23 22:37:55.318 [info] > git status -z -uall [6ms]
2024-11-23 22:37:55.319 [info] > git for-each-ref --sort -committerdate --format %(refname) %(objectname) %(*objectname) [3ms]
2024-11-23 22:38:00.331 [info] > git config --get commit.template [6ms]
2024-11-23 22:38:00.332 [info] > git for-each-ref --format=%(refname)%00%(upstream:short)%00%(objectname)%00%(upstream:track)%00%(upstream:remotename)%00%(upstream:remoteref) refs/heads/master refs/remotes/master [1ms]
2024-11-23 22:38:00.335 [warning] [Git][revParse] Unable to read file: ENOENT: no such file or directory, open '/home/ubuntu/expo-example-fall-2024/.git/refs/remotes/origin/master'
2024-11-23 22:38:00.340 [info] > git rev-parse refs/remotes/origin/master [5ms]
2024-11-23 22:38:00.358 [info] > git status -z -uall [6ms]
2024-11-23 22:38:00.362 [info] > git for-each-ref --sort -committerdate --format %(refname) %(objectname) %(*objectname) [5ms]
2024-11-23 22:38:05.371 [info] > git config --get commit.template [4ms]
2024-11-23 22:38:05.373 [info] > git for-each-ref --format=%(refname)%00%(upstream:short)%00%(objectname)%00%(upstream:track)%00%(upstream:remotename)%00%(upstream:remoteref) refs/heads/master refs/remotes/master [2ms]
2024-11-23 22:38:05.375 [warning] [Git][revParse] Unable to read file: ENOENT: no such file or directory, open '/home/ubuntu/expo-example-fall-2024/.git/refs/remotes/origin/master'
2024-11-23 22:38:05.377 [info] > git rev-parse refs/remotes/origin/master [1ms]
2024-11-23 22:38:05.387 [info] > git for-each-ref --sort -committerdate --format %(refname) %(objectname) %(*objectname) [1ms]
2024-11-23 22:38:05.389 [info] > git status -z -uall [8ms]
2024-11-23 22:38:21.555 [info] > git config --get commit.template [2ms]
2024-11-23 22:38:21.559 [info] > git for-each-ref --format=%(refname)%00%(upstream:short)%00%(objectname)%00%(upstream:track)%00%(upstream:remotename)%00%(upstream:remoteref) refs/heads/master refs/remotes/master [1ms]
2024-11-23 22:38:21.562 [warning] [Git][revParse] Unable to read file: ENOENT: no such file or directory, open '/home/ubuntu/expo-example-fall-2024/.git/refs/remotes/origin/master'
2024-11-23 22:38:21.563 [info] > git rev-parse refs/remotes/origin/master [1ms]
2024-11-23 22:38:21.570 [info] > git status -z -uall [4ms]
2024-11-23 22:38:21.572 [info] > git for-each-ref --sort -committerdate --format %(refname) %(objectname) %(*objectname) [3ms]
2024-11-23 22:38:26.597 [info] > git config --get commit.template [8ms]
2024-11-23 22:38:26.602 [info] > git for-each-ref --format=%(refname)%00%(upstream:short)%00%(objectname)%00%(upstream:track)%00%(upstream:remotename)%00%(upstream:remoteref) refs/heads/master refs/remotes/master [8ms]
2024-11-23 22:38:26.607 [warning] [Git][revParse] Unable to read file: ENOENT: no such file or directory, open '/home/ubuntu/expo-example-fall-2024/.git/refs/remotes/origin/master'
2024-11-23 22:38:26.609 [info] > git rev-parse refs/remotes/origin/master [2ms]
2024-11-23 22:38:26.621 [info] > git status -z -uall [6ms]
2024-11-23 22:38:26.622 [info] > git for-each-ref --sort -committerdate --format %(refname) %(objectname) %(*objectname) [2ms]
2024-11-23 22:38:29.058 [info] > git show --textconv :app/index.js [21ms]
2024-11-23 22:38:29.059 [info] > git ls-files --stage -- /home/ubuntu/expo-example-fall-2024/app/index.js [5ms]
2024-11-23 22:38:29.084 [info] > git cat-file -s fe92760fa6ca818ebf82f0dcb6ee3b874001778d [8ms]
2024-11-23 22:38:31.634 [info] > git config --get commit.template [4ms]
2024-11-23 22:38:31.637 [info] > git for-each-ref --format=%(refname)%00%(upstream:short)%00%(objectname)%00%(upstream:track)%00%(upstream:remotename)%00%(upstream:remoteref) refs/heads/master refs/remotes/master [3ms]
2024-11-23 22:38:31.640 [warning] [Git][revParse] Unable to read file: ENOENT: no such file or directory, open '/home/ubuntu/expo-example-fall-2024/.git/refs/remotes/origin/master'
2024-11-23 22:38:31.641 [info] > git rev-parse refs/remotes/origin/master [1ms]
2024-11-23 22:38:31.650 [info] > git status -z -uall [7ms]
2024-11-23 22:38:31.652 [info] > git for-each-ref --sort -committerdate --format %(refname) %(objectname) %(*objectname) [3ms]
2024-11-23 22:38:36.663 [info] > git config --get commit.template [4ms]
2024-11-23 22:38:36.664 [info] > git for-each-ref --format=%(refname)%00%(upstream:short)%00%(objectname)%00%(upstream:track)%00%(upstream:remotename)%00%(upstream:remoteref) refs/heads/master refs/remotes/master [1ms]
2024-11-23 22:38:36.667 [warning] [Git][revParse] Unable to read file: ENOENT: no such file or directory, open '/home/ubuntu/expo-example-fall-2024/.git/refs/remotes/origin/master'
2024-11-23 22:38:36.667 [info] > git rev-parse refs/remotes/origin/master [0ms]
2024-11-23 22:38:36.675 [info] > git status -z -uall [4ms]
2024-11-23 22:38:36.677 [info] > git for-each-ref --sort -committerdate --format %(refname) %(objectname) %(*objectname) [3ms]
2024-11-23 22:38:39.902 [info] > git show --textconv :app/WeatherDashboard.js [5ms]
2024-11-23 22:38:39.903 [info] > git ls-files --stage -- /home/ubuntu/expo-example-fall-2024/app/WeatherDashboard.js [2ms]
2024-11-23 22:38:39.908 [info] > git cat-file -s 7bf527ec3f6100043b6c314b9fc88f18f2607d75 [2ms]
2024-11-23 22:38:41.687 [info] > git config --get commit.template [4ms]
2024-11-23 22:38:41.689 [info] > git for-each-ref --format=%(refname)%00%(upstream:short)%00%(objectname)%00%(upstream:track)%00%(upstream:remotename)%00%(upstream:remoteref) refs/heads/master refs/remotes/master [2ms]
2024-11-23 22:38:41.692 [warning] [Git][revParse] Unable to read file: ENOENT: no such file or directory, open '/home/ubuntu/expo-example-fall-2024/.git/refs/remotes/origin/master'
2024-11-23 22:38:41.693 [info] > git rev-parse refs/remotes/origin/master [1ms]
2024-11-23 22:38:41.700 [info] > git status -z -uall [3ms]
2024-11-23 22:38:41.701 [info] > git for-each-ref --sort -committerdate --format %(refname) %(objectname) %(*objectname) [2ms]
2024-11-23 22:38:46.713 [info] > git config --get commit.template [1ms]
2024-11-23 22:38:46.725 [info] > git for-each-ref --format=%(refname)%00%(upstream:short)%00%(objectname)%00%(upstream:track)%00%(upstream:remotename)%00%(upstream:remoteref) refs/heads/master refs/remotes/master [6ms]
2024-11-23 22:38:46.731 [warning] [Git][revParse] Unable to read file: ENOENT: no such file or directory, open '/home/ubuntu/expo-example-fall-2024/.git/refs/remotes/origin/master'
2024-11-23 22:38:46.732 [info] > git rev-parse refs/remotes/origin/master [3ms]
2024-11-23 22:38:46.748 [info] > git status -z -uall [7ms]
2024-11-23 22:38:46.753 [info] > git for-each-ref --sort -committerdate --format %(refname) %(objectname) %(*objectname) [6ms]
2024-11-23 22:39:00.316 [info] > git config --get commit.template [4ms]
2024-11-23 22:39:00.317 [info] > git for-each-ref --format=%(refname)%00%(upstream:short)%00%(objectname)%00%(upstream:track)%00%(upstream:remotename)%00%(upstream:remoteref) refs/heads/master refs/remotes/master [1ms]
2024-11-23 22:39:00.320 [warning] [Git][revParse] Unable to read file: ENOENT: no such file or directory, open '/home/ubuntu/expo-example-fall-2024/.git/refs/remotes/origin/master'
2024-11-23 22:39:00.321 [info] > git rev-parse refs/remotes/origin/master [1ms]
2024-11-23 22:39:00.328 [info] > git status -z -uall [4ms]
2024-11-23 22:39:00.330 [info] > git for-each-ref --sort -committerdate --format %(refname) %(objectname) %(*objectname) [3ms]
2024-11-23 22:39:16.435 [info] > git show --textconv :components/Navigation.jsx [3ms]
2024-11-23 22:39:16.437 [info] > git ls-files --stage -- /home/ubuntu/expo-example-fall-2024/components/Navigation.jsx [2ms]
2024-11-23 22:39:16.443 [info] > git cat-file -s 0db6440aabfaee0355f96f446a7186b02d8dedf1 [3ms]
2024-11-23 22:39:54.357 [info] > git config --get commit.template [4ms]
2024-11-23 22:39:54.359 [info] > git for-each-ref --format=%(refname)%00%(upstream:short)%00%(objectname)%00%(upstream:track)%00%(upstream:remotename)%00%(upstream:remoteref) refs/heads/master refs/remotes/master [2ms]
2024-11-23 22:39:54.362 [warning] [Git][revParse] Unable to read file: ENOENT: no such file or directory, open '/home/ubuntu/expo-example-fall-2024/.git/refs/remotes/origin/master'
2024-11-23 22:39:54.363 [info] > git rev-parse refs/remotes/origin/master [1ms]
2024-11-23 22:39:54.371 [info] > git status -z -uall [6ms]
2024-11-23 22:39:54.374 [info] > git for-each-ref --sort -committerdate --format %(refname) %(objectname) %(*objectname) [5ms]
2024-11-23 22:39:56.840 [info] > git show --textconv :app/_layout.js [4ms]
2024-11-23 22:39:56.842 [info] > git ls-files --stage -- /home/ubuntu/expo-example-fall-2024/app/_layout.js [2ms]
2024-11-23 22:39:56.847 [info] > git cat-file -s 409a1dfbf793f98904326faf0d833a7ddad2337c [2ms]
2024-11-23 22:40:17.728 [info] > git config --get commit.template [3ms]
2024-11-23 22:40:17.730 [info] > git for-each-ref --format=%(refname)%00%(upstream:short)%00%(objectname)%00%(upstream:track)%00%(upstream:remotename)%00%(upstream:remoteref) refs/heads/master refs/remotes/master [2ms]
2024-11-23 22:40:17.733 [warning] [Git][revParse] Unable to read file: ENOENT: no such file or directory, open '/home/ubuntu/expo-example-fall-2024/.git/refs/remotes/origin/master'
2024-11-23 22:40:17.735 [info] > git rev-parse refs/remotes/origin/master [2ms]
2024-11-23 22:40:17.743 [info] > git status -z -uall [5ms]
2024-11-23 22:40:17.744 [info] > git for-each-ref --sort -committerdate --format %(refname) %(objectname) %(*objectname) [3ms]
2024-11-23 22:41:17.410 [info] > git config --get commit.template [2ms]
2024-11-23 22:41:17.414 [info] > git for-each-ref --format=%(refname)%00%(upstream:short)%00%(objectname)%00%(upstream:track)%00%(upstream:remotename)%00%(upstream:remoteref) refs/heads/master refs/remotes/master [1ms]
2024-11-23 22:41:17.417 [warning] [Git][revParse] Unable to read file: ENOENT: no such file or directory, open '/home/ubuntu/expo-example-fall-2024/.git/refs/remotes/origin/master'
2024-11-23 22:41:17.417 [info] > git rev-parse refs/remotes/origin/master [0ms]
2024-11-23 22:41:17.426 [info] > git status -z -uall [6ms]
2024-11-23 22:41:17.427 [info] > git for-each-ref --sort -committerdate --format %(refname) %(objectname) %(*objectname) [3ms]
2024-11-23 22:41:19.733 [info] > git show --textconv :components/Navigation.jsx [18ms]
2024-11-23 22:41:19.738 [info] > git ls-files --stage -- /home/ubuntu/expo-example-fall-2024/components/Navigation.jsx [5ms]
2024-11-23 22:41:19.764 [info] > git cat-file -s 0db6440aabfaee0355f96f446a7186b02d8dedf1 [10ms]
2024-11-23 22:41:43.305 [info] > git config --get commit.template [3ms]
2024-11-23 22:41:43.310 [info] > git for-each-ref --format=%(refname)%00%(upstream:short)%00%(objectname)%00%(upstream:track)%00%(upstream:remotename)%00%(upstream:remoteref) refs/heads/master refs/remotes/master [2ms]
2024-11-23 22:41:43.312 [warning] [Git][revParse] Unable to read file: ENOENT: no such file or directory, open '/home/ubuntu/expo-example-fall-2024/.git/refs/remotes/origin/master'
2024-11-23 22:41:43.314 [info] > git rev-parse refs/remotes/origin/master [2ms]
2024-11-23 22:41:43.321 [info] > git status -z -uall [4ms]
2024-11-23 22:41:43.323 [info] > git for-each-ref --sort -committerdate --format %(refname) %(objectname) %(*objectname) [2ms]
2024-11-23 22:41:50.014 [info] > git config --get commit.template [3ms]
2024-11-23 22:41:50.015 [info] > git for-each-ref --format=%(refname)%00%(upstream:short)%00%(objectname)%00%(upstream:track)%00%(upstream:remotename)%00%(upstream:remoteref) refs/heads/master refs/remotes/master [2ms]
2024-11-23 22:41:50.019 [warning] [Git][revParse] Unable to read file: ENOENT: no such file or directory, open '/home/ubuntu/expo-example-fall-2024/.git/refs/remotes/origin/master'
2024-11-23 22:41:50.019 [info] > git rev-parse refs/remotes/origin/master [1ms]
2024-11-23 22:41:50.028 [info] > git status -z -uall [6ms]
2024-11-23 22:41:50.031 [info] > git for-each-ref --sort -committerdate --format %(refname) %(objectname) %(*objectname) [3ms]
2024-11-23 22:41:51.386 [info] > git show --textconv :app/_layout.js [4ms]
2024-11-23 22:41:51.388 [info] > git ls-files --stage -- /home/ubuntu/expo-example-fall-2024/app/_layout.js [3ms]
2024-11-23 22:41:51.392 [info] > git cat-file -s 409a1dfbf793f98904326faf0d833a7ddad2337c [2ms]
2024-11-23 22:41:55.873 [info] > git config --get commit.template [4ms]
2024-11-23 22:41:55.875 [info] > git for-each-ref --format=%(refname)%00%(upstream:short)%00%(objectname)%00%(upstream:track)%00%(upstream:remotename)%00%(upstream:remoteref) refs/heads/master refs/remotes/master [2ms]
2024-11-23 22:41:55.877 [warning] [Git][revParse] Unable to read file: ENOENT: no such file or directory, open '/home/ubuntu/expo-example-fall-2024/.git/refs/remotes/origin/master'
2024-11-23 22:41:55.879 [info] > git rev-parse refs/remotes/origin/master [2ms]
2024-11-23 22:41:55.886 [info] > git for-each-ref --sort -committerdate --format %(refname) %(objectname) %(*objectname) [0ms]
2024-11-23 22:41:55.887 [info] > git status -z -uall [6ms]
2024-11-23 22:41:57.100 [info] > git show --textconv :components/Navigation.jsx [5ms]
2024-11-23 22:41:57.101 [info] > git ls-files --stage -- /home/ubuntu/expo-example-fall-2024/components/Navigation.jsx [1ms]
2024-11-23 22:41:57.107 [info] > git cat-file -s 0db6440aabfaee0355f96f446a7186b02d8dedf1 [2ms]
2024-11-23 22:44:45.390 [info] > git config --get commit.template [4ms]
2024-11-23 22:44:45.393 [info] > git for-each-ref --format=%(refname)%00%(upstream:short)%00%(objectname)%00%(upstream:track)%00%(upstream:remotename)%00%(upstream:remoteref) refs/heads/master refs/remotes/master [3ms]
2024-11-23 22:44:45.396 [warning] [Git][revParse] Unable to read file: ENOENT: no such file or directory, open '/home/ubuntu/expo-example-fall-2024/.git/refs/remotes/origin/master'
2024-11-23 22:44:45.397 [info] > git rev-parse refs/remotes/origin/master [1ms]
2024-11-23 22:44:45.404 [info] > git status -z -uall [4ms]
2024-11-23 22:44:45.406 [info] > git for-each-ref --sort -committerdate --format %(refname) %(objectname) %(*objectname) [3ms]
2024-11-23 22:44:47.165 [info] > git show --textconv :app/_layout.js [4ms]
2024-11-23 22:44:47.166 [info] > git ls-files --stage -- /home/ubuntu/expo-example-fall-2024/app/_layout.js [0ms]
2024-11-23 22:44:47.170 [info] > git cat-file -s 409a1dfbf793f98904326faf0d833a7ddad2337c [2ms]
2024-11-23 22:44:50.713 [info] > git config --get commit.template [6ms]
2024-11-23 22:44:50.714 [info] > git for-each-ref --format=%(refname)%00%(upstream:short)%00%(objectname)%00%(upstream:track)%00%(upstream:remotename)%00%(upstream:remoteref) refs/heads/master refs/remotes/master [3ms]
2024-11-23 22:44:50.716 [warning] [Git][revParse] Unable to read file: ENOENT: no such file or directory, open '/home/ubuntu/expo-example-fall-2024/.git/refs/remotes/origin/master'
2024-11-23 22:44:50.717 [info] > git rev-parse refs/remotes/origin/master [1ms]
2024-11-23 22:44:50.725 [info] > git status -z -uall [4ms]
2024-11-23 22:44:50.727 [info] > git for-each-ref --sort -committerdate --format %(refname) %(objectname) %(*objectname) [3ms]
2024-11-23 22:44:57.220 [info] > git show --textconv :components/Navigation.jsx [4ms]
2024-11-23 22:44:57.220 [info] > git ls-files --stage -- /home/ubuntu/expo-example-fall-2024/components/Navigation.jsx [0ms]
2024-11-23 22:44:57.227 [info] > git cat-file -s 0db6440aabfaee0355f96f446a7186b02d8dedf1 [3ms]
2024-11-23 22:45:11.643 [info] > git config --get commit.template [1ms]
2024-11-23 22:45:11.647 [info] > git for-each-ref --format=%(refname)%00%(upstream:short)%00%(objectname)%00%(upstream:track)%00%(upstream:remotename)%00%(upstream:remoteref) refs/heads/master refs/remotes/master [0ms]
2024-11-23 22:45:11.651 [warning] [Git][revParse] Unable to read file: ENOENT: no such file or directory, open '/home/ubuntu/expo-example-fall-2024/.git/refs/remotes/origin/master'
2024-11-23 22:45:11.651 [info] > git rev-parse refs/remotes/origin/master [0ms]
2024-11-23 22:45:11.660 [info] > git status -z -uall [4ms]
2024-11-23 22:45:11.661 [info] > git for-each-ref --sort -committerdate --format %(refname) %(objectname) %(*objectname) [3ms]
2024-11-23 22:45:13.202 [info] > git show --textconv :app/_layout.js [3ms]
2024-11-23 22:45:13.204 [info] > git ls-files --stage -- /home/ubuntu/expo-example-fall-2024/app/_layout.js [2ms]
2024-11-23 22:45:13.208 [info] > git cat-file -s 409a1dfbf793f98904326faf0d833a7ddad2337c [1ms]
2024-11-23 22:45:19.050 [info] > git config --get commit.template [5ms]
2024-11-23 22:45:19.051 [info] > git for-each-ref --format=%(refname)%00%(upstream:short)%00%(objectname)%00%(upstream:track)%00%(upstream:remotename)%00%(upstream:remoteref) refs/heads/master refs/remotes/master [1ms]
2024-11-23 22:45:19.055 [warning] [Git][revParse] Unable to read file: ENOENT: no such file or directory, open '/home/ubuntu/expo-example-fall-2024/.git/refs/remotes/origin/master'
2024-11-23 22:45:19.055 [info] > git rev-parse refs/remotes/origin/master [0ms]
2024-11-23 22:45:19.063 [info] > git status -z -uall [5ms]
2024-11-23 22:45:19.064 [info] > git for-each-ref --sort -committerdate --format %(refname) %(objectname) %(*objectname) [2ms]
2024-11-23 22:45:21.649 [info] > git show --textconv :components/Navigation.jsx [4ms]
2024-11-23 22:45:21.649 [info] > git ls-files --stage -- /home/ubuntu/expo-example-fall-2024/components/Navigation.jsx [1ms]
2024-11-23 22:45:21.656 [info] > git cat-file -s 0db6440aabfaee0355f96f446a7186b02d8dedf1 [5ms]
2024-11-23 22:45:24.074 [info] > git config --get commit.template [4ms]
2024-11-23 22:45:24.076 [info] > git for-each-ref --format=%(refname)%00%(upstream:short)%00%(objectname)%00%(upstream:track)%00%(upstream:remotename)%00%(upstream:remoteref) refs/heads/master refs/remotes/master [2ms]
2024-11-23 22:45:24.079 [warning] [Git][revParse] Unable to read file: ENOENT: no such file or directory, open '/home/ubuntu/expo-example-fall-2024/.git/refs/remotes/origin/master'
2024-11-23 22:45:24.079 [info] > git rev-parse refs/remotes/origin/master [0ms]
2024-11-23 22:45:24.089 [info] > git status -z -uall [6ms]
2024-11-23 22:45:24.090 [info] > git for-each-ref --sort -committerdate --format %(refname) %(objectname) %(*objectname) [4ms]
2024-11-23 22:45:59.285 [info] > git config --get commit.template [3ms]
2024-11-23 22:45:59.290 [info] > git for-each-ref --format=%(refname)%00%(upstream:short)%00%(objectname)%00%(upstream:track)%00%(upstream:remotename)%00%(upstream:remoteref) refs/heads/master refs/remotes/master [5ms]
2024-11-23 22:45:59.294 [warning] [Git][revParse] Unable to read file: ENOENT: no such file or directory, open '/home/ubuntu/expo-example-fall-2024/.git/refs/remotes/origin/master'
2024-11-23 22:45:59.295 [info] > git rev-parse refs/remotes/origin/master [1ms]
2024-11-23 22:45:59.302 [info] > git status -z -uall [5ms]
2024-11-23 22:45:59.303 [info] > git for-each-ref --sort -committerdate --format %(refname) %(objectname) %(*objectname) [1ms]
2024-11-23 22:46:04.063 [info] > git show --textconv :app/AddRecipeForm.js [4ms]
2024-11-23 22:46:04.067 [info] > git ls-files --stage -- /home/ubuntu/expo-example-fall-2024/app/AddRecipeForm.js [4ms]
2024-11-23 22:46:54.529 [info] > git config --get commit.template [7ms]
2024-11-23 22:46:54.533 [info] > git for-each-ref --format=%(refname)%00%(upstream:short)%00%(objectname)%00%(upstream:track)%00%(upstream:remotename)%00%(upstream:remoteref) refs/heads/master refs/remotes/master [4ms]
2024-11-23 22:46:54.538 [warning] [Git][revParse] Unable to read file: ENOENT: no such file or directory, open '/home/ubuntu/expo-example-fall-2024/.git/refs/remotes/origin/master'
2024-11-23 22:46:54.540 [info] > git rev-parse refs/remotes/origin/master [3ms]
2024-11-23 22:46:54.561 [info] > git status -z -uall [12ms]
2024-11-23 22:46:54.563 [info] > git for-each-ref --sort -committerdate --format %(refname) %(objectname) %(*objectname) [6ms]
2024-11-23 22:46:59.828 [info] > git config --get commit.template [1ms]
2024-11-23 22:46:59.832 [info] > git for-each-ref --format=%(refname)%00%(upstream:short)%00%(objectname)%00%(upstream:track)%00%(upstream:remotename)%00%(upstream:remoteref) refs/heads/master refs/remotes/master [1ms]
2024-11-23 22:46:59.835 [warning] [Git][revParse] Unable to read file: ENOENT: no such file or directory, open '/home/ubuntu/expo-example-fall-2024/.git/refs/remotes/origin/master'
2024-11-23 22:46:59.835 [info] > git rev-parse refs/remotes/origin/master [0ms]
2024-11-23 22:46:59.843 [info] > git status -z -uall [5ms]
2024-11-23 22:46:59.845 [info] > git for-each-ref --sort -committerdate --format %(refname) %(objectname) %(*objectname) [2ms]
2024-11-23 22:47:42.381 [info] > git config --get commit.template [3ms]
2024-11-23 22:47:42.383 [info] > git for-each-ref --format=%(refname)%00%(upstream:short)%00%(objectname)%00%(upstream:track)%00%(upstream:remotename)%00%(upstream:remoteref) refs/heads/master refs/remotes/master [3ms]
2024-11-23 22:47:42.386 [warning] [Git][revParse] Unable to read file: ENOENT: no such file or directory, open '/home/ubuntu/expo-example-fall-2024/.git/refs/remotes/origin/master'
2024-11-23 22:47:42.387 [info] > git rev-parse refs/remotes/origin/master [1ms]
2024-11-23 22:47:42.394 [info] > git status -z -uall [5ms]
2024-11-23 22:47:42.397 [info] > git for-each-ref --sort -committerdate --format %(refname) %(objectname) %(*objectname) [4ms]
2024-11-23 22:47:54.920 [info] > git show --textconv :app/index.js [4ms]
2024-11-23 22:47:54.920 [info] > git ls-files --stage -- /home/ubuntu/expo-example-fall-2024/app/index.js [2ms]
2024-11-23 22:47:54.927 [info] > git cat-file -s fe92760fa6ca818ebf82f0dcb6ee3b874001778d [5ms]
2024-11-23 22:48:42.201 [info] > git config --get commit.template [5ms]
2024-11-23 22:48:42.203 [info] > git for-each-ref --format=%(refname)%00%(upstream:short)%00%(objectname)%00%(upstream:track)%00%(upstream:remotename)%00%(upstream:remoteref) refs/heads/master refs/remotes/master [3ms]
2024-11-23 22:48:42.206 [warning] [Git][revParse] Unable to read file: ENOENT: no such file or directory, open '/home/ubuntu/expo-example-fall-2024/.git/refs/remotes/origin/master'
2024-11-23 22:48:42.206 [info] > git rev-parse refs/remotes/origin/master [0ms]
2024-11-23 22:48:42.214 [info] > git for-each-ref --sort -committerdate --format %(refname) %(objectname) %(*objectname) [1ms]
2024-11-23 22:48:42.216 [info] > git status -z -uall [7ms]
2024-11-23 22:49:09.863 [info] > git config --get commit.template [2ms]
2024-11-23 22:49:09.867 [info] > git for-each-ref --format=%(refname)%00%(upstream:short)%00%(objectname)%00%(upstream:track)%00%(upstream:remotename)%00%(upstream:remoteref) refs/heads/master refs/remotes/master [1ms]
2024-11-23 22:49:09.871 [warning] [Git][revParse] Unable to read file: ENOENT: no such file or directory, open '/home/ubuntu/expo-example-fall-2024/.git/refs/remotes/origin/master'
2024-11-23 22:49:09.872 [info] > git rev-parse refs/remotes/origin/master [1ms]
2024-11-23 22:49:09.879 [info] > git for-each-ref --sort -committerdate --format %(refname) %(objectname) %(*objectname) [2ms]
2024-11-23 22:49:09.880 [info] > git status -z -uall [6ms]
2024-11-23 22:49:18.444 [info] > git config --get commit.template [8ms]
2024-11-23 22:49:18.446 [info] > git for-each-ref --format=%(refname)%00%(upstream:short)%00%(objectname)%00%(upstream:track)%00%(upstream:remotename)%00%(upstream:remoteref) refs/heads/master refs/remotes/master [2ms]
2024-11-23 22:49:18.454 [warning] [Git][revParse] Unable to read file: ENOENT: no such file or directory, open '/home/ubuntu/expo-example-fall-2024/.git/refs/remotes/origin/master'
2024-11-23 22:49:18.454 [info] > git rev-parse refs/remotes/origin/master [0ms]
2024-11-23 22:49:18.468 [info] > git for-each-ref --sort -committerdate --format %(refname) %(objectname) %(*objectname) [4ms]
2024-11-23 22:49:18.470 [info] > git status -z -uall [10ms]
2024-11-23 22:49:20.037 [info] > git show --textconv :app/AddRecipeForm.js [4ms]
2024-11-23 22:49:20.039 [info] > git ls-files --stage -- /home/ubuntu/expo-example-fall-2024/app/AddRecipeForm.js [3ms]
2024-11-23 22:49:23.481 [info] > git config --get commit.template [4ms]
2024-11-23 22:49:23.484 [info] > git for-each-ref --format=%(refname)%00%(upstream:short)%00%(objectname)%00%(upstream:track)%00%(upstream:remotename)%00%(upstream:remoteref) refs/heads/master refs/remotes/master [2ms]
2024-11-23 22:49:23.488 [warning] [Git][revParse] Unable to read file: ENOENT: no such file or directory, open '/home/ubuntu/expo-example-fall-2024/.git/refs/remotes/origin/master'
2024-11-23 22:49:23.488 [info] > git rev-parse refs/remotes/origin/master [0ms]
2024-11-23 22:49:23.497 [info] > git status -z -uall [5ms]
2024-11-23 22:49:23.501 [info] > git for-each-ref --sort -committerdate --format %(refname) %(objectname) %(*objectname) [4ms]
2024-11-23 22:49:31.415 [info] > git config --get commit.template [2ms]
2024-11-23 22:49:31.420 [info] > git for-each-ref --format=%(refname)%00%(upstream:short)%00%(objectname)%00%(upstream:track)%00%(upstream:remotename)%00%(upstream:remoteref) refs/heads/master refs/remotes/master [2ms]
2024-11-23 22:49:31.422 [warning] [Git][revParse] Unable to read file: ENOENT: no such file or directory, open '/home/ubuntu/expo-example-fall-2024/.git/refs/remotes/origin/master'
2024-11-23 22:49:31.423 [info] > git rev-parse refs/remotes/origin/master [1ms]
2024-11-23 22:49:31.432 [info] > git status -z -uall [5ms]
2024-11-23 22:49:31.433 [info] > git for-each-ref --sort -committerdate --format %(refname) %(objectname) %(*objectname) [2ms]
2024-11-23 23:00:17.286 [info] > git show --textconv :app/RandomRecipePage.js [14ms]
2024-11-23 23:00:17.292 [info] > git ls-files --stage -- /home/ubuntu/expo-example-fall-2024/app/RandomRecipePage.js [7ms]
2024-11-23 23:00:17.494 [info] > git check-ignore -v -z --stdin [31ms]
2024-11-23 23:00:18.052 [info] > git config --get commit.template [13ms]
2024-11-23 23:00:18.062 [info] > git for-each-ref --format=%(refname)%00%(upstream:short)%00%(objectname)%00%(upstream:track)%00%(upstream:remotename)%00%(upstream:remoteref) refs/heads/master refs/remotes/master [10ms]
2024-11-23 23:00:18.106 [warning] [Git][revParse] Unable to read file: ENOENT: no such file or directory, open '/home/ubuntu/expo-example-fall-2024/.git/refs/remotes/origin/master'
2024-11-23 23:00:18.107 [info] > git rev-parse refs/remotes/origin/master [7ms]
2024-11-23 23:00:18.159 [info] > git status -z -uall [30ms]
2024-11-23 23:00:18.163 [info] > git for-each-ref --sort -committerdate --format %(refname) %(objectname) %(*objectname) [9ms]
2024-11-23 23:00:23.180 [info] > git config --get commit.template [5ms]
2024-11-23 23:00:23.181 [info] > git for-each-ref --format=%(refname)%00%(upstream:short)%00%(objectname)%00%(upstream:track)%00%(upstream:remotename)%00%(upstream:remoteref) refs/heads/master refs/remotes/master [3ms]
2024-11-23 23:00:23.184 [warning] [Git][revParse] Unable to read file: ENOENT: no such file or directory, open '/home/ubuntu/expo-example-fall-2024/.git/refs/remotes/origin/master'
2024-11-23 23:00:23.184 [info] > git rev-parse refs/remotes/origin/master [0ms]
2024-11-23 23:00:23.194 [info] > git for-each-ref --sort -committerdate --format %(refname) %(objectname) %(*objectname) [3ms]
2024-11-23 23:00:23.197 [info] > git status -z -uall [8ms]
2024-11-23 23:00:41.714 [info] > git show --textconv :components/Navigation.jsx [4ms]
2024-11-23 23:00:41.716 [info] > git ls-files --stage -- /home/ubuntu/expo-example-fall-2024/components/Navigation.jsx [2ms]
2024-11-23 23:00:41.720 [info] > git cat-file -s 0db6440aabfaee0355f96f446a7186b02d8dedf1 [2ms]
2024-11-23 23:01:16.890 [info] > git config --get commit.template [1ms]
2024-11-23 23:01:16.895 [info] > git for-each-ref --format=%(refname)%00%(upstream:short)%00%(objectname)%00%(upstream:track)%00%(upstream:remotename)%00%(upstream:remoteref) refs/heads/master refs/remotes/master [2ms]
2024-11-23 23:01:16.899 [warning] [Git][revParse] Unable to read file: ENOENT: no such file or directory, open '/home/ubuntu/expo-example-fall-2024/.git/refs/remotes/origin/master'
2024-11-23 23:01:16.900 [info] > git rev-parse refs/remotes/origin/master [1ms]
2024-11-23 23:01:16.910 [info] > git for-each-ref --sort -committerdate --format %(refname) %(objectname) %(*objectname) [1ms]
2024-11-23 23:01:16.912 [info] > git status -z -uall [10ms]
2024-11-23 23:01:27.471 [info] > git config --get commit.template [8ms]
2024-11-23 23:01:27.484 [info] > git for-each-ref --format=%(refname)%00%(upstream:short)%00%(objectname)%00%(upstream:track)%00%(upstream:remotename)%00%(upstream:remoteref) refs/heads/master refs/remotes/master [8ms]
2024-11-23 23:01:27.489 [warning] [Git][revParse] Unable to read file: ENOENT: no such file or directory, open '/home/ubuntu/expo-example-fall-2024/.git/refs/remotes/origin/master'
2024-11-23 23:01:27.498 [info] > git rev-parse refs/remotes/origin/master [9ms]
2024-11-23 23:01:27.530 [info] > git status -z -uall [19ms]
2024-11-23 23:01:27.530 [info] > git for-each-ref --sort -committerdate --format %(refname) %(objectname) %(*objectname) [0ms]
2024-11-23 23:01:34.603 [info] > git config --get commit.template [3ms]
2024-11-23 23:01:34.605 [info] > git for-each-ref --format=%(refname)%00%(upstream:short)%00%(objectname)%00%(upstream:track)%00%(upstream:remotename)%00%(upstream:remoteref) refs/heads/master refs/remotes/master [2ms]
2024-11-23 23:01:34.608 [warning] [Git][revParse] Unable to read file: ENOENT: no such file or directory, open '/home/ubuntu/expo-example-fall-2024/.git/refs/remotes/origin/master'
2024-11-23 23:01:34.609 [info] > git rev-parse refs/remotes/origin/master [1ms]
2024-11-23 23:01:34.618 [info] > git status -z -uall [7ms]
2024-11-23 23:01:34.619 [info] > git for-each-ref --sort -committerdate --format %(refname) %(objectname) %(*objectname) [3ms]
2024-11-23 23:01:53.436 [info] > git config --get commit.template [31ms]
2024-11-23 23:01:53.449 [info] > git for-each-ref --format=%(refname)%00%(upstream:short)%00%(objectname)%00%(upstream:track)%00%(upstream:remotename)%00%(upstream:remoteref) refs/heads/master refs/remotes/master [41ms]
2024-11-23 23:01:53.452 [warning] [Git][revParse] Unable to read file: ENOENT: no such file or directory, open '/home/ubuntu/expo-example-fall-2024/.git/refs/remotes/origin/master'
2024-11-23 23:01:53.454 [info] > git rev-parse refs/remotes/origin/master [2ms]
2024-11-23 23:01:53.465 [info] > git for-each-ref --sort -committerdate --format %(refname) %(objectname) %(*objectname) [5ms]
2024-11-23 23:01:53.471 [info] > git status -z -uall [14ms]
2024-11-23 23:01:58.480 [info] > git config --get commit.template [0ms]
2024-11-23 23:01:58.485 [info] > git for-each-ref --format=%(refname)%00%(upstream:short)%00%(objectname)%00%(upstream:track)%00%(upstream:remotename)%00%(upstream:remoteref) refs/heads/master refs/remotes/master [2ms]
2024-11-23 23:01:58.487 [warning] [Git][revParse] Unable to read file: ENOENT: no such file or directory, open '/home/ubuntu/expo-example-fall-2024/.git/refs/remotes/origin/master'
2024-11-23 23:01:58.489 [info] > git rev-parse refs/remotes/origin/master [2ms]
2024-11-23 23:01:58.501 [info] > git status -z -uall [7ms]
2024-11-23 23:01:58.501 [info] > git for-each-ref --sort -committerdate --format %(refname) %(objectname) %(*objectname) [0ms]
2024-11-23 23:02:03.526 [info] > git config --get commit.template [8ms]
2024-11-23 23:02:03.527 [info] > git for-each-ref --format=%(refname)%00%(upstream:short)%00%(objectname)%00%(upstream:track)%00%(upstream:remotename)%00%(upstream:remoteref) refs/heads/master refs/remotes/master [2ms]
2024-11-23 23:02:03.537 [warning] [Git][revParse] Unable to read file: ENOENT: no such file or directory, open '/home/ubuntu/expo-example-fall-2024/.git/refs/remotes/origin/master'
2024-11-23 23:02:03.547 [info] > git rev-parse refs/remotes/origin/master [10ms]
2024-11-23 23:02:03.558 [info] > git for-each-ref --sort -committerdate --format %(refname) %(objectname) %(*objectname) [3ms]
2024-11-23 23:02:03.561 [info] > git status -z -uall [10ms]
2024-11-23 23:02:33.991 [info] > git config --get commit.template [9534ms]
2024-11-23 23:02:54.550 [info] > git for-each-ref --format=%(refname)%00%(upstream:short)%00%(objectname)%00%(upstream:track)%00%(upstream:remotename)%00%(upstream:remoteref) refs/heads/master refs/remotes/master [668ms]
2024-11-23 23:04:50.834 [warning] [Git][revParse] Unable to read file: ENOENT: no such file or directory, open '/home/ubuntu/expo-example-fall-2024/.git/refs/remotes/origin/master'
2024-11-23 23:04:51.076 [info] > git rev-parse refs/remotes/origin/master [242ms]
2024-11-23 23:04:51.156 [info] > git status -z -uall [47ms]
2024-11-23 23:04:51.161 [info] > git for-each-ref --sort -committerdate --format %(refname) %(objectname) %(*objectname) [20ms]
2024-11-23 23:04:56.175 [info] > git config --get commit.template [3ms]
2024-11-23 23:04:56.179 [info] > git for-each-ref --format=%(refname)%00%(upstream:short)%00%(objectname)%00%(upstream:track)%00%(upstream:remotename)%00%(upstream:remoteref) refs/heads/master refs/remotes/master [1ms]
2024-11-23 23:04:56.182 [warning] [Git][revParse] Unable to read file: ENOENT: no such file or directory, open '/home/ubuntu/expo-example-fall-2024/.git/refs/remotes/origin/master'
2024-11-23 23:04:56.183 [info] > git rev-parse refs/remotes/origin/master [1ms]
2024-11-23 23:04:56.191 [info] > git for-each-ref --sort -committerdate --format %(refname) %(objectname) %(*objectname) [0ms]
2024-11-23 23:04:56.192 [info] > git status -z -uall [7ms]
2024-11-23 23:05:01.790 [info] > git config --get commit.template [0ms]
2024-11-23 23:05:01.795 [info] > git for-each-ref --format=%(refname)%00%(upstream:short)%00%(objectname)%00%(upstream:track)%00%(upstream:remotename)%00%(upstream:remoteref) refs/heads/master refs/remotes/master [1ms]
2024-11-23 23:05:01.797 [warning] [Git][revParse] Unable to read file: ENOENT: no such file or directory, open '/home/ubuntu/expo-example-fall-2024/.git/refs/remotes/origin/master'
2024-11-23 23:05:01.798 [info] > git rev-parse refs/remotes/origin/master [1ms]
2024-11-23 23:05:01.806 [info] > git status -z -uall [5ms]
2024-11-23 23:05:01.807 [info] > git for-each-ref --sort -committerdate --format %(refname) %(objectname) %(*objectname) [2ms]
2024-11-23 23:05:02.234 [info] > git show --textconv :app/RandomRecipePage.js [19ms]
2024-11-23 23:05:02.241 [info] > git ls-files --stage -- /home/ubuntu/expo-example-fall-2024/app/RandomRecipePage.js [10ms]
2024-11-23 23:05:40.863 [info] > git config --get commit.template [4ms]
2024-11-23 23:05:40.866 [info] > git for-each-ref --format=%(refname)%00%(upstream:short)%00%(objectname)%00%(upstream:track)%00%(upstream:remotename)%00%(upstream:remoteref) refs/heads/master refs/remotes/master [3ms]
2024-11-23 23:05:40.869 [warning] [Git][revParse] Unable to read file: ENOENT: no such file or directory, open '/home/ubuntu/expo-example-fall-2024/.git/refs/remotes/origin/master'
2024-11-23 23:05:40.870 [info] > git rev-parse refs/remotes/origin/master [1ms]
2024-11-23 23:05:40.880 [info] > git status -z -uall [6ms]
2024-11-23 23:05:40.880 [info] > git for-each-ref --sort -committerdate --format %(refname) %(objectname) %(*objectname) [0ms]
2024-11-23 23:06:13.105 [info] > git show --textconv :components/Navigation.jsx [9ms]
2024-11-23 23:06:13.106 [info] > git ls-files --stage -- /home/ubuntu/expo-example-fall-2024/components/Navigation.jsx [7ms]
2024-11-23 23:06:13.114 [info] > git cat-file -s 0db6440aabfaee0355f96f446a7186b02d8dedf1 [2ms]
2024-11-23 23:06:33.963 [info] > git show --textconv :app/RandomRecipePage.js [2ms]
2024-11-23 23:06:33.967 [info] > git ls-files --stage -- /home/ubuntu/expo-example-fall-2024/app/RandomRecipePage.js [3ms]
2024-11-23 23:07:27.503 [info] > git show --textconv :app/AddRecipeForm.js [5ms]
2024-11-23 23:07:27.503 [info] > git ls-files --stage -- /home/ubuntu/expo-example-fall-2024/app/AddRecipeForm.js [2ms]
2024-11-23 23:07:40.115 [info] > git show --textconv :app/RandomRecipePage.js [3ms]
2024-11-23 23:07:40.118 [info] > git ls-files --stage -- /home/ubuntu/expo-example-fall-2024/app/RandomRecipePage.js [3ms]
2024-11-23 23:07:40.843 [info] > git show --textconv :app/AddRecipeForm.js [4ms]
2024-11-23 23:07:40.845 [info] > git ls-files --stage -- /home/ubuntu/expo-example-fall-2024/app/AddRecipeForm.js [2ms]
2024-11-23 23:07:49.758 [info] > git show --textconv :app/RandomRecipePage.js [7ms]
2024-11-23 23:07:49.758 [info] > git ls-files --stage -- /home/ubuntu/expo-example-fall-2024/app/RandomRecipePage.js [1ms]
