2024-11-23 23:57:04.517 [info] [main] Log level: Info
2024-11-23 23:57:04.517 [info] [main] Validating found git in: "git"
2024-11-23 23:57:04.517 [info] [main] Using git "2.43.0" from "git"
2024-11-23 23:57:04.517 [info] [Model][doInitialScan] Initial repository scan started
2024-11-23 23:57:04.517 [info] > git rev-parse --show-toplevel [11ms]
2024-11-23 23:57:04.517 [info] fatal: not a git repository (or any of the parent directories): .git
2024-11-23 23:57:04.517 [info] > git rev-parse --show-toplevel [4ms]
2024-11-23 23:57:04.517 [info] fatal: not a git repository (or any of the parent directories): .git
2024-11-23 23:57:04.517 [info] > git rev-parse --show-toplevel [3ms]
2024-11-23 23:57:04.517 [info] fatal: not a git repository (or any of the parent directories): .git
2024-11-23 23:57:04.519 [info] > git rev-parse --show-toplevel [3ms]
2024-11-23 23:57:04.519 [info] fatal: not a git repository (or any of the parent directories): .git
2024-11-23 23:57:04.523 [info] > git rev-parse --show-toplevel [1ms]
2024-11-23 23:57:04.524 [info] fatal: not a git repository (or any of the parent directories): .git
2024-11-23 23:57:04.529 [info] > git rev-parse --show-toplevel [3ms]
2024-11-23 23:57:04.529 [info] fatal: not a git repository (or any of the parent directories): .git
2024-11-23 23:57:04.534 [info] > git rev-parse --show-toplevel [2ms]
2024-11-23 23:57:04.534 [info] fatal: not a git repository (or any of the parent directories): .git
2024-11-23 23:57:04.543 [info] > git rev-parse --show-toplevel [5ms]
2024-11-23 23:57:04.548 [info] > git rev-parse --git-dir --git-common-dir [2ms]
2024-11-23 23:57:04.561 [info] [Model][openRepository] Opened repository: /home/ubuntu/django-example-fall-2024
2024-11-23 23:57:04.570 [info] > git config --get commit.template [5ms]
2024-11-23 23:57:04.575 [info] > git rev-parse --show-toplevel [7ms]
2024-11-23 23:57:04.580 [info] > git rev-parse --git-dir --git-common-dir [2ms]
2024-11-23 23:57:04.586 [info] [Model][openRepository] Opened repository: /home/ubuntu/ec2_scripts
2024-11-23 23:57:04.597 [info] > git for-each-ref --format=%(refname)%00%(upstream:short)%00%(objectname)%00%(upstream:track)%00%(upstream:remotename)%00%(upstream:remoteref) refs/heads/master refs/remotes/master [24ms]
2024-11-23 23:57:04.600 [warning] [Git][revParse] Unable to read file: ENOENT: no such file or directory, open '/home/ubuntu/django-example-fall-2024/.git/refs/remotes/origin/master'
2024-11-23 23:57:04.601 [info] > git rev-parse --show-toplevel [10ms]
2024-11-23 23:57:04.603 [info] > git config --get commit.template [13ms]
2024-11-23 23:57:04.610 [info] > git rev-parse --git-dir --git-common-dir [5ms]
2024-11-23 23:57:04.616 [info] [Model][openRepository] Opened repository: /home/ubuntu/expo-example-fall-2024
2024-11-23 23:57:04.619 [info] [Model][doInitialScan] Initial repository scan completed - repositories (3), closed repositories (0), parent repositories (0), unsafe repositories (0)
2024-11-23 23:57:04.620 [info] > git rev-parse refs/remotes/origin/master [20ms]
2024-11-23 23:57:04.638 [info] > git status -z -uall [11ms]
2024-11-23 23:57:04.639 [info] > git for-each-ref --format=%(refname)%00%(upstream:short)%00%(objectname)%00%(upstream:track)%00%(upstream:remotename)%00%(upstream:remoteref) refs/heads/master refs/remotes/master [30ms]
2024-11-23 23:57:04.642 [warning] [Git][revParse] Unable to read file: ENOENT: no such file or directory, open '/home/ubuntu/ec2_scripts/.git/refs/remotes/origin/master'
2024-11-23 23:57:04.646 [info] > git config --get commit.template [11ms]
2024-11-23 23:57:04.649 [info] > git for-each-ref --sort -committerdate --format %(refname) %(objectname) %(*objectname) [18ms]
2024-11-23 23:57:04.723 [info] > git for-each-ref --format=%(refname)%00%(upstream:short)%00%(objectname)%00%(upstream:track)%00%(upstream:remotename)%00%(upstream:remoteref) refs/heads/master refs/remotes/master [61ms]
2024-11-23 23:57:04.727 [info] > git rev-parse refs/remotes/origin/master [85ms]
2024-11-23 23:57:04.773 [info] > git status -z -uall [43ms]
2024-11-23 23:57:04.774 [info] > git config --local branch.master.vscode-merge-base [48ms]
2024-11-23 23:57:04.778 [info] > git config --get commit.template [55ms]
2024-11-23 23:57:04.779 [info] > git for-each-ref --format=%(refname)%00%(upstream:short)%00%(objectname)%00%(upstream:track)%00%(upstream:remotename)%00%(upstream:remoteref) refs/heads/master refs/remotes/master [38ms]
2024-11-23 23:57:04.780 [info] > git for-each-ref --sort -committerdate --format %(refname) %(objectname) %(*objectname) [45ms]
2024-11-23 23:57:04.793 [warning] [Git][revParse] Unable to read file: ENOENT: no such file or directory, open '/home/ubuntu/expo-example-fall-2024/.git/refs/remotes/origin/master'
2024-11-23 23:57:04.809 [info] > git for-each-ref --format=%(refname)%00%(upstream:short)%00%(objectname)%00%(upstream:track)%00%(upstream:remotename)%00%(upstream:remoteref) refs/heads/master refs/remotes/master [23ms]
2024-11-23 23:57:04.824 [info] > git for-each-ref --format=%(refname)%00%(upstream:short)%00%(objectname)%00%(upstream:track)%00%(upstream:remotename)%00%(upstream:remoteref) refs/heads/origin/master refs/remotes/origin/master [47ms]
2024-11-23 23:57:04.855 [info] > git config --local branch.master.vscode-merge-base [32ms]
2024-11-23 23:57:04.865 [info] > git config --get commit.template [67ms]
2024-11-23 23:57:04.865 [info] > git rev-parse refs/remotes/origin/master [72ms]
2024-11-23 23:57:04.891 [info] > git for-each-ref --format=%(refname)%00%(upstream:short)%00%(objectname)%00%(upstream:track)%00%(upstream:remotename)%00%(upstream:remoteref) refs/heads/master refs/remotes/master [100ms]
2024-11-23 23:57:04.946 [warning] [Git][revParse] Unable to read file: ENOENT: no such file or directory, open '/home/ubuntu/django-example-fall-2024/.git/refs/remotes/origin/master'
2024-11-23 23:57:04.959 [info] > git status -z -uall [83ms]
2024-11-23 23:57:04.960 [info] > git for-each-ref --format=%(refname)%00%(upstream:short)%00%(objectname)%00%(upstream:track)%00%(upstream:remotename)%00%(upstream:remoteref) refs/heads/origin/master refs/remotes/origin/master [96ms]
2024-11-23 23:57:04.976 [info] > git merge-base refs/heads/master refs/remotes/origin/master [133ms]
2024-11-23 23:57:05.033 [info] > git merge-base refs/heads/master refs/remotes/origin/master [58ms]
2024-11-23 23:57:05.052 [info] > git rev-parse refs/remotes/origin/master [134ms]
2024-11-23 23:57:05.090 [info] > git for-each-ref --sort -committerdate --format %(refname) %(objectname) %(*objectname) [199ms]
2024-11-23 23:57:05.144 [info] > git status -z -uall [67ms]
2024-11-23 23:57:05.151 [info] > git for-each-ref --format=%(refname)%00%(upstream:short)%00%(objectname)%00%(upstream:track)%00%(upstream:remotename)%00%(upstream:remoteref) refs/heads/master refs/remotes/master [21ms]
2024-11-23 23:57:05.157 [info] > git for-each-ref --sort -committerdate --format %(refname) %(objectname) %(*objectname) [68ms]
2024-11-23 23:57:05.199 [info] > git diff --name-status -z --diff-filter=ADMR 49126d879cf67c4458fbdbd4b565eee2fb0f0b00...refs/remotes/origin/master [147ms]
2024-11-23 23:57:05.199 [info] > git for-each-ref --format=%(refname)%00%(upstream:short)%00%(objectname)%00%(upstream:track)%00%(upstream:remotename)%00%(upstream:remoteref) refs/heads/master refs/remotes/master [175ms]
2024-11-23 23:57:05.204 [info] > git diff --name-status -z --diff-filter=ADMR 7fc4ee2e594fcdba1a7e7076085e380abeb619f4...refs/remotes/origin/master [217ms]
2024-11-23 23:57:05.242 [warning] [Git][revParse] Unable to read file: ENOENT: no such file or directory, open '/home/ubuntu/ec2_scripts/.git/refs/remotes/origin/master'
2024-11-23 23:57:05.243 [info] > git merge-base refs/heads/master refs/remotes/origin/master [54ms]
2024-11-23 23:57:05.256 [info] > git config --local branch.master.vscode-merge-base [99ms]
2024-11-23 23:57:05.330 [info] > git for-each-ref --format=%(refname)%00%(upstream:short)%00%(objectname)%00%(upstream:track)%00%(upstream:remotename)%00%(upstream:remoteref) refs/heads/origin/master refs/remotes/origin/master [56ms]
2024-11-23 23:57:05.347 [info] > git diff --name-status -z --diff-filter=ADMR 7fc4ee2e594fcdba1a7e7076085e380abeb619f4...refs/remotes/origin/master [92ms]
2024-11-23 23:57:05.354 [info] > git rev-parse refs/remotes/origin/master [112ms]
2024-11-23 23:57:05.384 [info] > git config --get commit.template [153ms]
2024-11-23 23:57:05.390 [info] > git status -z -uall [22ms]
2024-11-23 23:57:05.395 [info] > git for-each-ref --sort -committerdate --format %(refname) %(objectname) %(*objectname) [11ms]
2024-11-23 23:57:05.404 [info] > git merge-base refs/heads/master refs/remotes/origin/master [58ms]
2024-11-23 23:57:05.452 [info] > git diff --name-status -z --diff-filter=ADMR 770f00fa091c6a1d709d80cfac8c21a00c1d7230...refs/remotes/origin/master [33ms]
2024-11-23 23:57:05.458 [info] > git for-each-ref --format=%(refname)%00%(upstream:short)%00%(objectname)%00%(upstream:track)%00%(upstream:remotename)%00%(upstream:remoteref) refs/heads/master refs/remotes/master [17ms]
2024-11-23 23:57:05.462 [warning] [Git][revParse] Unable to read file: ENOENT: no such file or directory, open '/home/ubuntu/expo-example-fall-2024/.git/refs/remotes/origin/master'
2024-11-23 23:57:05.474 [info] > git rev-parse refs/remotes/origin/master [12ms]
2024-11-23 23:57:05.491 [info] > git status -z -uall [12ms]
2024-11-23 23:57:05.548 [info] > git check-ignore -v -z --stdin [36ms]
2024-11-23 23:57:05.550 [info] > git check-ignore -v -z --stdin [19ms]
2024-11-23 23:57:05.551 [info] > git check-ignore -v -z --stdin [10ms]
2024-11-23 23:57:05.551 [info] > git for-each-ref --sort -committerdate --format %(refname) %(objectname) %(*objectname) [61ms]
2024-11-23 23:57:06.368 [info] > git check-ignore -v -z --stdin [70ms]
2024-11-23 23:57:06.368 [info] > git check-ignore -v -z --stdin [54ms]
2024-11-23 23:57:06.376 [info] > git check-ignore -v -z --stdin [47ms]
2024-11-23 23:57:11.128 [info] > git check-ignore -v -z --stdin [2ms]
2024-11-23 23:57:13.931 [info] > git show --textconv :app/RandomRecipePage.js [27ms]
2024-11-23 23:57:13.942 [info] > git ls-files --stage -- /home/ubuntu/expo-example-fall-2024/app/RandomRecipePage.js [23ms]
2024-11-23 23:57:37.813 [info] > git config --get commit.template [4ms]
2024-11-23 23:57:37.819 [info] > git for-each-ref --format=%(refname)%00%(upstream:short)%00%(objectname)%00%(upstream:track)%00%(upstream:remotename)%00%(upstream:remoteref) refs/heads/master refs/remotes/master [7ms]
2024-11-23 23:57:37.821 [warning] [Git][revParse] Unable to read file: ENOENT: no such file or directory, open '/home/ubuntu/expo-example-fall-2024/.git/refs/remotes/origin/master'
2024-11-23 23:57:37.823 [info] > git rev-parse refs/remotes/origin/master [2ms]
2024-11-23 23:57:37.831 [info] > git for-each-ref --sort -committerdate --format %(refname) %(objectname) %(*objectname) [3ms]
2024-11-23 23:57:37.836 [info] > git status -z -uall [12ms]
2024-11-23 23:57:46.066 [info] > git check-ignore -v -z --stdin [5ms]
2024-11-23 23:57:47.439 [info] > git show --textconv :state/randomRecipeSlice.js [6ms]
2024-11-23 23:57:47.439 [info] > git ls-files --stage -- /home/ubuntu/expo-example-fall-2024/state/randomRecipeSlice.js [0ms]
2024-11-23 23:57:53.506 [info] > git show --textconv :app/RandomRecipePage.js [5ms]
2024-11-23 23:57:53.506 [info] > git ls-files --stage -- /home/ubuntu/expo-example-fall-2024/app/RandomRecipePage.js [1ms]
2024-11-23 23:57:54.377 [info] > git config --get commit.template [5ms]
2024-11-23 23:57:54.378 [info] > git for-each-ref --format=%(refname)%00%(upstream:short)%00%(objectname)%00%(upstream:track)%00%(upstream:remotename)%00%(upstream:remoteref) refs/heads/master refs/remotes/master [1ms]
2024-11-23 23:57:54.380 [warning] [Git][revParse] Unable to read file: ENOENT: no such file or directory, open '/home/ubuntu/expo-example-fall-2024/.git/refs/remotes/origin/master'
2024-11-23 23:57:54.382 [info] > git rev-parse refs/remotes/origin/master [2ms]
2024-11-23 23:57:54.390 [info] > git status -z -uall [6ms]
2024-11-23 23:57:54.390 [info] > git for-each-ref --sort -committerdate --format %(refname) %(objectname) %(*objectname) [1ms]
2024-11-23 23:57:55.746 [info] > git show --textconv :state/store.js [15ms]
2024-11-23 23:57:55.751 [info] > git ls-files --stage -- /home/ubuntu/expo-example-fall-2024/state/store.js [5ms]
2024-11-23 23:57:55.771 [info] > git cat-file -s 53f78ae43dec5280a074082a535bf152c37f7b9c [9ms]
2024-11-23 23:58:01.287 [info] > git config --get commit.template [2ms]
2024-11-23 23:58:01.292 [info] > git for-each-ref --format=%(refname)%00%(upstream:short)%00%(objectname)%00%(upstream:track)%00%(upstream:remotename)%00%(upstream:remoteref) refs/heads/master refs/remotes/master [2ms]
2024-11-23 23:58:01.295 [warning] [Git][revParse] Unable to read file: ENOENT: no such file or directory, open '/home/ubuntu/expo-example-fall-2024/.git/refs/remotes/origin/master'
2024-11-23 23:58:01.296 [info] > git rev-parse refs/remotes/origin/master [1ms]
2024-11-23 23:58:01.304 [info] > git status -z -uall [7ms]
2024-11-23 23:58:01.304 [info] > git for-each-ref --sort -committerdate --format %(refname) %(objectname) %(*objectname) [2ms]
2024-11-23 23:58:12.161 [info] > git config --get commit.template [2ms]
2024-11-23 23:58:12.165 [info] > git for-each-ref --format=%(refname)%00%(upstream:short)%00%(objectname)%00%(upstream:track)%00%(upstream:remotename)%00%(upstream:remoteref) refs/heads/master refs/remotes/master [3ms]
2024-11-23 23:58:12.167 [warning] [Git][revParse] Unable to read file: ENOENT: no such file or directory, open '/home/ubuntu/expo-example-fall-2024/.git/refs/remotes/origin/master'
2024-11-23 23:58:12.168 [info] > git rev-parse refs/remotes/origin/master [1ms]
2024-11-23 23:58:12.176 [info] > git status -z -uall [5ms]
2024-11-23 23:58:12.178 [info] > git for-each-ref --sort -committerdate --format %(refname) %(objectname) %(*objectname) [3ms]
2024-11-23 23:58:17.185 [info] > git config --get commit.template [0ms]
2024-11-23 23:58:17.193 [info] > git for-each-ref --format=%(refname)%00%(upstream:short)%00%(objectname)%00%(upstream:track)%00%(upstream:remotename)%00%(upstream:remoteref) refs/heads/master refs/remotes/master [2ms]
2024-11-23 23:58:17.195 [warning] [Git][revParse] Unable to read file: ENOENT: no such file or directory, open '/home/ubuntu/expo-example-fall-2024/.git/refs/remotes/origin/master'
2024-11-23 23:58:17.196 [info] > git rev-parse refs/remotes/origin/master [1ms]
2024-11-23 23:58:17.204 [info] > git status -z -uall [6ms]
2024-11-23 23:58:17.205 [info] > git for-each-ref --sort -committerdate --format %(refname) %(objectname) %(*objectname) [3ms]
2024-11-23 23:58:17.597 [info] > git show --textconv :app/RandomRecipePage.js [5ms]
2024-11-23 23:58:17.598 [info] > git ls-files --stage -- /home/ubuntu/expo-example-fall-2024/app/RandomRecipePage.js [2ms]
2024-11-23 23:58:18.285 [info] > git show --textconv :app/AddRecipeForm.js [25ms]
2024-11-23 23:58:18.290 [info] > git ls-files --stage -- /home/ubuntu/expo-example-fall-2024/app/AddRecipeForm.js [13ms]
2024-11-23 23:58:19.058 [info] > git show --textconv :app/RandomRecipePage.js [19ms]
2024-11-23 23:58:19.066 [info] > git ls-files --stage -- /home/ubuntu/expo-example-fall-2024/app/RandomRecipePage.js [10ms]
2024-11-24 00:00:17.471 [info] > git config --get commit.template [32ms]
2024-11-24 00:00:17.485 [info] > git for-each-ref --format=%(refname)%00%(upstream:short)%00%(objectname)%00%(upstream:track)%00%(upstream:remotename)%00%(upstream:remoteref) refs/heads/master refs/remotes/master [42ms]
2024-11-24 00:00:17.488 [warning] [Git][revParse] Unable to read file: ENOENT: no such file or directory, open '/home/ubuntu/expo-example-fall-2024/.git/refs/remotes/origin/master'
2024-11-24 00:00:17.490 [info] > git rev-parse refs/remotes/origin/master [2ms]
2024-11-24 00:00:17.499 [info] > git for-each-ref --sort -committerdate --format %(refname) %(objectname) %(*objectname) [2ms]
2024-11-24 00:00:17.512 [info] > git status -z -uall [19ms]
2024-11-24 00:00:30.817 [info] > git config --get commit.template [5ms]
2024-11-24 00:00:30.820 [info] > git for-each-ref --format=%(refname)%00%(upstream:short)%00%(objectname)%00%(upstream:track)%00%(upstream:remotename)%00%(upstream:remoteref) refs/heads/master refs/remotes/master [4ms]
2024-11-24 00:00:30.823 [warning] [Git][revParse] Unable to read file: ENOENT: no such file or directory, open '/home/ubuntu/expo-example-fall-2024/.git/refs/remotes/origin/master'
2024-11-24 00:00:30.824 [info] > git rev-parse refs/remotes/origin/master [1ms]
2024-11-24 00:00:30.833 [info] > git status -z -uall [7ms]
2024-11-24 00:00:30.834 [info] > git for-each-ref --sort -committerdate --format %(refname) %(objectname) %(*objectname) [3ms]
2024-11-24 00:00:52.490 [info] > git show --textconv :app/aboutUs.js [23ms]
2024-11-24 00:00:52.498 [info] > git ls-files --stage -- /home/ubuntu/expo-example-fall-2024/app/aboutUs.js [9ms]
2024-11-24 00:00:52.514 [info] > git cat-file -s 9dc5e634b189ce5cd95de507b10934b44b81bfb1 [4ms]
2024-11-24 00:03:00.737 [info] > git config --get commit.template [7ms]
2024-11-24 00:03:00.738 [info] > git for-each-ref --format=%(refname)%00%(upstream:short)%00%(objectname)%00%(upstream:track)%00%(upstream:remotename)%00%(upstream:remoteref) refs/heads/master refs/remotes/master [2ms]
2024-11-24 00:03:00.740 [warning] [Git][revParse] Unable to read file: ENOENT: no such file or directory, open '/home/ubuntu/expo-example-fall-2024/.git/refs/remotes/origin/master'
2024-11-24 00:03:00.741 [info] > git rev-parse refs/remotes/origin/master [1ms]
2024-11-24 00:03:00.750 [info] > git status -z -uall [6ms]
2024-11-24 00:03:00.750 [info] > git for-each-ref --sort -committerdate --format %(refname) %(objectname) %(*objectname) [3ms]
2024-11-24 00:03:02.606 [info] > git show --textconv :app/index.js [12ms]
2024-11-24 00:03:02.607 [info] > git ls-files --stage -- /home/ubuntu/expo-example-fall-2024/app/index.js [3ms]
2024-11-24 00:03:02.615 [info] > git cat-file -s fe92760fa6ca818ebf82f0dcb6ee3b874001778d [5ms]
2024-11-24 00:04:29.823 [info] > git config --get commit.template [4ms]
2024-11-24 00:04:29.828 [info] > git config --get commit.template [6ms]
2024-11-24 00:04:29.833 [info] > git for-each-ref --format=%(refname)%00%(upstream:short)%00%(objectname)%00%(upstream:track)%00%(upstream:remotename)%00%(upstream:remoteref) refs/heads/master refs/remotes/master [5ms]
2024-11-24 00:04:29.836 [warning] [Git][revParse] Unable to read file: ENOENT: no such file or directory, open '/home/ubuntu/expo-example-fall-2024/.git/refs/remotes/origin/master'
2024-11-24 00:04:29.837 [info] > git rev-parse refs/remotes/origin/master [1ms]
2024-11-24 00:04:29.844 [info] > git for-each-ref --format=%(refname)%00%(upstream:short)%00%(objectname)%00%(upstream:track)%00%(upstream:remotename)%00%(upstream:remoteref) refs/heads/master refs/remotes/master [13ms]
2024-11-24 00:04:29.847 [warning] [Git][revParse] Unable to read file: ENOENT: no such file or directory, open '/home/ubuntu/django-example-fall-2024/.git/refs/remotes/origin/master'
2024-11-24 00:04:29.848 [info] > git status -z -uall [9ms]
2024-11-24 00:04:29.849 [info] > git rev-parse refs/remotes/origin/master [2ms]
2024-11-24 00:04:29.855 [info] > git for-each-ref --sort -committerdate --format %(refname) %(objectname) %(*objectname) [12ms]
2024-11-24 00:04:29.862 [info] > git for-each-ref --sort -committerdate --format %(refname) %(objectname) %(*objectname) [8ms]
2024-11-24 00:04:29.866 [info] > git status -z -uall [14ms]
2024-11-24 00:04:56.383 [info] > git config --get commit.template [1ms]
2024-11-24 00:04:56.384 [info] > git config --get commit.template [6ms]
2024-11-24 00:04:56.391 [info] > git for-each-ref --format=%(refname)%00%(upstream:short)%00%(objectname)%00%(upstream:track)%00%(upstream:remotename)%00%(upstream:remoteref) refs/heads/master refs/remotes/master [6ms]
2024-11-24 00:04:56.394 [warning] [Git][revParse] Unable to read file: ENOENT: no such file or directory, open '/home/ubuntu/expo-example-fall-2024/.git/refs/remotes/origin/master'
2024-11-24 00:04:56.395 [info] > git rev-parse refs/remotes/origin/master [1ms]
2024-11-24 00:04:56.401 [info] > git for-each-ref --format=%(refname)%00%(upstream:short)%00%(objectname)%00%(upstream:track)%00%(upstream:remotename)%00%(upstream:remoteref) refs/heads/master refs/remotes/master [10ms]
2024-11-24 00:04:56.405 [warning] [Git][revParse] Unable to read file: ENOENT: no such file or directory, open '/home/ubuntu/django-example-fall-2024/.git/refs/remotes/origin/master'
2024-11-24 00:04:56.406 [info] > git status -z -uall [8ms]
2024-11-24 00:04:56.406 [info] > git for-each-ref --sort -committerdate --format %(refname) %(objectname) %(*objectname) [6ms]
2024-11-24 00:04:56.408 [info] > git rev-parse refs/remotes/origin/master [3ms]
2024-11-24 00:04:56.417 [info] > git status -z -uall [7ms]
2024-11-24 00:04:56.418 [info] > git for-each-ref --sort -committerdate --format %(refname) %(objectname) %(*objectname) [4ms]
2024-11-24 00:05:01.047 [info] > git check-ignore -v -z --stdin [1ms]
2024-11-24 00:05:02.124 [info] > git check-ignore -v -z --stdin [10ms]
2024-11-24 00:05:02.388 [info] > git show --textconv :components/Navigation.jsx [50ms]
2024-11-24 00:05:02.396 [info] > git ls-files --stage -- /home/ubuntu/expo-example-fall-2024/components/Navigation.jsx [23ms]
2024-11-24 00:05:02.446 [info] > git cat-file -s 0db6440aabfaee0355f96f446a7186b02d8dedf1 [16ms]
2024-11-24 00:05:31.333 [info] > git config --get commit.template [1ms]
2024-11-24 00:05:31.337 [info] > git for-each-ref --format=%(refname)%00%(upstream:short)%00%(objectname)%00%(upstream:track)%00%(upstream:remotename)%00%(upstream:remoteref) refs/heads/master refs/remotes/master [2ms]
2024-11-24 00:05:31.341 [warning] [Git][revParse] Unable to read file: ENOENT: no such file or directory, open '/home/ubuntu/expo-example-fall-2024/.git/refs/remotes/origin/master'
2024-11-24 00:05:31.341 [info] > git rev-parse refs/remotes/origin/master [0ms]
2024-11-24 00:05:31.348 [info] > git status -z -uall [4ms]
2024-11-24 00:05:31.351 [info] > git for-each-ref --sort -committerdate --format %(refname) %(objectname) %(*objectname) [3ms]
2024-11-24 00:05:37.146 [info] > git config --get commit.template [0ms]
2024-11-24 00:05:37.150 [info] > git for-each-ref --format=%(refname)%00%(upstream:short)%00%(objectname)%00%(upstream:track)%00%(upstream:remotename)%00%(upstream:remoteref) refs/heads/master refs/remotes/master [2ms]
2024-11-24 00:05:37.152 [warning] [Git][revParse] Unable to read file: ENOENT: no such file or directory, open '/home/ubuntu/expo-example-fall-2024/.git/refs/remotes/origin/master'
2024-11-24 00:05:37.154 [info] > git rev-parse refs/remotes/origin/master [1ms]
2024-11-24 00:05:37.163 [info] > git for-each-ref --sort -committerdate --format %(refname) %(objectname) %(*objectname) [4ms]
2024-11-24 00:05:37.164 [info] > git status -z -uall [9ms]
2024-11-24 00:05:57.301 [info] > git config --get commit.template [5ms]
2024-11-24 00:05:57.303 [info] > git for-each-ref --format=%(refname)%00%(upstream:short)%00%(objectname)%00%(upstream:track)%00%(upstream:remotename)%00%(upstream:remoteref) refs/heads/master refs/remotes/master [3ms]
2024-11-24 00:05:57.305 [warning] [Git][revParse] Unable to read file: ENOENT: no such file or directory, open '/home/ubuntu/expo-example-fall-2024/.git/refs/remotes/origin/master'
2024-11-24 00:05:57.307 [info] > git rev-parse refs/remotes/origin/master [2ms]
2024-11-24 00:05:57.315 [info] > git status -z -uall [7ms]
2024-11-24 00:05:57.316 [info] > git for-each-ref --sort -committerdate --format %(refname) %(objectname) %(*objectname) [4ms]
2024-11-24 00:06:09.739 [info] > git config --get commit.template [2ms]
2024-11-24 00:06:09.744 [info] > git for-each-ref --format=%(refname)%00%(upstream:short)%00%(objectname)%00%(upstream:track)%00%(upstream:remotename)%00%(upstream:remoteref) refs/heads/master refs/remotes/master [3ms]
2024-11-24 00:06:09.746 [warning] [Git][revParse] Unable to read file: ENOENT: no such file or directory, open '/home/ubuntu/expo-example-fall-2024/.git/refs/remotes/origin/master'
2024-11-24 00:06:09.748 [info] > git rev-parse refs/remotes/origin/master [2ms]
2024-11-24 00:06:09.755 [info] > git status -z -uall [5ms]
2024-11-24 00:06:09.757 [info] > git for-each-ref --sort -committerdate --format %(refname) %(objectname) %(*objectname) [2ms]
2024-11-24 00:06:21.058 [info] > git config --get commit.template [1ms]
2024-11-24 00:06:21.062 [info] > git for-each-ref --format=%(refname)%00%(upstream:short)%00%(objectname)%00%(upstream:track)%00%(upstream:remotename)%00%(upstream:remoteref) refs/heads/master refs/remotes/master [1ms]
2024-11-24 00:06:21.065 [warning] [Git][revParse] Unable to read file: ENOENT: no such file or directory, open '/home/ubuntu/expo-example-fall-2024/.git/refs/remotes/origin/master'
2024-11-24 00:06:21.067 [info] > git rev-parse refs/remotes/origin/master [2ms]
2024-11-24 00:06:21.074 [info] > git for-each-ref --sort -committerdate --format %(refname) %(objectname) %(*objectname) [2ms]
2024-11-24 00:06:21.075 [info] > git status -z -uall [7ms]
2024-11-24 00:06:42.033 [info] > git config --get commit.template [4ms]
2024-11-24 00:06:42.033 [info] > git for-each-ref --format=%(refname)%00%(upstream:short)%00%(objectname)%00%(upstream:track)%00%(upstream:remotename)%00%(upstream:remoteref) refs/heads/master refs/remotes/master [1ms]
2024-11-24 00:06:42.039 [warning] [Git][revParse] Unable to read file: ENOENT: no such file or directory, open '/home/ubuntu/expo-example-fall-2024/.git/refs/remotes/origin/master'
2024-11-24 00:06:42.042 [info] > git rev-parse refs/remotes/origin/master [3ms]
2024-11-24 00:06:42.054 [info] > git status -z -uall [7ms]
2024-11-24 00:06:42.058 [info] > git for-each-ref --sort -committerdate --format %(refname) %(objectname) %(*objectname) [7ms]
2024-11-24 00:07:35.149 [info] > git config --get commit.template [1ms]
2024-11-24 00:07:35.153 [info] > git for-each-ref --format=%(refname)%00%(upstream:short)%00%(objectname)%00%(upstream:track)%00%(upstream:remotename)%00%(upstream:remoteref) refs/heads/master refs/remotes/master [1ms]
2024-11-24 00:07:35.155 [warning] [Git][revParse] Unable to read file: ENOENT: no such file or directory, open '/home/ubuntu/django-example-fall-2024/.git/refs/remotes/origin/master'
2024-11-24 00:07:35.156 [info] > git rev-parse refs/remotes/origin/master [1ms]
2024-11-24 00:07:35.165 [info] > git status -z -uall [7ms]
2024-11-24 00:07:35.166 [info] > git for-each-ref --sort -committerdate --format %(refname) %(objectname) %(*objectname) [2ms]
