2024-11-23 00:28:56.802 [info] [main] Log level: Info
2024-11-23 00:28:56.802 [info] [main] Validating found git in: "git"
2024-11-23 00:28:56.802 [info] [main] Using git "2.43.0" from "git"
2024-11-23 00:28:56.802 [info] [Model][doInitialScan] Initial repository scan started
2024-11-23 00:28:56.802 [info] > git rev-parse --show-toplevel [17ms]
2024-11-23 00:28:56.802 [info] fatal: not a git repository (or any of the parent directories): .git
2024-11-23 00:28:56.805 [info] > git rev-parse --show-toplevel [3ms]
2024-11-23 00:28:56.805 [info] fatal: not a git repository (or any of the parent directories): .git
2024-11-23 00:28:56.811 [info] > git rev-parse --show-toplevel [3ms]
2024-11-23 00:28:56.811 [info] fatal: not a git repository (or any of the parent directories): .git
2024-11-23 00:28:56.815 [info] > git rev-parse --show-toplevel [2ms]
2024-11-23 00:28:56.815 [info] fatal: not a git repository (or any of the parent directories): .git
2024-11-23 00:28:56.819 [info] > git rev-parse --show-toplevel [1ms]
2024-11-23 00:28:56.819 [info] fatal: not a git repository (or any of the parent directories): .git
2024-11-23 00:28:56.822 [info] > git rev-parse --show-toplevel [0ms]
2024-11-23 00:28:56.822 [info] fatal: not a git repository (or any of the parent directories): .git
2024-11-23 00:28:56.825 [info] > git rev-parse --show-toplevel [0ms]
2024-11-23 00:28:56.825 [info] fatal: not a git repository (or any of the parent directories): .git
2024-11-23 00:28:56.848 [info] > git rev-parse --show-toplevel [19ms]
2024-11-23 00:28:56.854 [info] > git rev-parse --git-dir --git-common-dir [2ms]
2024-11-23 00:28:56.867 [info] [Model][openRepository] Opened repository: /home/ubuntu/django-example-fall-2024
2024-11-23 00:28:56.889 [info] > git rev-parse --show-toplevel [9ms]
2024-11-23 00:28:56.892 [info] > git config --get commit.template [18ms]
2024-11-23 00:28:56.934 [info] > git rev-parse --git-dir --git-common-dir [24ms]
2024-11-23 00:28:56.944 [info] [Model][openRepository] Opened repository: /home/ubuntu/ec2_scripts
2024-11-23 00:28:56.977 [info] > git for-each-ref --format=%(refname)%00%(upstream:short)%00%(objectname)%00%(upstream:track)%00%(upstream:remotename)%00%(upstream:remoteref) refs/heads/master refs/remotes/master [50ms]
2024-11-23 00:28:56.981 [warning] [Git][revParse] Unable to read file: ENOENT: no such file or directory, open '/home/ubuntu/django-example-fall-2024/.git/refs/remotes/origin/master'
2024-11-23 00:28:56.982 [info] > git config --get commit.template [11ms]
2024-11-23 00:28:56.989 [info] > git rev-parse --show-toplevel [14ms]
2024-11-23 00:28:56.993 [info] > git rev-parse refs/remotes/origin/master [12ms]
2024-11-23 00:28:57.004 [info] > git rev-parse --git-dir --git-common-dir [11ms]
2024-11-23 00:28:57.010 [info] [Model][openRepository] Opened repository: /home/ubuntu/expo-example-fall-2024
2024-11-23 00:28:57.016 [info] [Model][doInitialScan] Initial repository scan completed - repositories (3), closed repositories (0), parent repositories (0), unsafe repositories (0)
2024-11-23 00:28:57.016 [info] > git for-each-ref --format=%(refname)%00%(upstream:short)%00%(objectname)%00%(upstream:track)%00%(upstream:remotename)%00%(upstream:remoteref) refs/heads/master refs/remotes/master [29ms]
2024-11-23 00:28:57.061 [warning] [Git][revParse] Unable to read file: ENOENT: no such file or directory, open '/home/ubuntu/ec2_scripts/.git/refs/remotes/origin/master'
2024-11-23 00:28:57.062 [info] > git status -z -uall [64ms]
2024-11-23 00:28:57.065 [info] > git for-each-ref --sort -committerdate --format %(refname) %(objectname) %(*objectname) [61ms]
2024-11-23 00:28:57.069 [info] > git rev-parse refs/remotes/origin/master [8ms]
2024-11-23 00:28:57.080 [info] > git config --get commit.template [24ms]
2024-11-23 00:28:57.100 [info] > git status -z -uall [27ms]
2024-11-23 00:28:57.100 [info] > git for-each-ref --format=%(refname)%00%(upstream:short)%00%(objectname)%00%(upstream:track)%00%(upstream:remotename)%00%(upstream:remoteref) refs/heads/master refs/remotes/master [9ms]
2024-11-23 00:28:57.103 [info] > git for-each-ref --sort -committerdate --format %(refname) %(objectname) %(*objectname) [24ms]
2024-11-23 00:28:57.124 [info] > git config --local branch.master.vscode-merge-base [20ms]
2024-11-23 00:28:57.128 [info] > git config --get commit.template [29ms]
2024-11-23 00:28:57.131 [info] > git config --get commit.template [9ms]
2024-11-23 00:28:57.131 [info] > git for-each-ref --format=%(refname)%00%(upstream:short)%00%(objectname)%00%(upstream:track)%00%(upstream:remotename)%00%(upstream:remoteref) refs/heads/master refs/remotes/master [12ms]
2024-11-23 00:28:57.132 [info] > git for-each-ref --format=%(refname)%00%(upstream:short)%00%(objectname)%00%(upstream:track)%00%(upstream:remotename)%00%(upstream:remoteref) refs/heads/master refs/remotes/master [20ms]
2024-11-23 00:28:57.141 [warning] [Git][revParse] Unable to read file: ENOENT: no such file or directory, open '/home/ubuntu/expo-example-fall-2024/.git/refs/remotes/origin/master'
2024-11-23 00:28:57.143 [info] > git for-each-ref --format=%(refname)%00%(upstream:short)%00%(objectname)%00%(upstream:track)%00%(upstream:remotename)%00%(upstream:remoteref) refs/heads/origin/master refs/remotes/origin/master [17ms]
2024-11-23 00:28:57.187 [info] > git merge-base refs/heads/master refs/remotes/origin/master [39ms]
2024-11-23 00:28:57.193 [info] > git rev-parse refs/remotes/origin/master [52ms]
2024-11-23 00:28:57.203 [info] > git for-each-ref --format=%(refname)%00%(upstream:short)%00%(objectname)%00%(upstream:track)%00%(upstream:remotename)%00%(upstream:remoteref) refs/heads/master refs/remotes/master [66ms]
2024-11-23 00:28:57.204 [info] > git config --local branch.master.vscode-merge-base [69ms]
2024-11-23 00:28:57.218 [warning] [Git][revParse] Unable to read file: ENOENT: no such file or directory, open '/home/ubuntu/django-example-fall-2024/.git/refs/remotes/origin/master'
2024-11-23 00:28:57.220 [info] > git status -z -uall [22ms]
2024-11-23 00:28:57.220 [info] > git for-each-ref --format=%(refname)%00%(upstream:short)%00%(objectname)%00%(upstream:track)%00%(upstream:remotename)%00%(upstream:remoteref) refs/heads/origin/master refs/remotes/origin/master [10ms]
2024-11-23 00:28:57.223 [info] > git for-each-ref --sort -committerdate --format %(refname) %(objectname) %(*objectname) [20ms]
2024-11-23 00:28:57.236 [info] > git diff --name-status -z --diff-filter=ADMR 7fc4ee2e594fcdba1a7e7076085e380abeb619f4...refs/remotes/origin/master [43ms]
2024-11-23 00:28:57.237 [info] > git for-each-ref --format=%(refname)%00%(upstream:short)%00%(objectname)%00%(upstream:track)%00%(upstream:remotename)%00%(upstream:remoteref) refs/heads/master refs/remotes/master [53ms]
2024-11-23 00:28:57.244 [warning] [Git][revParse] Unable to read file: ENOENT: no such file or directory, open '/home/ubuntu/ec2_scripts/.git/refs/remotes/origin/master'
2024-11-23 00:28:57.249 [info] > git for-each-ref --format=%(refname)%00%(upstream:short)%00%(objectname)%00%(upstream:track)%00%(upstream:remotename)%00%(upstream:remoteref) refs/heads/master refs/remotes/master [16ms]
2024-11-23 00:28:57.252 [info] > git merge-base refs/heads/master refs/remotes/origin/master [29ms]
2024-11-23 00:28:57.256 [info] > git rev-parse refs/remotes/origin/master [39ms]
2024-11-23 00:28:57.266 [info] > git status -z -uall [6ms]
2024-11-23 00:28:57.266 [info] > git diff --name-status -z --diff-filter=ADMR 49126d879cf67c4458fbdbd4b565eee2fb0f0b00...refs/remotes/origin/master [10ms]
2024-11-23 00:28:57.266 [info] > git config --local branch.master.vscode-merge-base [14ms]
2024-11-23 00:28:57.269 [info] > git rev-parse refs/remotes/origin/master [25ms]
2024-11-23 00:28:57.277 [info] > git config --get commit.template [35ms]
2024-11-23 00:28:57.280 [info] > git status -z -uall [8ms]
2024-11-23 00:28:57.280 [info] > git for-each-ref --sort -committerdate --format %(refname) %(objectname) %(*objectname) [4ms]
2024-11-23 00:28:57.287 [info] > git for-each-ref --format=%(refname)%00%(upstream:short)%00%(objectname)%00%(upstream:track)%00%(upstream:remotename)%00%(upstream:remoteref) refs/heads/origin/master refs/remotes/origin/master [16ms]
2024-11-23 00:28:57.293 [info] > git for-each-ref --sort -committerdate --format %(refname) %(objectname) %(*objectname) [30ms]
2024-11-23 00:28:57.302 [info] > git merge-base refs/heads/master refs/remotes/origin/master [10ms]
2024-11-23 00:28:57.307 [info] > git for-each-ref --format=%(refname)%00%(upstream:short)%00%(objectname)%00%(upstream:track)%00%(upstream:remotename)%00%(upstream:remoteref) refs/heads/master refs/remotes/master [6ms]
2024-11-23 00:28:57.311 [warning] [Git][revParse] Unable to read file: ENOENT: no such file or directory, open '/home/ubuntu/expo-example-fall-2024/.git/refs/remotes/origin/master'
2024-11-23 00:28:57.311 [info] > git diff --name-status -z --diff-filter=ADMR 770f00fa091c6a1d709d80cfac8c21a00c1d7230...refs/remotes/origin/master [5ms]
2024-11-23 00:28:57.313 [info] > git rev-parse refs/remotes/origin/master [2ms]
2024-11-23 00:28:57.329 [info] > git status -z -uall [14ms]
2024-11-23 00:28:57.330 [info] > git for-each-ref --sort -committerdate --format %(refname) %(objectname) %(*objectname) [9ms]
2024-11-23 00:28:57.667 [info] > git check-ignore -v -z --stdin [26ms]
2024-11-23 00:28:57.673 [info] > git check-ignore -v -z --stdin [14ms]
2024-11-23 00:28:57.676 [info] > git check-ignore -v -z --stdin [25ms]
2024-11-23 00:29:08.813 [info] > git check-ignore -v -z --stdin [1ms]
2024-11-23 00:29:11.179 [info] > git check-ignore -v -z --stdin [1ms]
2024-11-23 00:29:14.160 [info] > git show --textconv :app/_layout.js [59ms]
2024-11-23 00:29:14.163 [info] > git ls-files --stage -- /home/ubuntu/expo-example-fall-2024/app/_layout.js [13ms]
2024-11-23 00:29:14.186 [info] > git cat-file -s 409a1dfbf793f98904326faf0d833a7ddad2337c [11ms]
2024-11-23 00:29:15.015 [info] > git show --textconv :app/aboutUs.js [10ms]
2024-11-23 00:29:15.030 [info] > git ls-files --stage -- /home/ubuntu/expo-example-fall-2024/app/aboutUs.js [15ms]
2024-11-23 00:29:15.060 [info] > git cat-file -s 9dc5e634b189ce5cd95de507b10934b44b81bfb1 [22ms]
2024-11-23 00:32:33.987 [info] > git check-ignore -v -z --stdin [5ms]
2024-11-23 00:32:48.471 [info] > git ls-files --stage -- /home/ubuntu/expo-example-fall-2024/state/formSlice.js [7ms]
2024-11-23 00:32:48.478 [info] > git show --textconv :state/formSlice.js [23ms]
2024-11-23 00:32:48.480 [info] > git cat-file -s 15c3f30615d3272a8fbe3927feb3cbf910ba169e [4ms]
2024-11-23 00:32:50.966 [info] > git show --textconv :state/store.js [6ms]
2024-11-23 00:32:50.966 [info] > git ls-files --stage -- /home/ubuntu/expo-example-fall-2024/state/store.js [2ms]
2024-11-23 00:32:50.971 [info] > git cat-file -s 53f78ae43dec5280a074082a535bf152c37f7b9c [2ms]
2024-11-23 00:32:52.922 [info] > git show --textconv :state/formSlice.js [9ms]
2024-11-23 00:32:52.925 [info] > git ls-files --stage -- /home/ubuntu/expo-example-fall-2024/state/formSlice.js [6ms]
2024-11-23 00:32:52.930 [info] > git cat-file -s 15c3f30615d3272a8fbe3927feb3cbf910ba169e [2ms]
2024-11-23 00:33:07.523 [info] > git show --textconv :state/store.js [4ms]
2024-11-23 00:33:07.525 [info] > git ls-files --stage -- /home/ubuntu/expo-example-fall-2024/state/store.js [2ms]
2024-11-23 00:33:07.528 [info] > git cat-file -s 53f78ae43dec5280a074082a535bf152c37f7b9c [0ms]
2024-11-23 00:34:03.266 [info] > git show --textconv :app/AddUserForm.js [10ms]
2024-11-23 00:34:03.270 [info] > git ls-files --stage -- /home/ubuntu/expo-example-fall-2024/app/AddUserForm.js [6ms]
2024-11-23 00:34:03.282 [info] > git cat-file -s 55c92e0654b93b8cdfd52a1947a7a1245e27958e [5ms]
2024-11-23 00:34:05.298 [info] > git show --textconv :app/index.js [25ms]
2024-11-23 00:34:05.306 [info] > git ls-files --stage -- /home/ubuntu/expo-example-fall-2024/app/index.js [8ms]
2024-11-23 00:34:05.322 [info] > git cat-file -s fe92760fa6ca818ebf82f0dcb6ee3b874001778d [8ms]
2024-11-23 00:34:13.574 [info] > git check-ignore -v -z --stdin [1ms]
2024-11-23 00:34:21.257 [info] > git show --textconv :app/_layout.js [4ms]
2024-11-23 00:34:21.258 [info] > git ls-files --stage -- /home/ubuntu/expo-example-fall-2024/app/_layout.js [1ms]
2024-11-23 00:34:21.263 [info] > git cat-file -s 409a1dfbf793f98904326faf0d833a7ddad2337c [2ms]
2024-11-23 00:34:22.577 [info] > git show --textconv :app/aboutUs.js [6ms]
2024-11-23 00:34:22.580 [info] > git ls-files --stage -- /home/ubuntu/expo-example-fall-2024/app/aboutUs.js [3ms]
2024-11-23 00:34:22.583 [info] > git cat-file -s 9dc5e634b189ce5cd95de507b10934b44b81bfb1 [1ms]
2024-11-23 00:34:24.490 [info] > git show --textconv :app/AddUserForm.js [6ms]
2024-11-23 00:34:24.492 [info] > git ls-files --stage -- /home/ubuntu/expo-example-fall-2024/app/AddUserForm.js [3ms]
2024-11-23 00:34:24.496 [info] > git cat-file -s 55c92e0654b93b8cdfd52a1947a7a1245e27958e [1ms]
2024-11-23 00:34:43.987 [info] > git show --textconv :app/aboutUs.js [4ms]
2024-11-23 00:34:43.989 [info] > git ls-files --stage -- /home/ubuntu/expo-example-fall-2024/app/aboutUs.js [3ms]
2024-11-23 00:34:43.997 [info] > git cat-file -s 9dc5e634b189ce5cd95de507b10934b44b81bfb1 [5ms]
2024-11-23 00:34:48.695 [info] > git show --textconv :app/AddUserForm.js [3ms]
2024-11-23 00:34:48.695 [info] > git ls-files --stage -- /home/ubuntu/expo-example-fall-2024/app/AddUserForm.js [2ms]
2024-11-23 00:34:48.699 [info] > git cat-file -s 55c92e0654b93b8cdfd52a1947a7a1245e27958e [1ms]
2024-11-23 00:34:51.737 [info] > git show --textconv :app/aboutUs.js [4ms]
2024-11-23 00:34:51.737 [info] > git ls-files --stage -- /home/ubuntu/expo-example-fall-2024/app/aboutUs.js [0ms]
2024-11-23 00:34:51.746 [info] > git cat-file -s 9dc5e634b189ce5cd95de507b10934b44b81bfb1 [6ms]
2024-11-23 00:35:04.677 [info] > git config --get commit.template [4ms]
2024-11-23 00:35:04.680 [info] > git for-each-ref --format=%(refname)%00%(upstream:short)%00%(objectname)%00%(upstream:track)%00%(upstream:remotename)%00%(upstream:remoteref) refs/heads/master refs/remotes/master [4ms]
2024-11-23 00:35:04.682 [warning] [Git][revParse] Unable to read file: ENOENT: no such file or directory, open '/home/ubuntu/expo-example-fall-2024/.git/refs/remotes/origin/master'
2024-11-23 00:35:04.683 [info] > git rev-parse refs/remotes/origin/master [1ms]
2024-11-23 00:35:04.693 [info] > git for-each-ref --sort -committerdate --format %(refname) %(objectname) %(*objectname) [3ms]
2024-11-23 00:35:04.707 [info] > git status -z -uall [20ms]
2024-11-23 00:35:12.611 [info] > git config --get commit.template [1ms]
2024-11-23 00:35:12.616 [info] > git for-each-ref --format=%(refname)%00%(upstream:short)%00%(objectname)%00%(upstream:track)%00%(upstream:remotename)%00%(upstream:remoteref) refs/heads/master refs/remotes/master [2ms]
2024-11-23 00:35:12.618 [warning] [Git][revParse] Unable to read file: ENOENT: no such file or directory, open '/home/ubuntu/expo-example-fall-2024/.git/refs/remotes/origin/master'
2024-11-23 00:35:12.620 [info] > git rev-parse refs/remotes/origin/master [2ms]
2024-11-23 00:35:12.631 [info] > git for-each-ref --sort -committerdate --format %(refname) %(objectname) %(*objectname) [5ms]
2024-11-23 00:35:12.632 [info] > git status -z -uall [10ms]
2024-11-23 00:35:39.957 [info] > git config --get commit.template [1ms]
2024-11-23 00:35:39.962 [info] > git for-each-ref --format=%(refname)%00%(upstream:short)%00%(objectname)%00%(upstream:track)%00%(upstream:remotename)%00%(upstream:remoteref) refs/heads/master refs/remotes/master [2ms]
2024-11-23 00:35:39.964 [warning] [Git][revParse] Unable to read file: ENOENT: no such file or directory, open '/home/ubuntu/expo-example-fall-2024/.git/refs/remotes/origin/master'
2024-11-23 00:35:39.966 [info] > git rev-parse refs/remotes/origin/master [2ms]
2024-11-23 00:35:39.976 [info] > git for-each-ref --sort -committerdate --format %(refname) %(objectname) %(*objectname) [4ms]
2024-11-23 00:35:39.978 [info] > git status -z -uall [10ms]
2024-11-23 00:35:45.330 [info] > git config --get commit.template [2ms]
2024-11-23 00:35:45.336 [info] > git for-each-ref --format=%(refname)%00%(upstream:short)%00%(objectname)%00%(upstream:track)%00%(upstream:remotename)%00%(upstream:remoteref) refs/heads/master refs/remotes/master [2ms]
2024-11-23 00:35:45.339 [warning] [Git][revParse] Unable to read file: ENOENT: no such file or directory, open '/home/ubuntu/expo-example-fall-2024/.git/refs/remotes/origin/master'
2024-11-23 00:35:45.340 [info] > git rev-parse refs/remotes/origin/master [1ms]
2024-11-23 00:35:45.350 [info] > git status -z -uall [7ms]
2024-11-23 00:35:45.353 [info] > git for-each-ref --sort -committerdate --format %(refname) %(objectname) %(*objectname) [3ms]
2024-11-23 00:35:50.363 [info] > git config --get commit.template [4ms]
2024-11-23 00:35:50.365 [info] > git for-each-ref --format=%(refname)%00%(upstream:short)%00%(objectname)%00%(upstream:track)%00%(upstream:remotename)%00%(upstream:remoteref) refs/heads/master refs/remotes/master [2ms]
2024-11-23 00:35:50.367 [warning] [Git][revParse] Unable to read file: ENOENT: no such file or directory, open '/home/ubuntu/expo-example-fall-2024/.git/refs/remotes/origin/master'
2024-11-23 00:35:50.368 [info] > git rev-parse refs/remotes/origin/master [1ms]
2024-11-23 00:35:50.379 [info] > git status -z -uall [7ms]
2024-11-23 00:35:50.381 [info] > git for-each-ref --sort -committerdate --format %(refname) %(objectname) %(*objectname) [3ms]
2024-11-23 00:35:51.951 [info] > git show --textconv :app/AddUserForm.js [5ms]
2024-11-23 00:35:51.953 [info] > git ls-files --stage -- /home/ubuntu/expo-example-fall-2024/app/AddUserForm.js [2ms]
2024-11-23 00:35:51.957 [info] > git cat-file -s 55c92e0654b93b8cdfd52a1947a7a1245e27958e [1ms]
2024-11-23 00:36:33.624 [info] > git rev-parse --show-toplevel [3ms]
2024-11-23 00:36:33.624 [info] fatal: not a git repository (or any of the parent directories): .git
2024-11-23 00:36:39.356 [info] > git rev-parse --show-toplevel [1ms]
2024-11-23 00:36:39.357 [info] fatal: not a git repository (or any of the parent directories): .git
2024-11-23 00:37:28.981 [info] > git check-ignore -v -z --stdin [5ms]
2024-11-23 00:37:32.798 [info] > git check-ignore -v -z --stdin [2ms]
2024-11-23 00:37:34.883 [info] > git check-ignore -v -z --stdin [1ms]
2024-11-23 00:37:49.210 [info] > git show --textconv :hello/models.py [35ms]
2024-11-23 00:37:49.220 [info] > git ls-files --stage -- /home/ubuntu/django-example-fall-2024/hello/models.py [19ms]
2024-11-23 00:37:49.258 [info] > git cat-file -s 71a836239075aa6e6e4ecb700e9c42c95c022d91 [12ms]
2024-11-23 00:38:01.178 [info] > git check-ignore -v -z --stdin [2ms]
2024-11-23 00:38:03.784 [info] > git check-ignore -v -z --stdin [2ms]
2024-11-23 00:38:07.843 [info] > git check-ignore -v -z --stdin [3ms]
2024-11-23 00:38:12.499 [info] > git show --textconv :app/AddUserForm.js [4ms]
2024-11-23 00:38:12.505 [info] > git ls-files --stage -- /home/ubuntu/expo-example-fall-2024/app/AddUserForm.js [7ms]
2024-11-23 00:38:12.509 [info] > git cat-file -s 55c92e0654b93b8cdfd52a1947a7a1245e27958e [2ms]
2024-11-23 00:38:17.878 [info] > git check-ignore -v -z --stdin [2ms]
2024-11-23 00:54:48.664 [info] > git config --get commit.template [4ms]
2024-11-23 00:54:48.665 [info] > git for-each-ref --format=%(refname)%00%(upstream:short)%00%(objectname)%00%(upstream:track)%00%(upstream:remotename)%00%(upstream:remoteref) refs/heads/master refs/remotes/master [2ms]
2024-11-23 00:54:48.668 [warning] [Git][revParse] Unable to read file: ENOENT: no such file or directory, open '/home/ubuntu/expo-example-fall-2024/.git/refs/remotes/origin/master'
2024-11-23 00:54:48.669 [info] > git rev-parse refs/remotes/origin/master [1ms]
2024-11-23 00:54:48.680 [info] > git status -z -uall [8ms]
2024-11-23 00:54:48.682 [info] > git for-each-ref --sort -committerdate --format %(refname) %(objectname) %(*objectname) [6ms]
2024-11-23 00:54:53.689 [info] > git config --get commit.template [1ms]
2024-11-23 00:54:53.694 [info] > git for-each-ref --format=%(refname)%00%(upstream:short)%00%(objectname)%00%(upstream:track)%00%(upstream:remotename)%00%(upstream:remoteref) refs/heads/master refs/remotes/master [2ms]
2024-11-23 00:54:53.697 [warning] [Git][revParse] Unable to read file: ENOENT: no such file or directory, open '/home/ubuntu/expo-example-fall-2024/.git/refs/remotes/origin/master'
2024-11-23 00:54:53.697 [info] > git rev-parse refs/remotes/origin/master [0ms]
2024-11-23 00:54:53.709 [info] > git for-each-ref --sort -committerdate --format %(refname) %(objectname) %(*objectname) [2ms]
2024-11-23 00:54:53.711 [info] > git status -z -uall [10ms]
2024-11-23 00:55:48.143 [info] > git config --get commit.template [7ms]
2024-11-23 00:55:48.146 [info] > git for-each-ref --format=%(refname)%00%(upstream:short)%00%(objectname)%00%(upstream:track)%00%(upstream:remotename)%00%(upstream:remoteref) refs/heads/master refs/remotes/master [3ms]
2024-11-23 00:55:48.150 [warning] [Git][revParse] Unable to read file: ENOENT: no such file or directory, open '/home/ubuntu/expo-example-fall-2024/.git/refs/remotes/origin/master'
2024-11-23 00:55:48.152 [info] > git rev-parse refs/remotes/origin/master [2ms]
2024-11-23 00:55:48.174 [info] > git for-each-ref --sort -committerdate --format %(refname) %(objectname) %(*objectname) [12ms]
2024-11-23 00:55:48.190 [info] > git status -z -uall [33ms]
2024-11-23 00:55:56.916 [info] > git config --get commit.template [3ms]
2024-11-23 00:55:56.919 [info] > git for-each-ref --format=%(refname)%00%(upstream:short)%00%(objectname)%00%(upstream:track)%00%(upstream:remotename)%00%(upstream:remoteref) refs/heads/master refs/remotes/master [4ms]
2024-11-23 00:55:56.922 [warning] [Git][revParse] Unable to read file: ENOENT: no such file or directory, open '/home/ubuntu/expo-example-fall-2024/.git/refs/remotes/origin/master'
2024-11-23 00:55:56.923 [info] > git rev-parse refs/remotes/origin/master [1ms]
2024-11-23 00:55:56.932 [info] > git status -z -uall [7ms]
2024-11-23 00:55:56.934 [info] > git for-each-ref --sort -committerdate --format %(refname) %(objectname) %(*objectname) [2ms]
2024-11-23 00:56:03.157 [info] > git config --get commit.template [1ms]
2024-11-23 00:56:03.162 [info] > git for-each-ref --format=%(refname)%00%(upstream:short)%00%(objectname)%00%(upstream:track)%00%(upstream:remotename)%00%(upstream:remoteref) refs/heads/master refs/remotes/master [1ms]
2024-11-23 00:56:03.165 [warning] [Git][revParse] Unable to read file: ENOENT: no such file or directory, open '/home/ubuntu/expo-example-fall-2024/.git/refs/remotes/origin/master'
2024-11-23 00:56:03.166 [info] > git rev-parse refs/remotes/origin/master [1ms]
2024-11-23 00:56:03.177 [info] > git for-each-ref --sort -committerdate --format %(refname) %(objectname) %(*objectname) [3ms]
2024-11-23 00:56:03.177 [info] > git status -z -uall [9ms]
2024-11-23 00:56:18.979 [info] > git config --get commit.template [3ms]
2024-11-23 00:56:18.981 [info] > git for-each-ref --format=%(refname)%00%(upstream:short)%00%(objectname)%00%(upstream:track)%00%(upstream:remotename)%00%(upstream:remoteref) refs/heads/master refs/remotes/master [2ms]
2024-11-23 00:56:18.984 [warning] [Git][revParse] Unable to read file: ENOENT: no such file or directory, open '/home/ubuntu/expo-example-fall-2024/.git/refs/remotes/origin/master'
2024-11-23 00:56:18.984 [info] > git rev-parse refs/remotes/origin/master [0ms]
2024-11-23 00:56:18.993 [info] > git for-each-ref --sort -committerdate --format %(refname) %(objectname) %(*objectname) [3ms]
2024-11-23 00:56:18.998 [info] > git status -z -uall [10ms]
2024-11-23 00:56:31.001 [info] > git config --get commit.template [7ms]
2024-11-23 00:56:31.004 [info] > git for-each-ref --format=%(refname)%00%(upstream:short)%00%(objectname)%00%(upstream:track)%00%(upstream:remotename)%00%(upstream:remoteref) refs/heads/master refs/remotes/master [3ms]
2024-11-23 00:56:31.013 [warning] [Git][revParse] Unable to read file: ENOENT: no such file or directory, open '/home/ubuntu/expo-example-fall-2024/.git/refs/remotes/origin/master'
2024-11-23 00:56:31.013 [info] > git rev-parse refs/remotes/origin/master [0ms]
2024-11-23 00:56:31.035 [info] > git for-each-ref --sort -committerdate --format %(refname) %(objectname) %(*objectname) [9ms]
2024-11-23 00:56:31.060 [info] > git status -z -uall [42ms]
2024-11-23 00:56:44.639 [info] > git config --get commit.template [5ms]
2024-11-23 00:56:44.640 [info] > git for-each-ref --format=%(refname)%00%(upstream:short)%00%(objectname)%00%(upstream:track)%00%(upstream:remotename)%00%(upstream:remoteref) refs/heads/master refs/remotes/master [2ms]
2024-11-23 00:56:44.642 [warning] [Git][revParse] Unable to read file: ENOENT: no such file or directory, open '/home/ubuntu/expo-example-fall-2024/.git/refs/remotes/origin/master'
2024-11-23 00:56:44.643 [info] > git rev-parse refs/remotes/origin/master [0ms]
2024-11-23 00:56:44.656 [info] > git for-each-ref --sort -committerdate --format %(refname) %(objectname) %(*objectname) [3ms]
2024-11-23 00:56:44.657 [info] > git status -z -uall [11ms]
