2024-11-22 23:38:11.752 [info] Extension host with pid 26884 started
2024-11-22 23:38:11.752 [error] Error: EEXIST: file already exists, open '/home/ubuntu/.local/share/code-server/User/workspaceStorage/-50310f74/vscode.lock'
2024-11-22 23:38:11.763 [info] Lock '/home/ubuntu/.local/share/code-server/User/workspaceStorage/-50310f74/vscode.lock': Could not acquire lock, checking if the file is stale.
2024-11-22 23:38:11.828 [info] Lock '/home/ubuntu/.local/share/code-server/User/workspaceStorage/-50310f74/vscode.lock': The lock does not look stale, elapsed: 911 ms, giving up.
2024-11-22 23:38:11.957 [info] ExtensionService#_doActivateExtension vscode.tunnel-forwarding, startup: false, activationEvent: 'onTunnel'
2024-11-22 23:38:11.989 [info] Lock '/home/ubuntu/.local/share/code-server/User/workspaceStorage/-50310f74-1/vscode.lock': Lock acquired.
2024-11-22 23:38:12.049 [info] ExtensionService#_doActivateExtension vscode.git-base, startup: true, activationEvent: '*', root cause: vscode.git
2024-11-22 23:38:12.102 [info] ExtensionService#_doActivateExtension vscode.git, startup: true, activationEvent: '*'
2024-11-22 23:38:12.105 [info] ExtensionService#_doActivateExtension vscode.github, startup: true, activationEvent: '*'
2024-11-22 23:38:12.559 [info] Eager extensions activated
2024-11-22 23:38:12.561 [info] ExtensionService#_doActivateExtension vscode.debug-auto-launch, startup: false, activationEvent: 'onStartupFinished'
2024-11-22 23:38:12.561 [info] ExtensionService#_doActivateExtension vscode.merge-conflict, startup: false, activationEvent: 'onStartupFinished'
2024-11-22 23:38:13.053 [info] ExtensionService#_doActivateExtension vscode.emmet, startup: false, activationEvent: 'onLanguage'
2024-11-22 23:38:13.720 [info] ExtensionService#_doActivateExtension vscode.github-authentication, startup: false, activationEvent: 'onAuthenticationRequest:github'
2024-11-22 23:40:21.438 [info] ExtensionService#_doActivateExtension vscode.html-language-features, startup: false, activationEvent: 'onLanguage:html'
2024-11-22 23:58:53.205 [info] ExtensionService#_doActivateExtension vscode.configuration-editing, startup: false, activationEvent: 'onLanguage:json'
2024-11-22 23:58:53.207 [info] ExtensionService#_doActivateExtension vscode.extension-editing, startup: false, activationEvent: 'onLanguage:json'
2024-11-22 23:58:53.208 [info] ExtensionService#_doActivateExtension vscode.json-language-features, startup: false, activationEvent: 'onLanguage:json'
2024-11-22 23:58:53.211 [info] ExtensionService#_doActivateExtension vscode.npm, startup: false, activationEvent: 'onLanguage:json'
2024-11-22 23:59:04.034 [info] ExtensionService#_doActivateExtension vscode.typescript-language-features, startup: false, activationEvent: 'onLanguage:javascript'
