2024-11-22 23:27:57.722 [info] Extension host with pid 13266 started
2024-11-22 23:27:57.738 [info] Lock '/home/ubuntu/.local/share/code-server/User/workspaceStorage/-50310f74/vscode.lock': Lock acquired.
2024-11-22 23:27:58.136 [info] ExtensionService#_doActivateExtension vscode.git-base, startup: true, activationEvent: '*'
2024-11-22 23:27:58.516 [info] ExtensionService#_doActivateExtension vscode.github, startup: true, activationEvent: '*'
2024-11-22 23:27:58.722 [info] ExtensionService#_doActivateExtension vscode.git, startup: false, activationEvent: 'api', root cause: vscode.github
2024-11-22 23:27:59.016 [info] Eager extensions activated
2024-11-22 23:27:59.017 [info] ExtensionService#_doActivateExtension vscode.debug-auto-launch, startup: false, activationEvent: 'onStartupFinished'
2024-11-22 23:27:59.019 [info] ExtensionService#_doActivateExtension vscode.merge-conflict, startup: false, activationEvent: 'onStartupFinished'
2024-11-22 23:27:59.409 [info] ExtensionService#_doActivateExtension vscode.emmet, startup: false, activationEvent: 'onLanguage'
2024-11-22 23:27:59.527 [info] ExtensionService#_doActivateExtension vscode.github-authentication, startup: false, activationEvent: 'onAuthenticationRequest:github'
2024-11-22 23:30:25.555 [info] ExtensionService#_doActivateExtension vscode.tunnel-forwarding, startup: false, activationEvent: 'onTunnel'
2024-11-22 23:43:07.530 [info] Extension host terminating: renderer disconnected for too long (2)
2024-11-22 23:43:07.531 [info] Lock '/home/ubuntu/.local/share/code-server/User/workspaceStorage/-50310f74/vscode.lock': Marking the lockfile as scheduled to be released in 6000 ms.
2024-11-22 23:43:07.576 [error] Canceled: Canceled
	at new rT (file:///var/app/code-server/lib/vscode/out/vs/workbench/api/node/extensionHostProcess.js:31:112694)
	at py.U (file:///var/app/code-server/lib/vscode/out/vs/workbench/api/node/extensionHostProcess.js:31:117304)
	at s.<computed>.n.charCodeAt.s.<computed> (file:///var/app/code-server/lib/vscode/out/vs/workbench/api/node/extensionHostProcess.js:31:114798)
	at Y0.g (file:///var/app/code-server/lib/vscode/out/vs/workbench/api/node/extensionHostProcess.js:114:32313)
	at Y0.executeCommand (file:///var/app/code-server/lib/vscode/out/vs/workbench/api/node/extensionHostProcess.js:114:31817)
	at r.registerCommand.description (file:///var/app/code-server/lib/vscode/out/vs/workbench/api/node/extensionHostProcess.js:114:31147)
	at Y0.h (file:///var/app/code-server/lib/vscode/out/vs/workbench/api/node/extensionHostProcess.js:114:32833)
	at Y0.g (file:///var/app/code-server/lib/vscode/out/vs/workbench/api/node/extensionHostProcess.js:114:31910)
	at Y0.executeCommand (file:///var/app/code-server/lib/vscode/out/vs/workbench/api/node/extensionHostProcess.js:114:31817)
	at Object.executeCommand (file:///var/app/code-server/lib/vscode/out/vs/workbench/api/node/extensionHostProcess.js:156:37246)
	at mh.O [as value] (/var/app/code-server/lib/vscode/extensions/git/dist/main.js:2:961845)
	at D.B (file:///var/app/code-server/lib/vscode/out/vs/workbench/api/node/extensionHostProcess.js:29:746)
	at D.C (file:///var/app/code-server/lib/vscode/out/vs/workbench/api/node/extensionHostProcess.js:29:816)
	at D.fire (file:///var/app/code-server/lib/vscode/out/vs/workbench/api/node/extensionHostProcess.js:29:1033)
	at Object.p [as dispose] (/var/app/code-server/lib/vscode/extensions/git/dist/main.js:2:983333)
	at /var/app/code-server/lib/vscode/extensions/git/dist/main.js:2:989455
	at Array.forEach (<anonymous>)
	at b.dispose (/var/app/code-server/lib/vscode/extensions/git/dist/main.js:2:989441)
	at V1.<anonymous> (file:///var/app/code-server/lib/vscode/out/vs/workbench/api/node/extensionHostProcess.js:108:19994)
	at V1.dispose (file:///var/app/code-server/lib/vscode/out/vs/workbench/api/node/extensionHostProcess.js:108:20090)
	at V1.<anonymous> (/var/app/code-server/lib/vscode/extensions/git/dist/main.js:2:964255)
	at V1.dispose (file:///var/app/code-server/lib/vscode/out/vs/workbench/api/node/extensionHostProcess.js:108:20090)
	at li (file:///var/app/code-server/lib/vscode/out/vs/workbench/api/node/extensionHostProcess.js:24:699)
	at file:///var/app/code-server/lib/vscode/out/vs/workbench/api/node/extensionHostProcess.js:118:14992
	at file:///var/app/code-server/lib/vscode/out/vs/workbench/api/node/extensionHostProcess.js:24:1009
	at Object.dispose (file:///var/app/code-server/lib/vscode/out/vs/workbench/api/node/extensionHostProcess.js:7:2146)
	at V_.eb (file:///var/app/code-server/lib/vscode/out/vs/workbench/api/node/extensionHostProcess.js:118:11919)
	at file:///var/app/code-server/lib/vscode/out/vs/workbench/api/node/extensionHostProcess.js:118:9874
	at Array.map (<anonymous>)
	at V_.$ (file:///var/app/code-server/lib/vscode/out/vs/workbench/api/node/extensionHostProcess.js:118:9862)
	at V_.terminate (file:///var/app/code-server/lib/vscode/out/vs/workbench/api/node/extensionHostProcess.js:118:10105)
	at EC.terminate (file:///var/app/code-server/lib/vscode/out/vs/workbench/api/node/extensionHostProcess.js:119:1424)
	at Xi (file:///var/app/code-server/lib/vscode/out/vs/workbench/api/node/extensionHostProcess.js:174:15085)
	at c5.a (file:///var/app/code-server/lib/vscode/out/vs/workbench/api/node/extensionHostProcess.js:174:11997)
	at c5.h (file:///var/app/code-server/lib/vscode/out/vs/workbench/api/node/extensionHostProcess.js:30:75745)
	at listOnTimeout (node:internal/timers:581:17)
	at process.processTimers (node:internal/timers:519:7) setContext undefined
2024-11-22 23:43:07.576 [error] Canceled: Canceled
	at new rT (file:///var/app/code-server/lib/vscode/out/vs/workbench/api/node/extensionHostProcess.js:31:112694)
	at py.U (file:///var/app/code-server/lib/vscode/out/vs/workbench/api/node/extensionHostProcess.js:31:117304)
	at s.<computed>.n.charCodeAt.s.<computed> (file:///var/app/code-server/lib/vscode/out/vs/workbench/api/node/extensionHostProcess.js:31:114798)
	at Y0.g (file:///var/app/code-server/lib/vscode/out/vs/workbench/api/node/extensionHostProcess.js:114:32313)
	at Y0.executeCommand (file:///var/app/code-server/lib/vscode/out/vs/workbench/api/node/extensionHostProcess.js:114:31817)
	at r.registerCommand.description (file:///var/app/code-server/lib/vscode/out/vs/workbench/api/node/extensionHostProcess.js:114:31147)
	at Y0.h (file:///var/app/code-server/lib/vscode/out/vs/workbench/api/node/extensionHostProcess.js:114:32833)
	at Y0.g (file:///var/app/code-server/lib/vscode/out/vs/workbench/api/node/extensionHostProcess.js:114:31910)
	at Y0.executeCommand (file:///var/app/code-server/lib/vscode/out/vs/workbench/api/node/extensionHostProcess.js:114:31817)
	at Object.executeCommand (file:///var/app/code-server/lib/vscode/out/vs/workbench/api/node/extensionHostProcess.js:156:37246)
	at mh.O [as value] (/var/app/code-server/lib/vscode/extensions/git/dist/main.js:2:961845)
	at D.B (file:///var/app/code-server/lib/vscode/out/vs/workbench/api/node/extensionHostProcess.js:29:746)
	at D.C (file:///var/app/code-server/lib/vscode/out/vs/workbench/api/node/extensionHostProcess.js:29:816)
	at D.fire (file:///var/app/code-server/lib/vscode/out/vs/workbench/api/node/extensionHostProcess.js:29:1033)
	at Object.p [as dispose] (/var/app/code-server/lib/vscode/extensions/git/dist/main.js:2:983333)
	at /var/app/code-server/lib/vscode/extensions/git/dist/main.js:2:989455
	at Array.forEach (<anonymous>)
	at b.dispose (/var/app/code-server/lib/vscode/extensions/git/dist/main.js:2:989441)
	at V1.<anonymous> (file:///var/app/code-server/lib/vscode/out/vs/workbench/api/node/extensionHostProcess.js:108:19994)
	at V1.dispose (file:///var/app/code-server/lib/vscode/out/vs/workbench/api/node/extensionHostProcess.js:108:20090)
	at V1.<anonymous> (/var/app/code-server/lib/vscode/extensions/git/dist/main.js:2:964255)
	at V1.dispose (file:///var/app/code-server/lib/vscode/out/vs/workbench/api/node/extensionHostProcess.js:108:20090)
	at li (file:///var/app/code-server/lib/vscode/out/vs/workbench/api/node/extensionHostProcess.js:24:699)
	at file:///var/app/code-server/lib/vscode/out/vs/workbench/api/node/extensionHostProcess.js:118:14992
	at file:///var/app/code-server/lib/vscode/out/vs/workbench/api/node/extensionHostProcess.js:24:1009
	at Object.dispose (file:///var/app/code-server/lib/vscode/out/vs/workbench/api/node/extensionHostProcess.js:7:2146)
	at V_.eb (file:///var/app/code-server/lib/vscode/out/vs/workbench/api/node/extensionHostProcess.js:118:11919)
	at file:///var/app/code-server/lib/vscode/out/vs/workbench/api/node/extensionHostProcess.js:118:9874
	at Array.map (<anonymous>)
	at V_.$ (file:///var/app/code-server/lib/vscode/out/vs/workbench/api/node/extensionHostProcess.js:118:9862)
	at V_.terminate (file:///var/app/code-server/lib/vscode/out/vs/workbench/api/node/extensionHostProcess.js:118:10105)
	at EC.terminate (file:///var/app/code-server/lib/vscode/out/vs/workbench/api/node/extensionHostProcess.js:119:1424)
	at Xi (file:///var/app/code-server/lib/vscode/out/vs/workbench/api/node/extensionHostProcess.js:174:15085)
	at c5.a (file:///var/app/code-server/lib/vscode/out/vs/workbench/api/node/extensionHostProcess.js:174:11997)
	at c5.h (file:///var/app/code-server/lib/vscode/out/vs/workbench/api/node/extensionHostProcess.js:30:75745)
	at listOnTimeout (node:internal/timers:581:17)
	at process.processTimers (node:internal/timers:519:7) setContext undefined
2024-11-22 23:43:07.576 [error] Canceled: Canceled
	at new rT (file:///var/app/code-server/lib/vscode/out/vs/workbench/api/node/extensionHostProcess.js:31:112694)
	at py.U (file:///var/app/code-server/lib/vscode/out/vs/workbench/api/node/extensionHostProcess.js:31:117304)
	at s.<computed>.n.charCodeAt.s.<computed> (file:///var/app/code-server/lib/vscode/out/vs/workbench/api/node/extensionHostProcess.js:31:114798)
	at Y0.g (file:///var/app/code-server/lib/vscode/out/vs/workbench/api/node/extensionHostProcess.js:114:32313)
	at Y0.executeCommand (file:///var/app/code-server/lib/vscode/out/vs/workbench/api/node/extensionHostProcess.js:114:31817)
	at r.registerCommand.description (file:///var/app/code-server/lib/vscode/out/vs/workbench/api/node/extensionHostProcess.js:114:31147)
	at Y0.h (file:///var/app/code-server/lib/vscode/out/vs/workbench/api/node/extensionHostProcess.js:114:32833)
	at Y0.g (file:///var/app/code-server/lib/vscode/out/vs/workbench/api/node/extensionHostProcess.js:114:31910)
	at Y0.executeCommand (file:///var/app/code-server/lib/vscode/out/vs/workbench/api/node/extensionHostProcess.js:114:31817)
	at Object.executeCommand (file:///var/app/code-server/lib/vscode/out/vs/workbench/api/node/extensionHostProcess.js:156:37246)
	at mh.O [as value] (/var/app/code-server/lib/vscode/extensions/git/dist/main.js:2:961845)
	at D.B (file:///var/app/code-server/lib/vscode/out/vs/workbench/api/node/extensionHostProcess.js:29:746)
	at D.C (file:///var/app/code-server/lib/vscode/out/vs/workbench/api/node/extensionHostProcess.js:29:816)
	at D.fire (file:///var/app/code-server/lib/vscode/out/vs/workbench/api/node/extensionHostProcess.js:29:1033)
	at Object.p [as dispose] (/var/app/code-server/lib/vscode/extensions/git/dist/main.js:2:983333)
	at /var/app/code-server/lib/vscode/extensions/git/dist/main.js:2:989455
	at Array.forEach (<anonymous>)
	at b.dispose (/var/app/code-server/lib/vscode/extensions/git/dist/main.js:2:989441)
	at V1.<anonymous> (file:///var/app/code-server/lib/vscode/out/vs/workbench/api/node/extensionHostProcess.js:108:19994)
	at V1.dispose (file:///var/app/code-server/lib/vscode/out/vs/workbench/api/node/extensionHostProcess.js:108:20090)
	at V1.<anonymous> (/var/app/code-server/lib/vscode/extensions/git/dist/main.js:2:964255)
	at V1.dispose (file:///var/app/code-server/lib/vscode/out/vs/workbench/api/node/extensionHostProcess.js:108:20090)
	at li (file:///var/app/code-server/lib/vscode/out/vs/workbench/api/node/extensionHostProcess.js:24:699)
	at file:///var/app/code-server/lib/vscode/out/vs/workbench/api/node/extensionHostProcess.js:118:14992
	at file:///var/app/code-server/lib/vscode/out/vs/workbench/api/node/extensionHostProcess.js:24:1009
	at Object.dispose (file:///var/app/code-server/lib/vscode/out/vs/workbench/api/node/extensionHostProcess.js:7:2146)
	at V_.eb (file:///var/app/code-server/lib/vscode/out/vs/workbench/api/node/extensionHostProcess.js:118:11919)
	at file:///var/app/code-server/lib/vscode/out/vs/workbench/api/node/extensionHostProcess.js:118:9874
	at Array.map (<anonymous>)
	at V_.$ (file:///var/app/code-server/lib/vscode/out/vs/workbench/api/node/extensionHostProcess.js:118:9862)
	at V_.terminate (file:///var/app/code-server/lib/vscode/out/vs/workbench/api/node/extensionHostProcess.js:118:10105)
	at EC.terminate (file:///var/app/code-server/lib/vscode/out/vs/workbench/api/node/extensionHostProcess.js:119:1424)
	at Xi (file:///var/app/code-server/lib/vscode/out/vs/workbench/api/node/extensionHostProcess.js:174:15085)
	at c5.a (file:///var/app/code-server/lib/vscode/out/vs/workbench/api/node/extensionHostProcess.js:174:11997)
	at c5.h (file:///var/app/code-server/lib/vscode/out/vs/workbench/api/node/extensionHostProcess.js:30:75745)
	at listOnTimeout (node:internal/timers:581:17)
	at process.processTimers (node:internal/timers:519:7) setContext undefined
2024-11-22 23:43:07.577 [error] Canceled: Canceled
	at new rT (file:///var/app/code-server/lib/vscode/out/vs/workbench/api/node/extensionHostProcess.js:31:112694)
	at py.U (file:///var/app/code-server/lib/vscode/out/vs/workbench/api/node/extensionHostProcess.js:31:117304)
	at s.<computed>.n.charCodeAt.s.<computed> (file:///var/app/code-server/lib/vscode/out/vs/workbench/api/node/extensionHostProcess.js:31:114798)
	at Y0.g (file:///var/app/code-server/lib/vscode/out/vs/workbench/api/node/extensionHostProcess.js:114:32313)
	at Y0.executeCommand (file:///var/app/code-server/lib/vscode/out/vs/workbench/api/node/extensionHostProcess.js:114:31817)
	at r.registerCommand.description (file:///var/app/code-server/lib/vscode/out/vs/workbench/api/node/extensionHostProcess.js:114:31147)
	at Y0.h (file:///var/app/code-server/lib/vscode/out/vs/workbench/api/node/extensionHostProcess.js:114:32833)
	at Y0.g (file:///var/app/code-server/lib/vscode/out/vs/workbench/api/node/extensionHostProcess.js:114:31910)
	at Y0.executeCommand (file:///var/app/code-server/lib/vscode/out/vs/workbench/api/node/extensionHostProcess.js:114:31817)
	at Object.executeCommand (file:///var/app/code-server/lib/vscode/out/vs/workbench/api/node/extensionHostProcess.js:156:37246)
	at set hasGitHubRepositories [as hasGitHubRepositories] (/var/app/code-server/lib/vscode/extensions/github/dist/extension.js:2:328633)
	at /var/app/code-server/lib/vscode/extensions/github/dist/extension.js:2:329592
	at mh.value (/var/app/code-server/lib/vscode/extensions/git/dist/main.js:2:1073936)
	at D.B (file:///var/app/code-server/lib/vscode/out/vs/workbench/api/node/extensionHostProcess.js:29:746)
	at D.C (file:///var/app/code-server/lib/vscode/out/vs/workbench/api/node/extensionHostProcess.js:29:816)
	at D.fire (file:///var/app/code-server/lib/vscode/out/vs/workbench/api/node/extensionHostProcess.js:29:1033)
	at Object.p [as dispose] (/var/app/code-server/lib/vscode/extensions/git/dist/main.js:2:983333)
	at /var/app/code-server/lib/vscode/extensions/git/dist/main.js:2:989455
	at Array.forEach (<anonymous>)
	at b.dispose (/var/app/code-server/lib/vscode/extensions/git/dist/main.js:2:989441)
	at V1.<anonymous> (file:///var/app/code-server/lib/vscode/out/vs/workbench/api/node/extensionHostProcess.js:108:19994)
	at V1.dispose (file:///var/app/code-server/lib/vscode/out/vs/workbench/api/node/extensionHostProcess.js:108:20090)
	at V1.<anonymous> (/var/app/code-server/lib/vscode/extensions/git/dist/main.js:2:964255)
	at V1.dispose (file:///var/app/code-server/lib/vscode/out/vs/workbench/api/node/extensionHostProcess.js:108:20090)
	at li (file:///var/app/code-server/lib/vscode/out/vs/workbench/api/node/extensionHostProcess.js:24:699)
	at file:///var/app/code-server/lib/vscode/out/vs/workbench/api/node/extensionHostProcess.js:118:14992
	at file:///var/app/code-server/lib/vscode/out/vs/workbench/api/node/extensionHostProcess.js:24:1009
	at Object.dispose (file:///var/app/code-server/lib/vscode/out/vs/workbench/api/node/extensionHostProcess.js:7:2146)
	at V_.eb (file:///var/app/code-server/lib/vscode/out/vs/workbench/api/node/extensionHostProcess.js:118:11919)
	at file:///var/app/code-server/lib/vscode/out/vs/workbench/api/node/extensionHostProcess.js:118:9874
	at Array.map (<anonymous>)
	at V_.$ (file:///var/app/code-server/lib/vscode/out/vs/workbench/api/node/extensionHostProcess.js:118:9862)
	at V_.terminate (file:///var/app/code-server/lib/vscode/out/vs/workbench/api/node/extensionHostProcess.js:118:10105)
	at EC.terminate (file:///var/app/code-server/lib/vscode/out/vs/workbench/api/node/extensionHostProcess.js:119:1424)
	at Xi (file:///var/app/code-server/lib/vscode/out/vs/workbench/api/node/extensionHostProcess.js:174:15085)
	at c5.a (file:///var/app/code-server/lib/vscode/out/vs/workbench/api/node/extensionHostProcess.js:174:11997)
	at c5.h (file:///var/app/code-server/lib/vscode/out/vs/workbench/api/node/extensionHostProcess.js:30:75745)
	at listOnTimeout (node:internal/timers:581:17)
	at process.processTimers (node:internal/timers:519:7) setContext undefined
2024-11-22 23:43:07.578 [info] Extension host with pid 13266 exiting with code 0
