2024-11-23 21:07:38.455 [info] [main] Log level: Info
2024-11-23 21:07:38.455 [info] [main] Validating found git in: "git"
2024-11-23 21:07:38.455 [info] [main] Using git "2.43.0" from "git"
2024-11-23 21:07:38.455 [info] [Model][doInitialScan] Initial repository scan started
2024-11-23 21:07:38.455 [info] > git rev-parse --show-toplevel [14ms]
2024-11-23 21:07:38.455 [info] fatal: not a git repository (or any of the parent directories): .git
2024-11-23 21:07:38.456 [info] > git rev-parse --show-toplevel [7ms]
2024-11-23 21:07:38.456 [info] fatal: not a git repository (or any of the parent directories): .git
2024-11-23 21:07:38.456 [info] > git rev-parse --show-toplevel [1ms]
2024-11-23 21:07:38.456 [info] fatal: not a git repository (or any of the parent directories): .git
2024-11-23 21:07:38.456 [info] > git rev-parse --show-toplevel [1ms]
2024-11-23 21:07:38.456 [info] fatal: not a git repository (or any of the parent directories): .git
2024-11-23 21:07:38.456 [info] > git rev-parse --show-toplevel [1ms]
2024-11-23 21:07:38.456 [info] fatal: not a git repository (or any of the parent directories): .git
2024-11-23 21:07:38.469 [info] > git rev-parse --show-toplevel [14ms]
2024-11-23 21:07:38.469 [info] fatal: not a git repository (or any of the parent directories): .git
2024-11-23 21:07:38.480 [info] > git rev-parse --show-toplevel [6ms]
2024-11-23 21:07:38.480 [info] fatal: not a git repository (or any of the parent directories): .git
2024-11-23 21:07:38.496 [info] > git rev-parse --show-toplevel [10ms]
2024-11-23 21:07:38.509 [info] > git rev-parse --git-dir --git-common-dir [4ms]
2024-11-23 21:07:38.546 [info] [Model][openRepository] Opened repository: /home/ubuntu/django-example-fall-2024
2024-11-23 21:07:38.566 [info] > git config --get commit.template [6ms]
2024-11-23 21:07:38.567 [info] > git rev-parse --show-toplevel [5ms]
2024-11-23 21:07:38.584 [info] > git rev-parse --git-dir --git-common-dir [6ms]
2024-11-23 21:07:38.597 [info] [Model][openRepository] Opened repository: /home/ubuntu/ec2_scripts
2024-11-23 21:07:38.601 [info] > git for-each-ref --format=%(refname)%00%(upstream:short)%00%(objectname)%00%(upstream:track)%00%(upstream:remotename)%00%(upstream:remoteref) refs/heads/master refs/remotes/master [30ms]
2024-11-23 21:07:38.620 [warning] [Git][revParse] Unable to read file: ENOENT: no such file or directory, open '/home/ubuntu/django-example-fall-2024/.git/refs/remotes/origin/master'
2024-11-23 21:07:38.626 [info] > git rev-parse refs/remotes/origin/master [6ms]
2024-11-23 21:07:38.643 [info] > git config --get commit.template [33ms]
2024-11-23 21:07:38.646 [info] > git rev-parse --show-toplevel [29ms]
2024-11-23 21:07:38.657 [info] > git status -z -uall [26ms]
2024-11-23 21:07:38.657 [info] > git for-each-ref --sort -committerdate --format %(refname) %(objectname) %(*objectname) [15ms]
2024-11-23 21:07:38.780 [info] > git for-each-ref --format=%(refname)%00%(upstream:short)%00%(objectname)%00%(upstream:track)%00%(upstream:remotename)%00%(upstream:remoteref) refs/heads/master refs/remotes/master [87ms]
2024-11-23 21:07:38.788 [info] > git rev-parse --git-dir --git-common-dir [135ms]
2024-11-23 21:07:38.797 [info] [Model][openRepository] Opened repository: /home/ubuntu/expo-example-fall-2024
2024-11-23 21:07:38.810 [info] [Model][doInitialScan] Initial repository scan completed - repositories (3), closed repositories (0), parent repositories (0), unsafe repositories (0)
2024-11-23 21:07:38.813 [info] > git for-each-ref --format=%(refname)%00%(upstream:short)%00%(objectname)%00%(upstream:track)%00%(upstream:remotename)%00%(upstream:remoteref) refs/heads/master refs/remotes/master [162ms]
2024-11-23 21:07:38.917 [warning] [Git][revParse] Unable to read file: ENOENT: no such file or directory, open '/home/ubuntu/ec2_scripts/.git/refs/remotes/origin/master'
2024-11-23 21:07:38.922 [info] > git config --local branch.master.vscode-merge-base [135ms]
2024-11-23 21:07:38.929 [info] > git config --get commit.template [150ms]
2024-11-23 21:07:38.944 [info] > git for-each-ref --format=%(refname)%00%(upstream:short)%00%(objectname)%00%(upstream:track)%00%(upstream:remotename)%00%(upstream:remoteref) refs/heads/origin/master refs/remotes/origin/master [16ms]
2024-11-23 21:07:38.954 [info] > git rev-parse refs/remotes/origin/master [37ms]
2024-11-23 21:07:38.964 [info] > git config --get commit.template [59ms]
2024-11-23 21:07:38.978 [info] > git status -z -uall [18ms]
2024-11-23 21:07:38.978 [info] > git merge-base refs/heads/master refs/remotes/origin/master [25ms]
2024-11-23 21:07:39.018 [info] > git for-each-ref --format=%(refname)%00%(upstream:short)%00%(objectname)%00%(upstream:track)%00%(upstream:remotename)%00%(upstream:remoteref) refs/heads/master refs/remotes/master [44ms]
2024-11-23 21:07:39.026 [info] > git for-each-ref --sort -committerdate --format %(refname) %(objectname) %(*objectname) [63ms]
2024-11-23 21:07:39.064 [warning] [Git][revParse] Unable to read file: ENOENT: no such file or directory, open '/home/ubuntu/django-example-fall-2024/.git/refs/remotes/origin/master'
2024-11-23 21:07:39.073 [info] > git for-each-ref --format=%(refname)%00%(upstream:short)%00%(objectname)%00%(upstream:track)%00%(upstream:remotename)%00%(upstream:remoteref) refs/heads/master refs/remotes/master [27ms]
2024-11-23 21:07:39.087 [info] > git for-each-ref --format=%(refname)%00%(upstream:short)%00%(objectname)%00%(upstream:track)%00%(upstream:remotename)%00%(upstream:remoteref) refs/heads/master refs/remotes/master [69ms]
2024-11-23 21:07:39.090 [info] > git diff --name-status -z --diff-filter=ADMR 7fc4ee2e594fcdba1a7e7076085e380abeb619f4...refs/remotes/origin/master [100ms]
2024-11-23 21:07:39.100 [info] > git config --local branch.master.vscode-merge-base [14ms]
2024-11-23 21:07:39.105 [info] > git rev-parse refs/remotes/origin/master [42ms]
2024-11-23 21:07:39.122 [warning] [Git][revParse] Unable to read file: ENOENT: no such file or directory, open '/home/ubuntu/expo-example-fall-2024/.git/refs/remotes/origin/master'
2024-11-23 21:07:39.124 [info] > git status -z -uall [9ms]
2024-11-23 21:07:39.126 [info] > git for-each-ref --format=%(refname)%00%(upstream:short)%00%(objectname)%00%(upstream:track)%00%(upstream:remotename)%00%(upstream:remoteref) refs/heads/origin/master refs/remotes/origin/master [22ms]
2024-11-23 21:07:39.135 [info] > git config --get commit.template [37ms]
2024-11-23 21:07:39.148 [info] > git merge-base refs/heads/master refs/remotes/origin/master [17ms]
2024-11-23 21:07:39.160 [info] > git rev-parse refs/remotes/origin/master [38ms]
2024-11-23 21:07:39.171 [info] > git for-each-ref --sort -committerdate --format %(refname) %(objectname) %(*objectname) [50ms]
2024-11-23 21:07:39.194 [info] > git status -z -uall [30ms]
2024-11-23 21:07:39.195 [info] > git for-each-ref --sort -committerdate --format %(refname) %(objectname) %(*objectname) [24ms]
2024-11-23 21:07:39.213 [info] > git diff --name-status -z --diff-filter=ADMR 49126d879cf67c4458fbdbd4b565eee2fb0f0b00...refs/remotes/origin/master [52ms]
2024-11-23 21:07:39.213 [info] > git for-each-ref --format=%(refname)%00%(upstream:short)%00%(objectname)%00%(upstream:track)%00%(upstream:remotename)%00%(upstream:remoteref) refs/heads/master refs/remotes/master [66ms]
2024-11-23 21:07:39.228 [warning] [Git][revParse] Unable to read file: ENOENT: no such file or directory, open '/home/ubuntu/ec2_scripts/.git/refs/remotes/origin/master'
2024-11-23 21:07:39.244 [info] > git for-each-ref --format=%(refname)%00%(upstream:short)%00%(objectname)%00%(upstream:track)%00%(upstream:remotename)%00%(upstream:remoteref) refs/heads/master refs/remotes/master [30ms]
2024-11-23 21:07:39.255 [info] > git rev-parse refs/remotes/origin/master [28ms]
2024-11-23 21:07:39.272 [info] > git config --get commit.template [52ms]
2024-11-23 21:07:39.294 [info] > git status -z -uall [32ms]
2024-11-23 21:07:39.295 [info] > git for-each-ref --sort -committerdate --format %(refname) %(objectname) %(*objectname) [23ms]
2024-11-23 21:07:39.298 [info] > git config --local branch.master.vscode-merge-base [44ms]
2024-11-23 21:07:39.325 [info] > git for-each-ref --format=%(refname)%00%(upstream:short)%00%(objectname)%00%(upstream:track)%00%(upstream:remotename)%00%(upstream:remoteref) refs/heads/origin/master refs/remotes/origin/master [14ms]
2024-11-23 21:07:39.340 [info] > git merge-base refs/heads/master refs/remotes/origin/master [5ms]
2024-11-23 21:07:39.349 [info] > git for-each-ref --format=%(refname)%00%(upstream:short)%00%(objectname)%00%(upstream:track)%00%(upstream:remotename)%00%(upstream:remoteref) refs/heads/master refs/remotes/master [24ms]
2024-11-23 21:07:39.362 [warning] [Git][revParse] Unable to read file: ENOENT: no such file or directory, open '/home/ubuntu/expo-example-fall-2024/.git/refs/remotes/origin/master'
2024-11-23 21:07:39.362 [info] > git diff --name-status -z --diff-filter=ADMR 770f00fa091c6a1d709d80cfac8c21a00c1d7230...refs/remotes/origin/master [14ms]
2024-11-23 21:07:39.369 [info] > git rev-parse refs/remotes/origin/master [7ms]
2024-11-23 21:07:39.394 [info] > git status -z -uall [18ms]
2024-11-23 21:07:39.403 [info] > git for-each-ref --sort -committerdate --format %(refname) %(objectname) %(*objectname) [16ms]
2024-11-23 21:07:39.559 [info] > git check-ignore -v -z --stdin [17ms]
2024-11-23 21:07:39.560 [info] > git check-ignore -v -z --stdin [9ms]
2024-11-23 21:07:39.561 [info] > git check-ignore -v -z --stdin [5ms]
2024-11-23 21:07:40.115 [info] > git check-ignore -v -z --stdin [8ms]
2024-11-23 21:07:40.117 [info] > git check-ignore -v -z --stdin [3ms]
2024-11-23 21:07:40.119 [info] > git check-ignore -v -z --stdin [9ms]
2024-11-23 21:07:43.569 [info] > git check-ignore -v -z --stdin [6ms]
2024-11-23 21:07:45.147 [info] > git check-ignore -v -z --stdin [3ms]
2024-11-23 21:07:49.960 [info] > git show --textconv :my_demo_project/asgi.py [152ms]
2024-11-23 21:07:49.960 [info] > git ls-files --stage -- /home/ubuntu/django-example-fall-2024/my_demo_project/asgi.py [49ms]
2024-11-23 21:07:50.048 [info] > git cat-file -s 5b0b77097604eb8d67141c1d45afd7ecc799b9cd [17ms]
2024-11-23 21:07:53.187 [info] > git show --textconv :my_demo_project/settings.py [7ms]
2024-11-23 21:07:53.191 [info] > git ls-files --stage -- /home/ubuntu/django-example-fall-2024/my_demo_project/settings.py [4ms]
2024-11-23 21:07:53.201 [info] > git cat-file -s 4ae5f7ce495f263d5a6142a367ee3ce68f32e862 [4ms]
2024-11-23 21:07:57.656 [info] > git show --textconv :my_demo_project/urls.py [6ms]
2024-11-23 21:07:57.658 [info] > git ls-files --stage -- /home/ubuntu/django-example-fall-2024/my_demo_project/urls.py [4ms]
2024-11-23 21:07:57.667 [info] > git cat-file -s 6fb18eb06bf8dfa99b1ea84e669802ce906178fe [7ms]
2024-11-23 21:08:02.665 [info] > git show --textconv :my_demo_project/wsgi.py [23ms]
2024-11-23 21:08:02.678 [info] > git ls-files --stage -- /home/ubuntu/django-example-fall-2024/my_demo_project/wsgi.py [14ms]
2024-11-23 21:08:02.689 [info] > git cat-file -s 4d6ec734ab93be6676dbf84c98573846497f1fd8 [4ms]
2024-11-23 21:08:15.279 [info] > git check-ignore -v -z --stdin [4ms]
2024-11-23 21:08:23.839 [info] > git show --textconv :my_demo_project/__init__.py [6ms]
2024-11-23 21:08:23.841 [info] > git ls-files --stage -- /home/ubuntu/django-example-fall-2024/my_demo_project/__init__.py [3ms]
2024-11-23 21:08:23.848 [info] > git cat-file -s e69de29bb2d1d6434b8b29ae775ad8c2e48c5391 [3ms]
2024-11-23 21:08:26.919 [info] > git check-ignore -v -z --stdin [1ms]
2024-11-23 21:08:30.214 [info] > git check-ignore -v -z --stdin [2ms]
2024-11-23 21:08:32.449 [info] > git show --textconv :recipes/migrations/__init__.py [6ms]
2024-11-23 21:08:32.449 [info] > git ls-files --stage -- /home/ubuntu/django-example-fall-2024/recipes/migrations/__init__.py [2ms]
2024-11-23 21:15:54.212 [info] > git show --textconv :manage.py [6ms]
2024-11-23 21:15:54.215 [info] > git ls-files --stage -- /home/ubuntu/django-example-fall-2024/manage.py [4ms]
2024-11-23 21:15:54.220 [info] > git cat-file -s 374f28ef98fc52d715438f38a714937c443ddb4f [1ms]
2024-11-23 21:18:15.512 [info] > git show --textconv :my_demo_project/settings.py [6ms]
2024-11-23 21:18:15.514 [info] > git ls-files --stage -- /home/ubuntu/django-example-fall-2024/my_demo_project/settings.py [4ms]
2024-11-23 21:18:15.518 [info] > git cat-file -s 4ae5f7ce495f263d5a6142a367ee3ce68f32e862 [1ms]
2024-11-23 21:18:41.071 [info] > git check-ignore -v -z --stdin [2ms]
2024-11-23 21:18:41.747 [info] > git check-ignore -v -z --stdin [1ms]
2024-11-23 21:18:52.972 [info] > git check-ignore -v -z --stdin [3ms]
2024-11-23 21:18:54.254 [info] > git show --textconv :venv/bin/activate [5ms]
2024-11-23 21:18:54.255 [info] > git ls-files --stage -- /home/ubuntu/django-example-fall-2024/venv/bin/activate [3ms]
2024-11-23 21:22:55.538 [info] > git show --textconv :my_demo_project/urls.py [4ms]
2024-11-23 21:22:55.538 [info] > git ls-files --stage -- /home/ubuntu/django-example-fall-2024/my_demo_project/urls.py [2ms]
2024-11-23 21:22:55.542 [info] > git cat-file -s 6fb18eb06bf8dfa99b1ea84e669802ce906178fe [1ms]
2024-11-23 21:23:00.155 [info] > git show --textconv :recipes/urls.py [4ms]
2024-11-23 21:23:00.157 [info] > git ls-files --stage -- /home/ubuntu/django-example-fall-2024/recipes/urls.py [2ms]
2024-11-23 21:23:04.963 [info] > git show --textconv :my_demo_project/urls.py [5ms]
2024-11-23 21:23:04.965 [info] > git ls-files --stage -- /home/ubuntu/django-example-fall-2024/my_demo_project/urls.py [2ms]
2024-11-23 21:23:04.969 [info] > git cat-file -s 6fb18eb06bf8dfa99b1ea84e669802ce906178fe [2ms]
2024-11-23 21:24:19.995 [info] > git show --textconv :my_demo_project/settings.py [5ms]
2024-11-23 21:24:19.998 [info] > git ls-files --stage -- /home/ubuntu/django-example-fall-2024/my_demo_project/settings.py [3ms]
2024-11-23 21:24:20.001 [info] > git cat-file -s 4ae5f7ce495f263d5a6142a367ee3ce68f32e862 [1ms]
2024-11-23 21:24:23.135 [info] > git rev-parse --show-toplevel [3ms]
2024-11-23 21:24:23.135 [info] fatal: not a git repository (or any of the parent directories): .git
2024-11-23 21:24:25.042 [info] > git rev-parse --show-toplevel [2ms]
2024-11-23 21:24:25.042 [info] fatal: not a git repository (or any of the parent directories): .git
2024-11-23 21:25:44.677 [info] > git show --textconv :my_demo_project/settings.py [4ms]
2024-11-23 21:25:44.680 [info] > git ls-files --stage -- /home/ubuntu/django-example-fall-2024/my_demo_project/settings.py [3ms]
2024-11-23 21:25:44.683 [info] > git cat-file -s 4ae5f7ce495f263d5a6142a367ee3ce68f32e862 [1ms]
2024-11-23 21:25:54.400 [info] > git config --get commit.template [4ms]
2024-11-23 21:25:54.402 [info] > git for-each-ref --format=%(refname)%00%(upstream:short)%00%(objectname)%00%(upstream:track)%00%(upstream:remotename)%00%(upstream:remoteref) refs/heads/master refs/remotes/master [2ms]
2024-11-23 21:25:54.404 [warning] [Git][revParse] Unable to read file: ENOENT: no such file or directory, open '/home/ubuntu/django-example-fall-2024/.git/refs/remotes/origin/master'
2024-11-23 21:25:54.405 [info] > git rev-parse refs/remotes/origin/master [1ms]
2024-11-23 21:25:54.415 [info] > git status -z -uall [5ms]
2024-11-23 21:25:54.416 [info] > git for-each-ref --sort -committerdate --format %(refname) %(objectname) %(*objectname) [2ms]
2024-11-23 21:25:56.828 [info] > git show --textconv :my_demo_project/urls.py [4ms]
2024-11-23 21:25:56.831 [info] > git ls-files --stage -- /home/ubuntu/django-example-fall-2024/my_demo_project/urls.py [4ms]
2024-11-23 21:25:56.836 [info] > git cat-file -s 6fb18eb06bf8dfa99b1ea84e669802ce906178fe [2ms]
2024-11-23 21:26:50.578 [info] > git show --textconv :my_demo_project/settings.py [5ms]
2024-11-23 21:26:50.578 [info] > git ls-files --stage -- /home/ubuntu/django-example-fall-2024/my_demo_project/settings.py [1ms]
2024-11-23 21:26:50.583 [info] > git cat-file -s 4ae5f7ce495f263d5a6142a367ee3ce68f32e862 [3ms]
2024-11-23 21:27:09.986 [info] > git show --textconv :recipes/urls.py [4ms]
2024-11-23 21:27:09.986 [info] > git ls-files --stage -- /home/ubuntu/django-example-fall-2024/recipes/urls.py [1ms]
2024-11-23 21:27:16.599 [info] > git show --textconv :my_demo_project/urls.py [4ms]
2024-11-23 21:27:16.602 [info] > git ls-files --stage -- /home/ubuntu/django-example-fall-2024/my_demo_project/urls.py [3ms]
2024-11-23 21:27:16.610 [info] > git cat-file -s 6fb18eb06bf8dfa99b1ea84e669802ce906178fe [4ms]
2024-11-23 21:27:17.030 [info] > git show --textconv :my_demo_project/settings.py [5ms]
2024-11-23 21:27:17.031 [info] > git ls-files --stage -- /home/ubuntu/django-example-fall-2024/my_demo_project/settings.py [1ms]
2024-11-23 21:27:17.035 [info] > git cat-file -s 4ae5f7ce495f263d5a6142a367ee3ce68f32e862 [1ms]
2024-11-23 21:27:20.624 [info] > git show --textconv :my_demo_project/urls.py [4ms]
2024-11-23 21:27:20.626 [info] > git ls-files --stage -- /home/ubuntu/django-example-fall-2024/my_demo_project/urls.py [3ms]
2024-11-23 21:27:20.630 [info] > git cat-file -s 6fb18eb06bf8dfa99b1ea84e669802ce906178fe [2ms]
2024-11-23 21:27:25.710 [info] > git show --textconv :recipes/admin.py [3ms]
2024-11-23 21:27:25.711 [info] > git ls-files --stage -- /home/ubuntu/django-example-fall-2024/recipes/admin.py [2ms]
2024-11-23 21:27:27.213 [info] > git show --textconv :recipes/apps.py [4ms]
2024-11-23 21:27:27.213 [info] > git ls-files --stage -- /home/ubuntu/django-example-fall-2024/recipes/apps.py [2ms]
2024-11-23 21:27:28.760 [info] > git show --textconv :recipes/forms.py [4ms]
2024-11-23 21:27:28.761 [info] > git ls-files --stage -- /home/ubuntu/django-example-fall-2024/recipes/forms.py [2ms]
2024-11-23 21:27:50.108 [info] > git show --textconv :recipes/models.py [3ms]
2024-11-23 21:27:50.109 [info] > git ls-files --stage -- /home/ubuntu/django-example-fall-2024/recipes/models.py [2ms]
2024-11-23 21:27:55.408 [info] > git show --textconv :recipes/forms.py [4ms]
2024-11-23 21:27:55.409 [info] > git ls-files --stage -- /home/ubuntu/django-example-fall-2024/recipes/forms.py [2ms]
2024-11-23 21:27:56.331 [info] > git show --textconv :recipes/admin.py [6ms]
2024-11-23 21:27:56.331 [info] > git ls-files --stage -- /home/ubuntu/django-example-fall-2024/recipes/admin.py [1ms]
2024-11-23 21:27:57.299 [info] > git show --textconv :recipes/apps.py [8ms]
2024-11-23 21:27:57.302 [info] > git ls-files --stage -- /home/ubuntu/django-example-fall-2024/recipes/apps.py [7ms]
2024-11-23 21:28:14.796 [info] > git show --textconv :recipes/forms.py [3ms]
2024-11-23 21:28:14.798 [info] > git ls-files --stage -- /home/ubuntu/django-example-fall-2024/recipes/forms.py [3ms]
2024-11-23 21:28:15.244 [info] > git config --get commit.template [3ms]
2024-11-23 21:28:15.251 [info] > git for-each-ref --format=%(refname)%00%(upstream:short)%00%(objectname)%00%(upstream:track)%00%(upstream:remotename)%00%(upstream:remoteref) refs/heads/master refs/remotes/master [4ms]
2024-11-23 21:28:15.253 [warning] [Git][revParse] Unable to read file: ENOENT: no such file or directory, open '/home/ubuntu/django-example-fall-2024/.git/refs/remotes/origin/master'
2024-11-23 21:28:15.256 [info] > git rev-parse refs/remotes/origin/master [3ms]
2024-11-23 21:28:15.266 [info] > git status -z -uall [7ms]
2024-11-23 21:28:15.269 [info] > git for-each-ref --sort -committerdate --format %(refname) %(objectname) %(*objectname) [4ms]
2024-11-23 21:28:18.377 [info] > git show --textconv :recipes/models.py [7ms]
2024-11-23 21:28:18.378 [info] > git ls-files --stage -- /home/ubuntu/django-example-fall-2024/recipes/models.py [4ms]
2024-11-23 21:28:20.281 [info] > git config --get commit.template [0ms]
2024-11-23 21:28:20.285 [info] > git for-each-ref --format=%(refname)%00%(upstream:short)%00%(objectname)%00%(upstream:track)%00%(upstream:remotename)%00%(upstream:remoteref) refs/heads/master refs/remotes/master [1ms]
2024-11-23 21:28:20.288 [warning] [Git][revParse] Unable to read file: ENOENT: no such file or directory, open '/home/ubuntu/django-example-fall-2024/.git/refs/remotes/origin/master'
2024-11-23 21:28:20.289 [info] > git rev-parse refs/remotes/origin/master [1ms]
2024-11-23 21:28:20.297 [info] > git status -z -uall [6ms]
2024-11-23 21:28:20.297 [info] > git for-each-ref --sort -committerdate --format %(refname) %(objectname) %(*objectname) [1ms]
2024-11-23 21:29:19.740 [info] > git config --get commit.template [7ms]
2024-11-23 21:29:19.741 [info] > git for-each-ref --format=%(refname)%00%(upstream:short)%00%(objectname)%00%(upstream:track)%00%(upstream:remotename)%00%(upstream:remoteref) refs/heads/master refs/remotes/master [2ms]
2024-11-23 21:29:19.743 [warning] [Git][revParse] Unable to read file: ENOENT: no such file or directory, open '/home/ubuntu/django-example-fall-2024/.git/refs/remotes/origin/master'
2024-11-23 21:29:19.744 [info] > git rev-parse refs/remotes/origin/master [1ms]
2024-11-23 21:29:19.751 [info] > git status -z -uall [3ms]
2024-11-23 21:29:19.752 [info] > git for-each-ref --sort -committerdate --format %(refname) %(objectname) %(*objectname) [2ms]
2024-11-23 21:29:32.343 [info] > git config --get commit.template [1ms]
2024-11-23 21:29:32.348 [info] > git for-each-ref --format=%(refname)%00%(upstream:short)%00%(objectname)%00%(upstream:track)%00%(upstream:remotename)%00%(upstream:remoteref) refs/heads/master refs/remotes/master [1ms]
2024-11-23 21:29:32.350 [warning] [Git][revParse] Unable to read file: ENOENT: no such file or directory, open '/home/ubuntu/django-example-fall-2024/.git/refs/remotes/origin/master'
2024-11-23 21:29:32.352 [info] > git rev-parse refs/remotes/origin/master [2ms]
2024-11-23 21:29:32.361 [info] > git status -z -uall [5ms]
2024-11-23 21:29:32.363 [info] > git for-each-ref --sort -committerdate --format %(refname) %(objectname) %(*objectname) [4ms]
2024-11-23 21:30:50.600 [info] > git config --get commit.template [4ms]
2024-11-23 21:30:50.601 [info] > git for-each-ref --format=%(refname)%00%(upstream:short)%00%(objectname)%00%(upstream:track)%00%(upstream:remotename)%00%(upstream:remoteref) refs/heads/master refs/remotes/master [2ms]
2024-11-23 21:30:50.604 [warning] [Git][revParse] Unable to read file: ENOENT: no such file or directory, open '/home/ubuntu/django-example-fall-2024/.git/refs/remotes/origin/master'
2024-11-23 21:30:50.605 [info] > git rev-parse refs/remotes/origin/master [1ms]
2024-11-23 21:30:50.611 [info] > git status -z -uall [4ms]
2024-11-23 21:30:50.613 [info] > git for-each-ref --sort -committerdate --format %(refname) %(objectname) %(*objectname) [2ms]
2024-11-23 21:30:56.300 [info] > git check-ignore -v -z --stdin [1ms]
2024-11-23 21:31:03.606 [info] > git check-ignore -v -z --stdin [1ms]
2024-11-23 21:31:05.604 [info] > git check-ignore -v -z --stdin [2ms]
2024-11-23 21:31:33.670 [info] > git check-ignore -v -z --stdin [2ms]
2024-11-23 21:31:35.646 [info] > git check-ignore -v -z --stdin [2ms]
2024-11-23 21:31:38.150 [info] > git show --textconv :app/_layout.js [21ms]
2024-11-23 21:31:38.155 [info] > git ls-files --stage -- /home/ubuntu/expo-example-fall-2024/app/_layout.js [8ms]
2024-11-23 21:31:38.183 [info] > git cat-file -s 409a1dfbf793f98904326faf0d833a7ddad2337c [6ms]
2024-11-23 21:31:39.216 [info] > git show --textconv :app/aboutUs.js [33ms]
2024-11-23 21:31:39.244 [info] > git ls-files --stage -- /home/ubuntu/expo-example-fall-2024/app/aboutUs.js [39ms]
2024-11-23 21:31:39.288 [info] > git cat-file -s 9dc5e634b189ce5cd95de507b10934b44b81bfb1 [10ms]
2024-11-23 21:31:42.001 [info] > git show --textconv :app/AddUserForm.js [39ms]
2024-11-23 21:31:42.009 [info] > git ls-files --stage -- /home/ubuntu/expo-example-fall-2024/app/AddUserForm.js [24ms]
2024-11-23 21:31:42.068 [info] > git cat-file -s 55c92e0654b93b8cdfd52a1947a7a1245e27958e [17ms]
2024-11-23 21:32:38.032 [info] > git config --get commit.template [6ms]
2024-11-23 21:32:38.036 [info] > git for-each-ref --format=%(refname)%00%(upstream:short)%00%(objectname)%00%(upstream:track)%00%(upstream:remotename)%00%(upstream:remoteref) refs/heads/master refs/remotes/master [5ms]
2024-11-23 21:32:38.039 [warning] [Git][revParse] Unable to read file: ENOENT: no such file or directory, open '/home/ubuntu/expo-example-fall-2024/.git/refs/remotes/origin/master'
2024-11-23 21:32:38.039 [info] > git rev-parse refs/remotes/origin/master [0ms]
2024-11-23 21:32:38.046 [info] > git for-each-ref --sort -committerdate --format %(refname) %(objectname) %(*objectname) [1ms]
2024-11-23 21:32:38.063 [info] > git status -z -uall [22ms]
2024-11-23 21:33:04.149 [info] > git show --textconv :app/_layout.js [9ms]
2024-11-23 21:33:04.153 [info] > git ls-files --stage -- /home/ubuntu/expo-example-fall-2024/app/_layout.js [3ms]
2024-11-23 21:33:04.159 [info] > git cat-file -s 409a1dfbf793f98904326faf0d833a7ddad2337c [3ms]
2024-11-23 21:33:06.904 [info] > git show --textconv :app/AddUserForm.js [5ms]
2024-11-23 21:33:06.906 [info] > git ls-files --stage -- /home/ubuntu/expo-example-fall-2024/app/AddUserForm.js [3ms]
2024-11-23 21:33:06.909 [info] > git cat-file -s 55c92e0654b93b8cdfd52a1947a7a1245e27958e [1ms]
2024-11-23 21:33:07.575 [info] > git show --textconv :app/index.js [13ms]
2024-11-23 21:33:07.580 [info] > git ls-files --stage -- /home/ubuntu/expo-example-fall-2024/app/index.js [6ms]
2024-11-23 21:33:07.595 [info] > git cat-file -s fe92760fa6ca818ebf82f0dcb6ee3b874001778d [7ms]
2024-11-23 21:34:00.594 [info] > git config --get commit.template [1ms]
2024-11-23 21:34:00.599 [info] > git for-each-ref --format=%(refname)%00%(upstream:short)%00%(objectname)%00%(upstream:track)%00%(upstream:remotename)%00%(upstream:remoteref) refs/heads/master refs/remotes/master [1ms]
2024-11-23 21:34:00.602 [warning] [Git][revParse] Unable to read file: ENOENT: no such file or directory, open '/home/ubuntu/expo-example-fall-2024/.git/refs/remotes/origin/master'
2024-11-23 21:34:00.602 [info] > git rev-parse refs/remotes/origin/master [0ms]
2024-11-23 21:34:00.612 [info] > git status -z -uall [8ms]
2024-11-23 21:34:00.614 [info] > git for-each-ref --sort -committerdate --format %(refname) %(objectname) %(*objectname) [2ms]
2024-11-23 21:34:11.121 [info] > git check-ignore -v -z --stdin [1ms]
2024-11-23 21:34:12.867 [info] > git check-ignore -v -z --stdin [2ms]
2024-11-23 21:34:14.173 [info] > git show --textconv :components/CustomInput.jsx [59ms]
2024-11-23 21:34:14.174 [info] > git ls-files --stage -- /home/ubuntu/expo-example-fall-2024/components/CustomInput.jsx [9ms]
2024-11-23 21:34:14.215 [info] > git cat-file -s 5d12628fd0a904eebee6adc82063500869520bca [22ms]
2024-11-23 21:34:19.481 [info] > git show --textconv :components/Navigation.jsx [5ms]
2024-11-23 21:34:19.482 [info] > git ls-files --stage -- /home/ubuntu/expo-example-fall-2024/components/Navigation.jsx [2ms]
2024-11-23 21:34:19.485 [info] > git cat-file -s 0db6440aabfaee0355f96f446a7186b02d8dedf1 [2ms]
2024-11-23 21:35:09.590 [info] > git config --get commit.template [4ms]
2024-11-23 21:35:09.612 [info] > git for-each-ref --format=%(refname)%00%(upstream:short)%00%(objectname)%00%(upstream:track)%00%(upstream:remotename)%00%(upstream:remoteref) refs/heads/master refs/remotes/master [6ms]
2024-11-23 21:35:09.630 [warning] [Git][revParse] Unable to read file: ENOENT: no such file or directory, open '/home/ubuntu/expo-example-fall-2024/.git/refs/remotes/origin/master'
2024-11-23 21:35:09.641 [info] > git rev-parse refs/remotes/origin/master [11ms]
2024-11-23 21:35:09.675 [info] > git for-each-ref --sort -committerdate --format %(refname) %(objectname) %(*objectname) [7ms]
2024-11-23 21:35:09.686 [info] > git status -z -uall [32ms]
2024-11-23 21:35:15.374 [info] > git config --get commit.template [1ms]
2024-11-23 21:35:15.379 [info] > git for-each-ref --format=%(refname)%00%(upstream:short)%00%(objectname)%00%(upstream:track)%00%(upstream:remotename)%00%(upstream:remoteref) refs/heads/master refs/remotes/master [2ms]
2024-11-23 21:35:15.381 [warning] [Git][revParse] Unable to read file: ENOENT: no such file or directory, open '/home/ubuntu/expo-example-fall-2024/.git/refs/remotes/origin/master'
2024-11-23 21:35:15.385 [info] > git rev-parse refs/remotes/origin/master [4ms]
2024-11-23 21:35:15.397 [info] > git for-each-ref --sort -committerdate --format %(refname) %(objectname) %(*objectname) [1ms]
2024-11-23 21:35:15.400 [info] > git status -z -uall [13ms]
2024-11-23 21:35:29.618 [info] > git config --get commit.template [3ms]
2024-11-23 21:35:29.620 [info] > git for-each-ref --format=%(refname)%00%(upstream:short)%00%(objectname)%00%(upstream:track)%00%(upstream:remotename)%00%(upstream:remoteref) refs/heads/master refs/remotes/master [3ms]
2024-11-23 21:35:29.621 [warning] [Git][revParse] Unable to read file: ENOENT: no such file or directory, open '/home/ubuntu/expo-example-fall-2024/.git/refs/remotes/origin/master'
2024-11-23 21:35:29.622 [info] > git rev-parse refs/remotes/origin/master [1ms]
2024-11-23 21:35:29.633 [info] > git for-each-ref --sort -committerdate --format %(refname) %(objectname) %(*objectname) [5ms]
2024-11-23 21:35:29.635 [info] > git status -z -uall [9ms]
2024-11-23 21:35:30.963 [info] > git check-ignore -v -z --stdin [1ms]
2024-11-23 21:35:32.704 [info] > git check-ignore -v -z --stdin [1ms]
2024-11-23 21:35:33.562 [info] > git show --textconv :state/formSlice.js [13ms]
2024-11-23 21:35:33.571 [info] > git ls-files --stage -- /home/ubuntu/expo-example-fall-2024/state/formSlice.js [3ms]
2024-11-23 21:35:33.591 [info] > git cat-file -s 15c3f30615d3272a8fbe3927feb3cbf910ba169e [7ms]
2024-11-23 21:36:01.642 [info] > git show --textconv :components/Navigation.jsx [5ms]
2024-11-23 21:36:01.644 [info] > git ls-files --stage -- /home/ubuntu/expo-example-fall-2024/components/Navigation.jsx [3ms]
2024-11-23 21:36:01.651 [info] > git cat-file -s 0db6440aabfaee0355f96f446a7186b02d8dedf1 [4ms]
2024-11-23 21:36:07.815 [info] > git show --textconv :app/AddUserForm.js [4ms]
2024-11-23 21:36:07.817 [info] > git ls-files --stage -- /home/ubuntu/expo-example-fall-2024/app/AddUserForm.js [3ms]
2024-11-23 21:36:07.821 [info] > git cat-file -s 55c92e0654b93b8cdfd52a1947a7a1245e27958e [2ms]
2024-11-23 21:36:18.427 [info] > git show --textconv :app/AddRecipeForm.js [27ms]
2024-11-23 21:36:18.433 [info] > git ls-files --stage -- /home/ubuntu/expo-example-fall-2024/app/AddRecipeForm.js [14ms]
2024-11-23 21:36:18.607 [info] > git check-ignore -v -z --stdin [6ms]
2024-11-23 21:36:19.102 [info] > git config --get commit.template [4ms]
2024-11-23 21:36:19.104 [info] > git for-each-ref --format=%(refname)%00%(upstream:short)%00%(objectname)%00%(upstream:track)%00%(upstream:remotename)%00%(upstream:remoteref) refs/heads/master refs/remotes/master [2ms]
2024-11-23 21:36:19.106 [warning] [Git][revParse] Unable to read file: ENOENT: no such file or directory, open '/home/ubuntu/expo-example-fall-2024/.git/refs/remotes/origin/master'
2024-11-23 21:36:19.108 [info] > git rev-parse refs/remotes/origin/master [2ms]
2024-11-23 21:36:19.121 [info] > git for-each-ref --sort -committerdate --format %(refname) %(objectname) %(*objectname) [4ms]
2024-11-23 21:36:19.126 [info] > git status -z -uall [15ms]
2024-11-23 21:36:20.859 [info] > git show --textconv :state/formSlice.js [6ms]
2024-11-23 21:36:20.860 [info] > git ls-files --stage -- /home/ubuntu/expo-example-fall-2024/state/formSlice.js [3ms]
2024-11-23 21:36:20.863 [info] > git cat-file -s 15c3f30615d3272a8fbe3927feb3cbf910ba169e [1ms]
2024-11-23 21:36:51.039 [info] > git config --get commit.template [0ms]
2024-11-23 21:36:51.043 [info] > git for-each-ref --format=%(refname)%00%(upstream:short)%00%(objectname)%00%(upstream:track)%00%(upstream:remotename)%00%(upstream:remoteref) refs/heads/master refs/remotes/master [2ms]
2024-11-23 21:36:51.046 [warning] [Git][revParse] Unable to read file: ENOENT: no such file or directory, open '/home/ubuntu/expo-example-fall-2024/.git/refs/remotes/origin/master'
2024-11-23 21:36:51.047 [info] > git rev-parse refs/remotes/origin/master [1ms]
2024-11-23 21:36:51.056 [info] > git for-each-ref --sort -committerdate --format %(refname) %(objectname) %(*objectname) [3ms]
2024-11-23 21:36:51.058 [info] > git status -z -uall [9ms]
2024-11-23 21:36:52.222 [info] > git show --textconv :state/store.js [16ms]
2024-11-23 21:36:52.224 [info] > git ls-files --stage -- /home/ubuntu/expo-example-fall-2024/state/store.js [10ms]
2024-11-23 21:36:52.232 [info] > git cat-file -s 53f78ae43dec5280a074082a535bf152c37f7b9c [4ms]
2024-11-23 21:37:14.894 [info] > git config --get commit.template [10ms]
2024-11-23 21:37:14.895 [info] > git for-each-ref --format=%(refname)%00%(upstream:short)%00%(objectname)%00%(upstream:track)%00%(upstream:remotename)%00%(upstream:remoteref) refs/heads/master refs/remotes/master [6ms]
2024-11-23 21:37:14.899 [warning] [Git][revParse] Unable to read file: ENOENT: no such file or directory, open '/home/ubuntu/expo-example-fall-2024/.git/refs/remotes/origin/master'
2024-11-23 21:37:14.902 [info] > git rev-parse refs/remotes/origin/master [2ms]
2024-11-23 21:37:14.918 [info] > git for-each-ref --sort -committerdate --format %(refname) %(objectname) %(*objectname) [7ms]
2024-11-23 21:37:14.920 [info] > git status -z -uall [14ms]
2024-11-23 21:37:19.930 [info] > git config --get commit.template [4ms]
2024-11-23 21:37:19.931 [info] > git for-each-ref --format=%(refname)%00%(upstream:short)%00%(objectname)%00%(upstream:track)%00%(upstream:remotename)%00%(upstream:remoteref) refs/heads/master refs/remotes/master [2ms]
2024-11-23 21:37:19.933 [warning] [Git][revParse] Unable to read file: ENOENT: no such file or directory, open '/home/ubuntu/expo-example-fall-2024/.git/refs/remotes/origin/master'
2024-11-23 21:37:19.934 [info] > git rev-parse refs/remotes/origin/master [1ms]
2024-11-23 21:37:19.944 [info] > git for-each-ref --sort -committerdate --format %(refname) %(objectname) %(*objectname) [2ms]
2024-11-23 21:37:19.946 [info] > git status -z -uall [9ms]
2024-11-23 21:37:24.957 [info] > git config --get commit.template [4ms]
2024-11-23 21:37:24.959 [info] > git for-each-ref --format=%(refname)%00%(upstream:short)%00%(objectname)%00%(upstream:track)%00%(upstream:remotename)%00%(upstream:remoteref) refs/heads/master refs/remotes/master [3ms]
2024-11-23 21:37:24.965 [warning] [Git][revParse] Unable to read file: ENOENT: no such file or directory, open '/home/ubuntu/expo-example-fall-2024/.git/refs/remotes/origin/master'
2024-11-23 21:37:24.966 [info] > git rev-parse refs/remotes/origin/master [2ms]
2024-11-23 21:37:24.973 [info] > git for-each-ref --sort -committerdate --format %(refname) %(objectname) %(*objectname) [1ms]
2024-11-23 21:37:24.976 [info] > git status -z -uall [9ms]
2024-11-23 21:37:29.989 [info] > git config --get commit.template [6ms]
2024-11-23 21:37:29.990 [info] > git for-each-ref --format=%(refname)%00%(upstream:short)%00%(objectname)%00%(upstream:track)%00%(upstream:remotename)%00%(upstream:remoteref) refs/heads/master refs/remotes/master [3ms]
2024-11-23 21:37:29.991 [warning] [Git][revParse] Unable to read file: ENOENT: no such file or directory, open '/home/ubuntu/expo-example-fall-2024/.git/refs/remotes/origin/master'
2024-11-23 21:37:29.995 [info] > git rev-parse refs/remotes/origin/master [1ms]
2024-11-23 21:37:30.009 [info] > git for-each-ref --sort -committerdate --format %(refname) %(objectname) %(*objectname) [3ms]
2024-11-23 21:37:30.012 [info] > git status -z -uall [13ms]
2024-11-23 21:37:35.022 [info] > git config --get commit.template [1ms]
2024-11-23 21:37:35.026 [info] > git for-each-ref --format=%(refname)%00%(upstream:short)%00%(objectname)%00%(upstream:track)%00%(upstream:remotename)%00%(upstream:remoteref) refs/heads/master refs/remotes/master [1ms]
2024-11-23 21:37:35.028 [warning] [Git][revParse] Unable to read file: ENOENT: no such file or directory, open '/home/ubuntu/expo-example-fall-2024/.git/refs/remotes/origin/master'
2024-11-23 21:37:35.030 [info] > git rev-parse refs/remotes/origin/master [2ms]
2024-11-23 21:37:35.040 [info] > git for-each-ref --sort -committerdate --format %(refname) %(objectname) %(*objectname) [5ms]
2024-11-23 21:37:35.047 [info] > git status -z -uall [14ms]
2024-11-23 21:37:40.059 [info] > git config --get commit.template [6ms]
2024-11-23 21:37:40.060 [info] > git for-each-ref --format=%(refname)%00%(upstream:short)%00%(objectname)%00%(upstream:track)%00%(upstream:remotename)%00%(upstream:remoteref) refs/heads/master refs/remotes/master [2ms]
2024-11-23 21:37:40.062 [warning] [Git][revParse] Unable to read file: ENOENT: no such file or directory, open '/home/ubuntu/expo-example-fall-2024/.git/refs/remotes/origin/master'
2024-11-23 21:37:40.063 [info] > git rev-parse refs/remotes/origin/master [1ms]
2024-11-23 21:37:40.073 [info] > git for-each-ref --sort -committerdate --format %(refname) %(objectname) %(*objectname) [3ms]
2024-11-23 21:37:40.077 [info] > git status -z -uall [12ms]
2024-11-23 21:37:45.089 [info] > git config --get commit.template [4ms]
2024-11-23 21:37:45.089 [info] > git for-each-ref --format=%(refname)%00%(upstream:short)%00%(objectname)%00%(upstream:track)%00%(upstream:remotename)%00%(upstream:remoteref) refs/heads/master refs/remotes/master [3ms]
2024-11-23 21:37:45.091 [warning] [Git][revParse] Unable to read file: ENOENT: no such file or directory, open '/home/ubuntu/expo-example-fall-2024/.git/refs/remotes/origin/master'
2024-11-23 21:37:45.092 [info] > git rev-parse refs/remotes/origin/master [1ms]
2024-11-23 21:37:45.102 [info] > git for-each-ref --sort -committerdate --format %(refname) %(objectname) %(*objectname) [3ms]
2024-11-23 21:37:45.104 [info] > git status -z -uall [10ms]
2024-11-23 21:37:50.116 [info] > git config --get commit.template [5ms]
2024-11-23 21:37:50.118 [info] > git for-each-ref --format=%(refname)%00%(upstream:short)%00%(objectname)%00%(upstream:track)%00%(upstream:remotename)%00%(upstream:remoteref) refs/heads/master refs/remotes/master [2ms]
2024-11-23 21:37:50.120 [warning] [Git][revParse] Unable to read file: ENOENT: no such file or directory, open '/home/ubuntu/expo-example-fall-2024/.git/refs/remotes/origin/master'
2024-11-23 21:37:50.121 [info] > git rev-parse refs/remotes/origin/master [1ms]
2024-11-23 21:37:50.131 [info] > git for-each-ref --sort -committerdate --format %(refname) %(objectname) %(*objectname) [4ms]
2024-11-23 21:37:50.132 [info] > git status -z -uall [10ms]
2024-11-23 21:37:52.133 [info] > git show --textconv :state/weatherSlice.js [5ms]
2024-11-23 21:37:52.134 [info] > git ls-files --stage -- /home/ubuntu/expo-example-fall-2024/state/weatherSlice.js [2ms]
2024-11-23 21:37:52.139 [info] > git cat-file -s d640bbfd4d0b137e359f46010ff55780544d1de9 [2ms]
2024-11-23 21:38:40.055 [info] > git ls-files --stage -- /home/ubuntu/expo-example-fall-2024/state/formSlice.js [13ms]
2024-11-23 21:38:40.059 [info] > git cat-file -s 15c3f30615d3272a8fbe3927feb3cbf910ba169e [1ms]
2024-11-23 21:38:40.060 [info] > git show --textconv :state/formSlice.js [21ms]
2024-11-23 21:38:51.142 [info] > git config --get commit.template [2ms]
2024-11-23 21:38:51.153 [info] > git for-each-ref --format=%(refname)%00%(upstream:short)%00%(objectname)%00%(upstream:track)%00%(upstream:remotename)%00%(upstream:remoteref) refs/heads/master refs/remotes/master [7ms]
2024-11-23 21:38:51.156 [warning] [Git][revParse] Unable to read file: ENOENT: no such file or directory, open '/home/ubuntu/expo-example-fall-2024/.git/refs/remotes/origin/master'
2024-11-23 21:38:51.161 [info] > git rev-parse refs/remotes/origin/master [5ms]
2024-11-23 21:38:51.173 [info] > git for-each-ref --sort -committerdate --format %(refname) %(objectname) %(*objectname) [5ms]
2024-11-23 21:38:51.179 [info] > git status -z -uall [14ms]
2024-11-23 21:38:56.196 [info] > git config --get commit.template [5ms]
2024-11-23 21:38:56.196 [info] > git for-each-ref --format=%(refname)%00%(upstream:short)%00%(objectname)%00%(upstream:track)%00%(upstream:remotename)%00%(upstream:remoteref) refs/heads/master refs/remotes/master [1ms]
2024-11-23 21:38:56.199 [warning] [Git][revParse] Unable to read file: ENOENT: no such file or directory, open '/home/ubuntu/expo-example-fall-2024/.git/refs/remotes/origin/master'
2024-11-23 21:38:56.200 [info] > git rev-parse refs/remotes/origin/master [1ms]
2024-11-23 21:38:56.208 [info] > git for-each-ref --sort -committerdate --format %(refname) %(objectname) %(*objectname) [1ms]
2024-11-23 21:38:56.212 [info] > git status -z -uall [10ms]
2024-11-23 21:39:03.348 [info] > git show --textconv :state/recipeSlice.js [4ms]
2024-11-23 21:39:03.350 [info] > git ls-files --stage -- /home/ubuntu/expo-example-fall-2024/state/recipeSlice.js [2ms]
2024-11-23 21:39:03.565 [info] > git check-ignore -v -z --stdin [3ms]
2024-11-23 21:39:04.101 [info] > git config --get commit.template [1ms]
2024-11-23 21:39:04.105 [info] > git for-each-ref --format=%(refname)%00%(upstream:short)%00%(objectname)%00%(upstream:track)%00%(upstream:remotename)%00%(upstream:remoteref) refs/heads/master refs/remotes/master [2ms]
2024-11-23 21:39:04.108 [warning] [Git][revParse] Unable to read file: ENOENT: no such file or directory, open '/home/ubuntu/expo-example-fall-2024/.git/refs/remotes/origin/master'
2024-11-23 21:39:04.109 [info] > git rev-parse refs/remotes/origin/master [0ms]
2024-11-23 21:39:04.121 [info] > git status -z -uall [10ms]
2024-11-23 21:39:04.121 [info] > git for-each-ref --sort -committerdate --format %(refname) %(objectname) %(*objectname) [5ms]
2024-11-23 21:40:16.584 [info] > git config --get commit.template [4ms]
2024-11-23 21:40:16.592 [info] > git for-each-ref --format=%(refname)%00%(upstream:short)%00%(objectname)%00%(upstream:track)%00%(upstream:remotename)%00%(upstream:remoteref) refs/heads/master refs/remotes/master [7ms]
2024-11-23 21:40:16.594 [warning] [Git][revParse] Unable to read file: ENOENT: no such file or directory, open '/home/ubuntu/django-example-fall-2024/.git/refs/remotes/origin/master'
2024-11-23 21:40:16.595 [info] > git rev-parse refs/remotes/origin/master [1ms]
2024-11-23 21:40:16.603 [info] > git for-each-ref --sort -committerdate --format %(refname) %(objectname) %(*objectname) [3ms]
2024-11-23 21:40:16.606 [info] > git status -z -uall [9ms]
2024-11-23 21:40:35.528 [info] > git config --get commit.template [6ms]
2024-11-23 21:40:35.530 [info] > git for-each-ref --format=%(refname)%00%(upstream:short)%00%(objectname)%00%(upstream:track)%00%(upstream:remotename)%00%(upstream:remoteref) refs/heads/master refs/remotes/master [3ms]
2024-11-23 21:40:35.531 [warning] [Git][revParse] Unable to read file: ENOENT: no such file or directory, open '/home/ubuntu/django-example-fall-2024/.git/refs/remotes/origin/master'
2024-11-23 21:40:35.532 [info] > git rev-parse refs/remotes/origin/master [1ms]
2024-11-23 21:40:35.540 [info] > git status -z -uall [6ms]
2024-11-23 21:40:35.542 [info] > git for-each-ref --sort -committerdate --format %(refname) %(objectname) %(*objectname) [4ms]
2024-11-23 21:40:40.969 [info] > git show --textconv :app/index.js [4ms]
2024-11-23 21:40:40.969 [info] > git ls-files --stage -- /home/ubuntu/expo-example-fall-2024/app/index.js [1ms]
2024-11-23 21:40:40.974 [info] > git cat-file -s fe92760fa6ca818ebf82f0dcb6ee3b874001778d [2ms]
2024-11-23 21:41:09.605 [info] > git show --textconv :state/recipeSlice.js [4ms]
2024-11-23 21:41:09.606 [info] > git ls-files --stage -- /home/ubuntu/expo-example-fall-2024/state/recipeSlice.js [3ms]
2024-11-23 21:41:17.318 [info] > git show --textconv :app/index.js [4ms]
2024-11-23 21:41:17.321 [info] > git ls-files --stage -- /home/ubuntu/expo-example-fall-2024/app/index.js [3ms]
2024-11-23 21:41:17.324 [info] > git cat-file -s fe92760fa6ca818ebf82f0dcb6ee3b874001778d [0ms]
2024-11-23 21:41:21.880 [info] > git show --textconv :state/recipeSlice.js [4ms]
2024-11-23 21:41:21.881 [info] > git ls-files --stage -- /home/ubuntu/expo-example-fall-2024/state/recipeSlice.js [2ms]
2024-11-23 21:42:24.912 [info] > git show --textconv :app/index.js [11ms]
2024-11-23 21:42:24.914 [info] > git ls-files --stage -- /home/ubuntu/expo-example-fall-2024/app/index.js [6ms]
2024-11-23 21:42:24.919 [info] > git cat-file -s fe92760fa6ca818ebf82f0dcb6ee3b874001778d [2ms]
2024-11-23 21:42:46.300 [info] > git show --textconv :state/recipeSlice.js [6ms]
2024-11-23 21:42:46.304 [info] > git ls-files --stage -- /home/ubuntu/expo-example-fall-2024/state/recipeSlice.js [7ms]
2024-11-23 21:43:07.446 [info] > git config --get commit.template [7ms]
2024-11-23 21:43:07.457 [info] > git for-each-ref --format=%(refname)%00%(upstream:short)%00%(objectname)%00%(upstream:track)%00%(upstream:remotename)%00%(upstream:remoteref) refs/heads/master refs/remotes/master [4ms]
2024-11-23 21:43:07.459 [warning] [Git][revParse] Unable to read file: ENOENT: no such file or directory, open '/home/ubuntu/expo-example-fall-2024/.git/refs/remotes/origin/master'
2024-11-23 21:43:07.460 [info] > git rev-parse refs/remotes/origin/master [1ms]
2024-11-23 21:43:07.468 [info] > git for-each-ref --sort -committerdate --format %(refname) %(objectname) %(*objectname) [3ms]
2024-11-23 21:43:07.478 [info] > git status -z -uall [16ms]
2024-11-23 21:44:37.979 [info] > git config --get commit.template [1ms]
2024-11-23 21:44:37.986 [info] > git for-each-ref --format=%(refname)%00%(upstream:short)%00%(objectname)%00%(upstream:track)%00%(upstream:remotename)%00%(upstream:remoteref) refs/heads/master refs/remotes/master [1ms]
2024-11-23 21:44:37.988 [warning] [Git][revParse] Unable to read file: ENOENT: no such file or directory, open '/home/ubuntu/expo-example-fall-2024/.git/refs/remotes/origin/master'
2024-11-23 21:44:37.989 [info] > git rev-parse refs/remotes/origin/master [1ms]
2024-11-23 21:44:37.996 [info] > git for-each-ref --sort -committerdate --format %(refname) %(objectname) %(*objectname) [0ms]
2024-11-23 21:44:38.001 [info] > git status -z -uall [11ms]
2024-11-23 21:44:48.058 [info] > git check-ignore -v -z --stdin [1ms]
2024-11-23 21:44:48.806 [info] > git show --textconv :recipes/templates/recipes/recipeForm.html [28ms]
2024-11-23 21:44:48.817 [info] > git ls-files --stage -- /home/ubuntu/django-example-fall-2024/recipes/templates/recipes/recipeForm.html [15ms]
2024-11-23 21:45:07.952 [info] > git show --textconv :app/index.js [6ms]
2024-11-23 21:45:07.954 [info] > git ls-files --stage -- /home/ubuntu/expo-example-fall-2024/app/index.js [2ms]
2024-11-23 21:45:07.960 [info] > git cat-file -s fe92760fa6ca818ebf82f0dcb6ee3b874001778d [5ms]
2024-11-23 21:45:14.243 [info] > git show --textconv :state/store.js [3ms]
2024-11-23 21:45:14.245 [info] > git ls-files --stage -- /home/ubuntu/expo-example-fall-2024/state/store.js [3ms]
2024-11-23 21:45:14.250 [info] > git cat-file -s 53f78ae43dec5280a074082a535bf152c37f7b9c [3ms]
2024-11-23 21:45:16.845 [info] > git show --textconv :app/_layout.js [5ms]
2024-11-23 21:45:16.845 [info] > git ls-files --stage -- /home/ubuntu/expo-example-fall-2024/app/_layout.js [2ms]
2024-11-23 21:45:16.851 [info] > git cat-file -s 409a1dfbf793f98904326faf0d833a7ddad2337c [5ms]
2024-11-23 21:45:29.978 [info] > git show --textconv :app/index.js [7ms]
2024-11-23 21:45:29.985 [info] > git ls-files --stage -- /home/ubuntu/expo-example-fall-2024/app/index.js [8ms]
2024-11-23 21:45:29.995 [info] > git cat-file -s fe92760fa6ca818ebf82f0dcb6ee3b874001778d [3ms]
2024-11-23 21:45:41.101 [info] > git show --textconv :app/_layout.js [7ms]
2024-11-23 21:45:41.101 [info] > git ls-files --stage -- /home/ubuntu/expo-example-fall-2024/app/_layout.js [2ms]
2024-11-23 21:45:41.105 [info] > git cat-file -s 409a1dfbf793f98904326faf0d833a7ddad2337c [2ms]
2024-11-23 21:45:42.566 [info] > git show --textconv :app/aboutUs.js [6ms]
2024-11-23 21:45:42.569 [info] > git ls-files --stage -- /home/ubuntu/expo-example-fall-2024/app/aboutUs.js [4ms]
2024-11-23 21:45:42.576 [info] > git cat-file -s 9dc5e634b189ce5cd95de507b10934b44b81bfb1 [5ms]
2024-11-23 21:45:48.225 [info] > git check-ignore -v -z --stdin [3ms]
2024-11-23 21:45:49.694 [info] > git show --textconv :.expo/devices.json [18ms]
2024-11-23 21:45:49.694 [info] > git ls-files --stage -- /home/ubuntu/expo-example-fall-2024/.expo/devices.json [1ms]
2024-11-23 21:46:17.288 [info] > git show --textconv :app.json [5ms]
2024-11-23 21:46:17.288 [info] > git ls-files --stage -- /home/ubuntu/expo-example-fall-2024/app.json [1ms]
2024-11-23 21:46:17.293 [info] > git cat-file -s 28951f41575c420c62ba82d485b5838ce65a2b2c [3ms]
2024-11-23 21:46:28.227 [info] > git show --textconv :app/index.js [4ms]
2024-11-23 21:46:28.230 [info] > git ls-files --stage -- /home/ubuntu/expo-example-fall-2024/app/index.js [4ms]
2024-11-23 21:46:28.236 [info] > git cat-file -s fe92760fa6ca818ebf82f0dcb6ee3b874001778d [4ms]
2024-11-23 21:46:39.390 [info] > git show --textconv :app/_layout.js [4ms]
2024-11-23 21:46:39.392 [info] > git ls-files --stage -- /home/ubuntu/expo-example-fall-2024/app/_layout.js [3ms]
2024-11-23 21:46:39.395 [info] > git cat-file -s 409a1dfbf793f98904326faf0d833a7ddad2337c [2ms]
2024-11-23 21:46:43.808 [info] > git show --textconv :state/store.js [3ms]
2024-11-23 21:46:43.810 [info] > git ls-files --stage -- /home/ubuntu/expo-example-fall-2024/state/store.js [3ms]
2024-11-23 21:46:43.815 [info] > git cat-file -s 53f78ae43dec5280a074082a535bf152c37f7b9c [3ms]
2024-11-23 21:46:49.855 [info] > git show --textconv :state/weatherSlice.js [6ms]
2024-11-23 21:46:49.855 [info] > git ls-files --stage -- /home/ubuntu/expo-example-fall-2024/state/weatherSlice.js [2ms]
2024-11-23 21:46:49.861 [info] > git cat-file -s d640bbfd4d0b137e359f46010ff55780544d1de9 [4ms]
2024-11-23 21:46:50.931 [info] > git show --textconv :state/recipeSlice.js [5ms]
2024-11-23 21:46:50.931 [info] > git ls-files --stage -- /home/ubuntu/expo-example-fall-2024/state/recipeSlice.js [2ms]
2024-11-23 21:47:12.641 [info] > git config --get commit.template [6ms]
2024-11-23 21:47:12.642 [info] > git for-each-ref --format=%(refname)%00%(upstream:short)%00%(objectname)%00%(upstream:track)%00%(upstream:remotename)%00%(upstream:remoteref) refs/heads/master refs/remotes/master [4ms]
2024-11-23 21:47:12.644 [warning] [Git][revParse] Unable to read file: ENOENT: no such file or directory, open '/home/ubuntu/expo-example-fall-2024/.git/refs/remotes/origin/master'
2024-11-23 21:47:12.645 [info] > git rev-parse refs/remotes/origin/master [1ms]
2024-11-23 21:47:12.658 [info] > git status -z -uall [11ms]
2024-11-23 21:47:12.658 [info] > git for-each-ref --sort -committerdate --format %(refname) %(objectname) %(*objectname) [5ms]
2024-11-23 21:48:27.746 [info] > git config --get commit.template [31ms]
2024-11-23 21:48:27.755 [info] > git for-each-ref --format=%(refname)%00%(upstream:short)%00%(objectname)%00%(upstream:track)%00%(upstream:remotename)%00%(upstream:remoteref) refs/heads/master refs/remotes/master [40ms]
2024-11-23 21:48:27.758 [warning] [Git][revParse] Unable to read file: ENOENT: no such file or directory, open '/home/ubuntu/expo-example-fall-2024/.git/refs/remotes/origin/master'
2024-11-23 21:48:27.761 [info] > git rev-parse refs/remotes/origin/master [3ms]
2024-11-23 21:48:27.770 [info] > git for-each-ref --sort -committerdate --format %(refname) %(objectname) %(*objectname) [4ms]
2024-11-23 21:48:27.792 [info] > git status -z -uall [29ms]
2024-11-23 21:49:55.296 [info] > git ls-files --stage -- /home/ubuntu/expo-example-fall-2024/app/AddRecipeForm.js [32ms]
2024-11-23 21:49:55.299 [info] > git show --textconv :app/AddRecipeForm.js [39ms]
2024-11-23 21:50:22.410 [info] > git ls-files --stage -- /home/ubuntu/expo-example-fall-2024/app/index.js [3ms]
2024-11-23 21:50:22.426 [info] > git cat-file -s fe92760fa6ca818ebf82f0dcb6ee3b874001778d [13ms]
2024-11-23 21:50:22.427 [info] > git show --textconv :app/index.js [24ms]
2024-11-23 21:50:43.770 [info] > git ls-files --stage -- /home/ubuntu/expo-example-fall-2024/state/recipeSlice.js [31ms]
2024-11-23 21:50:43.771 [info] > git show --textconv :state/recipeSlice.js [35ms]
2024-11-23 21:51:34.116 [info] > git config --get commit.template [638ms]
2024-11-23 21:51:38.681 [info] > git for-each-ref --format=%(refname)%00%(upstream:short)%00%(objectname)%00%(upstream:track)%00%(upstream:remotename)%00%(upstream:remoteref) refs/heads/master refs/remotes/master [2723ms]
2024-11-23 21:51:39.622 [warning] [Git][revParse] Unable to read file: ENOENT: no such file or directory, open '/home/ubuntu/expo-example-fall-2024/.git/refs/remotes/origin/master'
2024-11-23 21:51:40.939 [info] > git rev-parse refs/remotes/origin/master [1242ms]
2024-11-23 21:51:44.972 [info] > git status -z -uall [3048ms]
2024-11-23 21:51:45.272 [info] > git for-each-ref --sort -committerdate --format %(refname) %(objectname) %(*objectname) [1897ms]
