2024-11-23 21:55:55.970 [info] [main] Log level: Info
2024-11-23 21:55:55.970 [info] [main] Validating found git in: "git"
2024-11-23 21:55:55.970 [info] [main] Using git "2.43.0" from "git"
2024-11-23 21:55:55.970 [info] [Model][doInitialScan] Initial repository scan started
2024-11-23 21:55:55.970 [info] > git rev-parse --show-toplevel [16ms]
2024-11-23 21:55:55.970 [info] fatal: not a git repository (or any of the parent directories): .git
2024-11-23 21:55:55.984 [info] > git rev-parse --show-toplevel [15ms]
2024-11-23 21:55:55.985 [info] fatal: not a git repository (or any of the parent directories): .git
2024-11-23 21:55:56.003 [info] > git rev-parse --show-toplevel [10ms]
2024-11-23 21:55:56.003 [info] fatal: not a git repository (or any of the parent directories): .git
2024-11-23 21:55:56.015 [info] > git rev-parse --show-toplevel [6ms]
2024-11-23 21:55:56.015 [info] fatal: not a git repository (or any of the parent directories): .git
2024-11-23 21:55:56.023 [info] > git rev-parse --show-toplevel [3ms]
2024-11-23 21:55:56.023 [info] fatal: not a git repository (or any of the parent directories): .git
2024-11-23 21:55:56.035 [info] > git rev-parse --show-toplevel [5ms]
2024-11-23 21:55:56.036 [info] fatal: not a git repository (or any of the parent directories): .git
2024-11-23 21:55:56.044 [info] > git rev-parse --show-toplevel [3ms]
2024-11-23 21:55:56.044 [info] fatal: not a git repository (or any of the parent directories): .git
2024-11-23 21:55:56.052 [info] > git rev-parse --show-toplevel [3ms]
2024-11-23 21:55:56.065 [info] > git rev-parse --git-dir --git-common-dir [1ms]
2024-11-23 21:55:56.111 [info] [Model][openRepository] Opened repository: /home/ubuntu/django-example-fall-2024
2024-11-23 21:55:56.137 [info] > git config --get commit.template [5ms]
2024-11-23 21:55:56.146 [info] > git rev-parse --show-toplevel [11ms]
2024-11-23 21:55:56.151 [info] > git rev-parse --git-dir --git-common-dir [3ms]
2024-11-23 21:55:56.164 [info] [Model][openRepository] Opened repository: /home/ubuntu/ec2_scripts
2024-11-23 21:55:56.173 [info] > git for-each-ref --format=%(refname)%00%(upstream:short)%00%(objectname)%00%(upstream:track)%00%(upstream:remotename)%00%(upstream:remoteref) refs/heads/master refs/remotes/master [30ms]
2024-11-23 21:55:56.189 [warning] [Git][revParse] Unable to read file: ENOENT: no such file or directory, open '/home/ubuntu/django-example-fall-2024/.git/refs/remotes/origin/master'
2024-11-23 21:55:56.192 [info] > git config --get commit.template [12ms]
2024-11-23 21:55:56.205 [info] > git rev-parse --show-toplevel [21ms]
2024-11-23 21:55:56.205 [info] > git rev-parse refs/remotes/origin/master [17ms]
2024-11-23 21:55:56.229 [info] > git status -z -uall [17ms]
2024-11-23 21:55:56.230 [info] > git for-each-ref --format=%(refname)%00%(upstream:short)%00%(objectname)%00%(upstream:track)%00%(upstream:remotename)%00%(upstream:remoteref) refs/heads/master refs/remotes/master [26ms]
2024-11-23 21:55:56.318 [warning] [Git][revParse] Unable to read file: ENOENT: no such file or directory, open '/home/ubuntu/ec2_scripts/.git/refs/remotes/origin/master'
2024-11-23 21:55:56.321 [info] > git for-each-ref --sort -committerdate --format %(refname) %(objectname) %(*objectname) [103ms]
2024-11-23 21:55:56.373 [info] > git for-each-ref --format=%(refname)%00%(upstream:short)%00%(objectname)%00%(upstream:track)%00%(upstream:remotename)%00%(upstream:remoteref) refs/heads/master refs/remotes/master [23ms]
2024-11-23 21:55:56.382 [info] > git rev-parse refs/remotes/origin/master [65ms]
2024-11-23 21:55:56.393 [info] > git rev-parse --git-dir --git-common-dir [166ms]
2024-11-23 21:55:56.410 [info] [Model][openRepository] Opened repository: /home/ubuntu/expo-example-fall-2024
2024-11-23 21:55:56.428 [info] [Model][doInitialScan] Initial repository scan completed - repositories (3), closed repositories (0), parent repositories (0), unsafe repositories (0)
2024-11-23 21:55:56.539 [info] > git status -z -uall [151ms]
2024-11-23 21:55:56.539 [info] > git for-each-ref --sort -committerdate --format %(refname) %(objectname) %(*objectname) [146ms]
2024-11-23 21:55:56.563 [info] > git config --local branch.master.vscode-merge-base [181ms]
2024-11-23 21:55:56.570 [info] > git config --get commit.template [197ms]
2024-11-23 21:55:56.579 [info] > git for-each-ref --format=%(refname)%00%(upstream:short)%00%(objectname)%00%(upstream:track)%00%(upstream:remotename)%00%(upstream:remoteref) refs/heads/master refs/remotes/master [25ms]
2024-11-23 21:55:56.584 [info] > git config --get commit.template [55ms]
2024-11-23 21:55:56.594 [info] > git config --local branch.master.vscode-merge-base [10ms]
2024-11-23 21:55:56.599 [info] > git config --get commit.template [22ms]
2024-11-23 21:55:56.601 [info] > git for-each-ref --format=%(refname)%00%(upstream:short)%00%(objectname)%00%(upstream:track)%00%(upstream:remotename)%00%(upstream:remoteref) refs/heads/origin/master refs/remotes/origin/master [32ms]
2024-11-23 21:55:56.613 [info] > git for-each-ref --format=%(refname)%00%(upstream:short)%00%(objectname)%00%(upstream:track)%00%(upstream:remotename)%00%(upstream:remoteref) refs/heads/origin/master refs/remotes/origin/master [15ms]
2024-11-23 21:55:56.621 [info] > git for-each-ref --format=%(refname)%00%(upstream:short)%00%(objectname)%00%(upstream:track)%00%(upstream:remotename)%00%(upstream:remoteref) refs/heads/master refs/remotes/master [29ms]
2024-11-23 21:55:56.627 [info] > git merge-base refs/heads/master refs/remotes/origin/master [22ms]
2024-11-23 21:55:56.641 [warning] [Git][revParse] Unable to read file: ENOENT: no such file or directory, open '/home/ubuntu/django-example-fall-2024/.git/refs/remotes/origin/master'
2024-11-23 21:55:56.645 [info] > git for-each-ref --format=%(refname)%00%(upstream:short)%00%(objectname)%00%(upstream:track)%00%(upstream:remotename)%00%(upstream:remoteref) refs/heads/master refs/remotes/master [19ms]
2024-11-23 21:55:56.646 [info] > git for-each-ref --format=%(refname)%00%(upstream:short)%00%(objectname)%00%(upstream:track)%00%(upstream:remotename)%00%(upstream:remoteref) refs/heads/master refs/remotes/master [34ms]
2024-11-23 21:55:56.647 [info] > git merge-base refs/heads/master refs/remotes/origin/master [27ms]
2024-11-23 21:55:56.663 [warning] [Git][revParse] Unable to read file: ENOENT: no such file or directory, open '/home/ubuntu/ec2_scripts/.git/refs/remotes/origin/master'
2024-11-23 21:55:56.665 [warning] [Git][revParse] Unable to read file: ENOENT: no such file or directory, open '/home/ubuntu/expo-example-fall-2024/.git/refs/remotes/origin/master'
2024-11-23 21:55:56.666 [info] > git rev-parse refs/remotes/origin/master [25ms]
2024-11-23 21:55:56.683 [info] > git diff --name-status -z --diff-filter=ADMR 7fc4ee2e594fcdba1a7e7076085e380abeb619f4...refs/remotes/origin/master [48ms]
2024-11-23 21:55:56.688 [info] > git status -z -uall [14ms]
2024-11-23 21:55:56.690 [info] > git for-each-ref --sort -committerdate --format %(refname) %(objectname) %(*objectname) [11ms]
2024-11-23 21:55:56.704 [info] > git rev-parse refs/remotes/origin/master [39ms]
2024-11-23 21:55:56.721 [info] > git rev-parse refs/remotes/origin/master [58ms]
2024-11-23 21:55:56.732 [info] > git diff --name-status -z --diff-filter=ADMR 49126d879cf67c4458fbdbd4b565eee2fb0f0b00...refs/remotes/origin/master [77ms]
2024-11-23 21:55:56.749 [info] > git status -z -uall [41ms]
2024-11-23 21:55:56.749 [info] > git status -z -uall [22ms]
2024-11-23 21:55:56.750 [info] > git for-each-ref --sort -committerdate --format %(refname) %(objectname) %(*objectname) [29ms]
2024-11-23 21:55:56.779 [info] > git for-each-ref --sort -committerdate --format %(refname) %(objectname) %(*objectname) [46ms]
2024-11-23 21:55:56.797 [info] > git for-each-ref --format=%(refname)%00%(upstream:short)%00%(objectname)%00%(upstream:track)%00%(upstream:remotename)%00%(upstream:remoteref) refs/heads/master refs/remotes/master [22ms]
2024-11-23 21:55:56.822 [info] > git config --local branch.master.vscode-merge-base [19ms]
2024-11-23 21:55:56.827 [info] > git config --get commit.template [35ms]
2024-11-23 21:55:56.839 [info] > git for-each-ref --format=%(refname)%00%(upstream:short)%00%(objectname)%00%(upstream:track)%00%(upstream:remotename)%00%(upstream:remoteref) refs/heads/origin/master refs/remotes/origin/master [13ms]
2024-11-23 21:55:56.847 [info] > git merge-base refs/heads/master refs/remotes/origin/master [2ms]
2024-11-23 21:55:56.851 [info] > git for-each-ref --format=%(refname)%00%(upstream:short)%00%(objectname)%00%(upstream:track)%00%(upstream:remotename)%00%(upstream:remoteref) refs/heads/master refs/remotes/master [13ms]
2024-11-23 21:55:56.857 [warning] [Git][revParse] Unable to read file: ENOENT: no such file or directory, open '/home/ubuntu/expo-example-fall-2024/.git/refs/remotes/origin/master'
2024-11-23 21:55:56.860 [info] > git diff --name-status -z --diff-filter=ADMR 770f00fa091c6a1d709d80cfac8c21a00c1d7230...refs/remotes/origin/master [9ms]
2024-11-23 21:55:56.878 [info] > git rev-parse refs/remotes/origin/master [21ms]
2024-11-23 21:55:56.926 [info] > git status -z -uall [30ms]
2024-11-23 21:55:56.926 [info] > git for-each-ref --sort -committerdate --format %(refname) %(objectname) %(*objectname) [16ms]
2024-11-23 21:55:57.140 [info] > git check-ignore -v -z --stdin [12ms]
2024-11-23 21:55:57.143 [info] > git check-ignore -v -z --stdin [10ms]
2024-11-23 21:55:57.144 [info] > git check-ignore -v -z --stdin [6ms]
2024-11-23 21:55:57.677 [info] > git check-ignore -v -z --stdin [21ms]
2024-11-23 21:55:57.680 [info] > git check-ignore -v -z --stdin [12ms]
2024-11-23 21:55:57.680 [info] > git check-ignore -v -z --stdin [8ms]
2024-11-23 21:56:02.565 [info] > git check-ignore -v -z --stdin [2ms]
2024-11-23 21:56:04.117 [info] > git check-ignore -v -z --stdin [6ms]
2024-11-23 21:56:06.365 [info] > git show --textconv :recipes/urls.py [78ms]
2024-11-23 21:56:06.406 [info] > git ls-files --stage -- /home/ubuntu/django-example-fall-2024/recipes/urls.py [46ms]
2024-11-23 21:56:07.660 [info] > git show --textconv :recipes/views.py [16ms]
2024-11-23 21:56:07.668 [info] > git ls-files --stage -- /home/ubuntu/django-example-fall-2024/recipes/views.py [8ms]
2024-11-23 21:56:12.653 [info] > git show --textconv :recipes/models.py [8ms]
2024-11-23 21:56:12.653 [info] > git ls-files --stage -- /home/ubuntu/django-example-fall-2024/recipes/models.py [3ms]
2024-11-23 21:56:36.299 [info] > git check-ignore -v -z --stdin [7ms]
2024-11-23 21:56:38.540 [info] > git check-ignore -v -z --stdin [6ms]
2024-11-23 21:56:42.593 [info] > git check-ignore -v -z --stdin [12ms]
2024-11-23 21:56:43.630 [info] > git check-ignore -v -z --stdin [4ms]
2024-11-23 21:56:46.321 [info] > git show --textconv :app/AddRecipeForm.js [108ms]
2024-11-23 21:56:46.341 [info] > git ls-files --stage -- /home/ubuntu/expo-example-fall-2024/app/AddRecipeForm.js [105ms]
2024-11-23 21:57:04.528 [info] > git show --textconv :state/recipeSlice.js [15ms]
2024-11-23 21:57:04.530 [info] > git ls-files --stage -- /home/ubuntu/expo-example-fall-2024/state/recipeSlice.js [13ms]
2024-11-23 21:57:11.864 [info] > git ls-files --stage -- /home/ubuntu/expo-example-fall-2024/state/store.js [3ms]
2024-11-23 21:57:11.869 [info] > git show --textconv :state/store.js [14ms]
2024-11-23 21:57:11.871 [info] > git cat-file -s 53f78ae43dec5280a074082a535bf152c37f7b9c [3ms]
2024-11-23 21:57:16.278 [info] > git show --textconv :state/recipeSlice.js [17ms]
2024-11-23 21:57:16.285 [info] > git ls-files --stage -- /home/ubuntu/expo-example-fall-2024/state/recipeSlice.js [7ms]
2024-11-23 21:57:32.504 [info] > git ls-files --stage -- /home/ubuntu/expo-example-fall-2024/app/AddRecipeForm.js [3ms]
2024-11-23 21:57:32.506 [info] > git show --textconv :app/AddRecipeForm.js [7ms]
2024-11-23 21:57:34.267 [info] > git ls-files --stage -- /home/ubuntu/expo-example-fall-2024/app/index.js [4ms]
2024-11-23 21:57:34.276 [info] > git show --textconv :app/index.js [17ms]
2024-11-23 21:57:34.277 [info] > git cat-file -s fe92760fa6ca818ebf82f0dcb6ee3b874001778d [5ms]
2024-11-23 21:58:24.965 [info] > git config --get commit.template [2ms]
2024-11-23 21:58:24.970 [info] > git for-each-ref --format=%(refname)%00%(upstream:short)%00%(objectname)%00%(upstream:track)%00%(upstream:remotename)%00%(upstream:remoteref) refs/heads/master refs/remotes/master [3ms]
2024-11-23 21:58:24.973 [warning] [Git][revParse] Unable to read file: ENOENT: no such file or directory, open '/home/ubuntu/expo-example-fall-2024/.git/refs/remotes/origin/master'
2024-11-23 21:58:24.974 [info] > git rev-parse refs/remotes/origin/master [1ms]
2024-11-23 21:58:24.983 [info] > git for-each-ref --sort -committerdate --format %(refname) %(objectname) %(*objectname) [2ms]
2024-11-23 21:58:24.994 [info] > git status -z -uall [17ms]
2024-11-23 21:58:26.683 [info] > git show --textconv :app/AddRecipeForm.js [4ms]
2024-11-23 21:58:26.685 [info] > git ls-files --stage -- /home/ubuntu/expo-example-fall-2024/app/AddRecipeForm.js [3ms]
2024-11-23 21:59:53.181 [info] > git config --get commit.template [1ms]
2024-11-23 21:59:53.185 [info] > git for-each-ref --format=%(refname)%00%(upstream:short)%00%(objectname)%00%(upstream:track)%00%(upstream:remotename)%00%(upstream:remoteref) refs/heads/master refs/remotes/master [1ms]
2024-11-23 21:59:53.189 [warning] [Git][revParse] Unable to read file: ENOENT: no such file or directory, open '/home/ubuntu/expo-example-fall-2024/.git/refs/remotes/origin/master'
2024-11-23 21:59:53.189 [info] > git rev-parse refs/remotes/origin/master [1ms]
2024-11-23 21:59:53.200 [info] > git for-each-ref --sort -committerdate --format %(refname) %(objectname) %(*objectname) [4ms]
2024-11-23 21:59:53.201 [info] > git status -z -uall [9ms]
2024-11-23 22:01:37.649 [info] > git config --get commit.template [5ms]
2024-11-23 22:01:37.649 [info] > git for-each-ref --format=%(refname)%00%(upstream:short)%00%(objectname)%00%(upstream:track)%00%(upstream:remotename)%00%(upstream:remoteref) refs/heads/master refs/remotes/master [2ms]
2024-11-23 22:01:37.653 [warning] [Git][revParse] Unable to read file: ENOENT: no such file or directory, open '/home/ubuntu/expo-example-fall-2024/.git/refs/remotes/origin/master'
2024-11-23 22:01:37.653 [info] > git rev-parse refs/remotes/origin/master [0ms]
2024-11-23 22:01:37.664 [info] > git for-each-ref --sort -committerdate --format %(refname) %(objectname) %(*objectname) [3ms]
2024-11-23 22:01:37.665 [info] > git status -z -uall [10ms]
2024-11-23 22:02:33.107 [info] > git show --textconv :app/index.js [6ms]
2024-11-23 22:02:33.107 [info] > git ls-files --stage -- /home/ubuntu/expo-example-fall-2024/app/index.js [2ms]
2024-11-23 22:02:33.113 [info] > git cat-file -s fe92760fa6ca818ebf82f0dcb6ee3b874001778d [2ms]
2024-11-23 22:03:31.664 [info] > git show --textconv :state/store.js [6ms]
2024-11-23 22:03:31.665 [info] > git ls-files --stage -- /home/ubuntu/expo-example-fall-2024/state/store.js [4ms]
2024-11-23 22:03:31.669 [info] > git cat-file -s 53f78ae43dec5280a074082a535bf152c37f7b9c [2ms]
2024-11-23 22:03:33.465 [info] > git show --textconv :state/recipeSlice.js [5ms]
2024-11-23 22:03:33.467 [info] > git ls-files --stage -- /home/ubuntu/expo-example-fall-2024/state/recipeSlice.js [3ms]
2024-11-23 22:04:03.052 [info] > git config --get commit.template [1ms]
2024-11-23 22:04:03.056 [info] > git for-each-ref --format=%(refname)%00%(upstream:short)%00%(objectname)%00%(upstream:track)%00%(upstream:remotename)%00%(upstream:remoteref) refs/heads/master refs/remotes/master [1ms]
2024-11-23 22:04:03.060 [warning] [Git][revParse] Unable to read file: ENOENT: no such file or directory, open '/home/ubuntu/expo-example-fall-2024/.git/refs/remotes/origin/master'
2024-11-23 22:04:03.062 [info] > git rev-parse refs/remotes/origin/master [2ms]
2024-11-23 22:04:03.076 [info] > git for-each-ref --sort -committerdate --format %(refname) %(objectname) %(*objectname) [3ms]
2024-11-23 22:04:03.077 [info] > git status -z -uall [10ms]
2024-11-23 22:05:08.514 [info] > git config --get commit.template [7ms]
2024-11-23 22:05:08.515 [info] > git for-each-ref --format=%(refname)%00%(upstream:short)%00%(objectname)%00%(upstream:track)%00%(upstream:remotename)%00%(upstream:remoteref) refs/heads/master refs/remotes/master [6ms]
2024-11-23 22:05:08.517 [warning] [Git][revParse] Unable to read file: ENOENT: no such file or directory, open '/home/ubuntu/expo-example-fall-2024/.git/refs/remotes/origin/master'
2024-11-23 22:05:08.521 [info] > git rev-parse refs/remotes/origin/master [4ms]
2024-11-23 22:05:08.535 [info] > git status -z -uall [10ms]
2024-11-23 22:05:08.536 [info] > git for-each-ref --sort -committerdate --format %(refname) %(objectname) %(*objectname) [5ms]
2024-11-23 22:05:36.425 [info] > git config --get commit.template [8ms]
2024-11-23 22:05:36.426 [info] > git for-each-ref --format=%(refname)%00%(upstream:short)%00%(objectname)%00%(upstream:track)%00%(upstream:remotename)%00%(upstream:remoteref) refs/heads/master refs/remotes/master [2ms]
2024-11-23 22:05:36.430 [warning] [Git][revParse] Unable to read file: ENOENT: no such file or directory, open '/home/ubuntu/expo-example-fall-2024/.git/refs/remotes/origin/master'
2024-11-23 22:05:36.432 [info] > git rev-parse refs/remotes/origin/master [2ms]
2024-11-23 22:05:36.443 [info] > git for-each-ref --sort -committerdate --format %(refname) %(objectname) %(*objectname) [2ms]
2024-11-23 22:05:36.445 [info] > git status -z -uall [10ms]
2024-11-23 22:05:41.706 [info] > git config --get commit.template [1ms]
2024-11-23 22:05:41.710 [info] > git for-each-ref --format=%(refname)%00%(upstream:short)%00%(objectname)%00%(upstream:track)%00%(upstream:remotename)%00%(upstream:remoteref) refs/heads/master refs/remotes/master [2ms]
2024-11-23 22:05:41.712 [warning] [Git][revParse] Unable to read file: ENOENT: no such file or directory, open '/home/ubuntu/expo-example-fall-2024/.git/refs/remotes/origin/master'
2024-11-23 22:05:41.714 [info] > git rev-parse refs/remotes/origin/master [2ms]
2024-11-23 22:05:41.721 [info] > git for-each-ref --sort -committerdate --format %(refname) %(objectname) %(*objectname) [2ms]
2024-11-23 22:05:41.726 [info] > git status -z -uall [11ms]
2024-11-23 22:07:17.553 [info] > git show --textconv :app/AddRecipeForm.js [5ms]
2024-11-23 22:07:17.555 [info] > git ls-files --stage -- /home/ubuntu/expo-example-fall-2024/app/AddRecipeForm.js [2ms]
2024-11-23 22:09:57.542 [info] > git show --textconv :recipes/models.py [6ms]
2024-11-23 22:09:57.543 [info] > git ls-files --stage -- /home/ubuntu/django-example-fall-2024/recipes/models.py [3ms]
2024-11-23 22:10:53.743 [info] > git show --textconv :app/AddRecipeForm.js [3ms]
2024-11-23 22:10:53.748 [info] > git ls-files --stage -- /home/ubuntu/expo-example-fall-2024/app/AddRecipeForm.js [6ms]
2024-11-23 22:11:06.906 [info] > git config --get commit.template [2ms]
2024-11-23 22:11:06.911 [info] > git for-each-ref --format=%(refname)%00%(upstream:short)%00%(objectname)%00%(upstream:track)%00%(upstream:remotename)%00%(upstream:remoteref) refs/heads/master refs/remotes/master [3ms]
2024-11-23 22:11:06.913 [warning] [Git][revParse] Unable to read file: ENOENT: no such file or directory, open '/home/ubuntu/expo-example-fall-2024/.git/refs/remotes/origin/master'
2024-11-23 22:11:06.914 [info] > git rev-parse refs/remotes/origin/master [1ms]
2024-11-23 22:11:06.923 [info] > git for-each-ref --sort -committerdate --format %(refname) %(objectname) %(*objectname) [4ms]
2024-11-23 22:11:06.926 [info] > git status -z -uall [9ms]
2024-11-23 22:11:11.948 [info] > git config --get commit.template [9ms]
2024-11-23 22:11:11.953 [info] > git for-each-ref --format=%(refname)%00%(upstream:short)%00%(objectname)%00%(upstream:track)%00%(upstream:remotename)%00%(upstream:remoteref) refs/heads/master refs/remotes/master [6ms]
2024-11-23 22:11:11.958 [warning] [Git][revParse] Unable to read file: ENOENT: no such file or directory, open '/home/ubuntu/expo-example-fall-2024/.git/refs/remotes/origin/master'
2024-11-23 22:11:11.962 [info] > git rev-parse refs/remotes/origin/master [4ms]
2024-11-23 22:11:11.983 [info] > git for-each-ref --sort -committerdate --format %(refname) %(objectname) %(*objectname) [5ms]
2024-11-23 22:11:12.000 [info] > git status -z -uall [30ms]
2024-11-23 22:11:13.131 [info] > git show --textconv :recipes/models.py [4ms]
2024-11-23 22:11:13.133 [info] > git ls-files --stage -- /home/ubuntu/django-example-fall-2024/recipes/models.py [2ms]
2024-11-23 22:11:16.461 [info] > git show --textconv :app/AddRecipeForm.js [4ms]
2024-11-23 22:11:16.461 [info] > git ls-files --stage -- /home/ubuntu/expo-example-fall-2024/app/AddRecipeForm.js [1ms]
2024-11-23 22:11:17.013 [info] > git config --get commit.template [0ms]
2024-11-23 22:11:17.017 [info] > git for-each-ref --format=%(refname)%00%(upstream:short)%00%(objectname)%00%(upstream:track)%00%(upstream:remotename)%00%(upstream:remoteref) refs/heads/master refs/remotes/master [2ms]
2024-11-23 22:11:17.020 [warning] [Git][revParse] Unable to read file: ENOENT: no such file or directory, open '/home/ubuntu/expo-example-fall-2024/.git/refs/remotes/origin/master'
2024-11-23 22:11:17.020 [info] > git rev-parse refs/remotes/origin/master [0ms]
2024-11-23 22:11:17.031 [info] > git status -z -uall [7ms]
2024-11-23 22:11:17.032 [info] > git for-each-ref --sort -committerdate --format %(refname) %(objectname) %(*objectname) [4ms]
2024-11-23 22:12:14.160 [info] > git config --get commit.template [1ms]
2024-11-23 22:12:14.170 [info] > git for-each-ref --format=%(refname)%00%(upstream:short)%00%(objectname)%00%(upstream:track)%00%(upstream:remotename)%00%(upstream:remoteref) refs/heads/master refs/remotes/master [7ms]
2024-11-23 22:12:14.172 [warning] [Git][revParse] Unable to read file: ENOENT: no such file or directory, open '/home/ubuntu/django-example-fall-2024/.git/refs/remotes/origin/master'
2024-11-23 22:12:14.174 [info] > git rev-parse refs/remotes/origin/master [1ms]
2024-11-23 22:12:14.183 [info] > git for-each-ref --sort -committerdate --format %(refname) %(objectname) %(*objectname) [4ms]
2024-11-23 22:12:14.184 [info] > git status -z -uall [8ms]
2024-11-23 22:12:19.191 [info] > git config --get commit.template [1ms]
2024-11-23 22:12:19.197 [info] > git for-each-ref --format=%(refname)%00%(upstream:short)%00%(objectname)%00%(upstream:track)%00%(upstream:remotename)%00%(upstream:remoteref) refs/heads/master refs/remotes/master [1ms]
2024-11-23 22:12:19.200 [warning] [Git][revParse] Unable to read file: ENOENT: no such file or directory, open '/home/ubuntu/django-example-fall-2024/.git/refs/remotes/origin/master'
2024-11-23 22:12:19.201 [info] > git rev-parse refs/remotes/origin/master [1ms]
2024-11-23 22:12:19.211 [info] > git status -z -uall [7ms]
2024-11-23 22:12:19.212 [info] > git for-each-ref --sort -committerdate --format %(refname) %(objectname) %(*objectname) [4ms]
2024-11-23 22:12:26.496 [info] > git show --textconv :recipes/models.py [6ms]
2024-11-23 22:12:26.498 [info] > git ls-files --stage -- /home/ubuntu/django-example-fall-2024/recipes/models.py [3ms]
2024-11-23 22:13:02.579 [info] > git check-ignore -v -z --stdin [5ms]
2024-11-23 22:13:02.581 [info] > git check-ignore -v -z --stdin [3ms]
2024-11-23 22:13:11.534 [info] > git show --textconv :app/WeatherDashboard.js [11ms]
2024-11-23 22:13:11.535 [info] > git ls-files --stage -- /home/ubuntu/expo-example-fall-2024/app/WeatherDashboard.js [6ms]
2024-11-23 22:13:11.540 [info] > git cat-file -s 7bf527ec3f6100043b6c314b9fc88f18f2607d75 [1ms]
2024-11-23 22:13:22.574 [info] > git show --textconv :components/CustomInput.jsx [66ms]
2024-11-23 22:13:22.574 [info] > git ls-files --stage -- /home/ubuntu/expo-example-fall-2024/components/CustomInput.jsx [14ms]
2024-11-23 22:13:22.649 [info] > git cat-file -s 5d12628fd0a904eebee6adc82063500869520bca [45ms]
2024-11-23 22:13:34.609 [info] > git check-ignore -v -z --stdin [3ms]
2024-11-23 22:14:47.300 [info] > git config --get commit.template [6ms]
2024-11-23 22:14:47.301 [info] > git for-each-ref --format=%(refname)%00%(upstream:short)%00%(objectname)%00%(upstream:track)%00%(upstream:remotename)%00%(upstream:remoteref) refs/heads/master refs/remotes/master [4ms]
2024-11-23 22:14:47.303 [warning] [Git][revParse] Unable to read file: ENOENT: no such file or directory, open '/home/ubuntu/django-example-fall-2024/.git/refs/remotes/origin/master'
2024-11-23 22:14:47.305 [info] > git rev-parse refs/remotes/origin/master [2ms]
2024-11-23 22:14:47.313 [info] > git status -z -uall [6ms]
2024-11-23 22:14:47.315 [info] > git for-each-ref --sort -committerdate --format %(refname) %(objectname) %(*objectname) [3ms]
2024-11-23 22:14:56.282 [info] > git show --textconv :components/Navigation.jsx [4ms]
2024-11-23 22:14:56.284 [info] > git ls-files --stage -- /home/ubuntu/expo-example-fall-2024/components/Navigation.jsx [2ms]
2024-11-23 22:14:56.289 [info] > git cat-file -s 0db6440aabfaee0355f96f446a7186b02d8dedf1 [2ms]
2024-11-23 22:17:25.557 [info] > git config --get commit.template [49ms]
2024-11-23 22:17:25.566 [info] > git for-each-ref --format=%(refname)%00%(upstream:short)%00%(objectname)%00%(upstream:track)%00%(upstream:remotename)%00%(upstream:remoteref) refs/heads/master refs/remotes/master [39ms]
2024-11-23 22:17:25.606 [warning] [Git][revParse] Unable to read file: ENOENT: no such file or directory, open '/home/ubuntu/expo-example-fall-2024/.git/refs/remotes/origin/master'
2024-11-23 22:17:25.613 [info] > git rev-parse refs/remotes/origin/master [7ms]
2024-11-23 22:17:25.661 [info] > git for-each-ref --sort -committerdate --format %(refname) %(objectname) %(*objectname) [10ms]
2024-11-23 22:17:25.687 [info] > git status -z -uall [54ms]
2024-11-23 22:17:41.114 [info] > git config --get commit.template [5ms]
2024-11-23 22:17:41.122 [info] > git for-each-ref --format=%(refname)%00%(upstream:short)%00%(objectname)%00%(upstream:track)%00%(upstream:remotename)%00%(upstream:remoteref) refs/heads/master refs/remotes/master [9ms]
2024-11-23 22:17:41.129 [warning] [Git][revParse] Unable to read file: ENOENT: no such file or directory, open '/home/ubuntu/expo-example-fall-2024/.git/refs/remotes/origin/master'
2024-11-23 22:17:41.134 [info] > git rev-parse refs/remotes/origin/master [5ms]
2024-11-23 22:17:41.152 [info] > git status -z -uall [13ms]
2024-11-23 22:17:41.153 [info] > git for-each-ref --sort -committerdate --format %(refname) %(objectname) %(*objectname) [6ms]
2024-11-23 22:17:47.947 [info] > git ls-files --stage -- /home/ubuntu/expo-example-fall-2024/app/_layout.js [8ms]
2024-11-23 22:17:47.953 [info] > git cat-file -s 409a1dfbf793f98904326faf0d833a7ddad2337c [3ms]
2024-11-23 22:17:47.954 [info] > git show --textconv :app/_layout.js [19ms]
2024-11-23 22:19:56.937 [info] > git config --get commit.template [28ms]
2024-11-23 22:19:56.944 [info] > git for-each-ref --format=%(refname)%00%(upstream:short)%00%(objectname)%00%(upstream:track)%00%(upstream:remotename)%00%(upstream:remoteref) refs/heads/master refs/remotes/master [11ms]
2024-11-23 22:19:56.963 [warning] [Git][revParse] Unable to read file: ENOENT: no such file or directory, open '/home/ubuntu/expo-example-fall-2024/.git/refs/remotes/origin/master'
2024-11-23 22:19:56.974 [info] > git rev-parse refs/remotes/origin/master [11ms]
2024-11-23 22:19:57.038 [info] > git status -z -uall [42ms]
2024-11-23 22:19:57.039 [info] > git for-each-ref --sort -committerdate --format %(refname) %(objectname) %(*objectname) [14ms]
2024-11-23 22:20:02.062 [info] > git config --get commit.template [5ms]
2024-11-23 22:20:02.063 [info] > git for-each-ref --format=%(refname)%00%(upstream:short)%00%(objectname)%00%(upstream:track)%00%(upstream:remotename)%00%(upstream:remoteref) refs/heads/master refs/remotes/master [3ms]
2024-11-23 22:20:02.066 [warning] [Git][revParse] Unable to read file: ENOENT: no such file or directory, open '/home/ubuntu/expo-example-fall-2024/.git/refs/remotes/origin/master'
2024-11-23 22:20:02.069 [info] > git rev-parse refs/remotes/origin/master [3ms]
2024-11-23 22:20:02.077 [info] > git status -z -uall [6ms]
2024-11-23 22:20:02.080 [info] > git for-each-ref --sort -committerdate --format %(refname) %(objectname) %(*objectname) [3ms]
2024-11-23 22:20:34.112 [info] > git show --textconv :components/Navigation.jsx [6ms]
2024-11-23 22:20:34.112 [info] > git ls-files --stage -- /home/ubuntu/expo-example-fall-2024/components/Navigation.jsx [1ms]
2024-11-23 22:20:34.117 [info] > git cat-file -s 0db6440aabfaee0355f96f446a7186b02d8dedf1 [2ms]
2024-11-23 22:20:34.720 [info] > git show --textconv :app/AddRecipeForm.js [4ms]
2024-11-23 22:20:34.722 [info] > git ls-files --stage -- /home/ubuntu/expo-example-fall-2024/app/AddRecipeForm.js [2ms]
2024-11-23 22:20:35.869 [info] > git show --textconv :components/Navigation.jsx [4ms]
2024-11-23 22:20:35.871 [info] > git ls-files --stage -- /home/ubuntu/expo-example-fall-2024/components/Navigation.jsx [4ms]
2024-11-23 22:20:35.875 [info] > git cat-file -s 0db6440aabfaee0355f96f446a7186b02d8dedf1 [2ms]
2024-11-23 22:20:51.063 [info] > git config --get commit.template [1ms]
2024-11-23 22:20:51.068 [info] > git for-each-ref --format=%(refname)%00%(upstream:short)%00%(objectname)%00%(upstream:track)%00%(upstream:remotename)%00%(upstream:remoteref) refs/heads/master refs/remotes/master [1ms]
2024-11-23 22:20:51.071 [warning] [Git][revParse] Unable to read file: ENOENT: no such file or directory, open '/home/ubuntu/expo-example-fall-2024/.git/refs/remotes/origin/master'
2024-11-23 22:20:51.072 [info] > git rev-parse refs/remotes/origin/master [1ms]
2024-11-23 22:20:51.080 [info] > git status -z -uall [4ms]
2024-11-23 22:20:51.081 [info] > git for-each-ref --sort -committerdate --format %(refname) %(objectname) %(*objectname) [2ms]
2024-11-23 22:21:38.420 [info] > git config --get commit.template [4ms]
2024-11-23 22:21:38.429 [info] > git for-each-ref --format=%(refname)%00%(upstream:short)%00%(objectname)%00%(upstream:track)%00%(upstream:remotename)%00%(upstream:remoteref) refs/heads/master refs/remotes/master [9ms]
2024-11-23 22:21:38.432 [warning] [Git][revParse] Unable to read file: ENOENT: no such file or directory, open '/home/ubuntu/django-example-fall-2024/.git/refs/remotes/origin/master'
2024-11-23 22:21:38.432 [info] > git rev-parse refs/remotes/origin/master [0ms]
2024-11-23 22:21:38.444 [info] > git for-each-ref --sort -committerdate --format %(refname) %(objectname) %(*objectname) [3ms]
2024-11-23 22:21:38.448 [info] > git status -z -uall [11ms]
2024-11-23 22:21:46.646 [info] > git check-ignore -v -z --stdin [2ms]
2024-11-23 22:21:53.604 [info] > git show --textconv :package.json [27ms]
2024-11-23 22:21:53.604 [info] > git ls-files --stage -- /home/ubuntu/expo-example-fall-2024/package.json [8ms]
2024-11-23 22:21:53.632 [info] > git cat-file -s 67279dfe578ade910326967f51520714d05c9ae8 [16ms]
2024-11-23 22:21:54.453 [info] > git show --textconv :package-lock.json [58ms]
2024-11-23 22:21:54.455 [info] > git ls-files --stage -- /home/ubuntu/expo-example-fall-2024/package-lock.json [35ms]
2024-11-23 22:21:54.504 [info] > git cat-file -s e634feed2c402f6c579d8eefc8701786adfa82f1 [20ms]
2024-11-23 22:22:02.813 [info] > git check-ignore -v -z --stdin [2ms]
2024-11-23 22:22:23.767 [info] > git show --textconv :components/Navigation.jsx [5ms]
2024-11-23 22:22:23.769 [info] > git ls-files --stage -- /home/ubuntu/expo-example-fall-2024/components/Navigation.jsx [3ms]
2024-11-23 22:22:23.778 [info] > git cat-file -s 0db6440aabfaee0355f96f446a7186b02d8dedf1 [6ms]
2024-11-23 22:22:33.618 [info] > git config --get commit.template [4ms]
2024-11-23 22:22:33.621 [info] > git for-each-ref --format=%(refname)%00%(upstream:short)%00%(objectname)%00%(upstream:track)%00%(upstream:remotename)%00%(upstream:remoteref) refs/heads/master refs/remotes/master [3ms]
2024-11-23 22:22:33.624 [warning] [Git][revParse] Unable to read file: ENOENT: no such file or directory, open '/home/ubuntu/expo-example-fall-2024/.git/refs/remotes/origin/master'
2024-11-23 22:22:33.624 [info] > git rev-parse refs/remotes/origin/master [0ms]
2024-11-23 22:22:33.631 [info] > git status -z -uall [4ms]
2024-11-23 22:22:33.633 [info] > git for-each-ref --sort -committerdate --format %(refname) %(objectname) %(*objectname) [2ms]
2024-11-23 22:23:32.378 [info] > git config --get commit.template [2ms]
2024-11-23 22:23:32.382 [info] > git for-each-ref --format=%(refname)%00%(upstream:short)%00%(objectname)%00%(upstream:track)%00%(upstream:remotename)%00%(upstream:remoteref) refs/heads/master refs/remotes/master [2ms]
2024-11-23 22:23:32.385 [warning] [Git][revParse] Unable to read file: ENOENT: no such file or directory, open '/home/ubuntu/expo-example-fall-2024/.git/refs/remotes/origin/master'
2024-11-23 22:23:32.386 [info] > git rev-parse refs/remotes/origin/master [1ms]
2024-11-23 22:23:32.394 [info] > git status -z -uall [7ms]
2024-11-23 22:23:32.397 [info] > git for-each-ref --sort -committerdate --format %(refname) %(objectname) %(*objectname) [5ms]
2024-11-23 22:24:26.574 [info] > git config --get commit.template [3ms]
2024-11-23 22:24:26.582 [info] > git for-each-ref --format=%(refname)%00%(upstream:short)%00%(objectname)%00%(upstream:track)%00%(upstream:remotename)%00%(upstream:remoteref) refs/heads/master refs/remotes/master [2ms]
2024-11-23 22:24:26.588 [warning] [Git][revParse] Unable to read file: ENOENT: no such file or directory, open '/home/ubuntu/expo-example-fall-2024/.git/refs/remotes/origin/master'
2024-11-23 22:24:26.590 [info] > git rev-parse refs/remotes/origin/master [2ms]
2024-11-23 22:24:26.602 [info] > git status -z -uall [8ms]
2024-11-23 22:24:26.604 [info] > git for-each-ref --sort -committerdate --format %(refname) %(objectname) %(*objectname) [4ms]
2024-11-23 22:24:46.275 [info] > git config --get commit.template [9ms]
2024-11-23 22:24:46.287 [info] > git for-each-ref --format=%(refname)%00%(upstream:short)%00%(objectname)%00%(upstream:track)%00%(upstream:remotename)%00%(upstream:remoteref) refs/heads/master refs/remotes/master [13ms]
2024-11-23 22:24:46.293 [warning] [Git][revParse] Unable to read file: ENOENT: no such file or directory, open '/home/ubuntu/expo-example-fall-2024/.git/refs/remotes/origin/master'
2024-11-23 22:24:46.293 [info] > git rev-parse refs/remotes/origin/master [0ms]
2024-11-23 22:24:46.310 [info] > git status -z -uall [10ms]
2024-11-23 22:24:46.319 [info] > git for-each-ref --sort -committerdate --format %(refname) %(objectname) %(*objectname) [10ms]
2024-11-23 22:24:52.192 [info] > git config --get commit.template [1ms]
2024-11-23 22:24:52.198 [info] > git for-each-ref --format=%(refname)%00%(upstream:short)%00%(objectname)%00%(upstream:track)%00%(upstream:remotename)%00%(upstream:remoteref) refs/heads/master refs/remotes/master [3ms]
2024-11-23 22:24:52.201 [warning] [Git][revParse] Unable to read file: ENOENT: no such file or directory, open '/home/ubuntu/expo-example-fall-2024/.git/refs/remotes/origin/master'
2024-11-23 22:24:52.202 [info] > git rev-parse refs/remotes/origin/master [1ms]
2024-11-23 22:24:52.209 [info] > git status -z -uall [6ms]
2024-11-23 22:24:52.210 [info] > git for-each-ref --sort -committerdate --format %(refname) %(objectname) %(*objectname) [2ms]
