2024-11-22 23:27:59.207 [info] [main] Log level: Info
2024-11-22 23:27:59.207 [info] [main] Validating found git in: "git"
2024-11-22 23:27:59.207 [info] [main] Using git "2.43.0" from "git"
2024-11-22 23:27:59.207 [info] [Model][doInitialScan] Initial repository scan started
2024-11-22 23:27:59.207 [info] > git rev-parse --show-toplevel [13ms]
2024-11-22 23:27:59.207 [info] fatal: not a git repository (or any of the parent directories): .git
2024-11-22 23:27:59.207 [info] > git rev-parse --show-toplevel [2ms]
2024-11-22 23:27:59.207 [info] fatal: not a git repository (or any of the parent directories): .git
2024-11-22 23:27:59.207 [info] > git rev-parse --show-toplevel [0ms]
2024-11-22 23:27:59.207 [info] fatal: not a git repository (or any of the parent directories): .git
2024-11-22 23:27:59.213 [info] > git rev-parse --show-toplevel [4ms]
2024-11-22 23:27:59.213 [info] fatal: not a git repository (or any of the parent directories): .git
2024-11-22 23:27:59.218 [info] > git rev-parse --show-toplevel [2ms]
2024-11-22 23:27:59.218 [info] fatal: not a git repository (or any of the parent directories): .git
2024-11-22 23:27:59.223 [info] > git rev-parse --show-toplevel [2ms]
2024-11-22 23:27:59.227 [info] > git rev-parse --git-dir --git-common-dir [0ms]
2024-11-22 23:27:59.242 [info] [Model][openRepository] Opened repository: /home/ubuntu/ec2_scripts
2024-11-22 23:27:59.248 [info] [Model][doInitialScan] Initial repository scan completed - repositories (1), closed repositories (0), parent repositories (0), unsafe repositories (0)
2024-11-22 23:27:59.268 [info] > git config --get commit.template [15ms]
2024-11-22 23:27:59.274 [info] > git for-each-ref --format=%(refname)%00%(upstream:short)%00%(objectname)%00%(upstream:track)%00%(upstream:remotename)%00%(upstream:remoteref) refs/heads/master refs/remotes/master [8ms]
2024-11-22 23:27:59.278 [warning] [Git][revParse] Unable to read file: ENOENT: no such file or directory, open '/home/ubuntu/ec2_scripts/.git/refs/remotes/origin/master'
2024-11-22 23:27:59.279 [info] > git rev-parse refs/remotes/origin/master [1ms]
2024-11-22 23:27:59.306 [info] > git status -z -uall [19ms]
2024-11-22 23:27:59.306 [info] > git for-each-ref --sort -committerdate --format %(refname) %(objectname) %(*objectname) [20ms]
2024-11-22 23:27:59.385 [info] > git for-each-ref --format=%(refname)%00%(upstream:short)%00%(objectname)%00%(upstream:track)%00%(upstream:remotename)%00%(upstream:remoteref) refs/heads/master refs/remotes/master [39ms]
2024-11-22 23:27:59.395 [info] > git config --get commit.template [23ms]
2024-11-22 23:27:59.397 [info] > git config --local branch.master.vscode-merge-base [5ms]
2024-11-22 23:27:59.397 [warning] [Git][config] git config failed: Failed to execute git
2024-11-22 23:27:59.430 [info] > git reflog master --grep-reflog=branch: Created from *. [30ms]
2024-11-22 23:27:59.434 [info] > git for-each-ref --format=%(refname)%00%(upstream:short)%00%(objectname)%00%(upstream:track)%00%(upstream:remotename)%00%(upstream:remoteref) refs/heads/master refs/remotes/master [30ms]
2024-11-22 23:27:59.436 [warning] [Git][revParse] Unable to read file: ENOENT: no such file or directory, open '/home/ubuntu/ec2_scripts/.git/refs/remotes/origin/master'
2024-11-22 23:27:59.437 [info] > git symbolic-ref --short refs/remotes/origin/HEAD [3ms]
2024-11-22 23:27:59.443 [info] > git for-each-ref --format=%(refname)%00%(upstream:short)%00%(objectname)%00%(upstream:track)%00%(upstream:remotename)%00%(upstream:remoteref) refs/heads/origin/master refs/remotes/origin/master [3ms]
2024-11-22 23:27:59.448 [info] > git rev-parse refs/remotes/origin/master [12ms]
2024-11-22 23:27:59.459 [info] > git status -z -uall [7ms]
2024-11-22 23:27:59.459 [info] > git config --local branch.master.vscode-merge-base origin/master [11ms]
2024-11-22 23:27:59.460 [info] > git for-each-ref --sort -committerdate --format %(refname) %(objectname) %(*objectname) [5ms] (cancelled)
2024-11-22 23:27:59.470 [info] > git for-each-ref --format=%(refname)%00%(upstream:short)%00%(objectname)%00%(upstream:track)%00%(upstream:remotename)%00%(upstream:remoteref) refs/heads/master refs/remotes/master [7ms]
2024-11-22 23:27:59.473 [info] > git config --get commit.template [4ms]
2024-11-22 23:27:59.477 [info] > git config --local branch.master.vscode-merge-base [5ms]
2024-11-22 23:27:59.482 [info] > git for-each-ref --format=%(refname)%00%(upstream:short)%00%(objectname)%00%(upstream:track)%00%(upstream:remotename)%00%(upstream:remoteref) refs/heads/master refs/remotes/master [5ms]
2024-11-22 23:27:59.486 [warning] [Git][revParse] Unable to read file: ENOENT: no such file or directory, open '/home/ubuntu/ec2_scripts/.git/refs/remotes/origin/master'
2024-11-22 23:27:59.488 [info] > git for-each-ref --format=%(refname)%00%(upstream:short)%00%(objectname)%00%(upstream:track)%00%(upstream:remotename)%00%(upstream:remoteref) refs/heads/origin/master refs/remotes/origin/master [7ms]
2024-11-22 23:27:59.493 [info] > git rev-parse refs/remotes/origin/master [7ms]
2024-11-22 23:27:59.503 [info] > git status -z -uall [6ms]
2024-11-22 23:27:59.503 [info] > git for-each-ref --sort -committerdate --format %(refname) %(objectname) %(*objectname) [3ms]
2024-11-22 23:27:59.510 [info] > git merge-base refs/heads/master refs/remotes/origin/master [18ms]
2024-11-22 23:27:59.514 [info] > git merge-base refs/heads/master refs/remotes/origin/master [4ms]
2024-11-22 23:27:59.517 [info] > git merge-base refs/heads/master refs/remotes/origin/master [10ms]
2024-11-22 23:27:59.523 [info] > git diff --name-status -z --diff-filter=ADMR 49126d879cf67c4458fbdbd4b565eee2fb0f0b00...refs/remotes/origin/master [10ms]
2024-11-22 23:27:59.524 [info] > git diff --name-status -z --diff-filter=ADMR 49126d879cf67c4458fbdbd4b565eee2fb0f0b00...refs/remotes/origin/master [7ms]
2024-11-22 23:27:59.525 [info] > git diff --name-status -z --diff-filter=ADMR 49126d879cf67c4458fbdbd4b565eee2fb0f0b00...refs/remotes/origin/master [5ms]
2024-11-22 23:27:59.782 [info] > git check-ignore -v -z --stdin [4ms]
2024-11-22 23:28:00.700 [info] > git config --get commit.template [4ms]
2024-11-22 23:28:00.702 [info] > git for-each-ref --format=%(refname)%00%(upstream:short)%00%(objectname)%00%(upstream:track)%00%(upstream:remotename)%00%(upstream:remoteref) refs/heads/master refs/remotes/master [2ms]
2024-11-22 23:28:00.705 [warning] [Git][revParse] Unable to read file: ENOENT: no such file or directory, open '/home/ubuntu/ec2_scripts/.git/refs/remotes/origin/master'
2024-11-22 23:28:00.706 [info] > git rev-parse refs/remotes/origin/master [1ms]
2024-11-22 23:28:00.713 [info] > git status -z -uall [4ms]
2024-11-22 23:28:00.715 [info] > git for-each-ref --sort -committerdate --format %(refname) %(objectname) %(*objectname) [3ms]
2024-11-22 23:30:12.315 [info] > git rev-parse --show-toplevel [3ms]
2024-11-22 23:30:12.321 [info] > git rev-parse --git-dir --git-common-dir [0ms]
2024-11-22 23:30:12.335 [info] [Model][openRepository] Opened repository: /home/ubuntu/django-example-fall-2024
2024-11-22 23:30:12.349 [info] > git config --get commit.template [5ms]
2024-11-22 23:30:12.358 [info] > git for-each-ref --format=%(refname)%00%(upstream:short)%00%(objectname)%00%(upstream:track)%00%(upstream:remotename)%00%(upstream:remoteref) refs/heads/master refs/remotes/master [3ms]
2024-11-22 23:30:12.363 [warning] [Git][revParse] Unable to read file: ENOENT: no such file or directory, open '/home/ubuntu/django-example-fall-2024/.git/refs/remotes/origin/master'
2024-11-22 23:30:12.365 [info] > git rev-parse refs/remotes/origin/master [2ms]
2024-11-22 23:30:12.377 [info] > git status -z -uall [6ms]
2024-11-22 23:30:12.381 [info] > git for-each-ref --sort -committerdate --format %(refname) %(objectname) %(*objectname) [5ms]
2024-11-22 23:30:12.413 [info] > git for-each-ref --format=%(refname)%00%(upstream:short)%00%(objectname)%00%(upstream:track)%00%(upstream:remotename)%00%(upstream:remoteref) refs/heads/master refs/remotes/master [12ms]
2024-11-22 23:30:12.422 [info] > git config --get commit.template [9ms]
2024-11-22 23:30:12.439 [info] > git for-each-ref --format=%(refname)%00%(upstream:short)%00%(objectname)%00%(upstream:track)%00%(upstream:remotename)%00%(upstream:remoteref) refs/heads/master refs/remotes/master [9ms]
2024-11-22 23:30:12.441 [info] > git config --local branch.master.vscode-merge-base [19ms]
2024-11-22 23:30:12.442 [warning] [Git][config] git config failed: Failed to execute git
2024-11-22 23:30:12.453 [warning] [Git][revParse] Unable to read file: ENOENT: no such file or directory, open '/home/ubuntu/django-example-fall-2024/.git/refs/remotes/origin/master'
2024-11-22 23:30:12.458 [info] > git rev-parse refs/remotes/origin/master [5ms]
2024-11-22 23:30:12.475 [info] > git reflog master --grep-reflog=branch: Created from *. [28ms]
2024-11-22 23:30:12.483 [info] > git status -z -uall [18ms]
2024-11-22 23:30:12.485 [info] > git for-each-ref --sort -committerdate --format %(refname) %(objectname) %(*objectname) [10ms]
2024-11-22 23:30:12.501 [info] > git symbolic-ref --short refs/remotes/origin/HEAD [23ms]
2024-11-22 23:30:12.505 [info] > git for-each-ref --format=%(refname)%00%(upstream:short)%00%(objectname)%00%(upstream:track)%00%(upstream:remotename)%00%(upstream:remoteref) refs/heads/master refs/remotes/master [7ms]
2024-11-22 23:30:12.514 [info] > git config --local branch.master.vscode-merge-base [2ms]
2024-11-22 23:30:12.514 [warning] [Git][config] git config failed: Failed to execute git
2024-11-22 23:30:12.519 [info] > git for-each-ref --format=%(refname)%00%(upstream:short)%00%(objectname)%00%(upstream:track)%00%(upstream:remotename)%00%(upstream:remoteref) refs/heads/origin/master refs/remotes/origin/master [14ms]
2024-11-22 23:30:12.531 [info] > git config --local branch.master.vscode-merge-base origin/master [6ms]
2024-11-22 23:30:12.534 [info] > git reflog master --grep-reflog=branch: Created from *. [16ms]
2024-11-22 23:30:12.543 [info] > git symbolic-ref --short refs/remotes/origin/HEAD [4ms]
2024-11-22 23:30:12.556 [info] > git config --get commit.template [11ms]
2024-11-22 23:30:12.558 [info] > git for-each-ref --format=%(refname)%00%(upstream:short)%00%(objectname)%00%(upstream:track)%00%(upstream:remotename)%00%(upstream:remoteref) refs/heads/origin/master refs/remotes/origin/master [10ms]
2024-11-22 23:30:12.566 [info] > git config --local branch.master.vscode-merge-base origin/master [2ms]
2024-11-22 23:30:12.568 [info] > git for-each-ref --format=%(refname)%00%(upstream:short)%00%(objectname)%00%(upstream:track)%00%(upstream:remotename)%00%(upstream:remoteref) refs/heads/master refs/remotes/master [15ms]
2024-11-22 23:30:12.589 [warning] [Git][revParse] Unable to read file: ENOENT: no such file or directory, open '/home/ubuntu/django-example-fall-2024/.git/refs/remotes/origin/master'
2024-11-22 23:30:12.591 [info] > git rev-parse refs/remotes/origin/master [2ms]
2024-11-22 23:30:12.607 [info] > git config --get commit.template [30ms]
2024-11-22 23:30:12.609 [info] > git for-each-ref --format=%(refname)%00%(upstream:short)%00%(objectname)%00%(upstream:track)%00%(upstream:remotename)%00%(upstream:remoteref) refs/heads/master refs/remotes/master [11ms]
2024-11-22 23:30:12.623 [info] > git config --local branch.master.vscode-merge-base [7ms]
2024-11-22 23:30:12.627 [info] > git merge-base refs/heads/master refs/remotes/origin/master [20ms]
2024-11-22 23:30:12.639 [info] > git for-each-ref --format=%(refname)%00%(upstream:short)%00%(objectname)%00%(upstream:track)%00%(upstream:remotename)%00%(upstream:remoteref) refs/heads/origin/master refs/remotes/origin/master [12ms]
2024-11-22 23:30:12.644 [info] > git for-each-ref --format=%(refname)%00%(upstream:short)%00%(objectname)%00%(upstream:track)%00%(upstream:remotename)%00%(upstream:remoteref) refs/heads/master refs/remotes/master [26ms]
2024-11-22 23:30:12.644 [info] > git diff --name-status -z --diff-filter=ADMR 7fc4ee2e594fcdba1a7e7076085e380abeb619f4...refs/remotes/origin/master [9ms]
2024-11-22 23:30:12.650 [warning] [Git][revParse] Unable to read file: ENOENT: no such file or directory, open '/home/ubuntu/django-example-fall-2024/.git/refs/remotes/origin/master'
2024-11-22 23:30:12.651 [info] > git merge-base refs/heads/master refs/remotes/origin/master [7ms]
2024-11-22 23:30:12.657 [info] > git rev-parse refs/remotes/origin/master [7ms]
2024-11-22 23:30:12.672 [info] > git status -z -uall [10ms]
2024-11-22 23:30:12.674 [info] > git diff --name-status -z --diff-filter=ADMR 7fc4ee2e594fcdba1a7e7076085e380abeb619f4...refs/remotes/origin/master [17ms]
2024-11-22 23:30:12.680 [info] > git for-each-ref --sort -committerdate --format %(refname) %(objectname) %(*objectname) [9ms]
2024-11-22 23:30:12.995 [info] > git check-ignore -v -z --stdin [8ms]
2024-11-22 23:30:12.996 [info] > git check-ignore -v -z --stdin [4ms]
2024-11-22 23:30:19.550 [info] > git config --get commit.template [7ms]
2024-11-22 23:30:19.554 [info] > git for-each-ref --format=%(refname)%00%(upstream:short)%00%(objectname)%00%(upstream:track)%00%(upstream:remotename)%00%(upstream:remoteref) refs/heads/master refs/remotes/master [4ms]
2024-11-22 23:30:19.562 [warning] [Git][revParse] Unable to read file: ENOENT: no such file or directory, open '/home/ubuntu/django-example-fall-2024/.git/refs/remotes/origin/master'
2024-11-22 23:30:19.566 [info] > git rev-parse refs/remotes/origin/master [3ms]
2024-11-22 23:30:19.578 [info] > git for-each-ref --sort -committerdate --format %(refname) %(objectname) %(*objectname) [3ms]
2024-11-22 23:30:19.583 [info] > git status -z -uall [15ms]
2024-11-22 23:30:25.955 [info] > git rev-parse --show-toplevel [5ms]
2024-11-22 23:30:25.964 [info] > git rev-parse --git-dir --git-common-dir [3ms]
2024-11-22 23:30:25.970 [info] [Model][openRepository] Opened repository: /home/ubuntu/expo-example-fall-2024
2024-11-22 23:30:25.987 [info] > git config --get commit.template [6ms]
2024-11-22 23:30:25.992 [info] > git for-each-ref --format=%(refname)%00%(upstream:short)%00%(objectname)%00%(upstream:track)%00%(upstream:remotename)%00%(upstream:remoteref) refs/heads/master refs/remotes/master [7ms]
2024-11-22 23:30:25.999 [warning] [Git][revParse] Unable to read file: ENOENT: no such file or directory, open '/home/ubuntu/expo-example-fall-2024/.git/refs/remotes/origin/master'
2024-11-22 23:30:26.001 [info] > git rev-parse refs/remotes/origin/master [2ms]
2024-11-22 23:30:26.017 [info] > git for-each-ref --sort -committerdate --format %(refname) %(objectname) %(*objectname) [2ms]
2024-11-22 23:30:26.023 [info] > git status -z -uall [18ms]
2024-11-22 23:30:26.038 [info] > git for-each-ref --format=%(refname)%00%(upstream:short)%00%(objectname)%00%(upstream:track)%00%(upstream:remotename)%00%(upstream:remoteref) refs/heads/master refs/remotes/master [9ms]
2024-11-22 23:30:26.042 [info] > git config --get commit.template [7ms]
2024-11-22 23:30:26.047 [info] > git config --local branch.master.vscode-merge-base [4ms]
2024-11-22 23:30:26.048 [warning] [Git][config] git config failed: Failed to execute git
2024-11-22 23:30:26.055 [info] > git for-each-ref --format=%(refname)%00%(upstream:short)%00%(objectname)%00%(upstream:track)%00%(upstream:remotename)%00%(upstream:remoteref) refs/heads/master refs/remotes/master [9ms]
2024-11-22 23:30:26.059 [warning] [Git][revParse] Unable to read file: ENOENT: no such file or directory, open '/home/ubuntu/expo-example-fall-2024/.git/refs/remotes/origin/master'
2024-11-22 23:30:26.061 [info] > git rev-parse refs/remotes/origin/master [2ms]
2024-11-22 23:30:26.074 [info] > git reflog master --grep-reflog=branch: Created from *. [23ms]
2024-11-22 23:30:26.082 [info] > git for-each-ref --sort -committerdate --format %(refname) %(objectname) %(*objectname) [9ms]
2024-11-22 23:30:26.083 [info] > git symbolic-ref --short refs/remotes/origin/HEAD [4ms]
2024-11-22 23:30:26.091 [info] > git for-each-ref --format=%(refname)%00%(upstream:short)%00%(objectname)%00%(upstream:track)%00%(upstream:remotename)%00%(upstream:remoteref) refs/heads/origin/master refs/remotes/origin/master [4ms]
2024-11-22 23:30:26.104 [info] > git status -z -uall [36ms]
2024-11-22 23:30:26.104 [info] > git config --local branch.master.vscode-merge-base origin/master [3ms]
2024-11-22 23:30:26.120 [info] > git for-each-ref --format=%(refname)%00%(upstream:short)%00%(objectname)%00%(upstream:track)%00%(upstream:remotename)%00%(upstream:remoteref) refs/heads/master refs/remotes/master [6ms]
2024-11-22 23:30:26.129 [info] > git config --local branch.master.vscode-merge-base [5ms]
2024-11-22 23:30:26.135 [info] > git config --get commit.template [15ms]
2024-11-22 23:30:26.137 [info] > git for-each-ref --format=%(refname)%00%(upstream:short)%00%(objectname)%00%(upstream:track)%00%(upstream:remotename)%00%(upstream:remoteref) refs/heads/master refs/remotes/master [9ms]
2024-11-22 23:30:26.139 [info] > git for-each-ref --format=%(refname)%00%(upstream:short)%00%(objectname)%00%(upstream:track)%00%(upstream:remotename)%00%(upstream:remoteref) refs/heads/origin/master refs/remotes/origin/master [4ms]
2024-11-22 23:30:26.152 [warning] [Git][revParse] Unable to read file: ENOENT: no such file or directory, open '/home/ubuntu/expo-example-fall-2024/.git/refs/remotes/origin/master'
2024-11-22 23:30:26.156 [info] > git merge-base refs/heads/master refs/remotes/origin/master [8ms]
2024-11-22 23:30:26.161 [info] > git rev-parse refs/remotes/origin/master [9ms]
2024-11-22 23:30:26.178 [info] > git diff --name-status -z --diff-filter=ADMR 770f00fa091c6a1d709d80cfac8c21a00c1d7230...refs/remotes/origin/master [19ms]
2024-11-22 23:30:26.179 [info] > git for-each-ref --sort -committerdate --format %(refname) %(objectname) %(*objectname) [9ms]
2024-11-22 23:30:26.186 [info] > git status -z -uall [22ms]
2024-11-22 23:30:26.461 [info] > git config --get commit.template [7ms]
2024-11-22 23:30:26.465 [info] > git for-each-ref --format=%(refname)%00%(upstream:short)%00%(objectname)%00%(upstream:track)%00%(upstream:remotename)%00%(upstream:remoteref) refs/heads/master refs/remotes/master [3ms]
2024-11-22 23:30:26.469 [warning] [Git][revParse] Unable to read file: ENOENT: no such file or directory, open '/home/ubuntu/django-example-fall-2024/.git/refs/remotes/origin/master'
2024-11-22 23:30:26.472 [info] > git rev-parse refs/remotes/origin/master [3ms]
2024-11-22 23:30:26.483 [info] > git status -z -uall [6ms]
2024-11-22 23:30:26.486 [info] > git for-each-ref --sort -committerdate --format %(refname) %(objectname) %(*objectname) [3ms]
2024-11-22 23:30:26.707 [info] > git check-ignore -v -z --stdin [16ms]
2024-11-22 23:30:26.709 [info] > git check-ignore -v -z --stdin [10ms]
2024-11-22 23:30:26.711 [info] > git check-ignore -v -z --stdin [7ms]
2024-11-22 23:30:27.248 [info] > git config --get commit.template [1ms]
2024-11-22 23:30:27.257 [info] > git for-each-ref --format=%(refname)%00%(upstream:short)%00%(objectname)%00%(upstream:track)%00%(upstream:remotename)%00%(upstream:remoteref) refs/heads/master refs/remotes/master [6ms]
2024-11-22 23:30:27.262 [warning] [Git][revParse] Unable to read file: ENOENT: no such file or directory, open '/home/ubuntu/expo-example-fall-2024/.git/refs/remotes/origin/master'
2024-11-22 23:30:27.265 [info] > git rev-parse refs/remotes/origin/master [3ms]
2024-11-22 23:30:27.281 [info] > git for-each-ref --sort -committerdate --format %(refname) %(objectname) %(*objectname) [3ms]
2024-11-22 23:30:27.284 [info] > git status -z -uall [17ms]
2024-11-22 23:30:34.863 [info] > git config --get commit.template [5ms]
2024-11-22 23:30:34.886 [info] > git for-each-ref --format=%(refname)%00%(upstream:short)%00%(objectname)%00%(upstream:track)%00%(upstream:remotename)%00%(upstream:remoteref) refs/heads/master refs/remotes/master [5ms]
2024-11-22 23:30:34.906 [warning] [Git][revParse] Unable to read file: ENOENT: no such file or directory, open '/home/ubuntu/expo-example-fall-2024/.git/refs/remotes/origin/master'
2024-11-22 23:30:34.926 [info] > git rev-parse refs/remotes/origin/master [21ms]
2024-11-22 23:30:34.963 [info] > git for-each-ref --sort -committerdate --format %(refname) %(objectname) %(*objectname) [3ms]
2024-11-22 23:30:34.983 [info] > git status -z -uall [41ms]
2024-11-22 23:30:41.018 [info] > git config --get commit.template [3ms]
2024-11-22 23:30:41.055 [info] > git for-each-ref --format=%(refname)%00%(upstream:short)%00%(objectname)%00%(upstream:track)%00%(upstream:remotename)%00%(upstream:remoteref) refs/heads/master refs/remotes/master [5ms]
2024-11-22 23:30:41.070 [warning] [Git][revParse] Unable to read file: ENOENT: no such file or directory, open '/home/ubuntu/expo-example-fall-2024/.git/refs/remotes/origin/master'
2024-11-22 23:30:41.126 [info] > git rev-parse refs/remotes/origin/master [55ms]
2024-11-22 23:30:41.177 [info] > git for-each-ref --sort -committerdate --format %(refname) %(objectname) %(*objectname) [17ms]
2024-11-22 23:30:41.198 [info] > git status -z -uall [58ms]
2024-11-22 23:31:37.768 [info] > git config --get commit.template [10ms]
2024-11-22 23:31:37.780 [info] > git for-each-ref --format=%(refname)%00%(upstream:short)%00%(objectname)%00%(upstream:track)%00%(upstream:remotename)%00%(upstream:remoteref) refs/heads/master refs/remotes/master [5ms]
2024-11-22 23:31:37.788 [warning] [Git][revParse] Unable to read file: ENOENT: no such file or directory, open '/home/ubuntu/expo-example-fall-2024/.git/refs/remotes/origin/master'
2024-11-22 23:31:37.790 [info] > git rev-parse refs/remotes/origin/master [2ms]
2024-11-22 23:31:37.802 [info] > git for-each-ref --sort -committerdate --format %(refname) %(objectname) %(*objectname) [4ms]
2024-11-22 23:31:37.822 [info] > git status -z -uall [28ms]
2024-11-22 23:31:42.846 [info] > git config --get commit.template [9ms]
2024-11-22 23:31:42.848 [info] > git for-each-ref --format=%(refname)%00%(upstream:short)%00%(objectname)%00%(upstream:track)%00%(upstream:remotename)%00%(upstream:remoteref) refs/heads/master refs/remotes/master [5ms]
2024-11-22 23:31:42.851 [warning] [Git][revParse] Unable to read file: ENOENT: no such file or directory, open '/home/ubuntu/expo-example-fall-2024/.git/refs/remotes/origin/master'
2024-11-22 23:31:42.855 [info] > git rev-parse refs/remotes/origin/master [4ms]
2024-11-22 23:31:42.870 [info] > git for-each-ref --sort -committerdate --format %(refname) %(objectname) %(*objectname) [2ms]
2024-11-22 23:31:42.874 [info] > git status -z -uall [14ms]
2024-11-22 23:34:46.260 [info] > git config --get commit.template [7ms]
2024-11-22 23:34:46.261 [info] > git config --get commit.template [5ms]
2024-11-22 23:34:46.265 [info] > git for-each-ref --format=%(refname)%00%(upstream:short)%00%(objectname)%00%(upstream:track)%00%(upstream:remotename)%00%(upstream:remoteref) refs/heads/master refs/remotes/master [5ms]
2024-11-22 23:34:46.268 [warning] [Git][revParse] Unable to read file: ENOENT: no such file or directory, open '/home/ubuntu/expo-example-fall-2024/.git/refs/remotes/origin/master'
2024-11-22 23:34:46.269 [info] > git rev-parse refs/remotes/origin/master [1ms]
2024-11-22 23:34:46.277 [info] > git for-each-ref --format=%(refname)%00%(upstream:short)%00%(objectname)%00%(upstream:track)%00%(upstream:remotename)%00%(upstream:remoteref) refs/heads/master refs/remotes/master [13ms]
2024-11-22 23:34:46.280 [warning] [Git][revParse] Unable to read file: ENOENT: no such file or directory, open '/home/ubuntu/django-example-fall-2024/.git/refs/remotes/origin/master'
2024-11-22 23:34:46.281 [info] > git for-each-ref --sort -committerdate --format %(refname) %(objectname) %(*objectname) [7ms]
2024-11-22 23:34:46.282 [info] > git rev-parse refs/remotes/origin/master [2ms]
2024-11-22 23:34:46.291 [info] > git for-each-ref --sort -committerdate --format %(refname) %(objectname) %(*objectname) [3ms]
2024-11-22 23:34:46.299 [info] > git status -z -uall [26ms]
2024-11-22 23:34:46.310 [info] > git status -z -uall [26ms]
